#
# There is insufficient memory for the Java Runtime Environment to continue.
# Native memory allocation (mmap) failed to map 70254592 bytes for Failed to commit area from 0x000000008dc00000 to 0x0000000091f00000 of length 70254592.
# Possible reasons:
#   The system is out of physical RAM or swap space
#   The process is running with CompressedOops enabled, and the Java Heap may be blocking the growth of the native heap
# Possible solutions:
#   Reduce memory load on the system
#   Increase physical memory or swap space
#   Check if swap backing store is full
#   Decrease Java heap size (-Xmx/-Xms)
#   Decrease number of Java threads
#   Decrease Java thread stack sizes (-Xss)
#   Set larger code cache with -XX:ReservedCodeCacheSize=
#   JVM is running with Unscaled Compressed Oops mode in which the Java heap is
#     placed in the first 4GB address space. The Java Heap base address is the
#     maximum limit for the native heap growth. Please use -XX:HeapBaseMinAddress
#     to set the Java Heap base and to place the Java Heap above 4GB virtual address.
# This output file may be truncated or incomplete.
#
#  Out of Memory Error (./src/hotspot/os/windows/os_windows.cpp:3521), pid=16908, tid=6560
#
# JRE version: OpenJDK Runtime Environment (11.0.12+7) (build 11.0.12+7-b1504.28-7817840)
# Java VM: OpenJDK 64-Bit Server VM (11.0.12+7-b1504.28-7817840, mixed mode, tiered, compressed oops, g1 gc, windows-amd64)
# No core dump will be written. Minidumps are not enabled by default on client versions of Windows
#

---------------  S U M M A R Y ------------

Command Line: --add-opens=java.base/java.util=ALL-UNNAMED --add-opens=java.base/java.lang=ALL-UNNAMED --add-opens=java.base/java.lang.invoke=ALL-UNNAMED --add-opens=java.base/java.util=ALL-UNNAMED --add-opens=java.prefs/java.util.prefs=ALL-UNNAMED --add-opens=java.prefs/java.util.prefs=ALL-UNNAMED --add-opens=java.base/java.nio.charset=ALL-UNNAMED --add-opens=java.base/java.net=ALL-UNNAMED --add-opens=java.base/java.util.concurrent.atomic=ALL-UNNAMED -Xmx2048m -Dfile.encoding=UTF-8 -Duser.country=US -Duser.language=en -Duser.variant org.gradle.launcher.daemon.bootstrap.GradleDaemon 7.3.3

Host: Intel(R) Core(TM) i5-10210U CPU @ 1.60GHz, 8 cores, 7G,  Windows 10 , 64 bit Build 22000 (10.0.22000.675)
Time: Mon May 23 14:07:19 2022 SE Asia Standard Time elapsed time: 24.624678 seconds (0d 0h 0m 24s)

---------------  T H R E A D  ---------------

Current thread (0x000001af7fb62800):  VMThread "VM Thread" [stack: 0x0000009ba2b00000,0x0000009ba2c00000] [id=6560]

Stack: [0x0000009ba2b00000,0x0000009ba2c00000]
[error occurred during error reporting (printing stack bounds), id 0xc0000005, EXCEPTION_ACCESS_VIOLATION (0xc0000005) at pc=0x000001af691f112d]

Native frames: (J=compiled Java code, j=interpreted, Vv=VM code, C=native code)
V  [jvm.dll+0x5fbcea]
V  [jvm.dll+0x731905]
V  [jvm.dll+0x732f1d]
V  [jvm.dll+0x733535]
V  [jvm.dll+0x7334eb]
V  [jvm.dll+0x5fb080]
V  [jvm.dll+0x5fb818]
C  [ntdll.dll+0xa8e4f]
C  [ntdll.dll+0x35e9a]
C  [ntdll.dll+0xa7e5e]
C  0x000001af691f112d

VM_Operation (0x0000009bad1fdec0): G1CollectForAllocation, mode: safepoint, requested by thread 0x000001af0ba3b000


---------------  P R O C E S S  ---------------

Threads class SMR info:
_java_thread_list=0x000001af0b9bed40, length=159, elements={
0x000001af656de000, 0x000001af7fb65000, 0x000001af7fb68000, 0x000001af7fb80800,
0x000001af7fb82000, 0x000001af7fb83000, 0x000001af00846000, 0x000001af00847000,
0x000001af00848000, 0x000001af009c3000, 0x000001af023c7800, 0x000001af014d4800,
0x000001af01d8e000, 0x000001af02c50800, 0x000001af021d6800, 0x000001af019c5800,
0x000001af02328000, 0x000001af0233b000, 0x000001af022e5800, 0x000001af0232d000,
0x000001af0232b800, 0x000001af02329800, 0x000001af0232f800, 0x000001af02330000,
0x000001af0232a800, 0x000001af0232c000, 0x000001af0232d800, 0x000001af0232e800,
0x000001af06632800, 0x000001af06633800, 0x000001af06635000, 0x000001af06636000,
0x000001af06631000, 0x000001af06637800, 0x000001af06631800, 0x000001af0663b800,
0x000001af06639000, 0x000001af0663e000, 0x000001af0663a000, 0x000001af0663d000,
0x000001af0663c800, 0x000001af0663a800, 0x000001af06638000, 0x000001af0663e800,
0x000001af0663f800, 0x000001af06766000, 0x000001af06767800, 0x000001af06765800,
0x000001af06767000, 0x000001af0676e800, 0x000001af06769800, 0x000001af0676d800,
0x000001af0676c000, 0x000001af0676c800, 0x000001af06768800, 0x000001af0676b000,
0x000001af0676f000, 0x000001af06770000, 0x000001af0676a000, 0x000001af06773000,
0x000001af06770800, 0x000001af06771800, 0x000001af06772800, 0x000001af06774000,
0x000001af03cb8000, 0x000001af03cb4000, 0x000001af03cb7000, 0x000001af03cb4800,
0x000001af03cb8800, 0x000001af03cb6800, 0x000001af03cbb000, 0x000001af03cb9800,
0x000001af03cba800, 0x000001af03cb5800, 0x000001af03cbf000, 0x000001af03cc1800,
0x000001af03cc0000, 0x000001af03cc1000, 0x000001af03cbc000, 0x000001af03cc2800,
0x000001af03cbe800, 0x000001af03cbd000, 0x000001af03cbd800, 0x000001af01a90800,
0x000001af01a91000, 0x000001af01a92000, 0x000001af01a92800, 0x000001af01a94800,
0x000001af01a93800, 0x000001af01a8f800, 0x000001af01a95000, 0x000001af01a96000,
0x000001af022ac800, 0x000001af022b0800, 0x000001af022b1800, 0x000001af022ab800,
0x000001af022b2000, 0x000001af022af800, 0x000001af022b3000, 0x000001af022ad800,
0x000001af022b4000, 0x000001af022ae000, 0x000001af022b4800, 0x000001af022af000,
0x000001af022b7000, 0x000001af022b8000, 0x000001af022b9800, 0x000001af022ba800,
0x000001af022b5800, 0x000001af022b6000, 0x000001af022b8800, 0x000001af01da7000,
0x000001af01da6800, 0x000001af01daa800, 0x000001af01da9800, 0x000001af01dab000,
0x000001af01da5800, 0x000001af01dac000, 0x000001af01dad000, 0x000001af01da8000,
0x000001af01dad800, 0x000001af01dae800, 0x000001af01daf800, 0x000001af01db0000,
0x000001af01db1000, 0x000001af01db3800, 0x000001af01db4000, 0x000001af01db2000,
0x000001af01db2800, 0x000001af027b1800, 0x000001af027b4000, 0x000001af027af000,
0x000001af027b5800, 0x000001af027b0800, 0x000001af027b0000, 0x000001af027b3000,
0x000001af027b8000, 0x000001af027b2800, 0x000001af027b7800, 0x000001af027b9000,
0x000001af027b6800, 0x000001af027b9800, 0x000001af027ba800, 0x000001af027b5000,
0x000001af027bd000, 0x000001af027bb800, 0x000001af027bc000, 0x000001af027be000,
0x000001af0ba37000, 0x000001af0ba34000, 0x000001af0ba38000, 0x000001af0ba33000,
0x000001af0ba3a800, 0x000001af0ba39800, 0x000001af0ba34800, 0x000001af0ba35800,
0x000001af0ba3c000, 0x000001af0ba3b000, 0x000001af0ba38800
}

Java Threads: ( => current thread )
  0x000001af656de000 JavaThread "main" [_thread_blocked, id=7528, stack(0x0000009ba2500000,0x0000009ba2600000)]
  0x000001af7fb65000 JavaThread "Reference Handler" daemon [_thread_blocked, id=8320, stack(0x0000009ba2c00000,0x0000009ba2d00000)]
  0x000001af7fb68000 JavaThread "Finalizer" daemon [_thread_blocked, id=12848, stack(0x0000009ba2d00000,0x0000009ba2e00000)]
  0x000001af7fb80800 JavaThread "Signal Dispatcher" daemon [_thread_blocked, id=11612, stack(0x0000009ba2e00000,0x0000009ba2f00000)]
  0x000001af7fb82000 JavaThread "Attach Listener" daemon [_thread_blocked, id=3248, stack(0x0000009ba2f00000,0x0000009ba3000000)]
  0x000001af7fb83000 JavaThread "Service Thread" daemon [_thread_blocked, id=2320, stack(0x0000009ba3000000,0x0000009ba3100000)]
  0x000001af00846000 JavaThread "C2 CompilerThread0" daemon [_thread_in_native, id=10560, stack(0x0000009ba3100000,0x0000009ba3200000)]
  0x000001af00847000 JavaThread "C1 CompilerThread0" daemon [_thread_blocked, id=14672, stack(0x0000009ba3200000,0x0000009ba3300000)]
  0x000001af00848000 JavaThread "Sweeper thread" daemon [_thread_blocked, id=5520, stack(0x0000009ba3300000,0x0000009ba3400000)]
  0x000001af009c3000 JavaThread "Common-Cleaner" daemon [_thread_blocked, id=14448, stack(0x0000009ba3400000,0x0000009ba3500000)]
  0x000001af023c7800 JavaThread "Daemon health stats" [_thread_blocked, id=12632, stack(0x0000009ba3800000,0x0000009ba3900000)]
  0x000001af014d4800 JavaThread "Incoming local TCP Connector on port 56647" [_thread_in_native, id=1272, stack(0x0000009ba3900000,0x0000009ba3a00000)]
  0x000001af01d8e000 JavaThread "Daemon periodic checks" [_thread_blocked, id=9020, stack(0x0000009ba3a00000,0x0000009ba3b00000)]
  0x000001af02c50800 JavaThread "Daemon" [_thread_blocked, id=13596, stack(0x0000009ba3b00000,0x0000009ba3c00000)]
  0x000001af021d6800 JavaThread "Handler for socket connection from /127.0.0.1:56647 to /127.0.0.1:56648" [_thread_in_native, id=14360, stack(0x0000009ba3c00000,0x0000009ba3d00000)]
  0x000001af019c5800 JavaThread "Cancel handler" [_thread_blocked, id=7140, stack(0x0000009ba3d00000,0x0000009ba3e00000)]
  0x000001af02328000 JavaThread "Daemon worker" [_thread_blocked, id=9364, stack(0x0000009ba3e00000,0x0000009ba3f00000)]
  0x000001af0233b000 JavaThread "Asynchronous log dispatcher for DefaultDaemonConnection: socket connection from /127.0.0.1:56647 to /127.0.0.1:56648" [_thread_blocked, id=4500, stack(0x0000009ba3f00000,0x0000009ba4000000)]
  0x000001af022e5800 JavaThread "Stdin handler" [_thread_blocked, id=4888, stack(0x0000009ba4000000,0x0000009ba4100000)]
  0x000001af0232d000 JavaThread "Daemon client event forwarder" [_thread_blocked, id=14720, stack(0x0000009ba4100000,0x0000009ba4200000)]
  0x000001af0232b800 JavaThread "Cache worker for journal cache (C:\Users\HP\.gradle\caches\journal-1)" [_thread_blocked, id=9652, stack(0x0000009ba4700000,0x0000009ba4800000)]
  0x000001af02329800 JavaThread "File lock request listener" [_thread_in_native, id=3592, stack(0x0000009ba4800000,0x0000009ba4900000)]
  0x000001af0232f800 JavaThread "Cache worker for file hash cache (C:\Users\HP\.gradle\caches\7.3.3\fileHashes)" [_thread_blocked, id=8164, stack(0x0000009ba4900000,0x0000009ba4a00000)]
  0x000001af02330000 JavaThread "Cache worker for file hash cache (C:\FPT\MOB403 - AndroidNetworking\MOB403_PS18620_mientvt_Assignment\.gradle\7.3.3\fileHashes)" [_thread_blocked, id=4356, stack(0x0000009ba4b00000,0x0000009ba4c00000)]
  0x000001af0232a800 JavaThread "File watcher server" daemon [_thread_blocked, id=9312, stack(0x0000009ba4c00000,0x0000009ba4d00000)]
  0x000001af0232c000 JavaThread "File watcher consumer" daemon [_thread_blocked, id=11360, stack(0x0000009ba4d00000,0x0000009ba4e00000)]
  0x000001af0232d800 JavaThread "Cache worker for checksums cache (C:\FPT\MOB403 - AndroidNetworking\MOB403_PS18620_mientvt_Assignment\.gradle\7.3.3\checksums)" [_thread_blocked, id=10704, stack(0x0000009ba4e00000,0x0000009ba4f00000)]
  0x000001af0232e800 JavaThread "Cache worker for cache directory md-supplier (C:\Users\HP\.gradle\caches\7.3.3\md-supplier)" [_thread_blocked, id=1500, stack(0x0000009ba4f00000,0x0000009ba5000000)]
  0x000001af06632800 JavaThread "Cache worker for cache directory md-rule (C:\Users\HP\.gradle\caches\7.3.3\md-rule)" [_thread_blocked, id=11668, stack(0x0000009ba5000000,0x0000009ba5100000)]
  0x000001af06633800 JavaThread "Cache worker for execution history cache (C:\Users\HP\.gradle\caches\7.3.3\executionHistory)" [_thread_blocked, id=16764, stack(0x0000009ba5100000,0x0000009ba5200000)]
  0x000001af06635000 JavaThread "jar transforms" [_thread_blocked, id=15272, stack(0x0000009ba5200000,0x0000009ba5300000)]
  0x000001af06636000 JavaThread "Cache worker for file content cache (C:\Users\HP\.gradle\caches\7.3.3\fileContent)" [_thread_blocked, id=13884, stack(0x0000009ba5300000,0x0000009ba5400000)]
  0x000001af06631000 JavaThread "jar transforms Thread 2" [_thread_blocked, id=12364, stack(0x0000009ba5400000,0x0000009ba5500000)]
  0x000001af06637800 JavaThread "Cache worker for dependencies-accessors (C:\FPT\MOB403 - AndroidNetworking\MOB403_PS18620_mientvt_Assignment\.gradle\7.3.3\dependencies-accessors)" [_thread_blocked, id=3488, stack(0x0000009ba5500000,0x0000009ba5600000)]
  0x000001af06631800 JavaThread "jar transforms Thread 3" [_thread_blocked, id=14508, stack(0x0000009ba5600000,0x0000009ba5700000)]
  0x000001af0663b800 JavaThread "Cache worker for Build Output Cleanup Cache (C:\FPT\MOB403 - AndroidNetworking\MOB403_PS18620_mientvt_Assignment\.gradle\buildOutputCleanup)" [_thread_blocked, id=11060, stack(0x0000009ba5700000,0x0000009ba5800000)]
  0x000001af06639000 JavaThread "Unconstrained build operations" [_thread_blocked, id=4628, stack(0x0000009ba5800000,0x0000009ba5900000)]
  0x000001af0663e000 JavaThread "Unconstrained build operations Thread 2" [_thread_blocked, id=8300, stack(0x0000009ba5900000,0x0000009ba5a00000)]
  0x000001af0663a000 JavaThread "Unconstrained build operations Thread 3" [_thread_blocked, id=15940, stack(0x0000009ba5a00000,0x0000009ba5b00000)]
  0x000001af0663d000 JavaThread "Unconstrained build operations Thread 4" [_thread_blocked, id=15776, stack(0x0000009ba5b00000,0x0000009ba5c00000)]
  0x000001af0663c800 JavaThread "Unconstrained build operations Thread 5" [_thread_blocked, id=2652, stack(0x0000009ba5c00000,0x0000009ba5d00000)]
  0x000001af0663a800 JavaThread "Unconstrained build operations Thread 6" [_thread_blocked, id=10344, stack(0x0000009ba5d00000,0x0000009ba5e00000)]
  0x000001af06638000 JavaThread "Unconstrained build operations Thread 7" [_thread_blocked, id=17036, stack(0x0000009ba5e00000,0x0000009ba5f00000)]
  0x000001af0663e800 JavaThread "Unconstrained build operations Thread 8" [_thread_blocked, id=3724, stack(0x0000009ba5f00000,0x0000009ba6000000)]
  0x000001af0663f800 JavaThread "Unconstrained build operations Thread 9" [_thread_blocked, id=10880, stack(0x0000009ba6000000,0x0000009ba6100000)]
  0x000001af06766000 JavaThread "Unconstrained build operations Thread 10" [_thread_blocked, id=13712, stack(0x0000009ba6100000,0x0000009ba6200000)]
  0x000001af06767800 JavaThread "Unconstrained build operations Thread 11" [_thread_blocked, id=13548, stack(0x0000009ba6200000,0x0000009ba6300000)]
  0x000001af06765800 JavaThread "Unconstrained build operations Thread 12" [_thread_blocked, id=10920, stack(0x0000009ba6300000,0x0000009ba6400000)]
  0x000001af06767000 JavaThread "Unconstrained build operations Thread 13" [_thread_blocked, id=9128, stack(0x0000009ba6400000,0x0000009ba6500000)]
  0x000001af0676e800 JavaThread "Unconstrained build operations Thread 14" [_thread_blocked, id=14704, stack(0x0000009ba6500000,0x0000009ba6600000)]
  0x000001af06769800 JavaThread "Unconstrained build operations Thread 15" [_thread_blocked, id=9944, stack(0x0000009ba6600000,0x0000009ba6700000)]
  0x000001af0676d800 JavaThread "Unconstrained build operations Thread 16" [_thread_blocked, id=15656, stack(0x0000009ba6700000,0x0000009ba6800000)]
  0x000001af0676c000 JavaThread "Unconstrained build operations Thread 17" [_thread_blocked, id=10056, stack(0x0000009ba6800000,0x0000009ba6900000)]
  0x000001af0676c800 JavaThread "Unconstrained build operations Thread 18" [_thread_blocked, id=15452, stack(0x0000009ba6900000,0x0000009ba6a00000)]
  0x000001af06768800 JavaThread "Unconstrained build operations Thread 19" [_thread_blocked, id=9092, stack(0x0000009ba6a00000,0x0000009ba6b00000)]
  0x000001af0676b000 JavaThread "Unconstrained build operations Thread 20" [_thread_blocked, id=9536, stack(0x0000009ba6b00000,0x0000009ba6c00000)]
  0x000001af0676f000 JavaThread "Unconstrained build operations Thread 21" [_thread_blocked, id=15324, stack(0x0000009ba6c00000,0x0000009ba6d00000)]
  0x000001af06770000 JavaThread "Unconstrained build operations Thread 22" [_thread_blocked, id=11100, stack(0x0000009ba6d00000,0x0000009ba6e00000)]
  0x000001af0676a000 JavaThread "Unconstrained build operations Thread 23" [_thread_blocked, id=13656, stack(0x0000009ba6e00000,0x0000009ba6f00000)]
  0x000001af06773000 JavaThread "Unconstrained build operations Thread 24" [_thread_blocked, id=12352, stack(0x0000009ba6f00000,0x0000009ba7000000)]
  0x000001af06770800 JavaThread "Unconstrained build operations Thread 25" [_thread_blocked, id=1924, stack(0x0000009ba7000000,0x0000009ba7100000)]
  0x000001af06771800 JavaThread "Unconstrained build operations Thread 26" [_thread_blocked, id=5720, stack(0x0000009ba7100000,0x0000009ba7200000)]
  0x000001af06772800 JavaThread "Unconstrained build operations Thread 27" [_thread_blocked, id=10104, stack(0x0000009ba7200000,0x0000009ba7300000)]
  0x000001af06774000 JavaThread "Unconstrained build operations Thread 28" [_thread_blocked, id=15072, stack(0x0000009ba7300000,0x0000009ba7400000)]
  0x000001af03cb8000 JavaThread "Unconstrained build operations Thread 29" [_thread_blocked, id=13528, stack(0x0000009ba7400000,0x0000009ba7500000)]
  0x000001af03cb4000 JavaThread "Unconstrained build operations Thread 30" [_thread_blocked, id=11296, stack(0x0000009ba7500000,0x0000009ba7600000)]
  0x000001af03cb7000 JavaThread "Unconstrained build operations Thread 31" [_thread_blocked, id=16588, stack(0x0000009ba7600000,0x0000009ba7700000)]
  0x000001af03cb4800 JavaThread "Unconstrained build operations Thread 32" [_thread_blocked, id=14968, stack(0x0000009ba7700000,0x0000009ba7800000)]
  0x000001af03cb8800 JavaThread "Unconstrained build operations Thread 33" [_thread_blocked, id=16184, stack(0x0000009ba7800000,0x0000009ba7900000)]
  0x000001af03cb6800 JavaThread "Unconstrained build operations Thread 34" [_thread_blocked, id=7184, stack(0x0000009ba7900000,0x0000009ba7a00000)]
  0x000001af03cbb000 JavaThread "Unconstrained build operations Thread 35" [_thread_blocked, id=1472, stack(0x0000009ba7a00000,0x0000009ba7b00000)]
  0x000001af03cb9800 JavaThread "Unconstrained build operations Thread 36" [_thread_blocked, id=9692, stack(0x0000009ba7b00000,0x0000009ba7c00000)]
  0x000001af03cba800 JavaThread "Unconstrained build operations Thread 37" [_thread_blocked, id=4864, stack(0x0000009ba7c00000,0x0000009ba7d00000)]
  0x000001af03cb5800 JavaThread "Unconstrained build operations Thread 38" [_thread_blocked, id=6264, stack(0x0000009ba7d00000,0x0000009ba7e00000)]
  0x000001af03cbf000 JavaThread "Unconstrained build operations Thread 39" [_thread_blocked, id=4576, stack(0x0000009ba7e00000,0x0000009ba7f00000)]
  0x000001af03cc1800 JavaThread "Unconstrained build operations Thread 40" [_thread_blocked, id=8448, stack(0x0000009ba7f00000,0x0000009ba8000000)]
  0x000001af03cc0000 JavaThread "Unconstrained build operations Thread 41" [_thread_blocked, id=15700, stack(0x0000009ba8000000,0x0000009ba8100000)]
  0x000001af03cc1000 JavaThread "Unconstrained build operations Thread 42" [_thread_blocked, id=9100, stack(0x0000009ba8100000,0x0000009ba8200000)]
  0x000001af03cbc000 JavaThread "Unconstrained build operations Thread 43" [_thread_blocked, id=10292, stack(0x0000009ba8200000,0x0000009ba8300000)]
  0x000001af03cc2800 JavaThread "Unconstrained build operations Thread 44" [_thread_blocked, id=13332, stack(0x0000009ba8300000,0x0000009ba8400000)]
  0x000001af03cbe800 JavaThread "Unconstrained build operations Thread 45" [_thread_blocked, id=10860, stack(0x0000009ba8400000,0x0000009ba8500000)]
  0x000001af03cbd000 JavaThread "Unconstrained build operations Thread 46" [_thread_blocked, id=13116, stack(0x0000009ba8500000,0x0000009ba8600000)]
  0x000001af03cbd800 JavaThread "Unconstrained build operations Thread 47" [_thread_blocked, id=13248, stack(0x0000009ba8600000,0x0000009ba8700000)]
  0x000001af01a90800 JavaThread "Unconstrained build operations Thread 48" [_thread_blocked, id=9308, stack(0x0000009ba8700000,0x0000009ba8800000)]
  0x000001af01a91000 JavaThread "Unconstrained build operations Thread 49" [_thread_blocked, id=14496, stack(0x0000009ba8800000,0x0000009ba8900000)]
  0x000001af01a92000 JavaThread "Unconstrained build operations Thread 50" [_thread_blocked, id=9156, stack(0x0000009ba8900000,0x0000009ba8a00000)]
  0x000001af01a92800 JavaThread "Unconstrained build operations Thread 51" [_thread_blocked, id=13208, stack(0x0000009ba8a00000,0x0000009ba8b00000)]
  0x000001af01a94800 JavaThread "Unconstrained build operations Thread 52" [_thread_blocked, id=10416, stack(0x0000009ba8b00000,0x0000009ba8c00000)]
  0x000001af01a93800 JavaThread "Unconstrained build operations Thread 53" [_thread_blocked, id=9932, stack(0x0000009ba8c00000,0x0000009ba8d00000)]
  0x000001af01a8f800 JavaThread "Unconstrained build operations Thread 54" [_thread_blocked, id=10876, stack(0x0000009ba8d00000,0x0000009ba8e00000)]
  0x000001af01a95000 JavaThread "Unconstrained build operations Thread 55" [_thread_blocked, id=7464, stack(0x0000009ba8e00000,0x0000009ba8f00000)]
  0x000001af01a96000 JavaThread "Unconstrained build operations Thread 56" [_thread_blocked, id=1300, stack(0x0000009ba8f00000,0x0000009ba9000000)]
  0x000001af022ac800 JavaThread "Unconstrained build operations Thread 57" [_thread_blocked, id=4224, stack(0x0000009ba9000000,0x0000009ba9100000)]
  0x000001af022b0800 JavaThread "Unconstrained build operations Thread 58" [_thread_blocked, id=16812, stack(0x0000009ba9100000,0x0000009ba9200000)]
  0x000001af022b1800 JavaThread "Unconstrained build operations Thread 59" [_thread_blocked, id=596, stack(0x0000009ba9200000,0x0000009ba9300000)]
  0x000001af022ab800 JavaThread "Unconstrained build operations Thread 60" [_thread_blocked, id=16136, stack(0x0000009ba9300000,0x0000009ba9400000)]
  0x000001af022b2000 JavaThread "Unconstrained build operations Thread 61" [_thread_blocked, id=11836, stack(0x0000009ba9400000,0x0000009ba9500000)]
  0x000001af022af800 JavaThread "Unconstrained build operations Thread 62" [_thread_blocked, id=9904, stack(0x0000009ba9500000,0x0000009ba9600000)]
  0x000001af022b3000 JavaThread "Unconstrained build operations Thread 63" [_thread_blocked, id=13472, stack(0x0000009ba9600000,0x0000009ba9700000)]
  0x000001af022ad800 JavaThread "Unconstrained build operations Thread 64" [_thread_blocked, id=13088, stack(0x0000009ba9700000,0x0000009ba9800000)]
  0x000001af022b4000 JavaThread "Unconstrained build operations Thread 65" [_thread_blocked, id=16200, stack(0x0000009ba9800000,0x0000009ba9900000)]
  0x000001af022ae000 JavaThread "Unconstrained build operations Thread 66" [_thread_blocked, id=15408, stack(0x0000009ba9900000,0x0000009ba9a00000)]
  0x000001af022b4800 JavaThread "Unconstrained build operations Thread 67" [_thread_blocked, id=2844, stack(0x0000009ba9a00000,0x0000009ba9b00000)]
  0x000001af022af000 JavaThread "Unconstrained build operations Thread 68" [_thread_blocked, id=8524, stack(0x0000009ba9b00000,0x0000009ba9c00000)]
  0x000001af022b7000 JavaThread "Unconstrained build operations Thread 69" [_thread_blocked, id=1396, stack(0x0000009ba9c00000,0x0000009ba9d00000)]
  0x000001af022b8000 JavaThread "Unconstrained build operations Thread 70" [_thread_blocked, id=4060, stack(0x0000009ba9d00000,0x0000009ba9e00000)]
  0x000001af022b9800 JavaThread "Unconstrained build operations Thread 71" [_thread_blocked, id=11332, stack(0x0000009ba9e00000,0x0000009ba9f00000)]
  0x000001af022ba800 JavaThread "Unconstrained build operations Thread 72" [_thread_blocked, id=10868, stack(0x0000009ba9f00000,0x0000009baa000000)]
  0x000001af022b5800 JavaThread "Unconstrained build operations Thread 73" [_thread_blocked, id=600, stack(0x0000009baa000000,0x0000009baa100000)]
  0x000001af022b6000 JavaThread "Unconstrained build operations Thread 74" [_thread_blocked, id=16032, stack(0x0000009baa100000,0x0000009baa200000)]
  0x000001af022b8800 JavaThread "Unconstrained build operations Thread 75" [_thread_blocked, id=11728, stack(0x0000009baa200000,0x0000009baa300000)]
  0x000001af01da7000 JavaThread "Unconstrained build operations Thread 76" [_thread_blocked, id=8228, stack(0x0000009baa300000,0x0000009baa400000)]
  0x000001af01da6800 JavaThread "Unconstrained build operations Thread 77" [_thread_blocked, id=6632, stack(0x0000009baa400000,0x0000009baa500000)]
  0x000001af01daa800 JavaThread "Unconstrained build operations Thread 78" [_thread_blocked, id=3360, stack(0x0000009baa500000,0x0000009baa600000)]
  0x000001af01da9800 JavaThread "Unconstrained build operations Thread 79" [_thread_blocked, id=14520, stack(0x0000009baa600000,0x0000009baa700000)]
  0x000001af01dab000 JavaThread "Unconstrained build operations Thread 80" [_thread_blocked, id=5484, stack(0x0000009baa700000,0x0000009baa800000)]
  0x000001af01da5800 JavaThread "jar transforms Thread 4" [_thread_blocked, id=15144, stack(0x0000009baa800000,0x0000009baa900000)]
  0x000001af01dac000 JavaThread "jar transforms Thread 5" [_thread_blocked, id=14932, stack(0x0000009baa900000,0x0000009baaa00000)]
  0x000001af01dad000 JavaThread "jar transforms Thread 6" [_thread_blocked, id=5516, stack(0x0000009baaa00000,0x0000009baab00000)]
  0x000001af01da8000 JavaThread "jar transforms Thread 7" [_thread_blocked, id=12876, stack(0x0000009baab00000,0x0000009baac00000)]
  0x000001af01dad800 JavaThread "jar transforms Thread 8" [_thread_blocked, id=10092, stack(0x0000009baac00000,0x0000009baad00000)]
  0x000001af01dae800 JavaThread "Memory manager" [_thread_blocked, id=5984, stack(0x0000009baad00000,0x0000009baae00000)]
  0x000001af01daf800 JavaThread "build event listener" [_thread_blocked, id=2236, stack(0x0000009baae00000,0x0000009baaf00000)]
  0x000001af01db0000 JavaThread "pool-3-thread-1" [_thread_blocked, id=11112, stack(0x0000009baaf00000,0x0000009bab000000)]
  0x000001af01db1000 JavaThread "build event listener" [_thread_blocked, id=4448, stack(0x0000009bab000000,0x0000009bab100000)]
  0x000001af01db3800 JavaThread "Execution worker for ':'" [_thread_blocked, id=4988, stack(0x0000009bab100000,0x0000009bab200000)]
  0x000001af01db4000 JavaThread "Execution worker for ':' Thread 2" [_thread_blocked, id=9940, stack(0x0000009bab200000,0x0000009bab300000)]
  0x000001af01db2000 JavaThread "Execution worker for ':' Thread 3" [_thread_blocked, id=7604, stack(0x0000009bab300000,0x0000009bab400000)]
  0x000001af01db2800 JavaThread "Execution worker for ':' Thread 4" [_thread_blocked, id=9032, stack(0x0000009bab400000,0x0000009bab500000)]
  0x000001af027b1800 JavaThread "Execution worker for ':' Thread 5" [_thread_blocked, id=12896, stack(0x0000009bab500000,0x0000009bab600000)]
  0x000001af027b4000 JavaThread "Execution worker for ':' Thread 6" [_thread_blocked, id=4104, stack(0x0000009bab600000,0x0000009bab700000)]
  0x000001af027af000 JavaThread "Execution worker for ':' Thread 7" [_thread_blocked, id=3772, stack(0x0000009bab700000,0x0000009bab800000)]
  0x000001af027b5800 JavaThread "Cache worker for execution history cache (C:\FPT\MOB403 - AndroidNetworking\MOB403_PS18620_mientvt_Assignment\.gradle\7.3.3\executionHistory)" [_thread_blocked, id=9896, stack(0x0000009bab800000,0x0000009bab900000)]
  0x000001af027b0800 JavaThread "Cache worker for Java compile cache (C:\Users\HP\.gradle\caches\7.3.3\javaCompile)" [_thread_blocked, id=11152, stack(0x0000009bab900000,0x0000009baba00000)]
  0x000001af027b0000 JavaThread "Build operations" [_thread_blocked, id=9864, stack(0x0000009baba00000,0x0000009babb00000)]
  0x000001af027b3000 JavaThread "Build operations Thread 2" [_thread_blocked, id=15632, stack(0x0000009babb00000,0x0000009babc00000)]
  0x000001af027b8000 JavaThread "Build operations Thread 3" [_thread_blocked, id=4504, stack(0x0000009babc00000,0x0000009babd00000)]
  0x000001af027b2800 JavaThread "Build operations Thread 4" [_thread_blocked, id=16840, stack(0x0000009babd00000,0x0000009babe00000)]
  0x000001af027b7800 JavaThread "Build operations Thread 5" [_thread_blocked, id=15392, stack(0x0000009babe00000,0x0000009babf00000)]
  0x000001af027b9000 JavaThread "Build operations Thread 6" [_thread_blocked, id=11704, stack(0x0000009babf00000,0x0000009bac000000)]
  0x000001af027b6800 JavaThread "Build operations Thread 7" [_thread_blocked, id=3160, stack(0x0000009bac000000,0x0000009bac100000)]
  0x000001af027b9800 JavaThread "Build operations Thread 8" [_thread_blocked, id=12468, stack(0x0000009bac100000,0x0000009bac200000)]
  0x000001af027ba800 JavaThread "WorkerExecutor Queue" [_thread_blocked, id=5204, stack(0x0000009bac200000,0x0000009bac300000)]
  0x000001af027b5000 JavaThread "WorkerExecutor Queue Thread 2" [_thread_blocked, id=13564, stack(0x0000009bac300000,0x0000009bac400000)]
  0x000001af027bd000 JavaThread "WorkerExecutor Queue Thread 3" [_thread_blocked, id=1016, stack(0x0000009bac400000,0x0000009bac500000)]
  0x000001af027bb800 JavaThread "WorkerExecutor Queue Thread 4" [_thread_blocked, id=972, stack(0x0000009bac500000,0x0000009bac600000)]
  0x000001af027bc000 JavaThread "WorkerExecutor Queue Thread 5" [_thread_blocked, id=11560, stack(0x0000009bac600000,0x0000009bac700000)]
  0x000001af027be000 JavaThread "WorkerExecutor Queue Thread 6" [_thread_blocked, id=3584, stack(0x0000009bac700000,0x0000009bac800000)]
  0x000001af0ba37000 JavaThread "WorkerExecutor Queue Thread 7" [_thread_blocked, id=10400, stack(0x0000009bac800000,0x0000009bac900000)]
  0x000001af0ba34000 JavaThread "WorkerExecutor Queue Thread 8" [_thread_blocked, id=8292, stack(0x0000009bac900000,0x0000009baca00000)]
  0x000001af0ba38000 JavaThread "WorkerExecutor Queue Thread 9" [_thread_blocked, id=13980, stack(0x0000009baca00000,0x0000009bacb00000)]
  0x000001af0ba33000 JavaThread "ForkJoinPool-1-worker-3" daemon [_thread_blocked, id=6660, stack(0x0000009bacb00000,0x0000009bacc00000)]
  0x000001af0ba3a800 JavaThread "ForkJoinPool-1-worker-5" daemon [_thread_blocked, id=10304, stack(0x0000009bacc00000,0x0000009bacd00000)]
  0x000001af0ba39800 JavaThread "ForkJoinPool-1-worker-7" daemon [_thread_blocked, id=11164, stack(0x0000009bacd00000,0x0000009bace00000)]
  0x000001af0ba34800 JavaThread "ForkJoinPool-1-worker-9" daemon [_thread_blocked, id=5340, stack(0x0000009bace00000,0x0000009bacf00000)]
  0x000001af0ba35800 JavaThread "ForkJoinPool-1-worker-11" daemon [_thread_blocked, id=9572, stack(0x0000009bacf00000,0x0000009bad000000)]
  0x000001af0ba3c000 JavaThread "ForkJoinPool-1-worker-13" daemon [_thread_blocked, id=8504, stack(0x0000009bad000000,0x0000009bad100000)]
  0x000001af0ba3b000 JavaThread "ForkJoinPool-1-worker-15" daemon [_thread_blocked, id=5404, stack(0x0000009bad100000,0x0000009bad200000)]
  0x000001af0ba38800 JavaThread "ForkJoinPool-1-worker-1" daemon [_thread_blocked, id=3952, stack(0x0000009bad200000,0x0000009bad300000)]

Other Threads:
=>0x000001af7fb62800 VMThread "VM Thread" [stack: 0x0000009ba2b00000,0x0000009ba2c00000] [id=6560]
  0x000001af009c8000 WatcherThread [stack: 0x0000009ba3500000,0x0000009ba3600000] [id=13628]
  0x000001af656f5800 GCTaskThread "GC Thread#0" [stack: 0x0000009ba2600000,0x0000009ba2700000] [id=1932]
  0x000001af016cd800 GCTaskThread "GC Thread#1" [stack: 0x0000009ba3600000,0x0000009ba3700000] [id=13348]
  0x000001af0170e000 GCTaskThread "GC Thread#2" [stack: 0x0000009ba3700000,0x0000009ba3800000] [id=5108]
  0x000001af03b46000 GCTaskThread "GC Thread#3" [stack: 0x0000009ba4200000,0x0000009ba4300000] [id=8872]
  0x000001af03c5e000 GCTaskThread "GC Thread#4" [stack: 0x0000009ba4300000,0x0000009ba4400000] [id=8096]
  0x000001af03b8b800 GCTaskThread "GC Thread#5" [stack: 0x0000009ba4400000,0x0000009ba4500000] [id=14016]
  0x000001af03abe000 GCTaskThread "GC Thread#6" [stack: 0x0000009ba4500000,0x0000009ba4600000] [id=7024]
  0x000001af03f04800 GCTaskThread "GC Thread#7" [stack: 0x0000009ba4600000,0x0000009ba4700000] [id=12380]
  0x000001af65728000 ConcurrentGCThread "G1 Main Marker" [stack: 0x0000009ba2700000,0x0000009ba2800000] [id=14236]
  0x000001af65729800 ConcurrentGCThread "G1 Conc#0" [stack: 0x0000009ba2800000,0x0000009ba2900000] [id=9632]
  0x000001af040db000 ConcurrentGCThread "G1 Conc#1" [stack: 0x0000009ba4a00000,0x0000009ba4b00000] [id=15308]
  0x000001af7f9b0800 ConcurrentGCThread "G1 Refine#0" [stack: 0x0000009ba2900000,0x0000009ba2a00000] [id=4720]
  0x000001af7f9b1800 ConcurrentGCThread "G1 Young RemSet Sampling" [stack: 0x0000009ba2a00000,0x0000009ba2b00000] [id=2332]

Threads with active compile tasks:
C2 CompilerThread0  24657 13474 %     4       com.android.tools.r8.dex.j::a @ 313 (1042 bytes)
C1 CompilerThread0  24657 13568       2       com.android.tools.r8.dex.g::<init> (60 bytes)

VM state:at safepoint (normal execution)

VM Mutex/Monitor currently owned by a thread:  ([mutex/lock_event])
[0x000001af656db150] Threads_lock - owner thread: 0x000001af7fb62800
[0x000001af656da850] Heap_lock - owner thread: 0x000001af0ba3b000

Heap address: 0x0000000080000000, size: 2048 MB, Compressed Oops mode: 32-bit
Narrow klass base: 0x0000000000000000, Narrow klass shift: 3
Compressed class space size: 1073741824 Address: 0x0000000100000000

Heap:
 garbage-first heap   total 293888K, used 169263K [0x0000000080000000, 0x0000000100000000)
  region size 1024K, 4 young (4096K), 4 survivors (4096K)
 Metaspace       used 109810K, capacity 112846K, committed 114188K, reserved 1146880K
  class space    used 14305K, capacity 15450K, committed 15988K, reserved 1048576K
Heap Regions: E=young(eden), S=young(survivor), O=old, HS=humongous(starts), HC=humongous(continues), CS=collection set, F=free, A=archive, TAMS=top-at-mark-start (previous, next)
|   0|0x0000000080000000, 0x0000000080100000, 0x0000000080100000|100%| O|  |TAMS 0x0000000080100000, 0x0000000080000000| Updating 
|   1|0x0000000080100000, 0x0000000080200000, 0x0000000080200000|100%| O|  |TAMS 0x0000000080200000, 0x0000000080100000| Updating 
|   2|0x0000000080200000, 0x0000000080300000, 0x0000000080300000|100%| O|  |TAMS 0x0000000080300000, 0x0000000080200000| Updating 
|   3|0x0000000080300000, 0x0000000080400000, 0x0000000080400000|100%|HS|  |TAMS 0x0000000080400000, 0x0000000080300000| Complete 
|   4|0x0000000080400000, 0x0000000080500000, 0x0000000080500000|100%|HC|  |TAMS 0x0000000080500000, 0x0000000080400000| Complete 
|   5|0x0000000080500000, 0x0000000080600000, 0x0000000080600000|100%|HC|  |TAMS 0x0000000080600000, 0x0000000080500000| Complete 
|   6|0x0000000080600000, 0x0000000080700000, 0x0000000080700000|100%| O|  |TAMS 0x0000000080700000, 0x0000000080600000| Updating 
|   7|0x0000000080700000, 0x0000000080800000, 0x0000000080800000|100%| O|  |TAMS 0x0000000080800000, 0x0000000080700000| Updating 
|   8|0x0000000080800000, 0x0000000080900000, 0x0000000080900000|100%| O|  |TAMS 0x0000000080900000, 0x0000000080800000| Updating 
|   9|0x0000000080900000, 0x0000000080a00000, 0x0000000080a00000|100%| O|  |TAMS 0x0000000080a00000, 0x0000000080900000| Updating 
|  10|0x0000000080a00000, 0x0000000080b00000, 0x0000000080b00000|100%| O|  |TAMS 0x0000000080b00000, 0x0000000080a00000| Updating 
|  11|0x0000000080b00000, 0x0000000080c00000, 0x0000000080c00000|100%| O|  |TAMS 0x0000000080c00000, 0x0000000080b00000| Updating 
|  12|0x0000000080c00000, 0x0000000080d00000, 0x0000000080d00000|100%| O|  |TAMS 0x0000000080d00000, 0x0000000080c00000| Updating 
|  13|0x0000000080d00000, 0x0000000080e00000, 0x0000000080e00000|100%| O|  |TAMS 0x0000000080e00000, 0x0000000080d00000| Updating 
|  14|0x0000000080e00000, 0x0000000080f00000, 0x0000000080f00000|100%| O|  |TAMS 0x0000000080f00000, 0x0000000080e00000| Updating 
|  15|0x0000000080f00000, 0x0000000081000000, 0x0000000081000000|100%| O|  |TAMS 0x0000000081000000, 0x0000000080f00000| Updating 
|  16|0x0000000081000000, 0x0000000081100000, 0x0000000081100000|100%| O|  |TAMS 0x0000000081100000, 0x0000000081000000| Updating 
|  17|0x0000000081100000, 0x0000000081200000, 0x0000000081200000|100%|HS|  |TAMS 0x0000000081200000, 0x0000000081100000| Complete 
|  18|0x0000000081200000, 0x0000000081300000, 0x0000000081300000|100%| O|  |TAMS 0x0000000081300000, 0x0000000081200000| Updating 
|  19|0x0000000081300000, 0x0000000081400000, 0x0000000081400000|100%| O|  |TAMS 0x0000000081400000, 0x0000000081300000| Updating 
|  20|0x0000000081400000, 0x0000000081500000, 0x0000000081500000|100%| O|  |TAMS 0x0000000081500000, 0x0000000081400000| Updating 
|  21|0x0000000081500000, 0x0000000081600000, 0x0000000081600000|100%| O|  |TAMS 0x0000000081600000, 0x0000000081500000| Updating 
|  22|0x0000000081600000, 0x0000000081700000, 0x0000000081700000|100%| O|  |TAMS 0x0000000081700000, 0x0000000081600000| Updating 
|  23|0x0000000081700000, 0x0000000081800000, 0x0000000081800000|100%| O|  |TAMS 0x0000000081800000, 0x0000000081700000| Updating 
|  24|0x0000000081800000, 0x0000000081900000, 0x0000000081900000|100%|HS|  |TAMS 0x0000000081900000, 0x0000000081800000| Complete 
|  25|0x0000000081900000, 0x0000000081a00000, 0x0000000081a00000|100%|HS|  |TAMS 0x0000000081a00000, 0x0000000081900000| Complete 
|  26|0x0000000081a00000, 0x0000000081b00000, 0x0000000081b00000|100%|HC|  |TAMS 0x0000000081b00000, 0x0000000081a00000| Complete 
|  27|0x0000000081b00000, 0x0000000081c00000, 0x0000000081c00000|100%| O|  |TAMS 0x0000000081c00000, 0x0000000081b00000| Updating 
|  28|0x0000000081c00000, 0x0000000081d00000, 0x0000000081d00000|100%| O|  |TAMS 0x0000000081d00000, 0x0000000081c00000| Updating 
|  29|0x0000000081d00000, 0x0000000081e00000, 0x0000000081e00000|100%| O|  |TAMS 0x0000000081e00000, 0x0000000081d00000| Updating 
|  30|0x0000000081e00000, 0x0000000081f00000, 0x0000000081f00000|100%| O|  |TAMS 0x0000000081f00000, 0x0000000081e00000| Updating 
|  31|0x0000000081f00000, 0x0000000082000000, 0x0000000082000000|100%| O|  |TAMS 0x0000000082000000, 0x0000000081f00000| Updating 
|  32|0x0000000082000000, 0x0000000082100000, 0x0000000082100000|100%| O|  |TAMS 0x0000000082100000, 0x0000000082000000| Updating 
|  33|0x0000000082100000, 0x0000000082200000, 0x0000000082200000|100%| O|  |TAMS 0x0000000082200000, 0x0000000082100000| Updating 
|  34|0x0000000082200000, 0x0000000082300000, 0x0000000082300000|100%| O|  |TAMS 0x0000000082300000, 0x0000000082200000| Updating 
|  35|0x0000000082300000, 0x0000000082400000, 0x0000000082400000|100%| O|  |TAMS 0x0000000082400000, 0x0000000082300000| Updating 
|  36|0x0000000082400000, 0x0000000082500000, 0x0000000082500000|100%| O|  |TAMS 0x0000000082500000, 0x0000000082400000| Updating 
|  37|0x0000000082500000, 0x0000000082600000, 0x0000000082600000|100%| O|  |TAMS 0x0000000082600000, 0x0000000082500000| Updating 
|  38|0x0000000082600000, 0x0000000082700000, 0x0000000082700000|100%| O|  |TAMS 0x0000000082700000, 0x0000000082600000| Updating 
|  39|0x0000000082700000, 0x0000000082800000, 0x0000000082800000|100%| O|  |TAMS 0x0000000082800000, 0x0000000082700000| Updating 
|  40|0x0000000082800000, 0x0000000082900000, 0x0000000082900000|100%| O|  |TAMS 0x0000000082900000, 0x0000000082800000| Updating 
|  41|0x0000000082900000, 0x0000000082a00000, 0x0000000082a00000|100%| O|  |TAMS 0x0000000082a00000, 0x0000000082900000| Updating 
|  42|0x0000000082a00000, 0x0000000082b00000, 0x0000000082b00000|100%| O|  |TAMS 0x0000000082b00000, 0x0000000082a00000| Updating 
|  43|0x0000000082b00000, 0x0000000082c00000, 0x0000000082c00000|100%| O|  |TAMS 0x0000000082c00000, 0x0000000082b00000| Updating 
|  44|0x0000000082c00000, 0x0000000082d00000, 0x0000000082d00000|100%| O|  |TAMS 0x0000000082d00000, 0x0000000082c00000| Updating 
|  45|0x0000000082d00000, 0x0000000082e00000, 0x0000000082e00000|100%| O|  |TAMS 0x0000000082e00000, 0x0000000082d00000| Updating 
|  46|0x0000000082e00000, 0x0000000082f00000, 0x0000000082f00000|100%| O|  |TAMS 0x0000000082f00000, 0x0000000082e00000| Updating 
|  47|0x0000000082f00000, 0x0000000083000000, 0x0000000083000000|100%| O|  |TAMS 0x0000000083000000, 0x0000000082f00000| Updating 
|  48|0x0000000083000000, 0x0000000083100000, 0x0000000083100000|100%| O|  |TAMS 0x0000000083100000, 0x0000000083000000| Updating 
|  49|0x0000000083100000, 0x0000000083200000, 0x0000000083200000|100%| O|  |TAMS 0x0000000083200000, 0x0000000083100000| Updating 
|  50|0x0000000083200000, 0x0000000083300000, 0x0000000083300000|100%| O|  |TAMS 0x0000000083300000, 0x0000000083200000| Updating 
|  51|0x0000000083300000, 0x0000000083400000, 0x0000000083400000|100%| O|  |TAMS 0x0000000083400000, 0x0000000083300000| Updating 
|  52|0x0000000083400000, 0x0000000083500000, 0x0000000083500000|100%| O|  |TAMS 0x0000000083500000, 0x0000000083400000| Updating 
|  53|0x0000000083500000, 0x0000000083600000, 0x0000000083600000|100%| O|  |TAMS 0x0000000083600000, 0x0000000083500000| Updating 
|  54|0x0000000083600000, 0x0000000083700000, 0x0000000083700000|100%| O|  |TAMS 0x0000000083700000, 0x0000000083600000| Updating 
|  55|0x0000000083700000, 0x0000000083800000, 0x0000000083800000|100%| O|  |TAMS 0x0000000083800000, 0x0000000083700000| Updating 
|  56|0x0000000083800000, 0x0000000083900000, 0x0000000083900000|100%| O|  |TAMS 0x0000000083900000, 0x0000000083800000| Updating 
|  57|0x0000000083900000, 0x0000000083a00000, 0x0000000083a00000|100%| O|  |TAMS 0x0000000083a00000, 0x0000000083900000| Updating 
|  58|0x0000000083a00000, 0x0000000083b00000, 0x0000000083b00000|100%| O|  |TAMS 0x0000000083b00000, 0x0000000083a00000| Updating 
|  59|0x0000000083b00000, 0x0000000083c00000, 0x0000000083c00000|100%| O|  |TAMS 0x0000000083c00000, 0x0000000083b00000| Updating 
|  60|0x0000000083c00000, 0x0000000083d00000, 0x0000000083d00000|100%| O|  |TAMS 0x0000000083d00000, 0x0000000083c00000| Updating 
|  61|0x0000000083d00000, 0x0000000083e00000, 0x0000000083e00000|100%| O|  |TAMS 0x0000000083e00000, 0x0000000083d00000| Updating 
|  62|0x0000000083e00000, 0x0000000083f00000, 0x0000000083f00000|100%| O|  |TAMS 0x0000000083f00000, 0x0000000083e00000| Updating 
|  63|0x0000000083f00000, 0x0000000084000000, 0x0000000084000000|100%| O|  |TAMS 0x0000000084000000, 0x0000000083f00000| Updating 
|  64|0x0000000084000000, 0x0000000084100000, 0x0000000084100000|100%| O|  |TAMS 0x0000000084100000, 0x0000000084000000| Updating 
|  65|0x0000000084100000, 0x0000000084200000, 0x0000000084200000|100%| O|  |TAMS 0x0000000084200000, 0x0000000084100000| Updating 
|  66|0x0000000084200000, 0x0000000084300000, 0x0000000084300000|100%| O|  |TAMS 0x0000000084300000, 0x0000000084200000| Updating 
|  67|0x0000000084300000, 0x0000000084400000, 0x0000000084400000|100%|HS|  |TAMS 0x0000000084400000, 0x0000000084300000| Complete 
|  68|0x0000000084400000, 0x0000000084500000, 0x0000000084500000|100%| O|  |TAMS 0x0000000084500000, 0x0000000084400000| Updating 
|  69|0x0000000084500000, 0x0000000084600000, 0x0000000084600000|100%| O|  |TAMS 0x0000000084600000, 0x0000000084500000| Updating 
|  70|0x0000000084600000, 0x0000000084700000, 0x0000000084700000|100%| O|  |TAMS 0x0000000084700000, 0x0000000084600000| Updating 
|  71|0x0000000084700000, 0x0000000084800000, 0x0000000084800000|100%| O|  |TAMS 0x0000000084800000, 0x0000000084700000| Updating 
|  72|0x0000000084800000, 0x0000000084900000, 0x0000000084900000|100%| O|  |TAMS 0x0000000084900000, 0x0000000084800000| Updating 
|  73|0x0000000084900000, 0x0000000084a00000, 0x0000000084a00000|100%| O|  |TAMS 0x0000000084a00000, 0x0000000084900000| Updating 
|  74|0x0000000084a00000, 0x0000000084b00000, 0x0000000084b00000|100%| O|  |TAMS 0x0000000084b00000, 0x0000000084a00000| Updating 
|  75|0x0000000084b00000, 0x0000000084c00000, 0x0000000084c00000|100%| O|  |TAMS 0x0000000084c00000, 0x0000000084b00000| Updating 
|  76|0x0000000084c00000, 0x0000000084d00000, 0x0000000084d00000|100%| O|  |TAMS 0x0000000084d00000, 0x0000000084c00000| Updating 
|  77|0x0000000084d00000, 0x0000000084e00000, 0x0000000084e00000|100%|HS|  |TAMS 0x0000000084e00000, 0x0000000084d00000| Complete 
|  78|0x0000000084e00000, 0x0000000084f00000, 0x0000000084f00000|100%|HC|  |TAMS 0x0000000084f00000, 0x0000000084e00000| Complete 
|  79|0x0000000084f00000, 0x0000000085000000, 0x0000000085000000|100%|HS|  |TAMS 0x0000000085000000, 0x0000000084f00000| Complete 
|  80|0x0000000085000000, 0x0000000085100000, 0x0000000085100000|100%|HS|  |TAMS 0x0000000085100000, 0x0000000085000000| Complete 
|  81|0x0000000085100000, 0x0000000085200000, 0x0000000085200000|100%| O|  |TAMS 0x0000000085200000, 0x0000000085100000| Updating 
|  82|0x0000000085200000, 0x0000000085300000, 0x0000000085300000|100%|HS|  |TAMS 0x0000000085300000, 0x0000000085200000| Complete 
|  83|0x0000000085300000, 0x0000000085400000, 0x0000000085400000|100%| O|  |TAMS 0x0000000085400000, 0x0000000085300000| Updating 
|  84|0x0000000085400000, 0x0000000085500000, 0x0000000085500000|100%| O|  |TAMS 0x0000000085500000, 0x0000000085400000| Updating 
|  85|0x0000000085500000, 0x0000000085600000, 0x0000000085600000|100%| O|  |TAMS 0x0000000085600000, 0x0000000085500000| Updating 
|  86|0x0000000085600000, 0x0000000085700000, 0x0000000085700000|100%| O|  |TAMS 0x0000000085700000, 0x0000000085600000| Updating 
|  87|0x0000000085700000, 0x0000000085800000, 0x0000000085800000|100%| O|  |TAMS 0x0000000085800000, 0x0000000085700000| Updating 
|  88|0x0000000085800000, 0x0000000085900000, 0x0000000085900000|100%| O|  |TAMS 0x0000000085900000, 0x0000000085800000| Updating 
|  89|0x0000000085900000, 0x0000000085a00000, 0x0000000085a00000|100%| O|  |TAMS 0x0000000085a00000, 0x0000000085900000| Updating 
|  90|0x0000000085a00000, 0x0000000085b00000, 0x0000000085b00000|100%|HS|  |TAMS 0x0000000085b00000, 0x0000000085a00000| Complete 
|  91|0x0000000085b00000, 0x0000000085c00000, 0x0000000085c00000|100%|HC|  |TAMS 0x0000000085c00000, 0x0000000085b00000| Complete 
|  92|0x0000000085c00000, 0x0000000085d00000, 0x0000000085d00000|100%|HS|  |TAMS 0x0000000085d00000, 0x0000000085c00000| Complete 
|  93|0x0000000085d00000, 0x0000000085e00000, 0x0000000085e00000|100%| O|  |TAMS 0x0000000085e00000, 0x0000000085d00000| Updating 
|  94|0x0000000085e00000, 0x0000000085f00000, 0x0000000085f00000|100%|HS|  |TAMS 0x0000000085f00000, 0x0000000085e00000| Complete 
|  95|0x0000000085f00000, 0x0000000086000000, 0x0000000086000000|100%| O|  |TAMS 0x0000000086000000, 0x0000000085f00000| Updating 
|  96|0x0000000086000000, 0x0000000086100000, 0x0000000086100000|100%|HS|  |TAMS 0x0000000086100000, 0x0000000086000000| Complete 
|  97|0x0000000086100000, 0x0000000086200000, 0x0000000086200000|100%| O|  |TAMS 0x0000000086200000, 0x0000000086100000| Updating 
|  98|0x0000000086200000, 0x0000000086300000, 0x0000000086300000|100%|HS|  |TAMS 0x0000000086300000, 0x0000000086200000| Complete 
|  99|0x0000000086300000, 0x0000000086400000, 0x0000000086400000|100%| O|  |TAMS 0x0000000086400000, 0x0000000086300000| Updating 
| 100|0x0000000086400000, 0x0000000086500000, 0x0000000086500000|100%| O|  |TAMS 0x0000000086500000, 0x0000000086400000| Updating 
| 101|0x0000000086500000, 0x0000000086600000, 0x0000000086600000|100%| O|  |TAMS 0x0000000086600000, 0x0000000086500000| Updating 
| 102|0x0000000086600000, 0x0000000086700000, 0x0000000086700000|100%| O|  |TAMS 0x0000000086700000, 0x0000000086600000| Updating 
| 103|0x0000000086700000, 0x0000000086800000, 0x0000000086800000|100%| O|  |TAMS 0x0000000086800000, 0x0000000086700000| Updating 
| 104|0x0000000086800000, 0x0000000086900000, 0x0000000086900000|100%| O|  |TAMS 0x0000000086900000, 0x0000000086800000| Updating 
| 105|0x0000000086900000, 0x0000000086a00000, 0x0000000086a00000|100%| O|  |TAMS 0x0000000086a00000, 0x0000000086900000| Updating 
| 106|0x0000000086a00000, 0x0000000086b00000, 0x0000000086b00000|100%| O|  |TAMS 0x0000000086b00000, 0x0000000086a00000| Updating 
| 107|0x0000000086b00000, 0x0000000086c00000, 0x0000000086c00000|100%| O|  |TAMS 0x0000000086c00000, 0x0000000086b00000| Updating 
| 108|0x0000000086c00000, 0x0000000086d00000, 0x0000000086d00000|100%| O|  |TAMS 0x0000000086d00000, 0x0000000086c00000| Updating 
| 109|0x0000000086d00000, 0x0000000086e00000, 0x0000000086e00000|100%| O|  |TAMS 0x0000000086e00000, 0x0000000086d00000| Updating 
| 110|0x0000000086e00000, 0x0000000086f00000, 0x0000000086f00000|100%| O|  |TAMS 0x0000000086f00000, 0x0000000086e00000| Updating 
| 111|0x0000000086f00000, 0x0000000087000000, 0x0000000087000000|100%| O|  |TAMS 0x0000000087000000, 0x0000000086f00000| Updating 
| 112|0x0000000087000000, 0x0000000087100000, 0x0000000087100000|100%|HS|  |TAMS 0x0000000087100000, 0x0000000087000000| Complete 
| 113|0x0000000087100000, 0x0000000087200000, 0x0000000087200000|100%| O|  |TAMS 0x0000000087200000, 0x0000000087100000| Updating 
| 114|0x0000000087200000, 0x0000000087300000, 0x0000000087300000|100%| O|  |TAMS 0x0000000087300000, 0x0000000087200000| Updating 
| 115|0x0000000087300000, 0x0000000087400000, 0x0000000087400000|100%| O|  |TAMS 0x0000000087400000, 0x0000000087300000| Updating 
| 116|0x0000000087400000, 0x0000000087500000, 0x0000000087500000|100%| O|  |TAMS 0x0000000087500000, 0x0000000087400000| Updating 
| 117|0x0000000087500000, 0x0000000087600000, 0x0000000087600000|100%| O|  |TAMS 0x0000000087600000, 0x0000000087500000| Updating 
| 118|0x0000000087600000, 0x0000000087700000, 0x0000000087700000|100%| O|  |TAMS 0x0000000087700000, 0x0000000087600000| Updating 
| 119|0x0000000087700000, 0x0000000087800000, 0x0000000087800000|100%| O|  |TAMS 0x0000000087800000, 0x0000000087700000| Updating 
| 120|0x0000000087800000, 0x0000000087900000, 0x0000000087900000|100%| O|  |TAMS 0x0000000087900000, 0x0000000087800000| Updating 
| 121|0x0000000087900000, 0x0000000087a00000, 0x0000000087a00000|100%| O|  |TAMS 0x0000000087a00000, 0x0000000087900000| Updating 
| 122|0x0000000087a00000, 0x0000000087b00000, 0x0000000087b00000|100%| O|  |TAMS 0x0000000087b00000, 0x0000000087a00000| Updating 
| 123|0x0000000087b00000, 0x0000000087c00000, 0x0000000087c00000|100%| O|  |TAMS 0x0000000087c00000, 0x0000000087b00000| Updating 
| 124|0x0000000087c00000, 0x0000000087d00000, 0x0000000087d00000|100%| O|  |TAMS 0x0000000087d00000, 0x0000000087c00000| Updating 
| 125|0x0000000087d00000, 0x0000000087e00000, 0x0000000087e00000|100%| O|  |TAMS 0x0000000087e00000, 0x0000000087d00000| Updating 
| 126|0x0000000087e00000, 0x0000000087f00000, 0x0000000087f00000|100%| O|  |TAMS 0x0000000087f00000, 0x0000000087e00000| Updating 
| 127|0x0000000087f00000, 0x0000000088000000, 0x0000000088000000|100%| O|  |TAMS 0x0000000088000000, 0x0000000087f00000| Updating 
| 128|0x0000000088000000, 0x0000000088100000, 0x0000000088100000|100%| O|  |TAMS 0x0000000088100000, 0x0000000088000000| Updating 
| 129|0x0000000088100000, 0x0000000088200000, 0x0000000088200000|100%| O|  |TAMS 0x0000000088200000, 0x0000000088100000| Updating 
| 130|0x0000000088200000, 0x0000000088300000, 0x0000000088300000|100%| O|  |TAMS 0x0000000088300000, 0x0000000088200000| Updating 
| 131|0x0000000088300000, 0x0000000088400000, 0x0000000088400000|100%| O|  |TAMS 0x0000000088400000, 0x0000000088300000| Updating 
| 132|0x0000000088400000, 0x0000000088500000, 0x0000000088500000|100%| O|  |TAMS 0x0000000088500000, 0x0000000088400000| Updating 
| 133|0x0000000088500000, 0x0000000088600000, 0x0000000088600000|100%| O|  |TAMS 0x0000000088600000, 0x0000000088500000| Updating 
| 134|0x0000000088600000, 0x0000000088700000, 0x0000000088700000|100%| O|  |TAMS 0x0000000088700000, 0x0000000088600000| Updating 
| 135|0x0000000088700000, 0x0000000088800000, 0x0000000088800000|100%| O|  |TAMS 0x00000000887f4c00, 0x0000000088700000| Updating 
| 136|0x0000000088800000, 0x0000000088900000, 0x0000000088900000|100%| O|  |TAMS 0x0000000088800000, 0x0000000088800000| Untracked 
| 137|0x0000000088900000, 0x0000000088a00000, 0x0000000088a00000|100%| O|  |TAMS 0x0000000088900000, 0x0000000088900000| Untracked 
| 138|0x0000000088a00000, 0x0000000088b00000, 0x0000000088b00000|100%| O|  |TAMS 0x0000000088a00000, 0x0000000088a00000| Untracked 
| 139|0x0000000088b00000, 0x0000000088c00000, 0x0000000088c00000|100%| O|  |TAMS 0x0000000088b00000, 0x0000000088b00000| Untracked 
| 140|0x0000000088c00000, 0x0000000088d00000, 0x0000000088d00000|100%| O|  |TAMS 0x0000000088c00000, 0x0000000088c00000| Untracked 
| 141|0x0000000088d00000, 0x0000000088e00000, 0x0000000088e00000|100%| O|  |TAMS 0x0000000088d00000, 0x0000000088d00000| Untracked 
| 142|0x0000000088e00000, 0x0000000088f00000, 0x0000000088f00000|100%| O|  |TAMS 0x0000000088e00000, 0x0000000088e00000| Untracked 
| 143|0x0000000088f00000, 0x0000000089000000, 0x0000000089000000|100%| O|  |TAMS 0x0000000088f00000, 0x0000000088f00000| Untracked 
| 144|0x0000000089000000, 0x0000000089100000, 0x0000000089100000|100%| O|  |TAMS 0x0000000089000000, 0x0000000089000000| Untracked 
| 145|0x0000000089100000, 0x0000000089200000, 0x0000000089200000|100%| O|  |TAMS 0x0000000089100000, 0x0000000089100000| Untracked 
| 146|0x0000000089200000, 0x0000000089300000, 0x0000000089300000|100%| O|  |TAMS 0x0000000089200000, 0x0000000089200000| Untracked 
| 147|0x0000000089300000, 0x0000000089400000, 0x0000000089400000|100%| O|  |TAMS 0x0000000089300000, 0x0000000089300000| Untracked 
| 148|0x0000000089400000, 0x0000000089500000, 0x0000000089500000|100%| O|  |TAMS 0x0000000089400000, 0x0000000089400000| Untracked 
| 149|0x0000000089500000, 0x0000000089600000, 0x0000000089600000|100%| O|  |TAMS 0x0000000089500000, 0x0000000089500000| Untracked 
| 150|0x0000000089600000, 0x0000000089700000, 0x0000000089700000|100%| O|  |TAMS 0x0000000089600000, 0x0000000089600000| Updating 
| 151|0x0000000089700000, 0x0000000089800000, 0x0000000089800000|100%| O|  |TAMS 0x0000000089700000, 0x0000000089700000| Untracked 
| 152|0x0000000089800000, 0x0000000089900000, 0x0000000089900000|100%| O|  |TAMS 0x0000000089800000, 0x0000000089800000| Untracked 
| 153|0x0000000089900000, 0x0000000089a00000, 0x0000000089a00000|100%| O|  |TAMS 0x0000000089900000, 0x0000000089900000| Untracked 
| 154|0x0000000089a00000, 0x0000000089b00000, 0x0000000089b00000|100%| O|  |TAMS 0x0000000089a00000, 0x0000000089a00000| Untracked 
| 155|0x0000000089b00000, 0x0000000089c00000, 0x0000000089c00000|100%| O|  |TAMS 0x0000000089b00000, 0x0000000089b00000| Untracked 
| 156|0x0000000089c00000, 0x0000000089d00000, 0x0000000089d00000|100%| O|  |TAMS 0x0000000089c00000, 0x0000000089c00000| Untracked 
| 157|0x0000000089d00000, 0x0000000089e00000, 0x0000000089e00000|100%| O|  |TAMS 0x0000000089d00000, 0x0000000089d00000| Untracked 
| 158|0x0000000089e00000, 0x0000000089f00000, 0x0000000089f00000|100%| O|  |TAMS 0x0000000089e00000, 0x0000000089e00000| Untracked 
| 159|0x0000000089f00000, 0x000000008a000000, 0x000000008a000000|100%| O|  |TAMS 0x0000000089f00000, 0x0000000089f00000| Untracked 
| 160|0x000000008a000000, 0x000000008a100000, 0x000000008a100000|100%| O|  |TAMS 0x000000008a000000, 0x000000008a000000| Untracked 
| 161|0x000000008a100000, 0x000000008a14be00, 0x000000008a200000| 29%| O|  |TAMS 0x000000008a100000, 0x000000008a100000| Untracked 
| 162|0x000000008a200000, 0x000000008a200000, 0x000000008a300000|  0%| F|  |TAMS 0x000000008a200000, 0x000000008a200000| Untracked 
| 163|0x000000008a300000, 0x000000008a300000, 0x000000008a400000|  0%| F|  |TAMS 0x000000008a300000, 0x000000008a300000| Untracked 
| 164|0x000000008a400000, 0x000000008a400000, 0x000000008a500000|  0%| F|  |TAMS 0x000000008a400000, 0x000000008a400000| Untracked 
| 165|0x000000008a500000, 0x000000008a500000, 0x000000008a600000|  0%| F|  |TAMS 0x000000008a500000, 0x000000008a500000| Untracked 
| 166|0x000000008a600000, 0x000000008a600000, 0x000000008a700000|  0%| F|  |TAMS 0x000000008a600000, 0x000000008a600000| Untracked 
| 167|0x000000008a700000, 0x000000008a700000, 0x000000008a800000|  0%| F|  |TAMS 0x000000008a700000, 0x000000008a700000| Untracked 
| 168|0x000000008a800000, 0x000000008a800000, 0x000000008a900000|  0%| F|  |TAMS 0x000000008a800000, 0x000000008a800000| Untracked 
| 169|0x000000008a900000, 0x000000008a900000, 0x000000008aa00000|  0%| F|  |TAMS 0x000000008a900000, 0x000000008a900000| Untracked 
| 170|0x000000008aa00000, 0x000000008aa00000, 0x000000008ab00000|  0%| F|  |TAMS 0x000000008aa00000, 0x000000008aa00000| Untracked 
| 171|0x000000008ab00000, 0x000000008ab00000, 0x000000008ac00000|  0%| F|  |TAMS 0x000000008ab00000, 0x000000008ab00000| Untracked 
| 172|0x000000008ac00000, 0x000000008ac00000, 0x000000008ad00000|  0%| F|  |TAMS 0x000000008ac00000, 0x000000008ac00000| Untracked 
| 173|0x000000008ad00000, 0x000000008ad00000, 0x000000008ae00000|  0%| F|  |TAMS 0x000000008ad00000, 0x000000008ad00000| Untracked 
| 174|0x000000008ae00000, 0x000000008ae00000, 0x000000008af00000|  0%| F|  |TAMS 0x000000008ae00000, 0x000000008ae00000| Untracked 
| 175|0x000000008af00000, 0x000000008af00000, 0x000000008b000000|  0%| F|  |TAMS 0x000000008af00000, 0x000000008af00000| Untracked 
| 176|0x000000008b000000, 0x000000008b000000, 0x000000008b100000|  0%| F|  |TAMS 0x000000008b000000, 0x000000008b000000| Untracked 
| 177|0x000000008b100000, 0x000000008b100000, 0x000000008b200000|  0%| F|  |TAMS 0x000000008b100000, 0x000000008b100000| Untracked 
| 178|0x000000008b200000, 0x000000008b200000, 0x000000008b300000|  0%| F|  |TAMS 0x000000008b200000, 0x000000008b200000| Untracked 
| 179|0x000000008b300000, 0x000000008b300000, 0x000000008b400000|  0%| F|  |TAMS 0x000000008b300000, 0x000000008b300000| Untracked 
| 180|0x000000008b400000, 0x000000008b400000, 0x000000008b500000|  0%| F|  |TAMS 0x000000008b400000, 0x000000008b400000| Untracked 
| 181|0x000000008b500000, 0x000000008b500000, 0x000000008b600000|  0%| F|  |TAMS 0x000000008b500000, 0x000000008b500000| Untracked 
| 182|0x000000008b600000, 0x000000008b600000, 0x000000008b700000|  0%| F|  |TAMS 0x000000008b600000, 0x000000008b600000| Untracked 
| 183|0x000000008b700000, 0x000000008b700000, 0x000000008b800000|  0%| F|  |TAMS 0x000000008b700000, 0x000000008b700000| Untracked 
| 184|0x000000008b800000, 0x000000008b800000, 0x000000008b900000|  0%| F|  |TAMS 0x000000008b800000, 0x000000008b800000| Untracked 
| 185|0x000000008b900000, 0x000000008b900000, 0x000000008ba00000|  0%| F|  |TAMS 0x000000008b900000, 0x000000008b900000| Untracked 
| 186|0x000000008ba00000, 0x000000008ba00000, 0x000000008bb00000|  0%| F|  |TAMS 0x000000008ba00000, 0x000000008ba00000| Untracked 
| 187|0x000000008bb00000, 0x000000008bb00000, 0x000000008bc00000|  0%| F|  |TAMS 0x000000008bb00000, 0x000000008bb00000| Untracked 
| 188|0x000000008bc00000, 0x000000008bc00000, 0x000000008bd00000|  0%| F|  |TAMS 0x000000008bc00000, 0x000000008bc00000| Untracked 
| 189|0x000000008bd00000, 0x000000008bd00000, 0x000000008be00000|  0%| F|  |TAMS 0x000000008bd00000, 0x000000008bd00000| Untracked 
| 190|0x000000008be00000, 0x000000008be00000, 0x000000008bf00000|  0%| F|  |TAMS 0x000000008be00000, 0x000000008be00000| Untracked 
| 191|0x000000008bf00000, 0x000000008bf00000, 0x000000008c000000|  0%| F|  |TAMS 0x000000008bf00000, 0x000000008bf00000| Untracked 
| 192|0x000000008c000000, 0x000000008c100000, 0x000000008c100000|100%| S|CS|TAMS 0x000000008c000000, 0x000000008c000000| Complete 
| 193|0x000000008c100000, 0x000000008c200000, 0x000000008c200000|100%| S|CS|TAMS 0x000000008c100000, 0x000000008c100000| Complete 
| 194|0x000000008c200000, 0x000000008c300000, 0x000000008c300000|100%| S|CS|TAMS 0x000000008c200000, 0x000000008c200000| Complete 
| 195|0x000000008c300000, 0x000000008c400000, 0x000000008c400000|100%| S|CS|TAMS 0x000000008c300000, 0x000000008c300000| Complete 
| 196|0x000000008c400000, 0x000000008c400000, 0x000000008c500000|  0%| F|  |TAMS 0x000000008c400000, 0x000000008c400000| Untracked 
| 197|0x000000008c500000, 0x000000008c500000, 0x000000008c600000|  0%| F|  |TAMS 0x000000008c500000, 0x000000008c500000| Untracked 
| 198|0x000000008c600000, 0x000000008c600000, 0x000000008c700000|  0%| F|  |TAMS 0x000000008c600000, 0x000000008c600000| Untracked 
| 199|0x000000008c700000, 0x000000008c700000, 0x000000008c800000|  0%| F|  |TAMS 0x000000008c700000, 0x000000008c700000| Untracked 
| 200|0x000000008c800000, 0x000000008c800000, 0x000000008c900000|  0%| F|  |TAMS 0x000000008c800000, 0x000000008c800000| Untracked 
| 201|0x000000008c900000, 0x000000008c900000, 0x000000008ca00000|  0%| F|  |TAMS 0x000000008c900000, 0x000000008c900000| Untracked 
| 202|0x000000008ca00000, 0x000000008ca00000, 0x000000008cb00000|  0%| F|  |TAMS 0x000000008ca00000, 0x000000008ca00000| Untracked 
| 203|0x000000008cb00000, 0x000000008cb00000, 0x000000008cc00000|  0%| F|  |TAMS 0x000000008cb00000, 0x000000008cb00000| Untracked 
| 204|0x000000008cc00000, 0x000000008cc00000, 0x000000008cd00000|  0%| F|  |TAMS 0x000000008cc00000, 0x000000008cc00000| Untracked 
| 205|0x000000008cd00000, 0x000000008cd00000, 0x000000008ce00000|  0%| F|  |TAMS 0x000000008cd00000, 0x000000008cd00000| Untracked 
| 206|0x000000008ce00000, 0x000000008ce00000, 0x000000008cf00000|  0%| F|  |TAMS 0x000000008ce00000, 0x000000008ce00000| Untracked 
| 207|0x000000008cf00000, 0x000000008cf00000, 0x000000008d000000|  0%| F|  |TAMS 0x000000008cf00000, 0x000000008cf00000| Untracked 
| 208|0x000000008d000000, 0x000000008d000000, 0x000000008d100000|  0%| F|  |TAMS 0x000000008d000000, 0x000000008d000000| Untracked 
| 209|0x000000008d100000, 0x000000008d100000, 0x000000008d200000|  0%| F|  |TAMS 0x000000008d100000, 0x000000008d100000| Untracked 
| 210|0x000000008d200000, 0x000000008d200000, 0x000000008d300000|  0%| F|  |TAMS 0x000000008d200000, 0x000000008d200000| Untracked 
| 211|0x000000008d300000, 0x000000008d300000, 0x000000008d400000|  0%| F|  |TAMS 0x000000008d300000, 0x000000008d300000| Untracked 
| 212|0x000000008d400000, 0x000000008d400000, 0x000000008d500000|  0%| F|  |TAMS 0x000000008d400000, 0x000000008d400000| Untracked 
| 213|0x000000008d500000, 0x000000008d500000, 0x000000008d600000|  0%| F|  |TAMS 0x000000008d500000, 0x000000008d500000| Untracked 
| 214|0x000000008d600000, 0x000000008d600000, 0x000000008d700000|  0%| F|  |TAMS 0x000000008d600000, 0x000000008d600000| Untracked 
| 215|0x000000008d700000, 0x000000008d700000, 0x000000008d800000|  0%| F|  |TAMS 0x000000008d700000, 0x000000008d700000| Untracked 
| 216|0x000000008d800000, 0x000000008d800000, 0x000000008d900000|  0%| F|  |TAMS 0x000000008d800000, 0x000000008d800000| Untracked 
| 217|0x000000008d900000, 0x000000008d900000, 0x000000008da00000|  0%| F|  |TAMS 0x000000008d900000, 0x000000008d900000| Untracked 
| 218|0x000000008da00000, 0x000000008da00000, 0x000000008db00000|  0%| F|  |TAMS 0x000000008da00000, 0x000000008da00000| Untracked 
| 219|0x000000008db00000, 0x000000008db00000, 0x000000008dc00000|  0%| F|  |TAMS 0x000000008db00000, 0x000000008db00000| Untracked 

Card table byte_map: [0x000001af78920000,0x000001af78d20000] _byte_map_base: 0x000001af78520000

Marking Bits (Prev, Next): (CMBitMap*) 0x000001af6571f5d0, (CMBitMap*) 0x000001af6571f598
 Prev Bits: [0x000001af7b120000, 0x000001af7d120000)
 Next Bits: [0x000001af79120000, 0x000001af7b120000)

Polling page: 0x000001af636b0000

Metaspace:

Usage:
  Non-class:     95.11 MB capacity,    93.27 MB ( 98%) used,     1.49 MB (  2%) free+waste,   363.63 KB ( <1%) overhead. 
      Class:     15.09 MB capacity,    13.97 MB ( 93%) used,   977.42 KB (  6%) free+waste,   167.25 KB (  1%) overhead. 
       Both:    110.20 MB capacity,   107.24 MB ( 97%) used,     2.45 MB (  2%) free+waste,   530.88 KB ( <1%) overhead. 

Virtual space:
  Non-class space:       96.00 MB reserved,      95.90 MB (>99%) committed 
      Class space:        1.00 GB reserved,      15.61 MB (  2%) committed 
             Both:        1.09 GB reserved,     111.51 MB ( 10%) committed 

Chunk freelists:
   Non-Class:  804.00 KB
       Class:  535.00 KB
        Both:  1.31 MB

MaxMetaspaceSize: 17179869184.00 GB
CompressedClassSpaceSize: 1.00 GB
Initial GC threshold: 20.80 MB
Current GC threshold: 185.86 MB
CDS: off

CodeHeap 'non-profiled nmethods': size=120000Kb used=4913Kb max_used=4913Kb free=115086Kb
 bounds [0x000001af70cc0000, 0x000001af71190000, 0x000001af781f0000]
CodeHeap 'profiled nmethods': size=120000Kb used=26192Kb max_used=26192Kb free=93807Kb
 bounds [0x000001af69790000, 0x000001af6b130000, 0x000001af70cc0000]
CodeHeap 'non-nmethods': size=5760Kb used=2414Kb max_used=2446Kb free=3345Kb
 bounds [0x000001af691f0000, 0x000001af69460000, 0x000001af69790000]
 total_blobs=14086 nmethods=13149 adapters=849
 compilation: enabled
              stopped_count=0, restarted_count=0
 full_count=0

Compilation events (20 events):
Event: 24.589 Thread 0x000001af00847000 nmethod 13945 0x000001af6b122790 code [0x000001af6b122940, 0x000001af6b122ad8]
Event: 24.590 Thread 0x000001af00847000 13944       2       com.android.tools.r8.internal.O2::<init> (7 bytes)
Event: 24.590 Thread 0x000001af00847000 nmethod 13944 0x000001af6b122b90 code [0x000001af6b122d40, 0x000001af6b122e48]
Event: 24.590 Thread 0x000001af00847000 13946       2       com.android.tools.r8.internal.jY$$Lambda$2294/0x0000000100f0ac40::test (8 bytes)
Event: 24.590 Thread 0x000001af00847000 nmethod 13946 0x000001af6b122f10 code [0x000001af6b1230c0, 0x000001af6b123208]
Event: 24.590 Thread 0x000001af00847000 13939       2       com.android.tools.r8.internal.jY::I (10 bytes)
Event: 24.590 Thread 0x000001af00847000 nmethod 13939 0x000001af6b123310 code [0x000001af6b1234c0, 0x000001af6b1235e8]
Event: 24.590 Thread 0x000001af00847000 13938       2       com.android.tools.r8.internal.jY::b (11 bytes)
Event: 24.590 Thread 0x000001af00847000 nmethod 13938 0x000001af6b123690 code [0x000001af6b123840, 0x000001af6b123968]
Event: 24.591 Thread 0x000001af00847000 13628       2       com.android.tools.r8.internal.ml::a (18 bytes)
Event: 24.591 Thread 0x000001af00847000 nmethod 13628 0x000001af6b123a10 code [0x000001af6b123bc0, 0x000001af6b123d08]
Event: 24.591 Thread 0x000001af00847000 13149       1       com.android.tools.r8.graph.O$b::a (5 bytes)
Event: 24.591 Thread 0x000001af00847000 nmethod 13149 0x000001af7118bb90 code [0x000001af7118bd40, 0x000001af7118bdd8]
Event: 24.591 Thread 0x000001af00847000 13150       1       com.android.tools.r8.graph.O$b::b (5 bytes)
Event: 24.591 Thread 0x000001af00847000 nmethod 13150 0x000001af7118be90 code [0x000001af7118c040, 0x000001af7118c0d8]
Event: 24.591 Thread 0x000001af00847000 13179       1       com.android.tools.r8.code.K2::hashCode (3 bytes)
Event: 24.591 Thread 0x000001af00847000 nmethod 13179 0x000001af7118c190 code [0x000001af7118c340, 0x000001af7118c3f8]
Event: 24.591 Thread 0x000001af00847000 13761       2       com.android.tools.r8.internal.eJ::<init> (15 bytes)
Event: 24.591 Thread 0x000001af00847000 nmethod 13761 0x000001af6b123e10 code [0x000001af6b123fc0, 0x000001af6b124158]
Event: 24.592 Thread 0x000001af00847000 13568       2       com.android.tools.r8.dex.g::<init> (60 bytes)

GC Heap History (20 events):
Event: 19.951 GC heap after
{Heap after GC invocations=19 (full 0):
 garbage-first heap   total 187392K, used 78339K [0x0000000080000000, 0x0000000100000000)
  region size 1024K, 10 young (10240K), 10 survivors (10240K)
 Metaspace       used 90058K, capacity 92419K, committed 92536K, reserved 1128448K
  class space    used 11725K, capacity 12636K, committed 12664K, reserved 1048576K
}
Event: 21.687 GC heap before
{Heap before GC invocations=19 (full 0):
 garbage-first heap   total 187392K, used 147971K [0x0000000080000000, 0x0000000100000000)
  region size 1024K, 77 young (78848K), 10 survivors (10240K)
 Metaspace       used 95848K, capacity 98456K, committed 98680K, reserved 1134592K
  class space    used 12360K, capacity 13345K, committed 13432K, reserved 1048576K
}
Event: 21.700 GC heap after
{Heap after GC invocations=20 (full 0):
 garbage-first heap   total 187392K, used 81226K [0x0000000080000000, 0x0000000100000000)
  region size 1024K, 3 young (3072K), 3 survivors (3072K)
 Metaspace       used 95848K, capacity 98456K, committed 98680K, reserved 1134592K
  class space    used 12360K, capacity 13345K, committed 13432K, reserved 1048576K
}
Event: 22.149 GC heap before
{Heap before GC invocations=20 (full 0):
 garbage-first heap   total 187392K, used 147786K [0x0000000080000000, 0x0000000100000000)
  region size 1024K, 65 young (66560K), 3 survivors (3072K)
 Metaspace       used 97586K, capacity 100305K, committed 100468K, reserved 1136640K
  class space    used 12565K, capacity 13556K, committed 13684K, reserved 1048576K
}
Event: 22.160 GC heap after
{Heap after GC invocations=21 (full 0):
 garbage-first heap   total 187392K, used 87116K [0x0000000080000000, 0x0000000100000000)
  region size 1024K, 6 young (6144K), 6 survivors (6144K)
 Metaspace       used 97586K, capacity 100305K, committed 100468K, reserved 1136640K
  class space    used 12565K, capacity 13556K, committed 13684K, reserved 1048576K
}
Event: 22.587 GC heap before
{Heap before GC invocations=22 (full 0):
 garbage-first heap   total 187392K, used 128076K [0x0000000080000000, 0x0000000100000000)
  region size 1024K, 45 young (46080K), 6 survivors (6144K)
 Metaspace       used 100234K, capacity 102894K, committed 103436K, reserved 1138688K
  class space    used 12872K, capacity 13813K, committed 13940K, reserved 1048576K
}
Event: 22.612 GC heap after
{Heap after GC invocations=23 (full 0):
 garbage-first heap   total 187392K, used 96689K [0x0000000080000000, 0x0000000100000000)
  region size 1024K, 9 young (9216K), 9 survivors (9216K)
 Metaspace       used 100234K, capacity 102894K, committed 103436K, reserved 1138688K
  class space    used 12872K, capacity 13813K, committed 13940K, reserved 1048576K
}
Event: 22.916 GC heap before
{Heap before GC invocations=24 (full 0):
 garbage-first heap   total 187392K, used 164273K [0x0000000080000000, 0x0000000100000000)
  region size 1024K, 63 young (64512K), 9 survivors (9216K)
 Metaspace       used 103404K, capacity 106239K, committed 106508K, reserved 1140736K
  class space    used 13328K, capacity 14386K, committed 14452K, reserved 1048576K
}
Event: 22.937 GC heap after
{Heap after GC invocations=25 (full 0):
 garbage-first heap   total 187392K, used 114060K [0x0000000080000000, 0x0000000100000000)
  region size 1024K, 8 young (8192K), 8 survivors (8192K)
 Metaspace       used 103404K, capacity 106239K, committed 106508K, reserved 1140736K
  class space    used 13328K, capacity 14386K, committed 14452K, reserved 1048576K
}
Event: 23.135 GC heap before
{Heap before GC invocations=25 (full 0):
 garbage-first heap   total 187392K, used 150924K [0x0000000080000000, 0x0000000100000000)
  region size 1024K, 45 young (46080K), 8 survivors (8192K)
 Metaspace       used 105946K, capacity 109157K, committed 109324K, reserved 1142784K
  class space    used 13856K, capacity 15136K, committed 15220K, reserved 1048576K
}
Event: 23.167 GC heap after
{Heap after GC invocations=26 (full 0):
 garbage-first heap   total 187392K, used 123066K [0x0000000080000000, 0x0000000100000000)
  region size 1024K, 6 young (6144K), 6 survivors (6144K)
 Metaspace       used 105946K, capacity 109157K, committed 109324K, reserved 1142784K
  class space    used 13856K, capacity 15136K, committed 15220K, reserved 1048576K
}
Event: 23.627 GC heap before
{Heap before GC invocations=27 (full 0):
 garbage-first heap   total 187392K, used 153786K [0x0000000080000000, 0x0000000100000000)
  region size 1024K, 36 young (36864K), 6 survivors (6144K)
 Metaspace       used 109222K, capacity 112630K, committed 112780K, reserved 1146880K
  class space    used 14457K, capacity 15788K, committed 15860K, reserved 1048576K
}
Event: 23.652 GC heap after
{Heap after GC invocations=28 (full 0):
 garbage-first heap   total 225280K, used 129594K [0x0000000080000000, 0x0000000100000000)
  region size 1024K, 5 young (5120K), 5 survivors (5120K)
 Metaspace       used 109222K, capacity 112630K, committed 112780K, reserved 1146880K
  class space    used 14457K, capacity 15788K, committed 15860K, reserved 1048576K
}
Event: 23.708 GC heap before
{Heap before GC invocations=28 (full 0):
 garbage-first heap   total 225280K, used 135738K [0x0000000080000000, 0x0000000100000000)
  region size 1024K, 11 young (11264K), 5 survivors (5120K)
 Metaspace       used 109357K, capacity 112724K, committed 113036K, reserved 1146880K
  class space    used 14473K, capacity 15798K, committed 15860K, reserved 1048576K
}
Event: 23.721 GC heap after
{Heap after GC invocations=29 (full 0):
 garbage-first heap   total 225280K, used 131607K [0x0000000080000000, 0x0000000100000000)
  region size 1024K, 2 young (2048K), 2 survivors (2048K)
 Metaspace       used 109357K, capacity 112724K, committed 113036K, reserved 1146880K
  class space    used 14473K, capacity 15798K, committed 15860K, reserved 1048576K
}
Event: 24.028 GC heap before
{Heap before GC invocations=29 (full 0):
 garbage-first heap   total 225280K, used 171543K [0x0000000080000000, 0x0000000100000000)
  region size 1024K, 42 young (43008K), 2 survivors (2048K)
 Metaspace       used 110300K, capacity 113791K, committed 113932K, reserved 1146880K
  class space    used 14594K, capacity 15982K, committed 15988K, reserved 1048576K
}
Event: 24.060 GC heap after
{Heap after GC invocations=30 (full 0):
 garbage-first heap   total 225280K, used 145363K [0x0000000080000000, 0x0000000100000000)
  region size 1024K, 6 young (6144K), 6 survivors (6144K)
 Metaspace       used 110300K, capacity 113791K, committed 113932K, reserved 1146880K
  class space    used 14594K, capacity 15982K, committed 15988K, reserved 1048576K
}
Event: 24.339 GC heap before
{Heap before GC invocations=30 (full 0):
 garbage-first heap   total 225280K, used 178131K [0x0000000080000000, 0x0000000100000000)
  region size 1024K, 39 young (39936K), 6 survivors (6144K)
 Metaspace       used 110437K, capacity 113936K, committed 114188K, reserved 1146880K
  class space    used 14599K, capacity 15985K, committed 15988K, reserved 1048576K
}
Event: 24.372 GC heap after
{Heap after GC invocations=31 (full 0):
 garbage-first heap   total 225280K, used 158918K [0x0000000080000000, 0x0000000100000000)
  region size 1024K, 5 young (5120K), 5 survivors (5120K)
 Metaspace       used 110437K, capacity 113936K, committed 114188K, reserved 1146880K
  class space    used 14599K, capacity 15985K, committed 15988K, reserved 1048576K
}
Event: 24.592 GC heap before
{Heap before GC invocations=31 (full 0):
 garbage-first heap   total 225280K, used 183494K [0x0000000080000000, 0x0000000100000000)
  region size 1024K, 29 young (29696K), 5 survivors (5120K)
 Metaspace       used 109810K, capacity 112846K, committed 114188K, reserved 1146880K
  class space    used 14305K, capacity 15450K, committed 15988K, reserved 1048576K
}

Deoptimization events (20 events):
Event: 24.089 Thread 0x000001af0ba37000 DEOPT PACKING pc=0x000001af6ae410de sp=0x0000009bac8fc510
Event: 24.089 Thread 0x000001af0ba37000 DEOPT UNPACKING pc=0x000001af6923a95e sp=0x0000009bac8fbe18 mode 0
Event: 24.103 Thread 0x000001af0ba39800 DEOPT PACKING pc=0x000001af6b02ee25 sp=0x0000009bacdfeb80
Event: 24.103 Thread 0x000001af0ba39800 DEOPT UNPACKING pc=0x000001af6923a95e sp=0x0000009bacdfe1a8 mode 0
Event: 24.121 Thread 0x000001af0ba3a800 DEOPT PACKING pc=0x000001af6b02ee25 sp=0x0000009baccfef90
Event: 24.121 Thread 0x000001af0ba3a800 DEOPT UNPACKING pc=0x000001af6923a95e sp=0x0000009baccfe5b8 mode 0
Event: 24.134 Thread 0x000001af0ba3c000 DEOPT PACKING pc=0x000001af6b02ee25 sp=0x0000009bad0feab0
Event: 24.134 Thread 0x000001af0ba3c000 DEOPT UNPACKING pc=0x000001af6923a95e sp=0x0000009bad0fe0d8 mode 0
Event: 24.148 Thread 0x000001af0ba38800 DEOPT PACKING pc=0x000001af6b02ee25 sp=0x0000009bad2fece0
Event: 24.148 Thread 0x000001af0ba38800 DEOPT UNPACKING pc=0x000001af6923a95e sp=0x0000009bad2fe308 mode 0
Event: 24.174 Thread 0x000001af0ba37000 DEOPT PACKING pc=0x000001af6ae838d7 sp=0x0000009bac8fbfd0
Event: 24.174 Thread 0x000001af0ba37000 DEOPT UNPACKING pc=0x000001af6923a95e sp=0x0000009bac8fb4f8 mode 0
Event: 24.177 Thread 0x000001af0ba33000 DEOPT PACKING pc=0x000001af6b02ee25 sp=0x0000009bacbfeae0
Event: 24.177 Thread 0x000001af0ba33000 DEOPT UNPACKING pc=0x000001af6923a95e sp=0x0000009bacbfe108 mode 0
Event: 24.260 Thread 0x000001af0ba38800 DEOPT PACKING pc=0x000001af6b02ee25 sp=0x0000009bad2fece0
Event: 24.261 Thread 0x000001af0ba38800 DEOPT UNPACKING pc=0x000001af6923a95e sp=0x0000009bad2fe308 mode 0
Event: 24.407 Thread 0x000001af0ba3a800 DEOPT PACKING pc=0x000001af6b0861fe sp=0x0000009baccfec20
Event: 24.407 Thread 0x000001af0ba3a800 DEOPT UNPACKING pc=0x000001af6923a95e sp=0x0000009baccfe1a8 mode 0
Event: 24.481 Thread 0x000001af0ba38000 DEOPT PACKING pc=0x000001af6a8041b3 sp=0x0000009bacafd8b0
Event: 24.481 Thread 0x000001af0ba38000 DEOPT UNPACKING pc=0x000001af6923a95e sp=0x0000009bacafcd78 mode 0

Classes redefined (0 events):
No events

Internal exceptions (20 events):
Event: 23.305 Thread 0x000001af0ba34000 Exception <a 'java/lang/NoSuchMethodError'{0x000000008b012d18}: 'void java.lang.invoke.DirectMethodHandle$Holder.invokeSpecial(java.lang.Object, java.lang.Object, int, java.lang.Object)'> (0x000000008b012d18) thrown at [./src/hotspot/share/interpreter/linkResolver.cpp, line 773]
Event: 23.305 Thread 0x000001af027ba800 Exception <a 'java/lang/NoSuchMethodError'{0x000000008af2a938}: 'void java.lang.invoke.DirectMethodHandle$Holder.invokeSpecial(java.lang.Object, java.lang.Object, int, java.lang.Object)'> (0x000000008af2a938) thrown at [./src/hotspot/share/interpreter/linkResolver.cpp, line 773]
Event: 23.337 Thread 0x000001af0ba35800 Exception <a 'java/lang/NoSuchMethodError'{0x000000008acec9a8}: 'long java.lang.invoke.DirectMethodHandle$Holder.invokeStatic(java.lang.Object, java.lang.Object, java.lang.Object)'> (0x000000008acec9a8) thrown at [./src/hotspot/share/interpreter/linkResolver.cpp, line 773]
Event: 23.339 Thread 0x000001af0ba35800 Exception <a 'java/lang/NoSuchMethodError'{0x000000008ab0ebd0}: 'java.lang.Object java.lang.invoke.DirectMethodHandle$Holder.newInvokeSpecial(java.lang.Object, int)'> (0x000000008ab0ebd0) thrown at [./src/hotspot/share/interpreter/linkResolver.cpp, line 773]
Event: 23.383 Thread 0x000001af027bb800 Exception <a 'java/lang/NoSuchMethodError'{0x000000008a803d90}: 'int java.lang.invoke.DirectMethodHandle$Holder.invokeSpecial(java.lang.Object, java.lang.Object, java.lang.Object, int, java.lang.Object)'> (0x000000008a803d90) thrown at [./src/hotspot/share/interpreter/linkResolver.cpp, line 773]
Event: 23.384 Thread 0x000001af027bc000 Exception <a 'java/lang/NoSuchMethodError'{0x000000008a99b710}: 'int java.lang.invoke.DirectMethodHandle$Holder.invokeSpecial(java.lang.Object, java.lang.Object, java.lang.Object, int, java.lang.Object)'> (0x000000008a99b710) thrown at [./src/hotspot/share/interpreter/linkResolver.cpp, line 773]
Event: 23.473 Thread 0x000001af027bb800 Exception <a 'java/lang/NoSuchMethodError'{0x000000008a537e70}: 'long java.lang.invoke.DirectMethodHandle$Holder.invokeStatic(java.lang.Object, java.lang.Object)'> (0x000000008a537e70) thrown at [./src/hotspot/share/interpreter/linkResolver.cpp, line 773]
Event: 23.614 Thread 0x000001af0ba37000 Exception <a 'java/lang/NoSuchMethodError'{0x0000000089a3a698}: 'java.lang.Object java.lang.invoke.Invokers$Holder.linkToTargetMethod(java.lang.Object, int, java.lang.Object, java.lang.Object, java.lang.Object, java.lang.Object)'> (0x0000000089a3a698) thrown at [./src/hotspot/share/interpreter/linkResolver.cpp, line 773]
Event: 23.616 Thread 0x000001af0ba37000 Exception <a 'java/lang/NoSuchMethodError'{0x0000000089a81198}: 'java.lang.Object java.lang.invoke.Invokers$Holder.linkToTargetMethod(java.lang.Object, java.lang.Object, java.lang.Object, int, java.lang.Object, java.lang.Object, java.lang.Object)'> (0x0000000089a81198) thrown at [./src/hotspot/share/interpreter/linkResolver.cpp, line 773]
Event: 23.619 Thread 0x000001af0ba37000 Exception <a 'java/lang/NoSuchMethodError'{0x0000000089ad3bc0}: 'void java.lang.invoke.DirectMethodHandle$Holder.invokeStatic(java.lang.Object, java.lang.Object, java.lang.Object, java.lang.Object, java.lang.Object, java.lang.Object, java.lang.Object, java.lang.Object)'> (0x0000000089ad3bc0) thrown at [./src/hotspot/share/interpreter/linkResolver.cpp, line 773]
Event: 23.750 Thread 0x000001af027bb800 Exception <a 'java/lang/IncompatibleClassChangeError'{0x000000008d88a728}: Found class java.lang.Object, but interface was expected> (0x000000008d88a728) thrown at [./src/hotspot/share/interpreter/linkResolver.cpp, line 839]
Event: 23.804 Thread 0x000001af0ba37000 Exception <a 'java/lang/NoSuchMethodError'{0x000000008d0b91b0}: 'void java.lang.invoke.DirectMethodHandle$Holder.invokeSpecial(java.lang.Object, java.lang.Object, int)'> (0x000000008d0b91b0) thrown at [./src/hotspot/share/interpreter/linkResolver.cpp, line 773]
Event: 23.856 Thread 0x000001af027bb800 Exception <a 'sun/nio/fs/WindowsException'{0x000000008c8aeda0}> (0x000000008c8aeda0) thrown at [./src/hotspot/share/prims/jni.cpp, line 615]
Event: 23.856 Thread 0x000001af0ba37000 Exception <a 'sun/nio/fs/WindowsException'{0x000000008c859cb8}> (0x000000008c859cb8) thrown at [./src/hotspot/share/prims/jni.cpp, line 615]
Event: 23.863 Thread 0x000001af027bb800 Exception <a 'sun/nio/fs/WindowsException'{0x000000008c75e2c0}> (0x000000008c75e2c0) thrown at [./src/hotspot/share/prims/jni.cpp, line 615]
Event: 23.868 Thread 0x000001af027bb800 Exception <a 'sun/nio/fs/WindowsException'{0x000000008c6b2f80}> (0x000000008c6b2f80) thrown at [./src/hotspot/share/prims/jni.cpp, line 615]
Event: 23.993 Thread 0x000001af027be000 Exception <a 'sun/nio/fs/WindowsException'{0x000000008b68b330}> (0x000000008b68b330) thrown at [./src/hotspot/share/prims/jni.cpp, line 615]
Event: 24.189 Thread 0x000001af027be000 Exception <a 'sun/nio/fs/WindowsException'{0x000000008cdd6178}> (0x000000008cdd6178) thrown at [./src/hotspot/share/prims/jni.cpp, line 615]
Event: 24.569 Thread 0x000001af027bc000 Exception <a 'sun/nio/fs/WindowsException'{0x000000008c74e978}> (0x000000008c74e978) thrown at [./src/hotspot/share/prims/jni.cpp, line 615]
Event: 24.574 Thread 0x000001af027bc000 Exception <a 'sun/nio/fs/WindowsException'{0x000000008c50b670}> (0x000000008c50b670) thrown at [./src/hotspot/share/prims/jni.cpp, line 615]

Events (20 events):
Event: 24.571 loading class com/android/tools/r8/graph/e0 done
Event: 24.571 loading class com/android/tools/r8/graph/e0
Event: 24.571 loading class com/android/tools/r8/graph/e0 done
Event: 24.572 loading class com/android/tools/r8/internal/iV
Event: 24.572 loading class com/android/tools/r8/internal/iV done
Event: 24.572 loading class com/android/tools/r8/internal/iV
Event: 24.572 loading class com/android/tools/r8/internal/iV done
Event: 24.572 loading class com/android/tools/r8/internal/hV
Event: 24.572 loading class com/android/tools/r8/internal/hV done
Event: 24.572 loading class com/android/tools/r8/internal/iV
Event: 24.572 loading class com/android/tools/r8/internal/iV done
Event: 24.572 loading class com/android/tools/r8/internal/iV$a
Event: 24.572 loading class com/android/tools/r8/internal/iV$a done
Event: 24.572 loading class com/android/tools/r8/graph/e0
Event: 24.572 loading class com/android/tools/r8/graph/e0 done
Event: 24.572 loading class com/android/tools/r8/graph/e0
Event: 24.573 loading class com/android/tools/r8/graph/e0 done
Event: 24.584 loading class com/android/tools/r8/internal/gg
Event: 24.584 loading class com/android/tools/r8/internal/gg done
Event: 24.591 Executing VM operation: G1CollectForAllocation


Dynamic libraries:
0x00007ff63b9a0000 - 0x00007ff63b9aa000 	C:\Program Files\Android\Android Studio\jre\bin\java.exe
0x00007ffe33600000 - 0x00007ffe33809000 	C:\WINDOWS\SYSTEM32\ntdll.dll
0x00007ffe32070000 - 0x00007ffe3212d000 	C:\WINDOWS\System32\KERNEL32.DLL
0x00007ffe30af0000 - 0x00007ffe30e69000 	C:\WINDOWS\System32\KERNELBASE.dll
0x00007ffe31310000 - 0x00007ffe31421000 	C:\WINDOWS\System32\ucrtbase.dll
0x00007ffe2bf60000 - 0x00007ffe2bf77000 	C:\Program Files\Android\Android Studio\jre\bin\VCRUNTIME140.dll
0x00007ffe2bf40000 - 0x00007ffe2bf59000 	C:\Program Files\Android\Android Studio\jre\bin\jli.dll
0x00007ffe33410000 - 0x00007ffe335bc000 	C:\WINDOWS\System32\USER32.dll
0x00007ffe30f90000 - 0x00007ffe30fb6000 	C:\WINDOWS\System32\win32u.dll
0x00007ffe12950000 - 0x00007ffe12bf5000 	C:\WINDOWS\WinSxS\amd64_microsoft.windows.common-controls_6595b64144ccf1df_6.0.22000.120_none_9d947278b86cc467\COMCTL32.dll
0x00007ffe32830000 - 0x00007ffe328d3000 	C:\WINDOWS\System32\msvcrt.dll
0x00007ffe333d0000 - 0x00007ffe333f9000 	C:\WINDOWS\System32\GDI32.dll
0x00007ffe30e70000 - 0x00007ffe30f82000 	C:\WINDOWS\System32\gdi32full.dll
0x00007ffe311b0000 - 0x00007ffe3124d000 	C:\WINDOWS\System32\msvcp_win.dll
0x00007ffe31e30000 - 0x00007ffe31e61000 	C:\WINDOWS\System32\IMM32.DLL
0x00007ffe18220000 - 0x00007ffe182bd000 	C:\Program Files\Android\Android Studio\jre\bin\msvcp140.dll
0x00007ffdaaa80000 - 0x00007ffdab565000 	C:\Program Files\Android\Android Studio\jre\bin\server\jvm.dll
0x00007ffe31fc0000 - 0x00007ffe3206e000 	C:\WINDOWS\System32\ADVAPI32.dll
0x00007ffe31ca0000 - 0x00007ffe31d3e000 	C:\WINDOWS\System32\sechost.dll
0x00007ffe32130000 - 0x00007ffe32250000 	C:\WINDOWS\System32\RPCRT4.dll
0x00007ffe31820000 - 0x00007ffe31828000 	C:\WINDOWS\System32\PSAPI.DLL
0x00007ffe2aa90000 - 0x00007ffe2aac3000 	C:\WINDOWS\SYSTEM32\WINMM.dll
0x00007ffe2f970000 - 0x00007ffe2f97a000 	C:\WINDOWS\SYSTEM32\VERSION.dll
0x00007ffe2b2f0000 - 0x00007ffe2b2f9000 	C:\WINDOWS\SYSTEM32\WSOCK32.dll
0x00007ffe32250000 - 0x00007ffe322bf000 	C:\WINDOWS\System32\WS2_32.dll
0x00007ffe2fce0000 - 0x00007ffe2fcf8000 	C:\WINDOWS\SYSTEM32\kernel.appcore.dll
0x00007ffe2ac20000 - 0x00007ffe2ac31000 	C:\Program Files\Android\Android Studio\jre\bin\verify.dll
0x00007ffe2dfa0000 - 0x00007ffe2e1c1000 	C:\WINDOWS\SYSTEM32\DBGHELP.DLL
0x00007ffe158c0000 - 0x00007ffe158f1000 	C:\WINDOWS\SYSTEM32\dbgcore.DLL
0x00007ffe31130000 - 0x00007ffe311af000 	C:\WINDOWS\System32\bcryptPrimitives.dll
0x00007ffe2abf0000 - 0x00007ffe2ac19000 	C:\Program Files\Android\Android Studio\jre\bin\java.dll
0x00007ffe2b2e0000 - 0x00007ffe2b2eb000 	C:\Program Files\Android\Android Studio\jre\bin\jimage.dll
0x00007ffe29350000 - 0x00007ffe29368000 	C:\Program Files\Android\Android Studio\jre\bin\zip.dll
0x00007ffe32940000 - 0x00007ffe330ef000 	C:\WINDOWS\System32\SHELL32.dll
0x00007ffe2eb30000 - 0x00007ffe2f398000 	C:\WINDOWS\SYSTEM32\windows.storage.dll
0x00007ffe314a0000 - 0x00007ffe31818000 	C:\WINDOWS\System32\combase.dll
0x00007ffe2e9c0000 - 0x00007ffe2eb26000 	C:\WINDOWS\SYSTEM32\wintypes.dll
0x00007ffe31ed0000 - 0x00007ffe31fba000 	C:\WINDOWS\System32\SHCORE.dll
0x00007ffe31bc0000 - 0x00007ffe31c1d000 	C:\WINDOWS\System32\shlwapi.dll
0x00007ffe30a20000 - 0x00007ffe30a41000 	C:\WINDOWS\SYSTEM32\profapi.dll
0x00007ffe191c0000 - 0x00007ffe191da000 	C:\Program Files\Android\Android Studio\jre\bin\net.dll
0x00007ffe2a240000 - 0x00007ffe2a34c000 	C:\WINDOWS\SYSTEM32\WINHTTP.dll
0x00007ffe30110000 - 0x00007ffe30177000 	C:\WINDOWS\system32\mswsock.dll
0x00007ffe191a0000 - 0x00007ffe191b4000 	C:\Program Files\Android\Android Studio\jre\bin\nio.dll
0x00007ffe192b0000 - 0x00007ffe192d7000 	C:\Users\HP\.gradle\native\e1d6ef7f7dcc3fd88c89a11ec53ec762bb8ba0a96d01ffa2cd45eb1d1d8dd5c5\windows-amd64\native-platform.dll
0x00007ffe0b7c0000 - 0x00007ffe0b904000 	C:\Users\HP\.gradle\native\5664cfc778a61ccfe75a443a1ab52a65af34e5dc3c78e0209fed803814484fcb\windows-amd64\native-platform-file-events.dll
0x00007ffe19190000 - 0x00007ffe1919a000 	C:\Program Files\Android\Android Studio\jre\bin\management.dll
0x00007ffe19180000 - 0x00007ffe1918d000 	C:\Program Files\Android\Android Studio\jre\bin\management_ext.dll
0x00007ffe30360000 - 0x00007ffe30378000 	C:\WINDOWS\SYSTEM32\CRYPTSP.dll
0x00007ffe2fc40000 - 0x00007ffe2fc75000 	C:\WINDOWS\system32\rsaenh.dll
0x00007ffe30200000 - 0x00007ffe30229000 	C:\WINDOWS\SYSTEM32\USERENV.dll
0x00007ffe304d0000 - 0x00007ffe304f7000 	C:\WINDOWS\SYSTEM32\bcrypt.dll
0x00007ffe30350000 - 0x00007ffe3035c000 	C:\WINDOWS\SYSTEM32\CRYPTBASE.dll
0x00007ffe2f650000 - 0x00007ffe2f67d000 	C:\WINDOWS\SYSTEM32\IPHLPAPI.DLL
0x00007ffe322c0000 - 0x00007ffe322c9000 	C:\WINDOWS\System32\NSI.dll
0x00007ffe2a470000 - 0x00007ffe2a489000 	C:\WINDOWS\SYSTEM32\dhcpcsvc6.DLL
0x00007ffe2a6c0000 - 0x00007ffe2a6de000 	C:\WINDOWS\SYSTEM32\dhcpcsvc.DLL
0x00007ffe2f680000 - 0x00007ffe2f768000 	C:\WINDOWS\SYSTEM32\DNSAPI.dll

dbghelp: loaded successfully - version: 4.0.5 - missing functions: none
symbol engine: initialized successfully - sym options: 0x614 - pdb path: .;C:\Program Files\Android\Android Studio\jre\bin;C:\WINDOWS\SYSTEM32;C:\WINDOWS\WinSxS\amd64_microsoft.windows.common-controls_6595b64144ccf1df_6.0.22000.120_none_9d947278b86cc467;C:\Program Files\Android\Android Studio\jre\bin\server;C:\Users\HP\.gradle\native\e1d6ef7f7dcc3fd88c89a11ec53ec762bb8ba0a96d01ffa2cd45eb1d1d8dd5c5\windows-amd64;C:\Users\HP\.gradle\native\5664cfc778a61ccfe75a443a1ab52a65af34e5dc3c78e0209fed803814484fcb\windows-amd64

VM Arguments:
jvm_args: --add-opens=java.base/java.util=ALL-UNNAMED --add-opens=java.base/java.lang=ALL-UNNAMED --add-opens=java.base/java.lang.invoke=ALL-UNNAMED --add-opens=java.base/java.util=ALL-UNNAMED --add-opens=java.prefs/java.util.prefs=ALL-UNNAMED --add-opens=java.prefs/java.util.prefs=ALL-UNNAMED --add-opens=java.base/java.nio.charset=ALL-UNNAMED --add-opens=java.base/java.net=ALL-UNNAMED --add-opens=java.base/java.util.concurrent.atomic=ALL-UNNAMED -Xmx2048m -Dfile.encoding=UTF-8 -Duser.country=US -Duser.language=en -Duser.variant 
java_command: org.gradle.launcher.daemon.bootstrap.GradleDaemon 7.3.3
java_class_path (initial): C:\Users\HP\.gradle\wrapper\dists\gradle-7.3.3-bin\6a41zxkdtcxs8rphpq6y0069z\gradle-7.3.3\lib\gradle-launcher-7.3.3.jar
Launcher Type: SUN_STANDARD

[Global flags]
     intx CICompilerCount                          = 4                                         {product} {ergonomic}
     uint ConcGCThreads                            = 2                                         {product} {ergonomic}
     uint G1ConcRefinementThreads                  = 8                                         {product} {ergonomic}
   size_t G1HeapRegionSize                         = 1048576                                   {product} {ergonomic}
    uintx GCDrainStackTargetSize                   = 64                                        {product} {ergonomic}
   size_t InitialHeapSize                          = 132120576                                 {product} {ergonomic}
   size_t MarkStackSize                            = 4194304                                   {product} {ergonomic}
   size_t MaxHeapSize                              = 2147483648                                {product} {command line}
   size_t MaxNewSize                               = 1287651328                                {product} {ergonomic}
   size_t MinHeapDeltaBytes                        = 1048576                                   {product} {ergonomic}
    uintx NonNMethodCodeHeapSize                   = 5836300                                {pd product} {ergonomic}
    uintx NonProfiledCodeHeapSize                  = 122910970                              {pd product} {ergonomic}
    uintx ProfiledCodeHeapSize                     = 122910970                              {pd product} {ergonomic}
    uintx ReservedCodeCacheSize                    = 251658240                              {pd product} {ergonomic}
     bool SegmentedCodeCache                       = true                                      {product} {ergonomic}
     bool UseCompressedClassPointers               = true                                 {lp64_product} {ergonomic}
     bool UseCompressedOops                        = true                                 {lp64_product} {ergonomic}
     bool UseG1GC                                  = true                                      {product} {ergonomic}
     bool UseLargePagesIndividualAllocation        = false                                  {pd product} {ergonomic}

Logging:
Log output configuration:
 #0: stdout all=warning uptime,level,tags
 #1: stderr all=off uptime,level,tags

Environment Variables:
PATH=C:\Program Files (x86)\Common Files\Oracle\Java\javapath;C:\WINDOWS\system32;C:\WINDOWS;C:\WINDOWS\System32\Wbem;C:\WINDOWS\System32\WindowsPowerShell\v1.0\;C:\WINDOWS\System32\OpenSSH\;C:\Program Files\nodejs\;C:\xampp\php;C:\Program Files\MySQL\MySQL Shell 8.0\bin\;C:\Users\HP\AppData\Local\Microsoft\WindowsApps;C:\FPT\MOB1014\Microsoft VS Code\bin;C:\ProgramData\HP\GitHubDesktop\bin;C:\Users\HP\AppData\Roaming\npm
USERNAME=HP
OS=Windows_NT
PROCESSOR_IDENTIFIER=Intel64 Family 6 Model 142 Stepping 12, GenuineIntel



---------------  S Y S T E M  ---------------

OS: Windows 10 , 64 bit Build 22000 (10.0.22000.675)
OS uptime: 0 days 4:52 hours

CPU:total 8 (initial active 8) (4 cores per cpu, 2 threads per core) family 6 model 142 stepping 12 microcode 0xec, cmov, cx8, fxsr, mmx, sse, sse2, sse3, ssse3, sse4.1, sse4.2, popcnt, avx, avx2, aes, clmul, erms, 3dnowpref, lzcnt, ht, tsc, tscinvbit, bmi1, bmi2, adx, fma

Memory: 4k page, system-wide physical 8029M (332M free)
TotalPageFile size 16029M (AvailPageFile size 26M)
current process WorkingSet (physical memory assigned to process): 490M, peak: 501M
current process commit charge ("private bytes"): 547M, peak: 613M

vm_info: OpenJDK 64-Bit Server VM (11.0.12+7-b1504.28-7817840) for windows-amd64 JRE (11.0.12+7-b1504.28-7817840), built on Oct 13 2021 22:12:33 by "builder" with MS VC++ 14.0 (VS2015)

END.
