#
# There is insufficient memory for the Java Runtime Environment to continue.
# Native memory allocation (malloc) failed to allocate 43248 bytes for Chunk::new
# Possible reasons:
#   The system is out of physical RAM or swap space
#   The process is running with CompressedOops enabled, and the Java Heap may be blocking the growth of the native heap
# Possible solutions:
#   Reduce memory load on the system
#   Increase physical memory or swap space
#   Check if swap backing store is full
#   Decrease Java heap size (-Xmx/-Xms)
#   Decrease number of Java threads
#   Decrease Java thread stack sizes (-Xss)
#   Set larger code cache with -XX:ReservedCodeCacheSize=
#   JVM is running with Unscaled Compressed Oops mode in which the Java heap is
#     placed in the first 4GB address space. The Java Heap base address is the
#     maximum limit for the native heap growth. Please use -XX:HeapBaseMinAddress
#     to set the Java Heap base and to place the Java Heap above 4GB virtual address.
# This output file may be truncated or incomplete.
#
#  Out of Memory Error (./src/hotspot/share/memory/arena.cpp:197), pid=12596, tid=3960
#
# JRE version: OpenJDK Runtime Environment (11.0.12+7) (build 11.0.12+7-b1504.28-7817840)
# Java VM: OpenJDK 64-Bit Server VM (11.0.12+7-b1504.28-7817840, mixed mode, tiered, compressed oops, g1 gc, windows-amd64)
# No core dump will be written. Minidumps are not enabled by default on client versions of Windows
#

---------------  S U M M A R Y ------------

Command Line: --add-opens=java.base/java.util=ALL-UNNAMED --add-opens=java.base/java.lang=ALL-UNNAMED --add-opens=java.base/java.lang.invoke=ALL-UNNAMED --add-opens=java.base/java.util=ALL-UNNAMED --add-opens=java.prefs/java.util.prefs=ALL-UNNAMED --add-opens=java.prefs/java.util.prefs=ALL-UNNAMED --add-opens=java.base/java.nio.charset=ALL-UNNAMED --add-opens=java.base/java.net=ALL-UNNAMED --add-opens=java.base/java.util.concurrent.atomic=ALL-UNNAMED -Xmx2048m -Dfile.encoding=UTF-8 -Duser.country=US -Duser.language=en -Duser.variant org.gradle.launcher.daemon.bootstrap.GradleDaemon 7.3.3

Host: Intel(R) Core(TM) i5-10210U CPU @ 1.60GHz, 8 cores, 7G,  Windows 10 , 64 bit Build 22000 (10.0.22000.675)
Time: Sun Jun  5 21:58:53 2022 SE Asia Standard Time elapsed time: 24.407094 seconds (0d 0h 0m 24s)

---------------  T H R E A D  ---------------

Current thread (0x0000021f4c941800):  JavaThread "C2 CompilerThread0" daemon [_thread_in_native, id=3960, stack(0x0000002075500000,0x0000002075600000)]


Current CompileTask:
C2:  24407 7195       4       jdk.internal.loader.URLClassPath$JarLoader$2::getInputStream (15 bytes)

Stack: [0x0000002075500000,0x0000002075600000]
Native frames: (J=compiled Java code, j=interpreted, Vv=VM code, C=native code)
V  [jvm.dll+0x5fbcea]
V  [jvm.dll+0x731905]
V  [jvm.dll+0x732f1d]
V  [jvm.dll+0x7335d3]
V  [jvm.dll+0x247bf8]
V  [jvm.dll+0xc018c]
V  [jvm.dll+0xc06cc]
V  [jvm.dll+0x6b7aad]
V  [jvm.dll+0x50c86b]
V  [jvm.dll+0x50c70b]
V  [jvm.dll+0x50a081]
V  [jvm.dll+0x509ebb]
V  [jvm.dll+0x509e36]
V  [jvm.dll+0x509f07]
V  [jvm.dll+0x509f07]
V  [jvm.dll+0x509f07]
V  [jvm.dll+0x509f07]
V  [jvm.dll+0x509e36]
V  [jvm.dll+0x511978]
V  [jvm.dll+0x208303]
V  [jvm.dll+0x201fe0]
V  [jvm.dll+0x1ff71f]
V  [jvm.dll+0x18868c]
V  [jvm.dll+0x20e0d7]
V  [jvm.dll+0x20c901]
V  [jvm.dll+0x6f9b7f]
V  [jvm.dll+0x6f26a5]
V  [jvm.dll+0x5fabf6]
C  [ucrtbase.dll+0x26c0c]
C  [KERNEL32.DLL+0x154e0]
C  [ntdll.dll+0x485b]


---------------  P R O C E S S  ---------------

Threads class SMR info:
_java_thread_list=0x0000021f4e1b8910, length=122, elements={
0x0000021f32490800, 0x0000021f4c912800, 0x0000021f4c920000, 0x0000021f4c93e000,
0x0000021f4c93f000, 0x0000021f4c940000, 0x0000021f4c941800, 0x0000021f4c930800,
0x0000021f4d2cc800, 0x0000021f4d3e6000, 0x0000021f4e5cd800, 0x0000021f4e475800,
0x0000021f4f29b800, 0x0000021f4f0e3800, 0x0000021f4e6c3800, 0x0000021f4e489800,
0x0000021f4e48a800, 0x0000021f4dc44000, 0x0000021f4f40b000, 0x0000021f4f40f800,
0x0000021f4f40e000, 0x0000021f4f411800, 0x0000021f4f40c800, 0x0000021f4f40d800,
0x0000021f4f40f000, 0x0000021f4f410800, 0x0000021f4f40b800, 0x0000021f4f731000,
0x0000021f4f732000, 0x0000021f4f72d000, 0x0000021f4f72e000, 0x0000021f4f72f000,
0x0000021f4f72c800, 0x0000021f4f735800, 0x0000021f4f734800, 0x0000021f4f738000,
0x0000021f4f733000, 0x0000021f4f739800, 0x0000021f4f736000, 0x0000021f4f737000,
0x0000021f4f733800, 0x0000021f4f738800, 0x0000021f4f73a000, 0x0000021f4f73b000,
0x0000021f51299000, 0x0000021f5129a800, 0x0000021f51295000, 0x0000021f51299800,
0x0000021f5129b800, 0x0000021f51295800, 0x0000021f51297000, 0x0000021f5129c000,
0x0000021f51296800, 0x0000021f5129d800, 0x0000021f5129d000, 0x0000021f51298000,
0x0000021f512a0000, 0x0000021f512a1000, 0x0000021f512a3800, 0x0000021f512a2800,
0x0000021f5129e800, 0x0000021f512a2000, 0x0000021f5129f800, 0x0000021f4f841000,
0x0000021f4f843800, 0x0000021f4f842800, 0x0000021f4f83e800, 0x0000021f4f844000,
0x0000021f4f845000, 0x0000021f4f83f000, 0x0000021f4f846000, 0x0000021f4f840000,
0x0000021f4f846800, 0x0000021f4f847800, 0x0000021f4f841800, 0x0000021f4f84d000,
0x0000021f4f84b800, 0x0000021f4f84c800, 0x0000021f4f849000, 0x0000021f4f848000,
0x0000021f4f84a000, 0x0000021f4f84a800, 0x0000021f51cc2800, 0x0000021f51cc0800,
0x0000021f51cc5000, 0x0000021f51cc1800, 0x0000021f51cc3000, 0x0000021f51cbf000,
0x0000021f51cc0000, 0x0000021f51cc6800, 0x0000021f51cc7800, 0x0000021f51cc5800,
0x0000021f51cc8000, 0x0000021f51cc9000, 0x0000021f51cc9800, 0x0000021f51cc4000,
0x0000021f51cce000, 0x0000021f51cca800, 0x0000021f51ccb800, 0x0000021f51ccc000,
0x0000021f51ccd000, 0x0000021f5357c800, 0x0000021f53578000, 0x0000021f5357e000,
0x0000021f5357d000, 0x0000021f53579000, 0x0000021f5357e800, 0x0000021f5357f800,
0x0000021f5357a000, 0x0000021f53580800, 0x0000021f5357a800, 0x0000021f53581000,
0x0000021f5357b800, 0x0000021f53582000, 0x0000021f53584800, 0x0000021f53586000,
0x0000021f53583800, 0x0000021f53585000, 0x0000021f53583000, 0x0000021f53587000,
0x0000021f51b86800, 0x0000021f51b8d000
}

Java Threads: ( => current thread )
  0x0000021f32490800 JavaThread "main" [_thread_blocked, id=1956, stack(0x0000002074900000,0x0000002074a00000)]
  0x0000021f4c912800 JavaThread "Reference Handler" daemon [_thread_blocked, id=15764, stack(0x0000002075000000,0x0000002075100000)]
  0x0000021f4c920000 JavaThread "Finalizer" daemon [_thread_blocked, id=16416, stack(0x0000002075100000,0x0000002075200000)]
  0x0000021f4c93e000 JavaThread "Signal Dispatcher" daemon [_thread_blocked, id=11868, stack(0x0000002075200000,0x0000002075300000)]
  0x0000021f4c93f000 JavaThread "Attach Listener" daemon [_thread_blocked, id=11892, stack(0x0000002075300000,0x0000002075400000)]
  0x0000021f4c940000 JavaThread "Service Thread" daemon [_thread_blocked, id=11616, stack(0x0000002075400000,0x0000002075500000)]
=>0x0000021f4c941800 JavaThread "C2 CompilerThread0" daemon [_thread_in_native, id=3960, stack(0x0000002075500000,0x0000002075600000)]
  0x0000021f4c930800 JavaThread "C1 CompilerThread0" daemon [_thread_blocked, id=15076, stack(0x0000002075600000,0x0000002075700000)]
  0x0000021f4d2cc800 JavaThread "Sweeper thread" daemon [_thread_blocked, id=16388, stack(0x0000002075700000,0x0000002075800000)]
  0x0000021f4d3e6000 JavaThread "Common-Cleaner" daemon [_thread_blocked, id=17140, stack(0x0000002075800000,0x0000002075900000)]
  0x0000021f4e5cd800 JavaThread "Daemon health stats" [_thread_blocked, id=8044, stack(0x0000002075c00000,0x0000002075d00000)]
  0x0000021f4e475800 JavaThread "Incoming local TCP Connector on port 59340" [_thread_in_native, id=18340, stack(0x0000002075d00000,0x0000002075e00000)]
  0x0000021f4f29b800 JavaThread "Daemon periodic checks" [_thread_blocked, id=12408, stack(0x0000002075e00000,0x0000002075f00000)]
  0x0000021f4f0e3800 JavaThread "Daemon" [_thread_blocked, id=6588, stack(0x0000002075f00000,0x0000002076000000)]
  0x0000021f4e6c3800 JavaThread "Handler for socket connection from /127.0.0.1:59340 to /127.0.0.1:59341" [_thread_in_native, id=11804, stack(0x0000002076000000,0x0000002076100000)]
  0x0000021f4e489800 JavaThread "Cancel handler" [_thread_blocked, id=5552, stack(0x0000002076100000,0x0000002076200000)]
  0x0000021f4e48a800 JavaThread "Daemon worker" [_thread_in_native, id=9872, stack(0x0000002076200000,0x0000002076300000)]
  0x0000021f4dc44000 JavaThread "Asynchronous log dispatcher for DefaultDaemonConnection: socket connection from /127.0.0.1:59340 to /127.0.0.1:59341" [_thread_blocked, id=13280, stack(0x0000002076300000,0x0000002076400000)]
  0x0000021f4f40b000 JavaThread "Stdin handler" [_thread_blocked, id=14780, stack(0x0000002076400000,0x0000002076500000)]
  0x0000021f4f40f800 JavaThread "Daemon client event forwarder" [_thread_blocked, id=18196, stack(0x0000002076500000,0x0000002076600000)]
  0x0000021f4f40e000 JavaThread "Cache worker for journal cache (C:\Users\HP\.gradle\caches\journal-1)" [_thread_blocked, id=2504, stack(0x0000002076b00000,0x0000002076c00000)]
  0x0000021f4f411800 JavaThread "File lock request listener" [_thread_in_native, id=13716, stack(0x0000002076c00000,0x0000002076d00000)]
  0x0000021f4f40c800 JavaThread "Cache worker for file hash cache (C:\Users\HP\.gradle\caches\7.3.3\fileHashes)" [_thread_blocked, id=6768, stack(0x0000002076d00000,0x0000002076e00000)]
  0x0000021f4f40d800 JavaThread "Cache worker for file hash cache (C:\FPT\MOB403 - AndroidNetworking\MOB403_PS18620_mientvt_Assignment\.gradle\7.3.3\fileHashes)" [_thread_blocked, id=15072, stack(0x0000002076f00000,0x0000002077000000)]
  0x0000021f4f40f000 JavaThread "File watcher server" daemon [_thread_in_native, id=17456, stack(0x0000002077000000,0x0000002077100000)]
  0x0000021f4f410800 JavaThread "File watcher consumer" daemon [_thread_blocked, id=8616, stack(0x0000002077100000,0x0000002077200000)]
  0x0000021f4f40b800 JavaThread "Cache worker for checksums cache (C:\FPT\MOB403 - AndroidNetworking\MOB403_PS18620_mientvt_Assignment\.gradle\7.3.3\checksums)" [_thread_blocked, id=18092, stack(0x0000002077200000,0x0000002077300000)]
  0x0000021f4f731000 JavaThread "Cache worker for cache directory md-supplier (C:\Users\HP\.gradle\caches\7.3.3\md-supplier)" [_thread_blocked, id=1356, stack(0x0000002077300000,0x0000002077400000)]
  0x0000021f4f732000 JavaThread "Cache worker for cache directory md-rule (C:\Users\HP\.gradle\caches\7.3.3\md-rule)" [_thread_blocked, id=14700, stack(0x0000002077400000,0x0000002077500000)]
  0x0000021f4f72d000 JavaThread "Cache worker for execution history cache (C:\Users\HP\.gradle\caches\7.3.3\executionHistory)" [_thread_blocked, id=5500, stack(0x0000002077500000,0x0000002077600000)]
  0x0000021f4f72e000 JavaThread "jar transforms" [_thread_blocked, id=8836, stack(0x0000002077600000,0x0000002077700000)]
  0x0000021f4f72f000 JavaThread "Cache worker for file content cache (C:\Users\HP\.gradle\caches\7.3.3\fileContent)" [_thread_blocked, id=1280, stack(0x0000002077700000,0x0000002077800000)]
  0x0000021f4f72c800 JavaThread "jar transforms Thread 2" [_thread_blocked, id=18324, stack(0x0000002077800000,0x0000002077900000)]
  0x0000021f4f735800 JavaThread "Cache worker for dependencies-accessors (C:\FPT\MOB403 - AndroidNetworking\MOB403_PS18620_mientvt_Assignment\.gradle\7.3.3\dependencies-accessors)" [_thread_blocked, id=9236, stack(0x0000002077900000,0x0000002077a00000)]
  0x0000021f4f734800 JavaThread "jar transforms Thread 3" [_thread_blocked, id=6184, stack(0x0000002077a00000,0x0000002077b00000)]
  0x0000021f4f738000 JavaThread "Cache worker for Build Output Cleanup Cache (C:\FPT\MOB403 - AndroidNetworking\MOB403_PS18620_mientvt_Assignment\.gradle\buildOutputCleanup)" [_thread_blocked, id=15068, stack(0x0000002077b00000,0x0000002077c00000)]
  0x0000021f4f733000 JavaThread "Unconstrained build operations" [_thread_blocked, id=11496, stack(0x0000002077c00000,0x0000002077d00000)]
  0x0000021f4f739800 JavaThread "Unconstrained build operations Thread 2" [_thread_blocked, id=3452, stack(0x0000002077d00000,0x0000002077e00000)]
  0x0000021f4f736000 JavaThread "Unconstrained build operations Thread 3" [_thread_blocked, id=5612, stack(0x0000002077e00000,0x0000002077f00000)]
  0x0000021f4f737000 JavaThread "Unconstrained build operations Thread 4" [_thread_blocked, id=9032, stack(0x0000002077f00000,0x0000002078000000)]
  0x0000021f4f733800 JavaThread "Unconstrained build operations Thread 5" [_thread_blocked, id=8628, stack(0x0000002078000000,0x0000002078100000)]
  0x0000021f4f738800 JavaThread "Unconstrained build operations Thread 6" [_thread_blocked, id=6744, stack(0x0000002078100000,0x0000002078200000)]
  0x0000021f4f73a000 JavaThread "Unconstrained build operations Thread 7" [_thread_blocked, id=12860, stack(0x0000002078200000,0x0000002078300000)]
  0x0000021f4f73b000 JavaThread "Unconstrained build operations Thread 8" [_thread_blocked, id=11628, stack(0x0000002078300000,0x0000002078400000)]
  0x0000021f51299000 JavaThread "Unconstrained build operations Thread 9" [_thread_blocked, id=11520, stack(0x0000002078400000,0x0000002078500000)]
  0x0000021f5129a800 JavaThread "Unconstrained build operations Thread 10" [_thread_blocked, id=18360, stack(0x0000002078500000,0x0000002078600000)]
  0x0000021f51295000 JavaThread "Unconstrained build operations Thread 11" [_thread_blocked, id=1352, stack(0x0000002078600000,0x0000002078700000)]
  0x0000021f51299800 JavaThread "Unconstrained build operations Thread 12" [_thread_blocked, id=14200, stack(0x0000002078700000,0x0000002078800000)]
  0x0000021f5129b800 JavaThread "Unconstrained build operations Thread 13" [_thread_blocked, id=12340, stack(0x0000002078800000,0x0000002078900000)]
  0x0000021f51295800 JavaThread "Unconstrained build operations Thread 14" [_thread_blocked, id=2820, stack(0x0000002078900000,0x0000002078a00000)]
  0x0000021f51297000 JavaThread "Unconstrained build operations Thread 15" [_thread_blocked, id=3244, stack(0x0000002078a00000,0x0000002078b00000)]
  0x0000021f5129c000 JavaThread "Unconstrained build operations Thread 16" [_thread_blocked, id=11300, stack(0x0000002078b00000,0x0000002078c00000)]
  0x0000021f51296800 JavaThread "Unconstrained build operations Thread 17" [_thread_blocked, id=1584, stack(0x0000002078c00000,0x0000002078d00000)]
  0x0000021f5129d800 JavaThread "Unconstrained build operations Thread 18" [_thread_blocked, id=5280, stack(0x0000002078d00000,0x0000002078e00000)]
  0x0000021f5129d000 JavaThread "Unconstrained build operations Thread 19" [_thread_blocked, id=13164, stack(0x0000002078e00000,0x0000002078f00000)]
  0x0000021f51298000 JavaThread "Unconstrained build operations Thread 20" [_thread_blocked, id=5840, stack(0x0000002078f00000,0x0000002079000000)]
  0x0000021f512a0000 JavaThread "Unconstrained build operations Thread 21" [_thread_blocked, id=16940, stack(0x0000002079000000,0x0000002079100000)]
  0x0000021f512a1000 JavaThread "Unconstrained build operations Thread 22" [_thread_blocked, id=12748, stack(0x0000002079100000,0x0000002079200000)]
  0x0000021f512a3800 JavaThread "Unconstrained build operations Thread 23" [_thread_blocked, id=17008, stack(0x0000002079200000,0x0000002079300000)]
  0x0000021f512a2800 JavaThread "Unconstrained build operations Thread 24" [_thread_blocked, id=8660, stack(0x0000002079300000,0x0000002079400000)]
  0x0000021f5129e800 JavaThread "Unconstrained build operations Thread 25" [_thread_blocked, id=15748, stack(0x0000002079400000,0x0000002079500000)]
  0x0000021f512a2000 JavaThread "Unconstrained build operations Thread 26" [_thread_blocked, id=17984, stack(0x0000002079500000,0x0000002079600000)]
  0x0000021f5129f800 JavaThread "Unconstrained build operations Thread 27" [_thread_blocked, id=15460, stack(0x0000002079600000,0x0000002079700000)]
  0x0000021f4f841000 JavaThread "Unconstrained build operations Thread 28" [_thread_blocked, id=7868, stack(0x0000002079700000,0x0000002079800000)]
  0x0000021f4f843800 JavaThread "Unconstrained build operations Thread 29" [_thread_blocked, id=3404, stack(0x0000002079800000,0x0000002079900000)]
  0x0000021f4f842800 JavaThread "Unconstrained build operations Thread 30" [_thread_blocked, id=3912, stack(0x0000002079900000,0x0000002079a00000)]
  0x0000021f4f83e800 JavaThread "Unconstrained build operations Thread 31" [_thread_blocked, id=14904, stack(0x0000002079a00000,0x0000002079b00000)]
  0x0000021f4f844000 JavaThread "Unconstrained build operations Thread 32" [_thread_blocked, id=1444, stack(0x0000002079b00000,0x0000002079c00000)]
  0x0000021f4f845000 JavaThread "Unconstrained build operations Thread 33" [_thread_blocked, id=16864, stack(0x0000002079c00000,0x0000002079d00000)]
  0x0000021f4f83f000 JavaThread "Unconstrained build operations Thread 34" [_thread_blocked, id=16280, stack(0x0000002079d00000,0x0000002079e00000)]
  0x0000021f4f846000 JavaThread "Unconstrained build operations Thread 35" [_thread_blocked, id=4008, stack(0x0000002079e00000,0x0000002079f00000)]
  0x0000021f4f840000 JavaThread "Unconstrained build operations Thread 36" [_thread_blocked, id=15056, stack(0x0000002079f00000,0x000000207a000000)]
  0x0000021f4f846800 JavaThread "Unconstrained build operations Thread 37" [_thread_blocked, id=1880, stack(0x000000207a000000,0x000000207a100000)]
  0x0000021f4f847800 JavaThread "Unconstrained build operations Thread 38" [_thread_blocked, id=13900, stack(0x000000207a100000,0x000000207a200000)]
  0x0000021f4f841800 JavaThread "Unconstrained build operations Thread 39" [_thread_blocked, id=14324, stack(0x000000207a200000,0x000000207a300000)]
  0x0000021f4f84d000 JavaThread "Unconstrained build operations Thread 40" [_thread_blocked, id=6504, stack(0x000000207a300000,0x000000207a400000)]
  0x0000021f4f84b800 JavaThread "Unconstrained build operations Thread 41" [_thread_blocked, id=14588, stack(0x000000207a400000,0x000000207a500000)]
  0x0000021f4f84c800 JavaThread "Unconstrained build operations Thread 42" [_thread_blocked, id=3536, stack(0x000000207a500000,0x000000207a600000)]
  0x0000021f4f849000 JavaThread "Unconstrained build operations Thread 43" [_thread_blocked, id=17880, stack(0x000000207a600000,0x000000207a700000)]
  0x0000021f4f848000 JavaThread "Unconstrained build operations Thread 44" [_thread_blocked, id=9000, stack(0x000000207a700000,0x000000207a800000)]
  0x0000021f4f84a000 JavaThread "Unconstrained build operations Thread 45" [_thread_blocked, id=11288, stack(0x000000207a800000,0x000000207a900000)]
  0x0000021f4f84a800 JavaThread "Unconstrained build operations Thread 46" [_thread_blocked, id=12900, stack(0x000000207a900000,0x000000207aa00000)]
  0x0000021f51cc2800 JavaThread "Unconstrained build operations Thread 47" [_thread_blocked, id=1864, stack(0x000000207aa00000,0x000000207ab00000)]
  0x0000021f51cc0800 JavaThread "Unconstrained build operations Thread 48" [_thread_blocked, id=11600, stack(0x000000207ab00000,0x000000207ac00000)]
  0x0000021f51cc5000 JavaThread "Unconstrained build operations Thread 49" [_thread_blocked, id=7652, stack(0x000000207ac00000,0x000000207ad00000)]
  0x0000021f51cc1800 JavaThread "Unconstrained build operations Thread 50" [_thread_blocked, id=2360, stack(0x000000207ad00000,0x000000207ae00000)]
  0x0000021f51cc3000 JavaThread "Unconstrained build operations Thread 51" [_thread_blocked, id=7248, stack(0x000000207ae00000,0x000000207af00000)]
  0x0000021f51cbf000 JavaThread "Unconstrained build operations Thread 52" [_thread_blocked, id=5084, stack(0x000000207af00000,0x000000207b000000)]
  0x0000021f51cc0000 JavaThread "Unconstrained build operations Thread 53" [_thread_blocked, id=14356, stack(0x000000207b000000,0x000000207b100000)]
  0x0000021f51cc6800 JavaThread "Unconstrained build operations Thread 54" [_thread_blocked, id=4324, stack(0x000000207b100000,0x000000207b200000)]
  0x0000021f51cc7800 JavaThread "Unconstrained build operations Thread 55" [_thread_blocked, id=15552, stack(0x000000207b200000,0x000000207b300000)]
  0x0000021f51cc5800 JavaThread "Unconstrained build operations Thread 56" [_thread_blocked, id=15092, stack(0x000000207b300000,0x000000207b400000)]
  0x0000021f51cc8000 JavaThread "Unconstrained build operations Thread 57" [_thread_blocked, id=17108, stack(0x000000207b400000,0x000000207b500000)]
  0x0000021f51cc9000 JavaThread "Unconstrained build operations Thread 58" [_thread_blocked, id=14792, stack(0x000000207b500000,0x000000207b600000)]
  0x0000021f51cc9800 JavaThread "Unconstrained build operations Thread 59" [_thread_blocked, id=10504, stack(0x000000207b600000,0x000000207b700000)]
  0x0000021f51cc4000 JavaThread "Unconstrained build operations Thread 60" [_thread_blocked, id=2596, stack(0x000000207b700000,0x000000207b800000)]
  0x0000021f51cce000 JavaThread "Unconstrained build operations Thread 61" [_thread_blocked, id=9604, stack(0x000000207b800000,0x000000207b900000)]
  0x0000021f51cca800 JavaThread "Unconstrained build operations Thread 62" [_thread_blocked, id=4476, stack(0x000000207b900000,0x000000207ba00000)]
  0x0000021f51ccb800 JavaThread "Unconstrained build operations Thread 63" [_thread_blocked, id=14288, stack(0x000000207ba00000,0x000000207bb00000)]
  0x0000021f51ccc000 JavaThread "Unconstrained build operations Thread 64" [_thread_blocked, id=10644, stack(0x000000207bb00000,0x000000207bc00000)]
  0x0000021f51ccd000 JavaThread "Unconstrained build operations Thread 65" [_thread_blocked, id=1216, stack(0x000000207bc00000,0x000000207bd00000)]
  0x0000021f5357c800 JavaThread "Unconstrained build operations Thread 66" [_thread_blocked, id=2800, stack(0x000000207bd00000,0x000000207be00000)]
  0x0000021f53578000 JavaThread "Unconstrained build operations Thread 67" [_thread_blocked, id=8556, stack(0x000000207be00000,0x000000207bf00000)]
  0x0000021f5357e000 JavaThread "Unconstrained build operations Thread 68" [_thread_blocked, id=14744, stack(0x000000207bf00000,0x000000207c000000)]
  0x0000021f5357d000 JavaThread "Unconstrained build operations Thread 69" [_thread_blocked, id=14892, stack(0x000000207c000000,0x000000207c100000)]
  0x0000021f53579000 JavaThread "Unconstrained build operations Thread 70" [_thread_blocked, id=17944, stack(0x000000207c100000,0x000000207c200000)]
  0x0000021f5357e800 JavaThread "Unconstrained build operations Thread 71" [_thread_blocked, id=17424, stack(0x000000207c200000,0x000000207c300000)]
  0x0000021f5357f800 JavaThread "Unconstrained build operations Thread 72" [_thread_blocked, id=15440, stack(0x000000207c300000,0x000000207c400000)]
  0x0000021f5357a000 JavaThread "Unconstrained build operations Thread 73" [_thread_blocked, id=14660, stack(0x000000207c400000,0x000000207c500000)]
  0x0000021f53580800 JavaThread "Unconstrained build operations Thread 74" [_thread_blocked, id=16900, stack(0x000000207c500000,0x000000207c600000)]
  0x0000021f5357a800 JavaThread "Unconstrained build operations Thread 75" [_thread_blocked, id=14876, stack(0x000000207c600000,0x000000207c700000)]
  0x0000021f53581000 JavaThread "Unconstrained build operations Thread 76" [_thread_blocked, id=17548, stack(0x000000207c700000,0x000000207c800000)]
  0x0000021f5357b800 JavaThread "Unconstrained build operations Thread 77" [_thread_blocked, id=2320, stack(0x000000207c800000,0x000000207c900000)]
  0x0000021f53582000 JavaThread "Unconstrained build operations Thread 78" [_thread_blocked, id=18396, stack(0x000000207c900000,0x000000207ca00000)]
  0x0000021f53584800 JavaThread "Unconstrained build operations Thread 79" [_thread_blocked, id=8656, stack(0x000000207ca00000,0x000000207cb00000)]
  0x0000021f53586000 JavaThread "Unconstrained build operations Thread 80" [_thread_blocked, id=5272, stack(0x000000207cb00000,0x000000207cc00000)]
  0x0000021f53583800 JavaThread "jar transforms Thread 4" [_thread_blocked, id=10056, stack(0x000000207cc00000,0x000000207cd00000)]
  0x0000021f53585000 JavaThread "jar transforms Thread 5" [_thread_blocked, id=14260, stack(0x000000207cd00000,0x000000207ce00000)]
  0x0000021f53583000 JavaThread "jar transforms Thread 6" [_thread_blocked, id=6400, stack(0x000000207ce00000,0x000000207cf00000)]
  0x0000021f53587000 JavaThread "jar transforms Thread 7" [_thread_blocked, id=1852, stack(0x000000207cf00000,0x000000207d000000)]
  0x0000021f51b86800 JavaThread "jar transforms Thread 8" [_thread_blocked, id=568, stack(0x000000207d000000,0x000000207d100000)]
  0x0000021f51b8d000 JavaThread "Memory manager" [_thread_blocked, id=10192, stack(0x000000207d100000,0x000000207d200000)]

Other Threads:
  0x0000021f4c910000 VMThread "VM Thread" [stack: 0x0000002074f00000,0x0000002075000000] [id=17248]
  0x0000021f4d433800 WatcherThread [stack: 0x0000002075900000,0x0000002075a00000] [id=13352]
  0x0000021f324a9000 GCTaskThread "GC Thread#0" [stack: 0x0000002074a00000,0x0000002074b00000] [id=15316]
  0x0000021f4dc66800 GCTaskThread "GC Thread#1" [stack: 0x0000002075a00000,0x0000002075b00000] [id=2588]
  0x0000021f4dc67000 GCTaskThread "GC Thread#2" [stack: 0x0000002075b00000,0x0000002075c00000] [id=16188]
  0x0000021f4e246800 GCTaskThread "GC Thread#3" [stack: 0x0000002076600000,0x0000002076700000] [id=14516]
  0x0000021f4dc45000 GCTaskThread "GC Thread#4" [stack: 0x0000002076700000,0x0000002076800000] [id=5132]
  0x0000021f4f369800 GCTaskThread "GC Thread#5" [stack: 0x0000002076800000,0x0000002076900000] [id=7836]
  0x0000021f4e676800 GCTaskThread "GC Thread#6" [stack: 0x0000002076900000,0x0000002076a00000] [id=15700]
  0x0000021f4f477800 GCTaskThread "GC Thread#7" [stack: 0x0000002076a00000,0x0000002076b00000] [id=4616]
  0x0000021f324dd800 ConcurrentGCThread "G1 Main Marker" [stack: 0x0000002074b00000,0x0000002074c00000] [id=4364]
  0x0000021f324de800 ConcurrentGCThread "G1 Conc#0" [stack: 0x0000002074c00000,0x0000002074d00000] [id=13680]
  0x0000021f4d66f800 ConcurrentGCThread "G1 Conc#1" [stack: 0x0000002076e00000,0x0000002076f00000] [id=18212]
  0x0000021f4c760800 ConcurrentGCThread "G1 Refine#0" [stack: 0x0000002074d00000,0x0000002074e00000] [id=9468]
  0x0000021f4c761800 ConcurrentGCThread "G1 Young RemSet Sampling" [stack: 0x0000002074e00000,0x0000002074f00000] [id=13372]

Threads with active compile tasks:
C2 CompilerThread0  24460 7195       4       jdk.internal.loader.URLClassPath$JarLoader$2::getInputStream (15 bytes)

VM state:not at safepoint (normal execution)

VM Mutex/Monitor currently owned by a thread: None

Heap address: 0x0000000080000000, size: 2048 MB, Compressed Oops mode: 32-bit
Narrow klass base: 0x0000000000000000, Narrow klass shift: 3
Compressed class space size: 1073741824 Address: 0x0000000100000000

Heap:
 garbage-first heap   total 129024K, used 88238K [0x0000000080000000, 0x0000000100000000)
  region size 1024K, 35 young (35840K), 3 survivors (3072K)
 Metaspace       used 75175K, capacity 76861K, committed 77056K, reserved 1116160K
  class space    used 9788K, capacity 10444K, committed 10496K, reserved 1048576K
Heap Regions: E=young(eden), S=young(survivor), O=old, HS=humongous(starts), HC=humongous(continues), CS=collection set, F=free, A=archive, TAMS=top-at-mark-start (previous, next)
|   0|0x0000000080000000, 0x0000000080100000, 0x0000000080100000|100%| O|  |TAMS 0x0000000080100000, 0x0000000080000000| Untracked 
|   1|0x0000000080100000, 0x0000000080200000, 0x0000000080200000|100%| O|  |TAMS 0x0000000080200000, 0x0000000080100000| Untracked 
|   2|0x0000000080200000, 0x0000000080300000, 0x0000000080300000|100%| O|  |TAMS 0x0000000080300000, 0x0000000080200000| Untracked 
|   3|0x0000000080300000, 0x0000000080400000, 0x0000000080400000|100%|HS|  |TAMS 0x0000000080400000, 0x0000000080300000| Complete 
|   4|0x0000000080400000, 0x0000000080500000, 0x0000000080500000|100%|HC|  |TAMS 0x0000000080500000, 0x0000000080400000| Complete 
|   5|0x0000000080500000, 0x0000000080600000, 0x0000000080600000|100%|HC|  |TAMS 0x0000000080600000, 0x0000000080500000| Complete 
|   6|0x0000000080600000, 0x0000000080700000, 0x0000000080700000|100%| O|  |TAMS 0x0000000080700000, 0x0000000080600000| Untracked 
|   7|0x0000000080700000, 0x0000000080800000, 0x0000000080800000|100%| O|  |TAMS 0x0000000080800000, 0x0000000080700000| Untracked 
|   8|0x0000000080800000, 0x0000000080900000, 0x0000000080900000|100%| O|  |TAMS 0x0000000080900000, 0x0000000080800000| Untracked 
|   9|0x0000000080900000, 0x0000000080a00000, 0x0000000080a00000|100%| O|  |TAMS 0x0000000080a00000, 0x0000000080900000| Untracked 
|  10|0x0000000080a00000, 0x0000000080b00000, 0x0000000080b00000|100%| O|  |TAMS 0x0000000080b00000, 0x0000000080a00000| Untracked 
|  11|0x0000000080b00000, 0x0000000080c00000, 0x0000000080c00000|100%| O|  |TAMS 0x0000000080c00000, 0x0000000080b00000| Untracked 
|  12|0x0000000080c00000, 0x0000000080d00000, 0x0000000080d00000|100%| O|  |TAMS 0x0000000080d00000, 0x0000000080c00000| Untracked 
|  13|0x0000000080d00000, 0x0000000080e00000, 0x0000000080e00000|100%| O|  |TAMS 0x0000000080e00000, 0x0000000080d00000| Untracked 
|  14|0x0000000080e00000, 0x0000000080f00000, 0x0000000080f00000|100%| O|  |TAMS 0x0000000080f00000, 0x0000000080e00000| Untracked 
|  15|0x0000000080f00000, 0x0000000081000000, 0x0000000081000000|100%| O|  |TAMS 0x0000000081000000, 0x0000000080f00000| Untracked 
|  16|0x0000000081000000, 0x0000000081100000, 0x0000000081100000|100%|HS|  |TAMS 0x0000000081100000, 0x0000000081000000| Complete 
|  17|0x0000000081100000, 0x0000000081200000, 0x0000000081200000|100%| O|  |TAMS 0x0000000081200000, 0x0000000081100000| Untracked 
|  18|0x0000000081200000, 0x0000000081300000, 0x0000000081300000|100%| O|  |TAMS 0x0000000081300000, 0x0000000081200000| Untracked 
|  19|0x0000000081300000, 0x0000000081400000, 0x0000000081400000|100%| O|  |TAMS 0x0000000081400000, 0x0000000081300000| Untracked 
|  20|0x0000000081400000, 0x0000000081500000, 0x0000000081500000|100%| O|  |TAMS 0x0000000081500000, 0x0000000081400000| Untracked 
|  21|0x0000000081500000, 0x0000000081600000, 0x0000000081600000|100%| O|  |TAMS 0x0000000081600000, 0x0000000081500000| Untracked 
|  22|0x0000000081600000, 0x0000000081700000, 0x0000000081700000|100%| O|  |TAMS 0x0000000081700000, 0x0000000081600000| Untracked 
|  23|0x0000000081700000, 0x0000000081800000, 0x0000000081800000|100%| O|  |TAMS 0x0000000081800000, 0x0000000081700000| Untracked 
|  24|0x0000000081800000, 0x0000000081900000, 0x0000000081900000|100%| O|  |TAMS 0x0000000081900000, 0x0000000081800000| Untracked 
|  25|0x0000000081900000, 0x0000000081a00000, 0x0000000081a00000|100%| O|  |TAMS 0x0000000081a00000, 0x0000000081900000| Untracked 
|  26|0x0000000081a00000, 0x0000000081b00000, 0x0000000081b00000|100%| O|  |TAMS 0x0000000081b00000, 0x0000000081a00000| Untracked 
|  27|0x0000000081b00000, 0x0000000081c00000, 0x0000000081c00000|100%| O|  |TAMS 0x0000000081c00000, 0x0000000081b00000| Untracked 
|  28|0x0000000081c00000, 0x0000000081d00000, 0x0000000081d00000|100%|HS|  |TAMS 0x0000000081d00000, 0x0000000081c00000| Complete 
|  29|0x0000000081d00000, 0x0000000081e00000, 0x0000000081e00000|100%|HS|  |TAMS 0x0000000081e00000, 0x0000000081d00000| Complete 
|  30|0x0000000081e00000, 0x0000000081f00000, 0x0000000081f00000|100%|HC|  |TAMS 0x0000000081f00000, 0x0000000081e00000| Complete 
|  31|0x0000000081f00000, 0x0000000082000000, 0x0000000082000000|100%| O|  |TAMS 0x0000000082000000, 0x0000000081f00000| Untracked 
|  32|0x0000000082000000, 0x0000000082100000, 0x0000000082100000|100%| O|  |TAMS 0x0000000082100000, 0x0000000082000000| Untracked 
|  33|0x0000000082100000, 0x0000000082200000, 0x0000000082200000|100%| O|  |TAMS 0x0000000082200000, 0x0000000082100000| Untracked 
|  34|0x0000000082200000, 0x0000000082300000, 0x0000000082300000|100%| O|  |TAMS 0x0000000082300000, 0x0000000082200000| Untracked 
|  35|0x0000000082300000, 0x0000000082400000, 0x0000000082400000|100%| O|  |TAMS 0x0000000082400000, 0x0000000082300000| Untracked 
|  36|0x0000000082400000, 0x0000000082500000, 0x0000000082500000|100%| O|  |TAMS 0x0000000082500000, 0x0000000082400000| Untracked 
|  37|0x0000000082500000, 0x0000000082600000, 0x0000000082600000|100%| O|  |TAMS 0x0000000082600000, 0x0000000082500000| Untracked 
|  38|0x0000000082600000, 0x0000000082700000, 0x0000000082700000|100%| O|  |TAMS 0x0000000082700000, 0x0000000082600000| Untracked 
|  39|0x0000000082700000, 0x0000000082800000, 0x0000000082800000|100%| O|  |TAMS 0x0000000082800000, 0x0000000082700000| Untracked 
|  40|0x0000000082800000, 0x0000000082900000, 0x0000000082900000|100%| O|  |TAMS 0x0000000082900000, 0x0000000082800000| Untracked 
|  41|0x0000000082900000, 0x0000000082a00000, 0x0000000082a00000|100%| O|  |TAMS 0x0000000082a00000, 0x0000000082900000| Untracked 
|  42|0x0000000082a00000, 0x0000000082b00000, 0x0000000082b00000|100%| O|  |TAMS 0x0000000082b00000, 0x0000000082a00000| Untracked 
|  43|0x0000000082b00000, 0x0000000082c00000, 0x0000000082c00000|100%| O|  |TAMS 0x0000000082b29400, 0x0000000082b00000| Untracked 
|  44|0x0000000082c00000, 0x0000000082d00000, 0x0000000082d00000|100%| O|  |TAMS 0x0000000082c00000, 0x0000000082c00000| Untracked 
|  45|0x0000000082d00000, 0x0000000082e00000, 0x0000000082e00000|100%| O|  |TAMS 0x0000000082d00000, 0x0000000082d00000| Untracked 
|  46|0x0000000082e00000, 0x0000000082f00000, 0x0000000082f00000|100%| O|  |TAMS 0x0000000082e00000, 0x0000000082e00000| Untracked 
|  47|0x0000000082f00000, 0x0000000083000000, 0x0000000083000000|100%| O|  |TAMS 0x0000000082f00000, 0x0000000082f00000| Untracked 
|  48|0x0000000083000000, 0x0000000083100000, 0x0000000083100000|100%| O|  |TAMS 0x0000000083000000, 0x0000000083000000| Untracked 
|  49|0x0000000083100000, 0x0000000083200000, 0x0000000083200000|100%| O|  |TAMS 0x0000000083100000, 0x0000000083100000| Untracked 
|  50|0x0000000083200000, 0x0000000083300000, 0x0000000083300000|100%| O|  |TAMS 0x0000000083200000, 0x0000000083200000| Untracked 
|  51|0x0000000083300000, 0x0000000083400000, 0x0000000083400000|100%| O|  |TAMS 0x0000000083300000, 0x0000000083300000| Untracked 
|  52|0x0000000083400000, 0x000000008349b000, 0x0000000083500000| 60%| O|  |TAMS 0x0000000083400000, 0x0000000083400000| Untracked 
|  53|0x0000000083500000, 0x0000000083500000, 0x0000000083600000|  0%| F|  |TAMS 0x0000000083500000, 0x0000000083500000| Untracked 
|  54|0x0000000083600000, 0x0000000083600000, 0x0000000083700000|  0%| F|  |TAMS 0x0000000083600000, 0x0000000083600000| Untracked 
|  55|0x0000000083700000, 0x0000000083700000, 0x0000000083800000|  0%| F|  |TAMS 0x0000000083700000, 0x0000000083700000| Untracked 
|  56|0x0000000083800000, 0x0000000083800000, 0x0000000083900000|  0%| F|  |TAMS 0x0000000083800000, 0x0000000083800000| Untracked 
|  57|0x0000000083900000, 0x0000000083900000, 0x0000000083a00000|  0%| F|  |TAMS 0x0000000083900000, 0x0000000083900000| Untracked 
|  58|0x0000000083a00000, 0x0000000083a00000, 0x0000000083b00000|  0%| F|  |TAMS 0x0000000083a00000, 0x0000000083a00000| Untracked 
|  59|0x0000000083b00000, 0x0000000083b00000, 0x0000000083c00000|  0%| F|  |TAMS 0x0000000083b00000, 0x0000000083b00000| Untracked 
|  60|0x0000000083c00000, 0x0000000083c00000, 0x0000000083d00000|  0%| F|  |TAMS 0x0000000083c00000, 0x0000000083c00000| Untracked 
|  61|0x0000000083d00000, 0x0000000083d00000, 0x0000000083e00000|  0%| F|  |TAMS 0x0000000083d00000, 0x0000000083d00000| Untracked 
|  62|0x0000000083e00000, 0x0000000083e00000, 0x0000000083f00000|  0%| F|  |TAMS 0x0000000083e00000, 0x0000000083e00000| Untracked 
|  63|0x0000000083f00000, 0x0000000083f00000, 0x0000000084000000|  0%| F|  |TAMS 0x0000000083f00000, 0x0000000083f00000| Untracked 
|  64|0x0000000084000000, 0x0000000084000000, 0x0000000084100000|  0%| F|  |TAMS 0x0000000084000000, 0x0000000084000000| Untracked 
|  65|0x0000000084100000, 0x0000000084100000, 0x0000000084200000|  0%| F|  |TAMS 0x0000000084100000, 0x0000000084100000| Untracked 
|  66|0x0000000084200000, 0x0000000084200000, 0x0000000084300000|  0%| F|  |TAMS 0x0000000084200000, 0x0000000084200000| Untracked 
|  67|0x0000000084300000, 0x0000000084300000, 0x0000000084400000|  0%| F|  |TAMS 0x0000000084300000, 0x0000000084300000| Untracked 
|  68|0x0000000084400000, 0x0000000084400000, 0x0000000084500000|  0%| F|  |TAMS 0x0000000084400000, 0x0000000084400000| Untracked 
|  69|0x0000000084500000, 0x0000000084500000, 0x0000000084600000|  0%| F|  |TAMS 0x0000000084500000, 0x0000000084500000| Untracked 
|  70|0x0000000084600000, 0x0000000084600000, 0x0000000084700000|  0%| F|  |TAMS 0x0000000084600000, 0x0000000084600000| Untracked 
|  71|0x0000000084700000, 0x0000000084700000, 0x0000000084800000|  0%| F|  |TAMS 0x0000000084700000, 0x0000000084700000| Untracked 
|  72|0x0000000084800000, 0x0000000084800000, 0x0000000084900000|  0%| F|  |TAMS 0x0000000084800000, 0x0000000084800000| Untracked 
|  73|0x0000000084900000, 0x0000000084900000, 0x0000000084a00000|  0%| F|  |TAMS 0x0000000084900000, 0x0000000084900000| Untracked 
|  74|0x0000000084a00000, 0x0000000084a00000, 0x0000000084b00000|  0%| F|  |TAMS 0x0000000084a00000, 0x0000000084a00000| Untracked 
|  75|0x0000000084b00000, 0x0000000084b00000, 0x0000000084c00000|  0%| F|  |TAMS 0x0000000084b00000, 0x0000000084b00000| Untracked 
|  76|0x0000000084c00000, 0x0000000084c00000, 0x0000000084d00000|  0%| F|  |TAMS 0x0000000084c00000, 0x0000000084c00000| Untracked 
|  77|0x0000000084d00000, 0x0000000084d00000, 0x0000000084e00000|  0%| F|  |TAMS 0x0000000084d00000, 0x0000000084d00000| Untracked 
|  78|0x0000000084e00000, 0x0000000084e00000, 0x0000000084f00000|  0%| F|  |TAMS 0x0000000084e00000, 0x0000000084e00000| Untracked 
|  79|0x0000000084f00000, 0x0000000084f90920, 0x0000000085000000| 56%| S|CS|TAMS 0x0000000084f00000, 0x0000000084f00000| Complete 
|  80|0x0000000085000000, 0x0000000085000000, 0x0000000085100000|  0%| F|  |TAMS 0x0000000085000000, 0x0000000085000000| Untracked 
|  81|0x0000000085100000, 0x0000000085100000, 0x0000000085200000|  0%| F|  |TAMS 0x0000000085100000, 0x0000000085100000| Untracked 
|  82|0x0000000085200000, 0x0000000085200000, 0x0000000085300000|  0%| F|  |TAMS 0x0000000085200000, 0x0000000085200000| Untracked 
|  83|0x0000000085300000, 0x0000000085300000, 0x0000000085400000|  0%| F|  |TAMS 0x0000000085300000, 0x0000000085300000| Untracked 
|  84|0x0000000085400000, 0x0000000085500000, 0x0000000085500000|100%| S|CS|TAMS 0x0000000085400000, 0x0000000085400000| Complete 
|  85|0x0000000085500000, 0x0000000085600000, 0x0000000085600000|100%| S|CS|TAMS 0x0000000085500000, 0x0000000085500000| Complete 
|  86|0x0000000085600000, 0x0000000085600000, 0x0000000085700000|  0%| F|  |TAMS 0x0000000085600000, 0x0000000085600000| Untracked 
|  87|0x0000000085700000, 0x0000000085700000, 0x0000000085800000|  0%| F|  |TAMS 0x0000000085700000, 0x0000000085700000| Untracked 
|  88|0x0000000085800000, 0x0000000085800000, 0x0000000085900000|  0%| F|  |TAMS 0x0000000085800000, 0x0000000085800000| Untracked 
|  89|0x0000000085900000, 0x0000000085900000, 0x0000000085a00000|  0%| F|  |TAMS 0x0000000085900000, 0x0000000085900000| Untracked 
|  90|0x0000000085a00000, 0x0000000085a00000, 0x0000000085b00000|  0%| F|  |TAMS 0x0000000085a00000, 0x0000000085a00000| Untracked 
|  91|0x0000000085b00000, 0x0000000085b00000, 0x0000000085c00000|  0%| F|  |TAMS 0x0000000085b00000, 0x0000000085b00000| Untracked 
|  92|0x0000000085c00000, 0x0000000085c00000, 0x0000000085d00000|  0%| F|  |TAMS 0x0000000085c00000, 0x0000000085c00000| Untracked 
|  93|0x0000000085d00000, 0x0000000085d00000, 0x0000000085e00000|  0%| F|  |TAMS 0x0000000085d00000, 0x0000000085d00000| Untracked 
|  94|0x0000000085e00000, 0x0000000085e80800, 0x0000000085f00000| 50%| E|  |TAMS 0x0000000085e00000, 0x0000000085e00000| Complete 
|  95|0x0000000085f00000, 0x0000000086000000, 0x0000000086000000|100%| E|CS|TAMS 0x0000000085f00000, 0x0000000085f00000| Complete 
|  96|0x0000000086000000, 0x0000000086100000, 0x0000000086100000|100%| E|CS|TAMS 0x0000000086000000, 0x0000000086000000| Complete 
|  97|0x0000000086100000, 0x0000000086200000, 0x0000000086200000|100%| E|CS|TAMS 0x0000000086100000, 0x0000000086100000| Complete 
|  98|0x0000000086200000, 0x0000000086300000, 0x0000000086300000|100%| E|CS|TAMS 0x0000000086200000, 0x0000000086200000| Complete 
|  99|0x0000000086300000, 0x0000000086400000, 0x0000000086400000|100%| E|CS|TAMS 0x0000000086300000, 0x0000000086300000| Complete 
| 100|0x0000000086400000, 0x0000000086500000, 0x0000000086500000|100%| E|CS|TAMS 0x0000000086400000, 0x0000000086400000| Complete 
| 101|0x0000000086500000, 0x0000000086600000, 0x0000000086600000|100%| E|CS|TAMS 0x0000000086500000, 0x0000000086500000| Complete 
| 102|0x0000000086600000, 0x0000000086700000, 0x0000000086700000|100%| E|CS|TAMS 0x0000000086600000, 0x0000000086600000| Complete 
| 103|0x0000000086700000, 0x0000000086800000, 0x0000000086800000|100%| E|CS|TAMS 0x0000000086700000, 0x0000000086700000| Complete 
| 104|0x0000000086800000, 0x0000000086900000, 0x0000000086900000|100%| E|CS|TAMS 0x0000000086800000, 0x0000000086800000| Complete 
| 105|0x0000000086900000, 0x0000000086a00000, 0x0000000086a00000|100%| E|CS|TAMS 0x0000000086900000, 0x0000000086900000| Complete 
| 106|0x0000000086a00000, 0x0000000086b00000, 0x0000000086b00000|100%| E|CS|TAMS 0x0000000086a00000, 0x0000000086a00000| Complete 
| 107|0x0000000086b00000, 0x0000000086c00000, 0x0000000086c00000|100%| E|CS|TAMS 0x0000000086b00000, 0x0000000086b00000| Complete 
| 108|0x0000000086c00000, 0x0000000086d00000, 0x0000000086d00000|100%| E|CS|TAMS 0x0000000086c00000, 0x0000000086c00000| Complete 
| 109|0x0000000086d00000, 0x0000000086e00000, 0x0000000086e00000|100%| E|CS|TAMS 0x0000000086d00000, 0x0000000086d00000| Complete 
| 110|0x0000000086e00000, 0x0000000086f00000, 0x0000000086f00000|100%| E|CS|TAMS 0x0000000086e00000, 0x0000000086e00000| Complete 
| 111|0x0000000086f00000, 0x0000000087000000, 0x0000000087000000|100%| E|CS|TAMS 0x0000000086f00000, 0x0000000086f00000| Complete 
| 112|0x0000000087000000, 0x0000000087100000, 0x0000000087100000|100%| E|CS|TAMS 0x0000000087000000, 0x0000000087000000| Complete 
| 113|0x0000000087100000, 0x0000000087200000, 0x0000000087200000|100%| E|CS|TAMS 0x0000000087100000, 0x0000000087100000| Complete 
| 114|0x0000000087200000, 0x0000000087300000, 0x0000000087300000|100%| E|CS|TAMS 0x0000000087200000, 0x0000000087200000| Complete 
| 115|0x0000000087300000, 0x0000000087400000, 0x0000000087400000|100%| E|CS|TAMS 0x0000000087300000, 0x0000000087300000| Complete 
| 116|0x0000000087400000, 0x0000000087500000, 0x0000000087500000|100%| E|CS|TAMS 0x0000000087400000, 0x0000000087400000| Complete 
| 117|0x0000000087500000, 0x0000000087600000, 0x0000000087600000|100%| E|CS|TAMS 0x0000000087500000, 0x0000000087500000| Complete 
| 118|0x0000000087600000, 0x0000000087700000, 0x0000000087700000|100%| E|CS|TAMS 0x0000000087600000, 0x0000000087600000| Complete 
| 119|0x0000000087700000, 0x0000000087800000, 0x0000000087800000|100%| E|CS|TAMS 0x0000000087700000, 0x0000000087700000| Complete 
| 120|0x0000000087800000, 0x0000000087900000, 0x0000000087900000|100%| E|CS|TAMS 0x0000000087800000, 0x0000000087800000| Complete 
| 121|0x0000000087900000, 0x0000000087a00000, 0x0000000087a00000|100%| E|CS|TAMS 0x0000000087900000, 0x0000000087900000| Complete 
| 122|0x0000000087a00000, 0x0000000087b00000, 0x0000000087b00000|100%| E|CS|TAMS 0x0000000087a00000, 0x0000000087a00000| Complete 
| 123|0x0000000087b00000, 0x0000000087c00000, 0x0000000087c00000|100%| E|CS|TAMS 0x0000000087b00000, 0x0000000087b00000| Complete 
| 124|0x0000000087c00000, 0x0000000087d00000, 0x0000000087d00000|100%| E|CS|TAMS 0x0000000087c00000, 0x0000000087c00000| Complete 
| 125|0x0000000087d00000, 0x0000000087e00000, 0x0000000087e00000|100%| E|CS|TAMS 0x0000000087d00000, 0x0000000087d00000| Complete 

Card table byte_map: [0x0000021f456d0000,0x0000021f45ad0000] _byte_map_base: 0x0000021f452d0000

Marking Bits (Prev, Next): (CMBitMap*) 0x0000021f324d4910, (CMBitMap*) 0x0000021f324d48d8
 Prev Bits: [0x0000021f47ed0000, 0x0000021f49ed0000)
 Next Bits: [0x0000021f45ed0000, 0x0000021f47ed0000)

Polling page: 0x0000021f303f0000

Metaspace:

Usage:
  Non-class:     64.92 MB capacity,    63.88 MB ( 98%) used,   883.98 KB (  1%) free+waste,   187.56 KB ( <1%) overhead. 
      Class:     10.20 MB capacity,     9.56 MB ( 94%) used,   564.61 KB (  5%) free+waste,    87.13 KB ( <1%) overhead. 
       Both:     75.12 MB capacity,    73.44 MB ( 98%) used,     1.41 MB (  2%) free+waste,   274.69 KB ( <1%) overhead. 

Virtual space:
  Non-class space:       66.00 MB reserved,      65.00 MB ( 98%) committed 
      Class space:        1.00 GB reserved,      10.25 MB (  1%) committed 
             Both:        1.06 GB reserved,      75.25 MB (  7%) committed 

Chunk freelists:
   Non-Class:  15.00 KB
       Class:  20.00 KB
        Both:  35.00 KB

MaxMetaspaceSize: 17179869184.00 GB
CompressedClassSpaceSize: 1.00 GB
Initial GC threshold: 20.80 MB
Current GC threshold: 97.92 MB
CDS: off

CodeHeap 'non-profiled nmethods': size=120000Kb used=3322Kb max_used=3322Kb free=116677Kb
 bounds [0x0000021f3da70000, 0x0000021f3ddb0000, 0x0000021f44fa0000]
CodeHeap 'profiled nmethods': size=120000Kb used=14067Kb max_used=14067Kb free=105932Kb
 bounds [0x0000021f36540000, 0x0000021f37300000, 0x0000021f3da70000]
CodeHeap 'non-nmethods': size=5760Kb used=2357Kb max_used=2401Kb free=3402Kb
 bounds [0x0000021f35fa0000, 0x0000021f36210000, 0x0000021f36540000]
 total_blobs=7880 nmethods=7013 adapters=779
 compilation: enabled
              stopped_count=0, restarted_count=0
 full_count=0

Compilation events (20 events):
Event: 24.147 Thread 0x0000021f4c941800 7189   !   4       java.util.zip.ZipFile::getInputStream (323 bytes)
Event: 24.147 Thread 0x0000021f4c930800 nmethod 7191 0x0000021f372f5c10 code [0x0000021f372f5ec0, 0x0000021f372f6b78]
Event: 24.147 Thread 0x0000021f4c930800 7192       3       java.util.regex.Matcher::end (67 bytes)
Event: 24.148 Thread 0x0000021f4c930800 nmethod 7192 0x0000021f372f7090 code [0x0000021f372f7320, 0x0000021f372f7d88]
Event: 24.148 Thread 0x0000021f4c930800 7193       1       java.util.Formatter$FixedString::index (3 bytes)
Event: 24.148 Thread 0x0000021f4c930800 nmethod 7193 0x0000021f3dda9190 code [0x0000021f3dda9340, 0x0000021f3dda93f8]
Event: 24.250 Thread 0x0000021f4c941800 nmethod 7189 0x0000021f3dda9490 code [0x0000021f3dda9740, 0x0000021f3ddabca0]
Event: 24.250 Thread 0x0000021f4c941800 7194       4       java.lang.String::<init> (15 bytes)
Event: 24.252 Thread 0x0000021f4c941800 nmethod 7194 0x0000021f3ddacf10 code [0x0000021f3ddad0a0, 0x0000021f3ddad1d8]
Event: 24.252 Thread 0x0000021f4c941800 7186       4       java.util.zip.ZipFile$ZipFileInputStream::<init> (96 bytes)
Event: 24.260 Thread 0x0000021f4c941800 nmethod 7186 0x0000021f3ddad290 code [0x0000021f3ddad440, 0x0000021f3ddad798]
Event: 24.260 Thread 0x0000021f4c941800 7187   !   4       java.util.zip.ZipFile$CleanableResource::getInflater (47 bytes)
Event: 24.271 Thread 0x0000021f4c941800 nmethod 7187 0x0000021f3ddada10 code [0x0000021f3ddadbe0, 0x0000021f3ddae218]
Event: 24.271 Thread 0x0000021f4c941800 7195       4       jdk.internal.loader.URLClassPath$JarLoader$2::getInputStream (15 bytes)
Event: 24.314 Thread 0x0000021f4c930800 7196       3       java.util.jar.JarFile::getEntry (22 bytes)
Event: 24.315 Thread 0x0000021f4c930800 nmethod 7196 0x0000021f372f8190 code [0x0000021f372f83c0, 0x0000021f372f8ae8]
Event: 24.315 Thread 0x0000021f4c930800 7197   !   3       jdk.internal.loader.BuiltinClassLoader$2::run (114 bytes)
Event: 24.316 Thread 0x0000021f4c930800 nmethod 7197 0x0000021f372f8d90 code [0x0000021f372f9040, 0x0000021f372f9e18]
Event: 24.371 Thread 0x0000021f4c930800 7199 %     3       jdk.internal.loader.URLClassPath::findResource @ 3 (38 bytes)
Event: 24.371 Thread 0x0000021f4c930800 nmethod 7199% 0x0000021f372fa310 code [0x0000021f372fa500, 0x0000021f372fa898]

GC Heap History (20 events):
Event: 10.690 GC heap before
{Heap before GC invocations=5 (full 0):
 garbage-first heap   total 129024K, used 75845K [0x0000000080000000, 0x0000000100000000)
  region size 1024K, 60 young (61440K), 4 survivors (4096K)
 Metaspace       used 34934K, capacity 35786K, committed 35840K, reserved 1081344K
  class space    used 4531K, capacity 4839K, committed 4864K, reserved 1048576K
}
Event: 10.712 GC heap after
{Heap after GC invocations=6 (full 0):
 garbage-first heap   total 129024K, used 22524K [0x0000000080000000, 0x0000000100000000)
  region size 1024K, 6 young (6144K), 6 survivors (6144K)
 Metaspace       used 34934K, capacity 35786K, committed 35840K, reserved 1081344K
  class space    used 4531K, capacity 4839K, committed 4864K, reserved 1048576K
}
Event: 12.256 GC heap before
{Heap before GC invocations=7 (full 0):
 garbage-first heap   total 129024K, used 86012K [0x0000000080000000, 0x0000000100000000)
  region size 1024K, 66 young (67584K), 6 survivors (6144K)
 Metaspace       used 39847K, capacity 40778K, committed 41088K, reserved 1085440K
  class space    used 5104K, capacity 5433K, committed 5504K, reserved 1048576K
}
Event: 12.268 GC heap after
{Heap after GC invocations=8 (full 0):
 garbage-first heap   total 129024K, used 27991K [0x0000000080000000, 0x0000000100000000)
  region size 1024K, 9 young (9216K), 9 survivors (9216K)
 Metaspace       used 39847K, capacity 40778K, committed 41088K, reserved 1085440K
  class space    used 5104K, capacity 5433K, committed 5504K, reserved 1048576K
}
Event: 13.612 GC heap before
{Heap before GC invocations=8 (full 0):
 garbage-first heap   total 129024K, used 88407K [0x0000000080000000, 0x0000000100000000)
  region size 1024K, 67 young (68608K), 9 survivors (9216K)
 Metaspace       used 45317K, capacity 46340K, committed 46464K, reserved 1089536K
  class space    used 5830K, capacity 6234K, committed 6272K, reserved 1048576K
}
Event: 13.624 GC heap after
{Heap after GC invocations=9 (full 0):
 garbage-first heap   total 129024K, used 29868K [0x0000000080000000, 0x0000000100000000)
  region size 1024K, 3 young (3072K), 3 survivors (3072K)
 Metaspace       used 45317K, capacity 46340K, committed 46464K, reserved 1089536K
  class space    used 5830K, capacity 6234K, committed 6272K, reserved 1048576K
}
Event: 15.633 GC heap before
{Heap before GC invocations=9 (full 0):
 garbage-first heap   total 129024K, used 93356K [0x0000000080000000, 0x0000000100000000)
  region size 1024K, 63 young (64512K), 3 survivors (3072K)
 Metaspace       used 48479K, capacity 49678K, committed 49920K, reserved 1093632K
  class space    used 6206K, capacity 6637K, committed 6656K, reserved 1048576K
}
Event: 15.641 GC heap after
{Heap after GC invocations=10 (full 0):
 garbage-first heap   total 129024K, used 35689K [0x0000000080000000, 0x0000000100000000)
  region size 1024K, 7 young (7168K), 7 survivors (7168K)
 Metaspace       used 48479K, capacity 49678K, committed 49920K, reserved 1093632K
  class space    used 6206K, capacity 6637K, committed 6656K, reserved 1048576K
}
Event: 17.625 GC heap before
{Heap before GC invocations=10 (full 0):
 garbage-first heap   total 129024K, used 96105K [0x0000000080000000, 0x0000000100000000)
  region size 1024K, 65 young (66560K), 7 survivors (7168K)
 Metaspace       used 55066K, capacity 56464K, committed 56704K, reserved 1097728K
  class space    used 7054K, capacity 7544K, committed 7552K, reserved 1048576K
}
Event: 17.637 GC heap after
{Heap after GC invocations=11 (full 0):
 garbage-first heap   total 129024K, used 44494K [0x0000000080000000, 0x0000000100000000)
  region size 1024K, 9 young (9216K), 9 survivors (9216K)
 Metaspace       used 55066K, capacity 56464K, committed 56704K, reserved 1097728K
  class space    used 7054K, capacity 7544K, committed 7552K, reserved 1048576K
}
Event: 18.362 GC heap before
{Heap before GC invocations=11 (full 0):
 garbage-first heap   total 129024K, used 62926K [0x0000000080000000, 0x0000000100000000)
  region size 1024K, 28 young (28672K), 9 survivors (9216K)
 Metaspace       used 58380K, capacity 59793K, committed 59904K, reserved 1101824K
  class space    used 7371K, capacity 7883K, committed 7936K, reserved 1048576K
}
Event: 18.380 GC heap after
{Heap after GC invocations=12 (full 0):
 garbage-first heap   total 129024K, used 45345K [0x0000000080000000, 0x0000000100000000)
  region size 1024K, 2 young (2048K), 2 survivors (2048K)
 Metaspace       used 58380K, capacity 59793K, committed 59904K, reserved 1101824K
  class space    used 7371K, capacity 7883K, committed 7936K, reserved 1048576K
}
Event: 19.649 GC heap before
{Heap before GC invocations=13 (full 0):
 garbage-first heap   total 129024K, used 84257K [0x0000000080000000, 0x0000000100000000)
  region size 1024K, 41 young (41984K), 2 survivors (2048K)
 Metaspace       used 63162K, capacity 64658K, committed 64896K, reserved 1105920K
  class space    used 7989K, capacity 8564K, committed 8576K, reserved 1048576K
}
Event: 19.657 GC heap after
{Heap after GC invocations=14 (full 0):
 garbage-first heap   total 129024K, used 48557K [0x0000000080000000, 0x0000000100000000)
  region size 1024K, 5 young (5120K), 5 survivors (5120K)
 Metaspace       used 63162K, capacity 64658K, committed 64896K, reserved 1105920K
  class space    used 7989K, capacity 8564K, committed 8576K, reserved 1048576K
}
Event: 20.635 GC heap before
{Heap before GC invocations=14 (full 0):
 garbage-first heap   total 129024K, used 89517K [0x0000000080000000, 0x0000000100000000)
  region size 1024K, 44 young (45056K), 5 survivors (5120K)
 Metaspace       used 66330K, capacity 67885K, committed 67968K, reserved 1107968K
  class space    used 8409K, capacity 9009K, committed 9088K, reserved 1048576K
}
Event: 20.644 GC heap after
{Heap after GC invocations=15 (full 0):
 garbage-first heap   total 129024K, used 50880K [0x0000000080000000, 0x0000000100000000)
  region size 1024K, 3 young (3072K), 3 survivors (3072K)
 Metaspace       used 66330K, capacity 67885K, committed 67968K, reserved 1107968K
  class space    used 8409K, capacity 9009K, committed 9088K, reserved 1048576K
}
Event: 21.341 GC heap before
{Heap before GC invocations=15 (full 0):
 garbage-first heap   total 129024K, used 91840K [0x0000000080000000, 0x0000000100000000)
  region size 1024K, 43 young (44032K), 3 survivors (3072K)
 Metaspace       used 67632K, capacity 69223K, committed 69376K, reserved 1110016K
  class space    used 8570K, capacity 9177K, committed 9216K, reserved 1048576K
}
Event: 21.349 GC heap after
{Heap after GC invocations=16 (full 0):
 garbage-first heap   total 129024K, used 53976K [0x0000000080000000, 0x0000000100000000)
  region size 1024K, 6 young (6144K), 6 survivors (6144K)
 Metaspace       used 67632K, capacity 69223K, committed 69376K, reserved 1110016K
  class space    used 8570K, capacity 9177K, committed 9216K, reserved 1048576K
}
Event: 22.674 GC heap before
{Heap before GC invocations=16 (full 0):
 garbage-first heap   total 129024K, used 94936K [0x0000000080000000, 0x0000000100000000)
  region size 1024K, 46 young (47104K), 6 survivors (6144K)
 Metaspace       used 72368K, capacity 74019K, committed 74368K, reserved 1114112K
  class space    used 9370K, capacity 10000K, committed 10112K, reserved 1048576K
}
Event: 22.689 GC heap after
{Heap after GC invocations=17 (full 0):
 garbage-first heap   total 129024K, used 56494K [0x0000000080000000, 0x0000000100000000)
  region size 1024K, 3 young (3072K), 3 survivors (3072K)
 Metaspace       used 72368K, capacity 74019K, committed 74368K, reserved 1114112K
  class space    used 9370K, capacity 10000K, committed 10112K, reserved 1048576K
}

Deoptimization events (20 events):
Event: 23.145 Thread 0x0000021f4e48a800 Uncommon trap: trap_request=0xffffff4d fr.pc=0x0000021f3daead8c relative=0x000000000000098c
Event: 23.145 Thread 0x0000021f4e48a800 Uncommon trap: reason=unstable_if action=reinterpret pc=0x0000021f3daead8c method=java.util.HashMap.resize()[Ljava/util/HashMap$Node; @ 203 c2
Event: 23.145 Thread 0x0000021f4e48a800 DEOPT PACKING pc=0x0000021f3daead8c sp=0x00000020762f9160
Event: 23.145 Thread 0x0000021f4e48a800 DEOPT UNPACKING pc=0x0000021f35fea1af sp=0x00000020762f9100 mode 2
Event: 23.146 Thread 0x0000021f4e48a800 Uncommon trap: trap_request=0xffffff4d fr.pc=0x0000021f3dd71014 relative=0x00000000000002d4
Event: 23.146 Thread 0x0000021f4e48a800 Uncommon trap: reason=unstable_if action=reinterpret pc=0x0000021f3dd71014 method=java.util.HashMap.getNode(ILjava/lang/Object;)Ljava/util/HashMap$Node; @ 84 c2
Event: 23.146 Thread 0x0000021f4e48a800 DEOPT PACKING pc=0x0000021f3dd71014 sp=0x00000020762f9230
Event: 23.146 Thread 0x0000021f4e48a800 DEOPT UNPACKING pc=0x0000021f35fea1af sp=0x00000020762f9140 mode 2
Event: 23.147 Thread 0x0000021f4e48a800 Uncommon trap: trap_request=0xffffff4d fr.pc=0x0000021f3dcb4c74 relative=0x00000000000001b4
Event: 23.147 Thread 0x0000021f4e48a800 Uncommon trap: reason=unstable_if action=reinterpret pc=0x0000021f3dcb4c74 method=java.util.HashMap.getNode(ILjava/lang/Object;)Ljava/util/HashMap$Node; @ 84 c2
Event: 23.147 Thread 0x0000021f4e48a800 DEOPT PACKING pc=0x0000021f3dcb4c74 sp=0x00000020762f91a0
Event: 23.147 Thread 0x0000021f4e48a800 DEOPT UNPACKING pc=0x0000021f35fea1af sp=0x00000020762f9128 mode 2
Event: 23.607 Thread 0x0000021f4e48a800 Uncommon trap: trap_request=0xffffffde fr.pc=0x0000021f3dd64af4 relative=0x0000000000002c54
Event: 23.607 Thread 0x0000021f4e48a800 Uncommon trap: reason=class_check action=maybe_recompile pc=0x0000021f3dd64af4 method=java.util.TreeMap.put(Ljava/lang/Object;Ljava/lang/Object;)Ljava/lang/Object; @ 127 c2
Event: 23.607 Thread 0x0000021f4e48a800 DEOPT PACKING pc=0x0000021f3dd64af4 sp=0x00000020762faf60
Event: 23.608 Thread 0x0000021f4e48a800 DEOPT UNPACKING pc=0x0000021f35fea1af sp=0x00000020762faf10 mode 2
Event: 24.309 Thread 0x0000021f4e48a800 Uncommon trap: trap_request=0xffffff4d fr.pc=0x0000021f3db08e54 relative=0x0000000000001914
Event: 24.309 Thread 0x0000021f4e48a800 Uncommon trap: reason=unstable_if action=reinterpret pc=0x0000021f3db08e54 method=java.util.jar.JarFile.getVersionedEntry(Ljava/lang/String;Ljava/util/jar/JarEntry;)Ljava/util/jar/JarEntry; @ 67 c2
Event: 24.309 Thread 0x0000021f4e48a800 DEOPT PACKING pc=0x0000021f3db08e54 sp=0x00000020762f76a0
Event: 24.309 Thread 0x0000021f4e48a800 DEOPT UNPACKING pc=0x0000021f35fea1af sp=0x00000020762f7668 mode 2

Classes redefined (0 events):
No events

Internal exceptions (20 events):
Event: 21.026 Thread 0x0000021f4e48a800 Exception <a 'java/lang/ClassNotFoundException'{0x0000000086025370}: org/gradle/api/JavaVersionCustomizer> (0x0000000086025370) thrown at [./src/hotspot/share/classfile/systemDictionary.cpp, line 231]
Event: 21.033 Thread 0x0000021f4e48a800 Exception <a 'java/lang/ClassNotFoundException'{0x000000008608b3c0}: com/android/build/gradle/internal/CompileOptions$AgpDecorated_DecoratedBeanInfo> (0x000000008608b3c0) thrown at [./src/hotspot/share/classfile/systemDictionary.cpp, line 231]
Event: 21.033 Thread 0x0000021f4e48a800 Exception <a 'java/lang/ClassNotFoundException'{0x00000000860a5b00}: com/android/build/gradle/internal/CompileOptions$AgpDecoratedBeanInfo> (0x00000000860a5b00) thrown at [./src/hotspot/share/classfile/systemDictionary.cpp, line 231]
Event: 21.034 Thread 0x0000021f4e48a800 Exception <a 'java/lang/ClassNotFoundException'{0x00000000860be3f0}: com/android/build/gradle/internal/CompileOptionsBeanInfo> (0x00000000860be3f0) thrown at [./src/hotspot/share/classfile/systemDictionary.cpp, line 231]
Event: 21.035 Thread 0x0000021f4e48a800 Exception <a 'java/lang/ClassNotFoundException'{0x00000000860d72d0}: com/android/build/gradle/internal/CompileOptionsCustomizer> (0x00000000860d72d0) thrown at [./src/hotspot/share/classfile/systemDictionary.cpp, line 231]
Event: 21.038 Thread 0x0000021f4e48a800 Exception <a 'java/lang/ClassNotFoundException'{0x00000000860fd6c8}: com/android/build/gradle/internal/CompileOptions$AgpDecoratedCustomizer> (0x00000000860fd6c8) thrown at [./src/hotspot/share/classfile/systemDictionary.cpp, line 231]
Event: 21.041 Thread 0x0000021f4e48a800 Exception <a 'java/lang/ClassNotFoundException'{0x0000000085f274b0}: com/android/build/gradle/internal/CompileOptions$AgpDecorated_DecoratedCustomizer> (0x0000000085f274b0) thrown at [./src/hotspot/share/classfile/systemDictionary.cpp, line 231]
Event: 21.054 Thread 0x0000021f4e48a800 Exception <a 'java/lang/ClassNotFoundException'{0x0000000085fe3100}: org/gradle/api/internal/artifacts/dsl/dependencies/DefaultDependencyHandler_DecoratedBeanInfo> (0x0000000085fe3100) thrown at [./src/hotspot/share/classfile/systemDictionary.cpp, line 231]
Event: 21.056 Thread 0x0000021f4e48a800 Exception <a 'java/lang/ClassNotFoundException'{0x0000000085e29420}: org/gradle/api/internal/artifacts/dsl/dependencies/DefaultDependencyHandlerBeanInfo> (0x0000000085e29420) thrown at [./src/hotspot/share/classfile/systemDictionary.cpp, line 231]
Event: 21.058 Thread 0x0000021f4e48a800 Exception <a 'java/lang/ClassNotFoundException'{0x0000000085e6ec80}: org/gradle/api/internal/artifacts/dsl/dependencies/DefaultDependencyHandlerCustomizer> (0x0000000085e6ec80) thrown at [./src/hotspot/share/classfile/systemDictionary.cpp, line 231]
Event: 21.062 Thread 0x0000021f4e48a800 Exception <a 'java/lang/ClassNotFoundException'{0x0000000085edbad0}: org/gradle/api/internal/artifacts/dsl/dependencies/DefaultDependencyHandler_DecoratedCustomizer> (0x0000000085edbad0) thrown at [./src/hotspot/share/classfile/systemDictionary.cpp, line 231]
Event: 22.639 Thread 0x0000021f4e48a800 Exception <a 'java/lang/ClassNotFoundException'{0x00000000858e8fe8}: com/android/build/gradle/internal/api/ApkVariantOutputImpl_DecoratedBeanInfo> (0x00000000858e8fe8) thrown at [./src/hotspot/share/classfile/systemDictionary.cpp, line 231]
Event: 22.640 Thread 0x0000021f4e48a800 Exception <a 'java/lang/ClassNotFoundException'{0x0000000085702ad0}: com/android/build/gradle/internal/api/ApkVariantOutputImplBeanInfo> (0x0000000085702ad0) thrown at [./src/hotspot/share/classfile/systemDictionary.cpp, line 231]
Event: 22.641 Thread 0x0000021f4e48a800 Exception <a 'java/lang/ClassNotFoundException'{0x000000008571c930}: com/android/build/gradle/internal/api/BaseVariantOutputImplBeanInfo> (0x000000008571c930) thrown at [./src/hotspot/share/classfile/systemDictionary.cpp, line 231]
Event: 22.641 Thread 0x0000021f4e48a800 Exception <a 'java/lang/ClassNotFoundException'{0x00000000857367f8}: com/android/build/gradle/internal/api/BaseVariantOutputImplCustomizer> (0x00000000857367f8) thrown at [./src/hotspot/share/classfile/systemDictionary.cpp, line 231]
Event: 22.643 Thread 0x0000021f4e48a800 Exception <a 'java/lang/ClassNotFoundException'{0x0000000085762d58}: com/android/build/gradle/internal/api/ApkVariantOutputImplCustomizer> (0x0000000085762d58) thrown at [./src/hotspot/share/classfile/systemDictionary.cpp, line 231]
Event: 22.645 Thread 0x0000021f4e48a800 Exception <a 'java/lang/ClassNotFoundException'{0x000000008578ba40}: com/android/build/gradle/internal/api/ApkVariantOutputImpl_DecoratedCustomizer> (0x000000008578ba40) thrown at [./src/hotspot/share/classfile/systemDictionary.cpp, line 231]
Event: 22.671 Thread 0x0000021f4e48a800 Exception <a 'java/lang/NoClassDefFoundError'{0x00000000856ec8e0}: org/jetbrains/kotlin/gradle/plugin/KotlinBasePluginWrapper> (0x00000000856ec8e0) thrown at [./src/hotspot/share/classfile/systemDictionary.cpp, line 220]
Event: 23.800 Thread 0x0000021f4e48a800 Exception <a 'sun/nio/fs/WindowsException'{0x00000000867e3748}> (0x00000000867e3748) thrown at [./src/hotspot/share/prims/jni.cpp, line 615]
Event: 23.800 Thread 0x0000021f4e48a800 Exception <a 'sun/nio/fs/WindowsException'{0x00000000867e3b08}> (0x00000000867e3b08) thrown at [./src/hotspot/share/prims/jni.cpp, line 615]

Events (20 events):
Event: 24.284 loading class javax/xml/bind/JAXBContext
Event: 24.284 loading class javax/xml/bind/JAXBContext done
Event: 24.285 loading class javax/xml/bind/ContextFinder
Event: 24.285 loading class javax/xml/bind/ContextFinder done
Event: 24.287 loading class java/util/logging/ConsoleHandler
Event: 24.290 loading class java/util/logging/StreamHandler
Event: 24.300 loading class java/util/logging/StreamHandler done
Event: 24.300 loading class java/util/logging/ConsoleHandler done
Event: 24.300 loading class javax/xml/bind/ServiceLoaderUtil$ExceptionHandler
Event: 24.300 loading class javax/xml/bind/ServiceLoaderUtil$ExceptionHandler done
Event: 24.307 loading class javax/xml/bind/ContextFinder$1
Event: 24.307 loading class javax/xml/bind/ContextFinder$1 done
Event: 24.308 loading class javax/xml/bind/GetPropertyAction
Event: 24.308 loading class javax/xml/bind/GetPropertyAction done
Event: 24.309 loading class javax/xml/bind/ModuleUtil
Event: 24.309 loading class javax/xml/bind/ModuleUtil done
Event: 24.374 loading class javax/xml/bind/JAXBContextFactory
Event: 24.374 loading class javax/xml/bind/JAXBContextFactory done
Event: 24.375 loading class javax/xml/bind/ServiceLoaderUtil
Event: 24.375 loading class javax/xml/bind/ServiceLoaderUtil done


Dynamic libraries:
0x00007ff693d50000 - 0x00007ff693d5a000 	C:\Program Files\Android\Android Studio\jre\bin\java.exe
0x00007ffbc0400000 - 0x00007ffbc0609000 	C:\WINDOWS\SYSTEM32\ntdll.dll
0x00007ffbbe700000 - 0x00007ffbbe7bd000 	C:\WINDOWS\System32\KERNEL32.DLL
0x00007ffbbd9e0000 - 0x00007ffbbdd59000 	C:\WINDOWS\System32\KERNELBASE.dll
0x00007ffbbdef0000 - 0x00007ffbbe001000 	C:\WINDOWS\System32\ucrtbase.dll
0x00007ffbaac60000 - 0x00007ffbaac79000 	C:\Program Files\Android\Android Studio\jre\bin\jli.dll
0x00007ffba8550000 - 0x00007ffba8567000 	C:\Program Files\Android\Android Studio\jre\bin\VCRUNTIME140.dll
0x00007ffbbf990000 - 0x00007ffbbfb3c000 	C:\WINDOWS\System32\USER32.dll
0x00007ffbbd9b0000 - 0x00007ffbbd9d6000 	C:\WINDOWS\System32\win32u.dll
0x00007ffba61d0000 - 0x00007ffba6475000 	C:\WINDOWS\WinSxS\amd64_microsoft.windows.common-controls_6595b64144ccf1df_6.0.22000.120_none_9d947278b86cc467\COMCTL32.dll
0x00007ffbbe6d0000 - 0x00007ffbbe6f9000 	C:\WINDOWS\System32\GDI32.dll
0x00007ffbbe2a0000 - 0x00007ffbbe343000 	C:\WINDOWS\System32\msvcrt.dll
0x00007ffbbe180000 - 0x00007ffbbe292000 	C:\WINDOWS\System32\gdi32full.dll
0x00007ffbbde50000 - 0x00007ffbbdeed000 	C:\WINDOWS\System32\msvcp_win.dll
0x00007ffbbf950000 - 0x00007ffbbf981000 	C:\WINDOWS\System32\IMM32.DLL
0x00007ffba84b0000 - 0x00007ffba854d000 	C:\Program Files\Android\Android Studio\jre\bin\msvcp140.dll
0x00007ffb830d0000 - 0x00007ffb83bb5000 	C:\Program Files\Android\Android Studio\jre\bin\server\jvm.dll
0x00007ffbbe350000 - 0x00007ffbbe3fe000 	C:\WINDOWS\System32\ADVAPI32.dll
0x00007ffbbef70000 - 0x00007ffbbf00e000 	C:\WINDOWS\System32\sechost.dll
0x00007ffbbf830000 - 0x00007ffbbf950000 	C:\WINDOWS\System32\RPCRT4.dll
0x00007ffbc03b0000 - 0x00007ffbc03b8000 	C:\WINDOWS\System32\PSAPI.DLL
0x00007ffbb84c0000 - 0x00007ffbb84f3000 	C:\WINDOWS\SYSTEM32\WINMM.dll
0x00007ffbb99a0000 - 0x00007ffbb99a9000 	C:\WINDOWS\SYSTEM32\WSOCK32.dll
0x00007ffbbc690000 - 0x00007ffbbc69a000 	C:\WINDOWS\SYSTEM32\VERSION.dll
0x00007ffbc02b0000 - 0x00007ffbc031f000 	C:\WINDOWS\System32\WS2_32.dll
0x00007ffbbcae0000 - 0x00007ffbbcaf8000 	C:\WINDOWS\SYSTEM32\kernel.appcore.dll
0x00007ffbb8520000 - 0x00007ffbb8531000 	C:\Program Files\Android\Android Studio\jre\bin\verify.dll
0x00007ffbb9e90000 - 0x00007ffbba0b1000 	C:\WINDOWS\SYSTEM32\DBGHELP.DLL
0x00007ffba37d0000 - 0x00007ffba3801000 	C:\WINDOWS\SYSTEM32\dbgcore.DLL
0x00007ffbbdd60000 - 0x00007ffbbdddf000 	C:\WINDOWS\System32\bcryptPrimitives.dll
0x00007ffbaaeb0000 - 0x00007ffbaaed9000 	C:\Program Files\Android\Android Studio\jre\bin\java.dll
0x00007ffbb8d40000 - 0x00007ffbb8d4b000 	C:\Program Files\Android\Android Studio\jre\bin\jimage.dll
0x00007ffbb7ef0000 - 0x00007ffbb7f08000 	C:\Program Files\Android\Android Studio\jre\bin\zip.dll
0x00007ffbbe7c0000 - 0x00007ffbbef6f000 	C:\WINDOWS\System32\SHELL32.dll
0x00007ffbbb930000 - 0x00007ffbbc198000 	C:\WINDOWS\SYSTEM32\windows.storage.dll
0x00007ffbbf2f0000 - 0x00007ffbbf668000 	C:\WINDOWS\System32\combase.dll
0x00007ffbbb7c0000 - 0x00007ffbbb926000 	C:\WINDOWS\SYSTEM32\wintypes.dll
0x00007ffbbf200000 - 0x00007ffbbf2ea000 	C:\WINDOWS\System32\SHCORE.dll
0x00007ffbbf670000 - 0x00007ffbbf6cd000 	C:\WINDOWS\System32\shlwapi.dll
0x00007ffbbd820000 - 0x00007ffbbd841000 	C:\WINDOWS\SYSTEM32\profapi.dll
0x00007ffbb5410000 - 0x00007ffbb542a000 	C:\Program Files\Android\Android Studio\jre\bin\net.dll
0x00007ffbb7d50000 - 0x00007ffbb7e5c000 	C:\WINDOWS\SYSTEM32\WINHTTP.dll
0x00007ffbbcf10000 - 0x00007ffbbcf77000 	C:\WINDOWS\system32\mswsock.dll
0x00007ffbaae90000 - 0x00007ffbaaea4000 	C:\Program Files\Android\Android Studio\jre\bin\nio.dll
0x00007ffbb8d50000 - 0x00007ffbb8d77000 	C:\Users\HP\.gradle\native\e1d6ef7f7dcc3fd88c89a11ec53ec762bb8ba0a96d01ffa2cd45eb1d1d8dd5c5\windows-amd64\native-platform.dll
0x00007ffba8360000 - 0x00007ffba84a4000 	C:\Users\HP\.gradle\native\5664cfc778a61ccfe75a443a1ab52a65af34e5dc3c78e0209fed803814484fcb\windows-amd64\native-platform-file-events.dll
0x00007ffbb8510000 - 0x00007ffbb851a000 	C:\Program Files\Android\Android Studio\jre\bin\management.dll
0x00007ffbb7f40000 - 0x00007ffbb7f4d000 	C:\Program Files\Android\Android Studio\jre\bin\management_ext.dll
0x00007ffbbd160000 - 0x00007ffbbd178000 	C:\WINDOWS\SYSTEM32\CRYPTSP.dll
0x00007ffbbca40000 - 0x00007ffbbca75000 	C:\WINDOWS\system32\rsaenh.dll
0x00007ffbbd000000 - 0x00007ffbbd029000 	C:\WINDOWS\SYSTEM32\USERENV.dll
0x00007ffbbd2d0000 - 0x00007ffbbd2f7000 	C:\WINDOWS\SYSTEM32\bcrypt.dll
0x00007ffbbd150000 - 0x00007ffbbd15c000 	C:\WINDOWS\SYSTEM32\CRYPTBASE.dll
0x00007ffbbc450000 - 0x00007ffbbc47d000 	C:\WINDOWS\SYSTEM32\IPHLPAPI.DLL
0x00007ffbbf030000 - 0x00007ffbbf039000 	C:\WINDOWS\System32\NSI.dll
0x00007ffbb7c50000 - 0x00007ffbb7c69000 	C:\WINDOWS\SYSTEM32\dhcpcsvc6.DLL
0x00007ffbb82f0000 - 0x00007ffbb830e000 	C:\WINDOWS\SYSTEM32\dhcpcsvc.DLL
0x00007ffbbc480000 - 0x00007ffbbc568000 	C:\WINDOWS\SYSTEM32\DNSAPI.dll

dbghelp: loaded successfully - version: 4.0.5 - missing functions: none
symbol engine: initialized successfully - sym options: 0x614 - pdb path: .;C:\Program Files\Android\Android Studio\jre\bin;C:\WINDOWS\SYSTEM32;C:\WINDOWS\WinSxS\amd64_microsoft.windows.common-controls_6595b64144ccf1df_6.0.22000.120_none_9d947278b86cc467;C:\Program Files\Android\Android Studio\jre\bin\server;C:\Users\HP\.gradle\native\e1d6ef7f7dcc3fd88c89a11ec53ec762bb8ba0a96d01ffa2cd45eb1d1d8dd5c5\windows-amd64;C:\Users\HP\.gradle\native\5664cfc778a61ccfe75a443a1ab52a65af34e5dc3c78e0209fed803814484fcb\windows-amd64

VM Arguments:
jvm_args: --add-opens=java.base/java.util=ALL-UNNAMED --add-opens=java.base/java.lang=ALL-UNNAMED --add-opens=java.base/java.lang.invoke=ALL-UNNAMED --add-opens=java.base/java.util=ALL-UNNAMED --add-opens=java.prefs/java.util.prefs=ALL-UNNAMED --add-opens=java.prefs/java.util.prefs=ALL-UNNAMED --add-opens=java.base/java.nio.charset=ALL-UNNAMED --add-opens=java.base/java.net=ALL-UNNAMED --add-opens=java.base/java.util.concurrent.atomic=ALL-UNNAMED -Xmx2048m -Dfile.encoding=UTF-8 -Duser.country=US -Duser.language=en -Duser.variant 
java_command: org.gradle.launcher.daemon.bootstrap.GradleDaemon 7.3.3
java_class_path (initial): C:\Users\HP\.gradle\wrapper\dists\gradle-7.3.3-bin\6a41zxkdtcxs8rphpq6y0069z\gradle-7.3.3\lib\gradle-launcher-7.3.3.jar
Launcher Type: SUN_STANDARD

[Global flags]
     intx CICompilerCount                          = 4                                         {product} {ergonomic}
     uint ConcGCThreads                            = 2                                         {product} {ergonomic}
     uint G1ConcRefinementThreads                  = 8                                         {product} {ergonomic}
   size_t G1HeapRegionSize                         = 1048576                                   {product} {ergonomic}
    uintx GCDrainStackTargetSize                   = 64                                        {product} {ergonomic}
   size_t InitialHeapSize                          = 132120576                                 {product} {ergonomic}
   size_t MarkStackSize                            = 4194304                                   {product} {ergonomic}
   size_t MaxHeapSize                              = 2147483648                                {product} {command line}
   size_t MaxNewSize                               = 1287651328                                {product} {ergonomic}
   size_t MinHeapDeltaBytes                        = 1048576                                   {product} {ergonomic}
    uintx NonNMethodCodeHeapSize                   = 5836300                                {pd product} {ergonomic}
    uintx NonProfiledCodeHeapSize                  = 122910970                              {pd product} {ergonomic}
    uintx ProfiledCodeHeapSize                     = 122910970                              {pd product} {ergonomic}
    uintx ReservedCodeCacheSize                    = 251658240                              {pd product} {ergonomic}
     bool SegmentedCodeCache                       = true                                      {product} {ergonomic}
     bool UseCompressedClassPointers               = true                                 {lp64_product} {ergonomic}
     bool UseCompressedOops                        = true                                 {lp64_product} {ergonomic}
     bool UseG1GC                                  = true                                      {product} {ergonomic}
     bool UseLargePagesIndividualAllocation        = false                                  {pd product} {ergonomic}

Logging:
Log output configuration:
 #0: stdout all=warning uptime,level,tags
 #1: stderr all=off uptime,level,tags

Environment Variables:
PATH=C:\Program Files (x86)\Common Files\Oracle\Java\javapath;C:\WINDOWS\system32;C:\WINDOWS;C:\WINDOWS\System32\Wbem;C:\WINDOWS\System32\WindowsPowerShell\v1.0\;C:\WINDOWS\System32\OpenSSH\;C:\Program Files\nodejs\;C:\xampp\php;C:\Program Files\MySQL\MySQL Shell 8.0\bin\;C:\Users\HP\AppData\Local\Microsoft\WindowsApps;C:\FPT\MOB1014\Microsoft VS Code\bin;C:\ProgramData\HP\GitHubDesktop\bin;C:\Users\HP\AppData\Roaming\npm
USERNAME=HP
OS=Windows_NT
PROCESSOR_IDENTIFIER=Intel64 Family 6 Model 142 Stepping 12, GenuineIntel



---------------  S Y S T E M  ---------------

OS: Windows 10 , 64 bit Build 22000 (10.0.22000.675)
OS uptime: 0 days 11:17 hours

CPU:total 8 (initial active 8) (4 cores per cpu, 2 threads per core) family 6 model 142 stepping 12 microcode 0xf0, cmov, cx8, fxsr, mmx, sse, sse2, sse3, ssse3, sse4.1, sse4.2, popcnt, avx, avx2, aes, clmul, erms, 3dnowpref, lzcnt, ht, tsc, tscinvbit, bmi1, bmi2, adx, fma

Memory: 4k page, system-wide physical 8029M (248M free)
TotalPageFile size 16029M (AvailPageFile size 0M)
current process WorkingSet (physical memory assigned to process): 332M, peak: 335M
current process commit charge ("private bytes"): 370M, peak: 374M

vm_info: OpenJDK 64-Bit Server VM (11.0.12+7-b1504.28-7817840) for windows-amd64 JRE (11.0.12+7-b1504.28-7817840), built on Oct 13 2021 22:12:33 by "builder" with MS VC++ 14.0 (VS2015)

END.
