#
# There is insufficient memory for the Java Runtime Environment to continue.
# Native memory allocation (malloc) failed to allocate 1053456 bytes for Chunk::new
# Possible reasons:
#   The system is out of physical RAM or swap space
#   The process is running with CompressedOops enabled, and the Java Heap may be blocking the growth of the native heap
# Possible solutions:
#   Reduce memory load on the system
#   Increase physical memory or swap space
#   Check if swap backing store is full
#   Decrease Java heap size (-Xmx/-Xms)
#   Decrease number of Java threads
#   Decrease Java thread stack sizes (-Xss)
#   Set larger code cache with -XX:ReservedCodeCacheSize=
#   JVM is running with Unscaled Compressed Oops mode in which the Java heap is
#     placed in the first 4GB address space. The Java Heap base address is the
#     maximum limit for the native heap growth. Please use -XX:HeapBaseMinAddress
#     to set the Java Heap base and to place the Java Heap above 4GB virtual address.
# This output file may be truncated or incomplete.
#
#  Out of Memory Error (./src/hotspot/share/memory/arena.cpp:197), pid=14720, tid=1924
#
# JRE version: OpenJDK Runtime Environment (11.0.12+7) (build 11.0.12+7-b1504.28-7817840)
# Java VM: OpenJDK 64-Bit Server VM (11.0.12+7-b1504.28-7817840, mixed mode, tiered, compressed oops, g1 gc, windows-amd64)
# No core dump will be written. Minidumps are not enabled by default on client versions of Windows
#

---------------  S U M M A R Y ------------

Command Line: --add-opens=java.base/java.util=ALL-UNNAMED --add-opens=java.base/java.lang=ALL-UNNAMED --add-opens=java.base/java.lang.invoke=ALL-UNNAMED --add-opens=java.base/java.util=ALL-UNNAMED --add-opens=java.prefs/java.util.prefs=ALL-UNNAMED --add-opens=java.prefs/java.util.prefs=ALL-UNNAMED --add-opens=java.base/java.nio.charset=ALL-UNNAMED --add-opens=java.base/java.net=ALL-UNNAMED --add-opens=java.base/java.util.concurrent.atomic=ALL-UNNAMED -Xmx2048m -Dfile.encoding=UTF-8 -Duser.country=US -Duser.language=en -Duser.variant org.gradle.launcher.daemon.bootstrap.GradleDaemon 7.3.3

Host: Intel(R) Core(TM) i5-10210U CPU @ 1.60GHz, 8 cores, 7G,  Windows 10 , 64 bit Build 22000 (10.0.22000.675)
Time: Mon May 23 14:09:19 2022 SE Asia Standard Time elapsed time: 18.148755 seconds (0d 0h 0m 18s)

---------------  T H R E A D  ---------------

Current thread (0x000002acffab1800):  JavaThread "C2 CompilerThread0" daemon [_thread_in_native, id=1924, stack(0x000000b86bb00000,0x000000b86bc00000)]


Current CompileTask:
C2:  18148 10123 %     4       com.android.tools.r8.dex.j::m @ 64 (2094 bytes)

Stack: [0x000000b86bb00000,0x000000b86bc00000]
Native frames: (J=compiled Java code, j=interpreted, Vv=VM code, C=native code)
V  [jvm.dll+0x5fbcea]
V  [jvm.dll+0x731905]
V  [jvm.dll+0x732f1d]
V  [jvm.dll+0x7335d3]
V  [jvm.dll+0x247bf8]
V  [jvm.dll+0xc018c]
V  [jvm.dll+0xc06cc]
V  [jvm.dll+0x35b2db]
V  [jvm.dll+0x19cebc]
V  [jvm.dll+0x20070e]
V  [jvm.dll+0x1ff794]
V  [jvm.dll+0x18868c]
V  [jvm.dll+0x20e0d7]
V  [jvm.dll+0x20c901]
V  [jvm.dll+0x6f9b7f]
V  [jvm.dll+0x6f26a5]
V  [jvm.dll+0x5fabf6]
C  [ucrtbase.dll+0x26c0c]
C  [KERNEL32.DLL+0x154e0]
C  [ntdll.dll+0x485b]


---------------  P R O C E S S  ---------------

Threads class SMR info:
_java_thread_list=0x000002ac847b2720, length=150, elements={
0x000002ace2cd0800, 0x000002acff112000, 0x000002acff11f000, 0x000002acffaa4800,
0x000002acffaa6000, 0x000002acffaa7000, 0x000002acffab1800, 0x000002acffab3000,
0x000002acff131000, 0x000002acffbf3800, 0x000002ac8154e000, 0x000002ac817c9800,
0x000002ac814f2800, 0x000002ac81a74800, 0x000002ac80cc4800, 0x000002ac8134a000,
0x000002ac81757000, 0x000002ac80d26000, 0x000002ac81b60000, 0x000002ac81b5d800,
0x000002ac81b5e800, 0x000002ac81b5c800, 0x000002ac81b5f000, 0x000002ac81b5c000,
0x000002ac81b61000, 0x000002ac81b62800, 0x000002ac81b61800, 0x000002ac83b52000,
0x000002ac83b53000, 0x000002ac83b53800, 0x000002ac83b51000, 0x000002ac83b57800,
0x000002ac83b55800, 0x000002ac83b5a000, 0x000002ac83b5f000, 0x000002ac83b5c800,
0x000002ac83b5d800, 0x000002ac83b5b000, 0x000002ac83b5c000, 0x000002ac83b5e800,
0x000002ac83b60000, 0x000002ac84230000, 0x000002ac8422f800, 0x000002ac84233800,
0x000002ac84234800, 0x000002ac84235000, 0x000002ac84232000, 0x000002ac84236000,
0x000002ac84236800, 0x000002ac84231000, 0x000002ac84237800, 0x000002ac84238800,
0x000002ac84232800, 0x000002ac8423d800, 0x000002ac8423e000, 0x000002ac84239000,
0x000002ac8423c800, 0x000002ac8423a000, 0x000002ac8423b000, 0x000002ac8423b800,
0x000002ac841e2800, 0x000002ac841e4800, 0x000002ac841e2000, 0x000002ac841e3800,
0x000002ac841e5000, 0x000002ac841e6000, 0x000002ac841e7000, 0x000002ac841e1000,
0x000002ac841ec800, 0x000002ac841ed800, 0x000002ac841e7800, 0x000002ac841ee000,
0x000002ac841eb800, 0x000002ac841e9800, 0x000002ac841e8800, 0x000002ac841ef000,
0x000002ac841eb000, 0x000002ac841f0000, 0x000002ac841ea000, 0x000002ac8622b800,
0x000002ac86226000, 0x000002ac8622c800, 0x000002ac86226800, 0x000002ac8622d000,
0x000002ac8622a000, 0x000002ac8622b000, 0x000002ac86227800, 0x000002ac8622e000,
0x000002ac86229000, 0x000002ac86228800, 0x000002ac8622f800, 0x000002ac86234800,
0x000002ac86231800, 0x000002ac86234000, 0x000002ac8622f000, 0x000002ac86230800,
0x000002ac86232000, 0x000002ac86233000, 0x000002ac86237800, 0x000002ac86238800,
0x000002ac86236000, 0x000002ac86239000, 0x000002ac8623b000, 0x000002ac8623b800,
0x000002ac8623a000, 0x000002ac86236800, 0x000002ac8623f000, 0x000002ac8623e000,
0x000002ac86240800, 0x000002ac8623f800, 0x000002ac86241800, 0x000002ac86242000,
0x000002ac8623c800, 0x000002ac86243000, 0x000002ac8623d000, 0x000002ac86244000,
0x000002ac86244800, 0x000002ac827e0800, 0x000002ac827e1000, 0x000002ac827e2000,
0x000002ac827e3800, 0x000002ac827e2800, 0x000002ac827de800, 0x000002ac827e5000,
0x000002ac827df800, 0x000002ac827e6000, 0x000002ac827eb800, 0x000002ac827e8800,
0x000002ac827e7000, 0x000002ac827e9000, 0x000002ac827ea000, 0x000002ac827eb000,
0x000002ac827ec800, 0x000002ac827e7800, 0x000002ac827ed800, 0x000002ac86f36800,
0x000002ac86f37800, 0x000002ac86f32800, 0x000002ac86f33800, 0x000002ac86f34800,
0x000002ac86f35000, 0x000002ac86f36000, 0x000002ac86f32000, 0x000002ac86f3b000,
0x000002ac86f3a000, 0x000002ac86f38800, 0x000002ac86f3f000, 0x000002ac86f3b800,
0x000002ac86f3c800, 0x000002ac86f39000
}

Java Threads: ( => current thread )
  0x000002ace2cd0800 JavaThread "main" [_thread_blocked, id=9128, stack(0x000000b86af00000,0x000000b86b000000)]
  0x000002acff112000 JavaThread "Reference Handler" daemon [_thread_blocked, id=9536, stack(0x000000b86b600000,0x000000b86b700000)]
  0x000002acff11f000 JavaThread "Finalizer" daemon [_thread_blocked, id=15324, stack(0x000000b86b700000,0x000000b86b800000)]
  0x000002acffaa4800 JavaThread "Signal Dispatcher" daemon [_thread_blocked, id=11100, stack(0x000000b86b800000,0x000000b86b900000)]
  0x000002acffaa6000 JavaThread "Attach Listener" daemon [_thread_blocked, id=13656, stack(0x000000b86b900000,0x000000b86ba00000)]
  0x000002acffaa7000 JavaThread "Service Thread" daemon [_thread_blocked, id=12352, stack(0x000000b86ba00000,0x000000b86bb00000)]
=>0x000002acffab1800 JavaThread "C2 CompilerThread0" daemon [_thread_in_native, id=1924, stack(0x000000b86bb00000,0x000000b86bc00000)]
  0x000002acffab3000 JavaThread "C1 CompilerThread0" daemon [_thread_blocked, id=5720, stack(0x000000b86bc00000,0x000000b86bd00000)]
  0x000002acff131000 JavaThread "Sweeper thread" daemon [_thread_blocked, id=10104, stack(0x000000b86bd00000,0x000000b86be00000)]
  0x000002acffbf3800 JavaThread "Common-Cleaner" daemon [_thread_blocked, id=15072, stack(0x000000b86be00000,0x000000b86bf00000)]
  0x000002ac8154e000 JavaThread "Daemon health stats" [_thread_blocked, id=4864, stack(0x000000b86c200000,0x000000b86c300000)]
  0x000002ac817c9800 JavaThread "Incoming local TCP Connector on port 56721" [_thread_in_native, id=9100, stack(0x000000b86c300000,0x000000b86c400000)]
  0x000002ac814f2800 JavaThread "Daemon periodic checks" [_thread_blocked, id=10292, stack(0x000000b86c400000,0x000000b86c500000)]
  0x000002ac81a74800 JavaThread "Daemon" [_thread_blocked, id=13332, stack(0x000000b86c500000,0x000000b86c600000)]
  0x000002ac80cc4800 JavaThread "Handler for socket connection from /127.0.0.1:56721 to /127.0.0.1:56722" [_thread_in_native, id=10860, stack(0x000000b86c600000,0x000000b86c700000)]
  0x000002ac8134a000 JavaThread "Cancel handler" [_thread_blocked, id=13116, stack(0x000000b86c700000,0x000000b86c800000)]
  0x000002ac81757000 JavaThread "Daemon worker" [_thread_blocked, id=13248, stack(0x000000b86c800000,0x000000b86c900000)]
  0x000002ac80d26000 JavaThread "Asynchronous log dispatcher for DefaultDaemonConnection: socket connection from /127.0.0.1:56721 to /127.0.0.1:56722" [_thread_blocked, id=9156, stack(0x000000b86c900000,0x000000b86ca00000)]
  0x000002ac81b60000 JavaThread "Stdin handler" [_thread_blocked, id=13208, stack(0x000000b86ca00000,0x000000b86cb00000)]
  0x000002ac81b5d800 JavaThread "Daemon client event forwarder" [_thread_blocked, id=10876, stack(0x000000b86cb00000,0x000000b86cc00000)]
  0x000002ac81b5e800 JavaThread "Cache worker for journal cache (C:\Users\HP\.gradle\caches\journal-1)" [_thread_blocked, id=11836, stack(0x000000b86d100000,0x000000b86d200000)]
  0x000002ac81b5c800 JavaThread "File lock request listener" [_thread_in_native, id=9904, stack(0x000000b86d200000,0x000000b86d300000)]
  0x000002ac81b5f000 JavaThread "Cache worker for file hash cache (C:\Users\HP\.gradle\caches\7.3.3\fileHashes)" [_thread_blocked, id=13472, stack(0x000000b86d300000,0x000000b86d400000)]
  0x000002ac81b5c000 JavaThread "Cache worker for file hash cache (C:\FPT\MOB403 - AndroidNetworking\MOB403_PS18620_mientvt_Assignment\.gradle\7.3.3\fileHashes)" [_thread_blocked, id=2844, stack(0x000000b86d500000,0x000000b86d600000)]
  0x000002ac81b61000 JavaThread "File watcher server" daemon [_thread_in_native, id=4060, stack(0x000000b86d600000,0x000000b86d700000)]
  0x000002ac81b62800 JavaThread "File watcher consumer" daemon [_thread_blocked, id=11332, stack(0x000000b86d700000,0x000000b86d800000)]
  0x000002ac81b61800 JavaThread "Cache worker for checksums cache (C:\FPT\MOB403 - AndroidNetworking\MOB403_PS18620_mientvt_Assignment\.gradle\7.3.3\checksums)" [_thread_blocked, id=600, stack(0x000000b86d800000,0x000000b86d900000)]
  0x000002ac83b52000 JavaThread "Cache worker for cache directory md-supplier (C:\Users\HP\.gradle\caches\7.3.3\md-supplier)" [_thread_blocked, id=16032, stack(0x000000b86d900000,0x000000b86da00000)]
  0x000002ac83b53000 JavaThread "Cache worker for cache directory md-rule (C:\Users\HP\.gradle\caches\7.3.3\md-rule)" [_thread_blocked, id=11728, stack(0x000000b86da00000,0x000000b86db00000)]
  0x000002ac83b53800 JavaThread "Cache worker for execution history cache (C:\Users\HP\.gradle\caches\7.3.3\executionHistory)" [_thread_blocked, id=8228, stack(0x000000b86db00000,0x000000b86dc00000)]
  0x000002ac83b51000 JavaThread "jar transforms" [_thread_blocked, id=14932, stack(0x000000b86dc00000,0x000000b86dd00000)]
  0x000002ac83b57800 JavaThread "Cache worker for file content cache (C:\Users\HP\.gradle\caches\7.3.3\fileContent)" [_thread_blocked, id=5516, stack(0x000000b86dd00000,0x000000b86de00000)]
  0x000002ac83b55800 JavaThread "jar transforms Thread 2" [_thread_blocked, id=12876, stack(0x000000b86de00000,0x000000b86df00000)]
  0x000002ac83b5a000 JavaThread "Cache worker for dependencies-accessors (C:\FPT\MOB403 - AndroidNetworking\MOB403_PS18620_mientvt_Assignment\.gradle\7.3.3\dependencies-accessors)" [_thread_blocked, id=10092, stack(0x000000b86df00000,0x000000b86e000000)]
  0x000002ac83b5f000 JavaThread "jar transforms Thread 3" [_thread_blocked, id=4988, stack(0x000000b86e000000,0x000000b86e100000)]
  0x000002ac83b5c800 JavaThread "Cache worker for Build Output Cleanup Cache (C:\FPT\MOB403 - AndroidNetworking\MOB403_PS18620_mientvt_Assignment\.gradle\buildOutputCleanup)" [_thread_blocked, id=9940, stack(0x000000b86e100000,0x000000b86e200000)]
  0x000002ac83b5d800 JavaThread "Unconstrained build operations" [_thread_blocked, id=9032, stack(0x000000b86e200000,0x000000b86e300000)]
  0x000002ac83b5b000 JavaThread "Unconstrained build operations Thread 2" [_thread_blocked, id=12896, stack(0x000000b86e300000,0x000000b86e400000)]
  0x000002ac83b5c000 JavaThread "Unconstrained build operations Thread 3" [_thread_blocked, id=4104, stack(0x000000b86e400000,0x000000b86e500000)]
  0x000002ac83b5e800 JavaThread "Unconstrained build operations Thread 4" [_thread_blocked, id=3772, stack(0x000000b86e500000,0x000000b86e600000)]
  0x000002ac83b60000 JavaThread "Unconstrained build operations Thread 5" [_thread_blocked, id=9896, stack(0x000000b86e600000,0x000000b86e700000)]
  0x000002ac84230000 JavaThread "Unconstrained build operations Thread 6" [_thread_blocked, id=13980, stack(0x000000b86e700000,0x000000b86e800000)]
  0x000002ac8422f800 JavaThread "Unconstrained build operations Thread 7" [_thread_blocked, id=9864, stack(0x000000b86e800000,0x000000b86e900000)]
  0x000002ac84233800 JavaThread "Unconstrained build operations Thread 8" [_thread_blocked, id=4504, stack(0x000000b86e900000,0x000000b86ea00000)]
  0x000002ac84234800 JavaThread "Unconstrained build operations Thread 9" [_thread_blocked, id=3160, stack(0x000000b86ea00000,0x000000b86eb00000)]
  0x000002ac84235000 JavaThread "Unconstrained build operations Thread 10" [_thread_blocked, id=15632, stack(0x000000b86eb00000,0x000000b86ec00000)]
  0x000002ac84232000 JavaThread "Unconstrained build operations Thread 11" [_thread_blocked, id=12468, stack(0x000000b86ec00000,0x000000b86ed00000)]
  0x000002ac84236000 JavaThread "Unconstrained build operations Thread 12" [_thread_blocked, id=11152, stack(0x000000b86ed00000,0x000000b86ee00000)]
  0x000002ac84236800 JavaThread "Unconstrained build operations Thread 13" [_thread_blocked, id=16840, stack(0x000000b86ee00000,0x000000b86ef00000)]
  0x000002ac84231000 JavaThread "Unconstrained build operations Thread 14" [_thread_blocked, id=15392, stack(0x000000b86ef00000,0x000000b86f000000)]
  0x000002ac84237800 JavaThread "Unconstrained build operations Thread 15" [_thread_blocked, id=11704, stack(0x000000b86f000000,0x000000b86f100000)]
  0x000002ac84238800 JavaThread "Unconstrained build operations Thread 16" [_thread_blocked, id=8292, stack(0x000000b86f100000,0x000000b86f200000)]
  0x000002ac84232800 JavaThread "Unconstrained build operations Thread 17" [_thread_blocked, id=13564, stack(0x000000b86f200000,0x000000b86f300000)]
  0x000002ac8423d800 JavaThread "Unconstrained build operations Thread 18" [_thread_blocked, id=5204, stack(0x000000b86f300000,0x000000b86f400000)]
  0x000002ac8423e000 JavaThread "Unconstrained build operations Thread 19" [_thread_blocked, id=972, stack(0x000000b86f400000,0x000000b86f500000)]
  0x000002ac84239000 JavaThread "Unconstrained build operations Thread 20" [_thread_blocked, id=1016, stack(0x000000b86f500000,0x000000b86f600000)]
  0x000002ac8423c800 JavaThread "Unconstrained build operations Thread 21" [_thread_blocked, id=11560, stack(0x000000b86f600000,0x000000b86f700000)]
  0x000002ac8423a000 JavaThread "Unconstrained build operations Thread 22" [_thread_blocked, id=3584, stack(0x000000b86f700000,0x000000b86f800000)]
  0x000002ac8423b000 JavaThread "Unconstrained build operations Thread 23" [_thread_blocked, id=10400, stack(0x000000b86f800000,0x000000b86f900000)]
  0x000002ac8423b800 JavaThread "Unconstrained build operations Thread 24" [_thread_blocked, id=5404, stack(0x000000b86f900000,0x000000b86fa00000)]
  0x000002ac841e2800 JavaThread "Unconstrained build operations Thread 25" [_thread_blocked, id=8504, stack(0x000000b86fa00000,0x000000b86fb00000)]
  0x000002ac841e4800 JavaThread "Unconstrained build operations Thread 26" [_thread_blocked, id=9572, stack(0x000000b86fb00000,0x000000b86fc00000)]
  0x000002ac841e2000 JavaThread "Unconstrained build operations Thread 27" [_thread_blocked, id=5340, stack(0x000000b86fc00000,0x000000b86fd00000)]
  0x000002ac841e3800 JavaThread "Unconstrained build operations Thread 28" [_thread_blocked, id=6660, stack(0x000000b86fd00000,0x000000b86fe00000)]
  0x000002ac841e5000 JavaThread "Unconstrained build operations Thread 29" [_thread_blocked, id=10304, stack(0x000000b86fe00000,0x000000b86ff00000)]
  0x000002ac841e6000 JavaThread "Unconstrained build operations Thread 30" [_thread_blocked, id=11164, stack(0x000000b86ff00000,0x000000b870000000)]
  0x000002ac841e7000 JavaThread "Unconstrained build operations Thread 31" [_thread_blocked, id=3952, stack(0x000000b870000000,0x000000b870100000)]
  0x000002ac841e1000 JavaThread "Unconstrained build operations Thread 32" [_thread_blocked, id=11380, stack(0x000000b870100000,0x000000b870200000)]
  0x000002ac841ec800 JavaThread "Unconstrained build operations Thread 33" [_thread_blocked, id=8388, stack(0x000000b870200000,0x000000b870300000)]
  0x000002ac841ed800 JavaThread "Unconstrained build operations Thread 34" [_thread_blocked, id=6560, stack(0x000000b870300000,0x000000b870400000)]
  0x000002ac841e7800 JavaThread "Unconstrained build operations Thread 35" [_thread_blocked, id=3000, stack(0x000000b870400000,0x000000b870500000)]
  0x000002ac841ee000 JavaThread "Unconstrained build operations Thread 36" [_thread_blocked, id=8612, stack(0x000000b870500000,0x000000b870600000)]
  0x000002ac841eb800 JavaThread "Unconstrained build operations Thread 37" [_thread_blocked, id=15436, stack(0x000000b870600000,0x000000b870700000)]
  0x000002ac841e9800 JavaThread "Unconstrained build operations Thread 38" [_thread_blocked, id=14172, stack(0x000000b870700000,0x000000b870800000)]
  0x000002ac841e8800 JavaThread "Unconstrained build operations Thread 39" [_thread_blocked, id=7844, stack(0x000000b870800000,0x000000b870900000)]
  0x000002ac841ef000 JavaThread "Unconstrained build operations Thread 40" [_thread_blocked, id=4416, stack(0x000000b870900000,0x000000b870a00000)]
  0x000002ac841eb000 JavaThread "Unconstrained build operations Thread 41" [_thread_blocked, id=14292, stack(0x000000b870a00000,0x000000b870b00000)]
  0x000002ac841f0000 JavaThread "Unconstrained build operations Thread 42" [_thread_blocked, id=14400, stack(0x000000b870b00000,0x000000b870c00000)]
  0x000002ac841ea000 JavaThread "Unconstrained build operations Thread 43" [_thread_blocked, id=5540, stack(0x000000b870c00000,0x000000b870d00000)]
  0x000002ac8622b800 JavaThread "Unconstrained build operations Thread 44" [_thread_blocked, id=3480, stack(0x000000b870d00000,0x000000b870e00000)]
  0x000002ac86226000 JavaThread "Unconstrained build operations Thread 45" [_thread_blocked, id=11096, stack(0x000000b870e00000,0x000000b870f00000)]
  0x000002ac8622c800 JavaThread "Unconstrained build operations Thread 46" [_thread_blocked, id=1704, stack(0x000000b870f00000,0x000000b871000000)]
  0x000002ac86226800 JavaThread "Unconstrained build operations Thread 47" [_thread_blocked, id=13948, stack(0x000000b871000000,0x000000b871100000)]
  0x000002ac8622d000 JavaThread "Unconstrained build operations Thread 48" [_thread_blocked, id=13892, stack(0x000000b871100000,0x000000b871200000)]
  0x000002ac8622a000 JavaThread "Unconstrained build operations Thread 49" [_thread_blocked, id=16248, stack(0x000000b871200000,0x000000b871300000)]
  0x000002ac8622b000 JavaThread "Unconstrained build operations Thread 50" [_thread_blocked, id=15384, stack(0x000000b871300000,0x000000b871400000)]
  0x000002ac86227800 JavaThread "Unconstrained build operations Thread 51" [_thread_blocked, id=16792, stack(0x000000b871400000,0x000000b871500000)]
  0x000002ac8622e000 JavaThread "Unconstrained build operations Thread 52" [_thread_blocked, id=16908, stack(0x000000b871500000,0x000000b871600000)]
  0x000002ac86229000 JavaThread "Unconstrained build operations Thread 53" [_thread_blocked, id=3012, stack(0x000000b871600000,0x000000b871700000)]
  0x000002ac86228800 JavaThread "Unconstrained build operations Thread 54" [_thread_blocked, id=15524, stack(0x000000b871700000,0x000000b871800000)]
  0x000002ac8622f800 JavaThread "Unconstrained build operations Thread 55" [_thread_blocked, id=15232, stack(0x000000b871800000,0x000000b871900000)]
  0x000002ac86234800 JavaThread "Unconstrained build operations Thread 56" [_thread_blocked, id=14144, stack(0x000000b871900000,0x000000b871a00000)]
  0x000002ac86231800 JavaThread "Unconstrained build operations Thread 57" [_thread_blocked, id=2300, stack(0x000000b871a00000,0x000000b871b00000)]
  0x000002ac86234000 JavaThread "Unconstrained build operations Thread 58" [_thread_blocked, id=3948, stack(0x000000b871b00000,0x000000b871c00000)]
  0x000002ac8622f000 JavaThread "Unconstrained build operations Thread 59" [_thread_blocked, id=10188, stack(0x000000b871c00000,0x000000b871d00000)]
  0x000002ac86230800 JavaThread "Unconstrained build operations Thread 60" [_thread_blocked, id=10028, stack(0x000000b871d00000,0x000000b871e00000)]
  0x000002ac86232000 JavaThread "Unconstrained build operations Thread 61" [_thread_blocked, id=15900, stack(0x000000b871e00000,0x000000b871f00000)]
  0x000002ac86233000 JavaThread "Unconstrained build operations Thread 62" [_thread_blocked, id=15096, stack(0x000000b871f00000,0x000000b872000000)]
  0x000002ac86237800 JavaThread "Unconstrained build operations Thread 63" [_thread_blocked, id=6744, stack(0x000000b872000000,0x000000b872100000)]
  0x000002ac86238800 JavaThread "Unconstrained build operations Thread 64" [_thread_blocked, id=9056, stack(0x000000b872100000,0x000000b872200000)]
  0x000002ac86236000 JavaThread "Unconstrained build operations Thread 65" [_thread_blocked, id=2224, stack(0x000000b872200000,0x000000b872300000)]
  0x000002ac86239000 JavaThread "Unconstrained build operations Thread 66" [_thread_blocked, id=732, stack(0x000000b872300000,0x000000b872400000)]
  0x000002ac8623b000 JavaThread "Unconstrained build operations Thread 67" [_thread_blocked, id=10644, stack(0x000000b872400000,0x000000b872500000)]
  0x000002ac8623b800 JavaThread "Unconstrained build operations Thread 68" [_thread_blocked, id=10384, stack(0x000000b872500000,0x000000b872600000)]
  0x000002ac8623a000 JavaThread "Unconstrained build operations Thread 69" [_thread_blocked, id=6980, stack(0x000000b872600000,0x000000b872700000)]
  0x000002ac86236800 JavaThread "Unconstrained build operations Thread 70" [_thread_blocked, id=11740, stack(0x000000b872700000,0x000000b872800000)]
  0x000002ac8623f000 JavaThread "Unconstrained build operations Thread 71" [_thread_blocked, id=11656, stack(0x000000b872800000,0x000000b872900000)]
  0x000002ac8623e000 JavaThread "Unconstrained build operations Thread 72" [_thread_blocked, id=13504, stack(0x000000b872900000,0x000000b872a00000)]
  0x000002ac86240800 JavaThread "Unconstrained build operations Thread 73" [_thread_blocked, id=2876, stack(0x000000b872a00000,0x000000b872b00000)]
  0x000002ac8623f800 JavaThread "Unconstrained build operations Thread 74" [_thread_blocked, id=1308, stack(0x000000b872b00000,0x000000b872c00000)]
  0x000002ac86241800 JavaThread "Unconstrained build operations Thread 75" [_thread_blocked, id=7384, stack(0x000000b872c00000,0x000000b872d00000)]
  0x000002ac86242000 JavaThread "Unconstrained build operations Thread 76" [_thread_blocked, id=10580, stack(0x000000b872d00000,0x000000b872e00000)]
  0x000002ac8623c800 JavaThread "Unconstrained build operations Thread 77" [_thread_blocked, id=17220, stack(0x000000b872e00000,0x000000b872f00000)]
  0x000002ac86243000 JavaThread "Unconstrained build operations Thread 78" [_thread_blocked, id=11008, stack(0x000000b872f00000,0x000000b873000000)]
  0x000002ac8623d000 JavaThread "Unconstrained build operations Thread 79" [_thread_blocked, id=8184, stack(0x000000b873000000,0x000000b873100000)]
  0x000002ac86244000 JavaThread "Unconstrained build operations Thread 80" [_thread_blocked, id=14392, stack(0x000000b873100000,0x000000b873200000)]
  0x000002ac86244800 JavaThread "jar transforms Thread 4" [_thread_blocked, id=12728, stack(0x000000b873200000,0x000000b873300000)]
  0x000002ac827e0800 JavaThread "jar transforms Thread 5" [_thread_blocked, id=10536, stack(0x000000b873300000,0x000000b873400000)]
  0x000002ac827e1000 JavaThread "jar transforms Thread 6" [_thread_blocked, id=10496, stack(0x000000b873400000,0x000000b873500000)]
  0x000002ac827e2000 JavaThread "jar transforms Thread 7" [_thread_blocked, id=16536, stack(0x000000b873500000,0x000000b873600000)]
  0x000002ac827e3800 JavaThread "jar transforms Thread 8" [_thread_blocked, id=12556, stack(0x000000b873600000,0x000000b873700000)]
  0x000002ac827e2800 JavaThread "Memory manager" [_thread_blocked, id=5576, stack(0x000000b873700000,0x000000b873800000)]
  0x000002ac827de800 JavaThread "build event listener" [_thread_blocked, id=2748, stack(0x000000b873800000,0x000000b873900000)]
  0x000002ac827e5000 JavaThread "pool-3-thread-1" [_thread_blocked, id=11256, stack(0x000000b873900000,0x000000b873a00000)]
  0x000002ac827df800 JavaThread "build event listener" [_thread_blocked, id=1548, stack(0x000000b873a00000,0x000000b873b00000)]
  0x000002ac827e6000 JavaThread "Execution worker for ':'" [_thread_blocked, id=2964, stack(0x000000b873b00000,0x000000b873c00000)]
  0x000002ac827eb800 JavaThread "Execution worker for ':' Thread 2" [_thread_blocked, id=1708, stack(0x000000b873c00000,0x000000b873d00000)]
  0x000002ac827e8800 JavaThread "Execution worker for ':' Thread 3" [_thread_blocked, id=12780, stack(0x000000b873d00000,0x000000b873e00000)]
  0x000002ac827e7000 JavaThread "Execution worker for ':' Thread 4" [_thread_blocked, id=11604, stack(0x000000b873e00000,0x000000b873f00000)]
  0x000002ac827e9000 JavaThread "Execution worker for ':' Thread 5" [_thread_blocked, id=13240, stack(0x000000b873f00000,0x000000b874000000)]
  0x000002ac827ea000 JavaThread "Execution worker for ':' Thread 6" [_thread_blocked, id=11432, stack(0x000000b874000000,0x000000b874100000)]
  0x000002ac827eb000 JavaThread "Execution worker for ':' Thread 7" [_thread_blocked, id=12512, stack(0x000000b874100000,0x000000b874200000)]
  0x000002ac827ec800 JavaThread "Cache worker for execution history cache (C:\FPT\MOB403 - AndroidNetworking\MOB403_PS18620_mientvt_Assignment\.gradle\7.3.3\executionHistory)" [_thread_blocked, id=15852, stack(0x000000b874200000,0x000000b874300000)]
  0x000002ac827e7800 JavaThread "WorkerExecutor Queue" [_thread_blocked, id=10228, stack(0x000000b874300000,0x000000b874400000)]
  0x000002ac827ed800 JavaThread "WorkerExecutor Queue Thread 2" [_thread_blocked, id=2360, stack(0x000000b874400000,0x000000b874500000)]
  0x000002ac86f36800 JavaThread "WorkerExecutor Queue Thread 3" [_thread_blocked, id=6276, stack(0x000000b874500000,0x000000b874600000)]
  0x000002ac86f37800 JavaThread "WorkerExecutor Queue Thread 4" [_thread_blocked, id=17320, stack(0x000000b874600000,0x000000b874700000)]
  0x000002ac86f32800 JavaThread "WorkerExecutor Queue Thread 5" [_thread_in_Java, id=11084, stack(0x000000b874700000,0x000000b874800000)]
  0x000002ac86f33800 JavaThread "WorkerExecutor Queue Thread 6" [_thread_blocked, id=9848, stack(0x000000b874800000,0x000000b874900000)]
  0x000002ac86f34800 JavaThread "WorkerExecutor Queue Thread 7" [_thread_blocked, id=1580, stack(0x000000b874900000,0x000000b874a00000)]
  0x000002ac86f35000 JavaThread "WorkerExecutor Queue Thread 8" [_thread_blocked, id=8552, stack(0x000000b874a00000,0x000000b874b00000)]
  0x000002ac86f36000 JavaThread "WorkerExecutor Queue Thread 9" [_thread_in_native, id=11016, stack(0x000000b874b00000,0x000000b874c00000)]
  0x000002ac86f32000 JavaThread "ForkJoinPool-1-worker-3" daemon [_thread_in_vm, id=9104, stack(0x000000b874c00000,0x000000b874d00000)]
  0x000002ac86f3b000 JavaThread "ForkJoinPool-1-worker-5" daemon [_thread_in_Java, id=4112, stack(0x000000b874d00000,0x000000b874e00000)]
  0x000002ac86f3a000 JavaThread "ForkJoinPool-1-worker-9" daemon [_thread_blocked, id=8308, stack(0x000000b874e00000,0x000000b874f00000)]
  0x000002ac86f38800 JavaThread "ForkJoinPool-1-worker-7" daemon [_thread_blocked, id=3540, stack(0x000000b874f00000,0x000000b875000000)]
  0x000002ac86f3f000 JavaThread "ForkJoinPool-1-worker-11" daemon [_thread_blocked, id=14104, stack(0x000000b875000000,0x000000b875100000)]
  0x000002ac86f3b800 JavaThread "ForkJoinPool-1-worker-13" daemon [_thread_in_vm, id=16084, stack(0x000000b875100000,0x000000b875200000)]
  0x000002ac86f3c800 JavaThread "ForkJoinPool-1-worker-15" daemon [_thread_in_Java, id=12692, stack(0x000000b875200000,0x000000b875300000)]
  0x000002ac86f39000 JavaThread "ForkJoinPool-1-worker-1" daemon [_thread_blocked, id=13604, stack(0x000000b875300000,0x000000b875400000)]

Other Threads:
  0x000002acff10f000 VMThread "VM Thread" [stack: 0x000000b86b500000,0x000000b86b600000] [id=9092]
  0x000002acffc3a800 WatcherThread [stack: 0x000000b86bf00000,0x000000b86c000000] [id=13528]
  0x000002ace2ce5000 GCTaskThread "GC Thread#0" [stack: 0x000000b86b000000,0x000000b86b100000] [id=14704]
  0x000002ac80941800 GCTaskThread "GC Thread#1" [stack: 0x000000b86c000000,0x000000b86c100000] [id=14968]
  0x000002ac805f2000 GCTaskThread "GC Thread#2" [stack: 0x000000b86c100000,0x000000b86c200000] [id=16184]
  0x000002ac81bc9800 GCTaskThread "GC Thread#3" [stack: 0x000000b86cc00000,0x000000b86cd00000] [id=7464]
  0x000002ac81cb8000 GCTaskThread "GC Thread#4" [stack: 0x000000b86cd00000,0x000000b86ce00000] [id=1300]
  0x000002ac81cb8800 GCTaskThread "GC Thread#5" [stack: 0x000000b86ce00000,0x000000b86cf00000] [id=4224]
  0x000002ac81d1d800 GCTaskThread "GC Thread#6" [stack: 0x000000b86cf00000,0x000000b86d000000] [id=16812]
  0x000002ac81d1e000 GCTaskThread "GC Thread#7" [stack: 0x000000b86d000000,0x000000b86d100000] [id=596]
  0x000002ace2d19000 ConcurrentGCThread "G1 Main Marker" [stack: 0x000000b86b100000,0x000000b86b200000] [id=9944]
  0x000002ace2d1a800 ConcurrentGCThread "G1 Conc#0" [stack: 0x000000b86b200000,0x000000b86b300000] [id=15656]
  0x000002ac81b5a000 ConcurrentGCThread "G1 Conc#1" [stack: 0x000000b86d400000,0x000000b86d500000] [id=13088]
  0x000002acfef60800 ConcurrentGCThread "G1 Refine#0" [stack: 0x000000b86b300000,0x000000b86b400000] [id=10056]
  0x000002ac86ac8800 ConcurrentGCThread "G1 Refine#1" [stack: 0x000000b875400000,0x000000b875500000] [id=14272]
  0x000002ac86f95800 ConcurrentGCThread "G1 Refine#2" [stack: 0x000000b875500000,0x000000b875600000] [id=12868]
  0x000002ac8452f000 ConcurrentGCThread "G1 Refine#3" [stack: 0x000000b875600000,0x000000b875700000] [id=10048]
  0x000002ac8821b000 ConcurrentGCThread "G1 Refine#4" [stack: 0x000000b875700000,0x000000b875800000] [id=2024]
  0x000002ac88ac7800 ConcurrentGCThread "G1 Refine#5" [stack: 0x000000b875800000,0x000000b875900000] [id=8988]
  0x000002acfef61800 ConcurrentGCThread "G1 Young RemSet Sampling" [stack: 0x000000b86b400000,0x000000b86b500000] [id=15452]

Threads with active compile tasks:
C2 CompilerThread0  18242 10123 %     4       com.android.tools.r8.dex.j::m @ 64 (2094 bytes)
C1 CompilerThread0  18242 12339       2       com.android.tools.r8.graph.J::b (13 bytes)

VM state:not at safepoint (normal execution)

VM Mutex/Monitor currently owned by a thread: None

Heap address: 0x0000000080000000, size: 2048 MB, Compressed Oops mode: 32-bit
Narrow klass base: 0x0000000000000000, Narrow klass shift: 3
Compressed class space size: 1073741824 Address: 0x0000000100000000

Heap:
 garbage-first heap   total 245760K, used 165248K [0x0000000080000000, 0x0000000100000000)
  region size 1024K, 11 young (11264K), 7 survivors (7168K)
 Metaspace       used 98963K, capacity 101658K, committed 102732K, reserved 1138688K
  class space    used 12954K, capacity 14017K, committed 14464K, reserved 1048576K
Heap Regions: E=young(eden), S=young(survivor), O=old, HS=humongous(starts), HC=humongous(continues), CS=collection set, F=free, A=archive, TAMS=top-at-mark-start (previous, next)
|   0|0x0000000080000000, 0x0000000080100000, 0x0000000080100000|100%| O|  |TAMS 0x0000000080100000, 0x0000000080000000| Untracked 
|   1|0x0000000080100000, 0x0000000080200000, 0x0000000080200000|100%| O|  |TAMS 0x0000000080200000, 0x0000000080100000| Untracked 
|   2|0x0000000080200000, 0x0000000080300000, 0x0000000080300000|100%| O|  |TAMS 0x0000000080300000, 0x0000000080200000| Untracked 
|   3|0x0000000080300000, 0x0000000080400000, 0x0000000080400000|100%|HS|  |TAMS 0x0000000080400000, 0x0000000080300000| Complete 
|   4|0x0000000080400000, 0x0000000080500000, 0x0000000080500000|100%|HC|  |TAMS 0x0000000080500000, 0x0000000080400000| Complete 
|   5|0x0000000080500000, 0x0000000080600000, 0x0000000080600000|100%|HC|  |TAMS 0x0000000080600000, 0x0000000080500000| Complete 
|   6|0x0000000080600000, 0x0000000080700000, 0x0000000080700000|100%| O|  |TAMS 0x0000000080700000, 0x0000000080600000| Untracked 
|   7|0x0000000080700000, 0x0000000080800000, 0x0000000080800000|100%| O|  |TAMS 0x0000000080800000, 0x0000000080700000| Untracked 
|   8|0x0000000080800000, 0x0000000080900000, 0x0000000080900000|100%| O|  |TAMS 0x0000000080900000, 0x0000000080800000| Untracked 
|   9|0x0000000080900000, 0x0000000080a00000, 0x0000000080a00000|100%| O|  |TAMS 0x0000000080a00000, 0x0000000080900000| Untracked 
|  10|0x0000000080a00000, 0x0000000080b00000, 0x0000000080b00000|100%| O|  |TAMS 0x0000000080b00000, 0x0000000080a00000| Untracked 
|  11|0x0000000080b00000, 0x0000000080c00000, 0x0000000080c00000|100%| O|  |TAMS 0x0000000080c00000, 0x0000000080b00000| Untracked 
|  12|0x0000000080c00000, 0x0000000080d00000, 0x0000000080d00000|100%| O|  |TAMS 0x0000000080d00000, 0x0000000080c00000| Untracked 
|  13|0x0000000080d00000, 0x0000000080e00000, 0x0000000080e00000|100%| O|  |TAMS 0x0000000080e00000, 0x0000000080d00000| Untracked 
|  14|0x0000000080e00000, 0x0000000080f00000, 0x0000000080f00000|100%| O|  |TAMS 0x0000000080f00000, 0x0000000080e00000| Untracked 
|  15|0x0000000080f00000, 0x0000000081000000, 0x0000000081000000|100%| O|  |TAMS 0x0000000081000000, 0x0000000080f00000| Untracked 
|  16|0x0000000081000000, 0x0000000081100000, 0x0000000081100000|100%|HS|  |TAMS 0x0000000081100000, 0x0000000081000000| Complete 
|  17|0x0000000081100000, 0x0000000081200000, 0x0000000081200000|100%| O|  |TAMS 0x0000000081200000, 0x0000000081100000| Untracked 
|  18|0x0000000081200000, 0x0000000081300000, 0x0000000081300000|100%| O|  |TAMS 0x0000000081300000, 0x0000000081200000| Untracked 
|  19|0x0000000081300000, 0x0000000081400000, 0x0000000081400000|100%| O|  |TAMS 0x0000000081400000, 0x0000000081300000| Untracked 
|  20|0x0000000081400000, 0x0000000081500000, 0x0000000081500000|100%| O|  |TAMS 0x0000000081500000, 0x0000000081400000| Untracked 
|  21|0x0000000081500000, 0x0000000081600000, 0x0000000081600000|100%| O|  |TAMS 0x0000000081600000, 0x0000000081500000| Untracked 
|  22|0x0000000081600000, 0x0000000081700000, 0x0000000081700000|100%| O|  |TAMS 0x0000000081700000, 0x0000000081600000| Untracked 
|  23|0x0000000081700000, 0x0000000081800000, 0x0000000081800000|100%| O|  |TAMS 0x0000000081800000, 0x0000000081700000| Untracked 
|  24|0x0000000081800000, 0x0000000081900000, 0x0000000081900000|100%| O|  |TAMS 0x0000000081900000, 0x0000000081800000| Untracked 
|  25|0x0000000081900000, 0x0000000081a00000, 0x0000000081a00000|100%| O|  |TAMS 0x0000000081a00000, 0x0000000081900000| Untracked 
|  26|0x0000000081a00000, 0x0000000081b00000, 0x0000000081b00000|100%| O|  |TAMS 0x0000000081b00000, 0x0000000081a00000| Untracked 
|  27|0x0000000081b00000, 0x0000000081c00000, 0x0000000081c00000|100%| O|  |TAMS 0x0000000081c00000, 0x0000000081b00000| Untracked 
|  28|0x0000000081c00000, 0x0000000081d00000, 0x0000000081d00000|100%|HS|  |TAMS 0x0000000081d00000, 0x0000000081c00000| Complete 
|  29|0x0000000081d00000, 0x0000000081e00000, 0x0000000081e00000|100%|HS|  |TAMS 0x0000000081e00000, 0x0000000081d00000| Complete 
|  30|0x0000000081e00000, 0x0000000081f00000, 0x0000000081f00000|100%|HC|  |TAMS 0x0000000081f00000, 0x0000000081e00000| Complete 
|  31|0x0000000081f00000, 0x0000000082000000, 0x0000000082000000|100%| O|  |TAMS 0x0000000082000000, 0x0000000081f00000| Untracked 
|  32|0x0000000082000000, 0x0000000082100000, 0x0000000082100000|100%| O|  |TAMS 0x0000000082100000, 0x0000000082000000| Untracked 
|  33|0x0000000082100000, 0x0000000082200000, 0x0000000082200000|100%| O|  |TAMS 0x0000000082200000, 0x0000000082100000| Untracked 
|  34|0x0000000082200000, 0x0000000082300000, 0x0000000082300000|100%| O|  |TAMS 0x0000000082300000, 0x0000000082200000| Untracked 
|  35|0x0000000082300000, 0x0000000082400000, 0x0000000082400000|100%| O|  |TAMS 0x0000000082400000, 0x0000000082300000| Untracked 
|  36|0x0000000082400000, 0x0000000082500000, 0x0000000082500000|100%| O|  |TAMS 0x0000000082500000, 0x0000000082400000| Untracked 
|  37|0x0000000082500000, 0x0000000082600000, 0x0000000082600000|100%| O|  |TAMS 0x0000000082600000, 0x0000000082500000| Untracked 
|  38|0x0000000082600000, 0x0000000082700000, 0x0000000082700000|100%| O|  |TAMS 0x0000000082700000, 0x0000000082600000| Untracked 
|  39|0x0000000082700000, 0x0000000082800000, 0x0000000082800000|100%| O|  |TAMS 0x0000000082800000, 0x0000000082700000| Untracked 
|  40|0x0000000082800000, 0x0000000082900000, 0x0000000082900000|100%| O|  |TAMS 0x0000000082900000, 0x0000000082800000| Untracked 
|  41|0x0000000082900000, 0x0000000082a00000, 0x0000000082a00000|100%| O|  |TAMS 0x0000000082a00000, 0x0000000082900000| Untracked 
|  42|0x0000000082a00000, 0x0000000082b00000, 0x0000000082b00000|100%| O|  |TAMS 0x0000000082b00000, 0x0000000082a00000| Untracked 
|  43|0x0000000082b00000, 0x0000000082c00000, 0x0000000082c00000|100%| O|  |TAMS 0x0000000082c00000, 0x0000000082b00000| Untracked 
|  44|0x0000000082c00000, 0x0000000082d00000, 0x0000000082d00000|100%| O|  |TAMS 0x0000000082d00000, 0x0000000082c00000| Untracked 
|  45|0x0000000082d00000, 0x0000000082e00000, 0x0000000082e00000|100%| O|  |TAMS 0x0000000082e00000, 0x0000000082d00000| Untracked 
|  46|0x0000000082e00000, 0x0000000082f00000, 0x0000000082f00000|100%| O|  |TAMS 0x0000000082f00000, 0x0000000082e00000| Untracked 
|  47|0x0000000082f00000, 0x0000000083000000, 0x0000000083000000|100%| O|  |TAMS 0x0000000083000000, 0x0000000082f00000| Untracked 
|  48|0x0000000083000000, 0x0000000083100000, 0x0000000083100000|100%| O|  |TAMS 0x0000000083100000, 0x0000000083000000| Untracked 
|  49|0x0000000083100000, 0x0000000083200000, 0x0000000083200000|100%| O|  |TAMS 0x0000000083200000, 0x0000000083100000| Untracked 
|  50|0x0000000083200000, 0x0000000083300000, 0x0000000083300000|100%| O|  |TAMS 0x0000000083300000, 0x0000000083200000| Untracked 
|  51|0x0000000083300000, 0x0000000083400000, 0x0000000083400000|100%| O|  |TAMS 0x0000000083400000, 0x0000000083300000| Untracked 
|  52|0x0000000083400000, 0x0000000083500000, 0x0000000083500000|100%| O|  |TAMS 0x0000000083500000, 0x0000000083400000| Untracked 
|  53|0x0000000083500000, 0x0000000083600000, 0x0000000083600000|100%| O|  |TAMS 0x0000000083600000, 0x0000000083500000| Untracked 
|  54|0x0000000083600000, 0x0000000083700000, 0x0000000083700000|100%| O|  |TAMS 0x0000000083700000, 0x0000000083600000| Untracked 
|  55|0x0000000083700000, 0x0000000083800000, 0x0000000083800000|100%| O|  |TAMS 0x0000000083800000, 0x0000000083700000| Untracked 
|  56|0x0000000083800000, 0x0000000083900000, 0x0000000083900000|100%| O|  |TAMS 0x0000000083900000, 0x0000000083800000| Untracked 
|  57|0x0000000083900000, 0x0000000083a00000, 0x0000000083a00000|100%| O|  |TAMS 0x0000000083a00000, 0x0000000083900000| Untracked 
|  58|0x0000000083a00000, 0x0000000083b00000, 0x0000000083b00000|100%| O|  |TAMS 0x0000000083b00000, 0x0000000083a00000| Untracked 
|  59|0x0000000083b00000, 0x0000000083c00000, 0x0000000083c00000|100%| O|  |TAMS 0x0000000083c00000, 0x0000000083b00000| Untracked 
|  60|0x0000000083c00000, 0x0000000083d00000, 0x0000000083d00000|100%| O|  |TAMS 0x0000000083d00000, 0x0000000083c00000| Untracked 
|  61|0x0000000083d00000, 0x0000000083e00000, 0x0000000083e00000|100%| O|  |TAMS 0x0000000083e00000, 0x0000000083d00000| Untracked 
|  62|0x0000000083e00000, 0x0000000083f00000, 0x0000000083f00000|100%| O|  |TAMS 0x0000000083f00000, 0x0000000083e00000| Untracked 
|  63|0x0000000083f00000, 0x0000000084000000, 0x0000000084000000|100%| O|  |TAMS 0x0000000084000000, 0x0000000083f00000| Untracked 
|  64|0x0000000084000000, 0x0000000084100000, 0x0000000084100000|100%| O|  |TAMS 0x0000000084100000, 0x0000000084000000| Untracked 
|  65|0x0000000084100000, 0x0000000084200000, 0x0000000084200000|100%| O|  |TAMS 0x0000000084200000, 0x0000000084100000| Untracked 
|  66|0x0000000084200000, 0x0000000084300000, 0x0000000084300000|100%| O|  |TAMS 0x0000000084300000, 0x0000000084200000| Untracked 
|  67|0x0000000084300000, 0x0000000084400000, 0x0000000084400000|100%| O|  |TAMS 0x0000000084400000, 0x0000000084300000| Untracked 
|  68|0x0000000084400000, 0x0000000084500000, 0x0000000084500000|100%| O|  |TAMS 0x0000000084500000, 0x0000000084400000| Untracked 
|  69|0x0000000084500000, 0x0000000084600000, 0x0000000084600000|100%| O|  |TAMS 0x0000000084600000, 0x0000000084500000| Untracked 
|  70|0x0000000084600000, 0x0000000084700000, 0x0000000084700000|100%| O|  |TAMS 0x0000000084700000, 0x0000000084600000| Untracked 
|  71|0x0000000084700000, 0x0000000084800000, 0x0000000084800000|100%|HS|  |TAMS 0x0000000084800000, 0x0000000084700000| Complete 
|  72|0x0000000084800000, 0x0000000084900000, 0x0000000084900000|100%|HC|  |TAMS 0x0000000084900000, 0x0000000084800000| Complete 
|  73|0x0000000084900000, 0x0000000084a00000, 0x0000000084a00000|100%|HS|  |TAMS 0x0000000084a00000, 0x0000000084900000| Complete 
|  74|0x0000000084a00000, 0x0000000084b00000, 0x0000000084b00000|100%|HS|  |TAMS 0x0000000084b00000, 0x0000000084a00000| Complete 
|  75|0x0000000084b00000, 0x0000000084c00000, 0x0000000084c00000|100%|HS|  |TAMS 0x0000000084c00000, 0x0000000084b00000| Complete 
|  76|0x0000000084c00000, 0x0000000084d00000, 0x0000000084d00000|100%|HS|  |TAMS 0x0000000084d00000, 0x0000000084c00000| Complete 
|  77|0x0000000084d00000, 0x0000000084e00000, 0x0000000084e00000|100%|HC|  |TAMS 0x0000000084e00000, 0x0000000084d00000| Complete 
|  78|0x0000000084e00000, 0x0000000084f00000, 0x0000000084f00000|100%|HS|  |TAMS 0x0000000084f00000, 0x0000000084e00000| Complete 
|  79|0x0000000084f00000, 0x0000000085000000, 0x0000000085000000|100%| O|  |TAMS 0x0000000085000000, 0x0000000084f00000| Untracked 
|  80|0x0000000085000000, 0x0000000085100000, 0x0000000085100000|100%| O|  |TAMS 0x0000000085100000, 0x0000000085000000| Untracked 
|  81|0x0000000085100000, 0x0000000085200000, 0x0000000085200000|100%| O|  |TAMS 0x0000000085200000, 0x0000000085100000| Untracked 
|  82|0x0000000085200000, 0x0000000085300000, 0x0000000085300000|100%| O|  |TAMS 0x0000000085300000, 0x0000000085200000| Untracked 
|  83|0x0000000085300000, 0x0000000085400000, 0x0000000085400000|100%| O|  |TAMS 0x0000000085400000, 0x0000000085300000| Untracked 
|  84|0x0000000085400000, 0x0000000085500000, 0x0000000085500000|100%| O|  |TAMS 0x0000000085500000, 0x0000000085400000| Untracked 
|  85|0x0000000085500000, 0x0000000085600000, 0x0000000085600000|100%|HS|  |TAMS 0x0000000085600000, 0x0000000085500000| Complete 
|  86|0x0000000085600000, 0x0000000085700000, 0x0000000085700000|100%| O|  |TAMS 0x0000000085700000, 0x0000000085600000| Untracked 
|  87|0x0000000085700000, 0x0000000085800000, 0x0000000085800000|100%|HS|  |TAMS 0x0000000085800000, 0x0000000085700000| Complete 
|  88|0x0000000085800000, 0x0000000085900000, 0x0000000085900000|100%| O|  |TAMS 0x0000000085900000, 0x0000000085800000| Untracked 
|  89|0x0000000085900000, 0x0000000085a00000, 0x0000000085a00000|100%|HS|  |TAMS 0x0000000085a00000, 0x0000000085900000| Complete 
|  90|0x0000000085a00000, 0x0000000085b00000, 0x0000000085b00000|100%| O|  |TAMS 0x0000000085b00000, 0x0000000085a00000| Untracked 
|  91|0x0000000085b00000, 0x0000000085c00000, 0x0000000085c00000|100%|HS|  |TAMS 0x0000000085c00000, 0x0000000085b00000| Complete 
|  92|0x0000000085c00000, 0x0000000085d00000, 0x0000000085d00000|100%| O|  |TAMS 0x0000000085d00000, 0x0000000085c00000| Untracked 
|  93|0x0000000085d00000, 0x0000000085e00000, 0x0000000085e00000|100%| O|  |TAMS 0x0000000085e00000, 0x0000000085d00000| Untracked 
|  94|0x0000000085e00000, 0x0000000085f00000, 0x0000000085f00000|100%| O|  |TAMS 0x0000000085f00000, 0x0000000085e00000| Untracked 
|  95|0x0000000085f00000, 0x0000000086000000, 0x0000000086000000|100%| O|  |TAMS 0x0000000086000000, 0x0000000085f00000| Untracked 
|  96|0x0000000086000000, 0x0000000086100000, 0x0000000086100000|100%| O|  |TAMS 0x0000000086100000, 0x0000000086000000| Untracked 
|  97|0x0000000086100000, 0x0000000086200000, 0x0000000086200000|100%| O|  |TAMS 0x0000000086200000, 0x0000000086100000| Untracked 
|  98|0x0000000086200000, 0x0000000086300000, 0x0000000086300000|100%| O|  |TAMS 0x0000000086300000, 0x0000000086200000| Untracked 
|  99|0x0000000086300000, 0x0000000086400000, 0x0000000086400000|100%| O|  |TAMS 0x0000000086400000, 0x0000000086300000| Untracked 
| 100|0x0000000086400000, 0x0000000086500000, 0x0000000086500000|100%| O|  |TAMS 0x0000000086500000, 0x0000000086400000| Untracked 
| 101|0x0000000086500000, 0x0000000086600000, 0x0000000086600000|100%| O|  |TAMS 0x0000000086600000, 0x0000000086500000| Untracked 
| 102|0x0000000086600000, 0x0000000086700000, 0x0000000086700000|100%| O|  |TAMS 0x0000000086700000, 0x0000000086600000| Untracked 
| 103|0x0000000086700000, 0x0000000086800000, 0x0000000086800000|100%| O|  |TAMS 0x0000000086800000, 0x0000000086700000| Untracked 
| 104|0x0000000086800000, 0x0000000086900000, 0x0000000086900000|100%| O|  |TAMS 0x0000000086900000, 0x0000000086800000| Untracked 
| 105|0x0000000086900000, 0x0000000086a00000, 0x0000000086a00000|100%| O|  |TAMS 0x0000000086a00000, 0x0000000086900000| Untracked 
| 106|0x0000000086a00000, 0x0000000086b00000, 0x0000000086b00000|100%| O|  |TAMS 0x0000000086b00000, 0x0000000086a00000| Untracked 
| 107|0x0000000086b00000, 0x0000000086c00000, 0x0000000086c00000|100%| O|  |TAMS 0x0000000086c00000, 0x0000000086b00000| Untracked 
| 108|0x0000000086c00000, 0x0000000086d00000, 0x0000000086d00000|100%|HS|  |TAMS 0x0000000086d00000, 0x0000000086c00000| Complete 
| 109|0x0000000086d00000, 0x0000000086e00000, 0x0000000086e00000|100%| O|  |TAMS 0x0000000086e00000, 0x0000000086d00000| Untracked 
| 110|0x0000000086e00000, 0x0000000086f00000, 0x0000000086f00000|100%| O|  |TAMS 0x0000000086f00000, 0x0000000086e00000| Untracked 
| 111|0x0000000086f00000, 0x0000000087000000, 0x0000000087000000|100%| O|  |TAMS 0x0000000087000000, 0x0000000086f00000| Untracked 
| 112|0x0000000087000000, 0x0000000087100000, 0x0000000087100000|100%| O|  |TAMS 0x0000000087100000, 0x0000000087000000| Untracked 
| 113|0x0000000087100000, 0x0000000087200000, 0x0000000087200000|100%| O|  |TAMS 0x0000000087200000, 0x0000000087100000| Untracked 
| 114|0x0000000087200000, 0x0000000087300000, 0x0000000087300000|100%| O|  |TAMS 0x0000000087300000, 0x0000000087200000| Untracked 
| 115|0x0000000087300000, 0x0000000087400000, 0x0000000087400000|100%| O|  |TAMS 0x0000000087400000, 0x0000000087300000| Untracked 
| 116|0x0000000087400000, 0x0000000087500000, 0x0000000087500000|100%| O|  |TAMS 0x0000000087500000, 0x0000000087400000| Untracked 
| 117|0x0000000087500000, 0x0000000087600000, 0x0000000087600000|100%| O|  |TAMS 0x0000000087600000, 0x0000000087500000| Untracked 
| 118|0x0000000087600000, 0x0000000087700000, 0x0000000087700000|100%| O|  |TAMS 0x0000000087700000, 0x0000000087600000| Untracked 
| 119|0x0000000087700000, 0x0000000087800000, 0x0000000087800000|100%| O|  |TAMS 0x0000000087800000, 0x0000000087700000| Untracked 
| 120|0x0000000087800000, 0x0000000087900000, 0x0000000087900000|100%| O|  |TAMS 0x0000000087900000, 0x0000000087800000| Untracked 
| 121|0x0000000087900000, 0x0000000087a00000, 0x0000000087a00000|100%| O|  |TAMS 0x0000000087a00000, 0x0000000087900000| Untracked 
| 122|0x0000000087a00000, 0x0000000087b00000, 0x0000000087b00000|100%| O|  |TAMS 0x0000000087b00000, 0x0000000087a00000| Untracked 
| 123|0x0000000087b00000, 0x0000000087c00000, 0x0000000087c00000|100%| O|  |TAMS 0x0000000087c00000, 0x0000000087b00000| Untracked 
| 124|0x0000000087c00000, 0x0000000087d00000, 0x0000000087d00000|100%| O|  |TAMS 0x0000000087d00000, 0x0000000087c00000| Untracked 
| 125|0x0000000087d00000, 0x0000000087e00000, 0x0000000087e00000|100%| O|  |TAMS 0x0000000087e00000, 0x0000000087d00000| Untracked 
| 126|0x0000000087e00000, 0x0000000087f00000, 0x0000000087f00000|100%| O|  |TAMS 0x0000000087f00000, 0x0000000087e00000| Untracked 
| 127|0x0000000087f00000, 0x0000000088000000, 0x0000000088000000|100%| O|  |TAMS 0x0000000088000000, 0x0000000087f00000| Untracked 
| 128|0x0000000088000000, 0x0000000088100000, 0x0000000088100000|100%| O|  |TAMS 0x0000000088100000, 0x0000000088000000| Untracked 
| 129|0x0000000088100000, 0x0000000088200000, 0x0000000088200000|100%| O|  |TAMS 0x0000000088200000, 0x0000000088100000| Untracked 
| 130|0x0000000088200000, 0x0000000088300000, 0x0000000088300000|100%| O|  |TAMS 0x0000000088300000, 0x0000000088200000| Untracked 
| 131|0x0000000088300000, 0x0000000088400000, 0x0000000088400000|100%| O|  |TAMS 0x0000000088400000, 0x0000000088300000| Untracked 
| 132|0x0000000088400000, 0x0000000088500000, 0x0000000088500000|100%| O|  |TAMS 0x0000000088500000, 0x0000000088400000| Untracked 
| 133|0x0000000088500000, 0x0000000088600000, 0x0000000088600000|100%| O|  |TAMS 0x00000000885c6800, 0x0000000088500000| Untracked 
| 134|0x0000000088600000, 0x0000000088700000, 0x0000000088700000|100%| O|  |TAMS 0x0000000088600000, 0x0000000088600000| Untracked 
| 135|0x0000000088700000, 0x0000000088800000, 0x0000000088800000|100%| O|  |TAMS 0x0000000088700000, 0x0000000088700000| Untracked 
| 136|0x0000000088800000, 0x0000000088900000, 0x0000000088900000|100%| O|  |TAMS 0x0000000088800000, 0x0000000088800000| Untracked 
| 137|0x0000000088900000, 0x0000000088a00000, 0x0000000088a00000|100%| O|  |TAMS 0x0000000088900000, 0x0000000088900000| Untracked 
| 138|0x0000000088a00000, 0x0000000088b00000, 0x0000000088b00000|100%| O|  |TAMS 0x0000000088a00000, 0x0000000088a00000| Untracked 
| 139|0x0000000088b00000, 0x0000000088c00000, 0x0000000088c00000|100%| O|  |TAMS 0x0000000088b00000, 0x0000000088b00000| Untracked 
| 140|0x0000000088c00000, 0x0000000088d00000, 0x0000000088d00000|100%| O|  |TAMS 0x0000000088c00000, 0x0000000088c00000| Untracked 
| 141|0x0000000088d00000, 0x0000000088e00000, 0x0000000088e00000|100%| O|  |TAMS 0x0000000088d00000, 0x0000000088d00000| Untracked 
| 142|0x0000000088e00000, 0x0000000088f00000, 0x0000000088f00000|100%| O|  |TAMS 0x0000000088e00000, 0x0000000088e00000| Untracked 
| 143|0x0000000088f00000, 0x0000000089000000, 0x0000000089000000|100%| O|  |TAMS 0x0000000088f00000, 0x0000000088f00000| Untracked 
| 144|0x0000000089000000, 0x0000000089100000, 0x0000000089100000|100%| O|  |TAMS 0x0000000089000000, 0x0000000089000000| Untracked 
| 145|0x0000000089100000, 0x0000000089200000, 0x0000000089200000|100%| O|  |TAMS 0x0000000089100000, 0x0000000089100000| Untracked 
| 146|0x0000000089200000, 0x0000000089300000, 0x0000000089300000|100%| O|  |TAMS 0x0000000089200000, 0x0000000089200000| Untracked 
| 147|0x0000000089300000, 0x0000000089400000, 0x0000000089400000|100%| O|  |TAMS 0x0000000089300000, 0x0000000089300000| Untracked 
| 148|0x0000000089400000, 0x0000000089500000, 0x0000000089500000|100%| O|  |TAMS 0x0000000089400000, 0x0000000089400000| Untracked 
| 149|0x0000000089500000, 0x0000000089600000, 0x0000000089600000|100%| O|  |TAMS 0x0000000089500000, 0x0000000089500000| Untracked 
| 150|0x0000000089600000, 0x0000000089700000, 0x0000000089700000|100%| O|  |TAMS 0x0000000089600000, 0x0000000089600000| Untracked 
| 151|0x0000000089700000, 0x0000000089760000, 0x0000000089800000| 37%| O|  |TAMS 0x0000000089700000, 0x0000000089700000| Untracked 
| 152|0x0000000089800000, 0x0000000089800000, 0x0000000089900000|  0%| F|  |TAMS 0x0000000089800000, 0x0000000089800000| Untracked 
| 153|0x0000000089900000, 0x0000000089900000, 0x0000000089a00000|  0%| F|  |TAMS 0x0000000089900000, 0x0000000089900000| Untracked 
| 154|0x0000000089a00000, 0x0000000089a00000, 0x0000000089b00000|  0%| F|  |TAMS 0x0000000089a00000, 0x0000000089a00000| Untracked 
| 155|0x0000000089b00000, 0x0000000089b00000, 0x0000000089c00000|  0%| F|  |TAMS 0x0000000089b00000, 0x0000000089b00000| Untracked 
| 156|0x0000000089c00000, 0x0000000089c00000, 0x0000000089d00000|  0%| F|  |TAMS 0x0000000089c00000, 0x0000000089c00000| Untracked 
| 157|0x0000000089d00000, 0x0000000089d00000, 0x0000000089e00000|  0%| F|  |TAMS 0x0000000089d00000, 0x0000000089d00000| Untracked 
| 158|0x0000000089e00000, 0x0000000089e00000, 0x0000000089f00000|  0%| F|  |TAMS 0x0000000089e00000, 0x0000000089e00000| Untracked 
| 159|0x0000000089f00000, 0x0000000089f00000, 0x000000008a000000|  0%| F|  |TAMS 0x0000000089f00000, 0x0000000089f00000| Untracked 
| 160|0x000000008a000000, 0x000000008a000000, 0x000000008a100000|  0%| F|  |TAMS 0x000000008a000000, 0x000000008a000000| Untracked 
| 161|0x000000008a100000, 0x000000008a100000, 0x000000008a200000|  0%| F|  |TAMS 0x000000008a100000, 0x000000008a100000| Untracked 
| 162|0x000000008a200000, 0x000000008a200000, 0x000000008a300000|  0%| F|  |TAMS 0x000000008a200000, 0x000000008a200000| Untracked 
| 163|0x000000008a300000, 0x000000008a300000, 0x000000008a400000|  0%| F|  |TAMS 0x000000008a300000, 0x000000008a300000| Untracked 
| 164|0x000000008a400000, 0x000000008a400000, 0x000000008a500000|  0%| F|  |TAMS 0x000000008a400000, 0x000000008a400000| Untracked 
| 165|0x000000008a500000, 0x000000008a500000, 0x000000008a600000|  0%| F|  |TAMS 0x000000008a500000, 0x000000008a500000| Untracked 
| 166|0x000000008a600000, 0x000000008a600000, 0x000000008a700000|  0%| F|  |TAMS 0x000000008a600000, 0x000000008a600000| Untracked 
| 167|0x000000008a700000, 0x000000008a700000, 0x000000008a800000|  0%| F|  |TAMS 0x000000008a700000, 0x000000008a700000| Untracked 
| 168|0x000000008a800000, 0x000000008a800000, 0x000000008a900000|  0%| F|  |TAMS 0x000000008a800000, 0x000000008a800000| Untracked 
| 169|0x000000008a900000, 0x000000008a900000, 0x000000008aa00000|  0%| F|  |TAMS 0x000000008a900000, 0x000000008a900000| Untracked 
| 170|0x000000008aa00000, 0x000000008aa00000, 0x000000008ab00000|  0%| F|  |TAMS 0x000000008aa00000, 0x000000008aa00000| Untracked 
| 171|0x000000008ab00000, 0x000000008ab00000, 0x000000008ac00000|  0%| F|  |TAMS 0x000000008ab00000, 0x000000008ab00000| Untracked 
| 172|0x000000008ac00000, 0x000000008ac00000, 0x000000008ad00000|  0%| F|  |TAMS 0x000000008ac00000, 0x000000008ac00000| Untracked 
| 173|0x000000008ad00000, 0x000000008ad00000, 0x000000008ae00000|  0%| F|  |TAMS 0x000000008ad00000, 0x000000008ad00000| Untracked 
| 174|0x000000008ae00000, 0x000000008ae00000, 0x000000008af00000|  0%| F|  |TAMS 0x000000008ae00000, 0x000000008ae00000| Untracked 
| 175|0x000000008af00000, 0x000000008af00000, 0x000000008b000000|  0%| F|  |TAMS 0x000000008af00000, 0x000000008af00000| Untracked 
| 176|0x000000008b000000, 0x000000008b000000, 0x000000008b100000|  0%| F|  |TAMS 0x000000008b000000, 0x000000008b000000| Untracked 
| 177|0x000000008b100000, 0x000000008b100000, 0x000000008b200000|  0%| F|  |TAMS 0x000000008b100000, 0x000000008b100000| Untracked 
| 178|0x000000008b200000, 0x000000008b200000, 0x000000008b300000|  0%| F|  |TAMS 0x000000008b200000, 0x000000008b200000| Untracked 
| 179|0x000000008b300000, 0x000000008b300000, 0x000000008b400000|  0%| F|  |TAMS 0x000000008b300000, 0x000000008b300000| Untracked 
| 180|0x000000008b400000, 0x000000008b400000, 0x000000008b500000|  0%| F|  |TAMS 0x000000008b400000, 0x000000008b400000| Untracked 
| 181|0x000000008b500000, 0x000000008b500000, 0x000000008b600000|  0%| F|  |TAMS 0x000000008b500000, 0x000000008b500000| Untracked 
| 182|0x000000008b600000, 0x000000008b600000, 0x000000008b700000|  0%| F|  |TAMS 0x000000008b600000, 0x000000008b600000| Untracked 
| 183|0x000000008b700000, 0x000000008b700000, 0x000000008b800000|  0%| F|  |TAMS 0x000000008b700000, 0x000000008b700000| Untracked 
| 184|0x000000008b800000, 0x000000008b800000, 0x000000008b900000|  0%| F|  |TAMS 0x000000008b800000, 0x000000008b800000| Untracked 
| 185|0x000000008b900000, 0x000000008b900000, 0x000000008ba00000|  0%| F|  |TAMS 0x000000008b900000, 0x000000008b900000| Untracked 
| 186|0x000000008ba00000, 0x000000008ba00000, 0x000000008bb00000|  0%| F|  |TAMS 0x000000008ba00000, 0x000000008ba00000| Untracked 
| 187|0x000000008bb00000, 0x000000008bc00000, 0x000000008bc00000|100%| S|CS|TAMS 0x000000008bb00000, 0x000000008bb00000| Complete 
| 188|0x000000008bc00000, 0x000000008bd00000, 0x000000008bd00000|100%| S|CS|TAMS 0x000000008bc00000, 0x000000008bc00000| Complete 
| 189|0x000000008bd00000, 0x000000008be00000, 0x000000008be00000|100%| S|CS|TAMS 0x000000008bd00000, 0x000000008bd00000| Complete 
| 190|0x000000008be00000, 0x000000008bf00000, 0x000000008bf00000|100%| S|CS|TAMS 0x000000008be00000, 0x000000008be00000| Complete 
| 191|0x000000008bf00000, 0x000000008c000000, 0x000000008c000000|100%| S|CS|TAMS 0x000000008bf00000, 0x000000008bf00000| Complete 
| 192|0x000000008c000000, 0x000000008c100000, 0x000000008c100000|100%| S|CS|TAMS 0x000000008c000000, 0x000000008c000000| Complete 
| 193|0x000000008c100000, 0x000000008c200000, 0x000000008c200000|100%| S|CS|TAMS 0x000000008c100000, 0x000000008c100000| Complete 
| 194|0x000000008c200000, 0x000000008c200000, 0x000000008c300000|  0%| F|  |TAMS 0x000000008c200000, 0x000000008c200000| Untracked 
| 195|0x000000008c300000, 0x000000008c300000, 0x000000008c400000|  0%| F|  |TAMS 0x000000008c300000, 0x000000008c300000| Untracked 
| 196|0x000000008c400000, 0x000000008c400000, 0x000000008c500000|  0%| F|  |TAMS 0x000000008c400000, 0x000000008c400000| Untracked 
| 197|0x000000008c500000, 0x000000008c500000, 0x000000008c600000|  0%| F|  |TAMS 0x000000008c500000, 0x000000008c500000| Untracked 
| 198|0x000000008c600000, 0x000000008c600000, 0x000000008c700000|  0%| F|  |TAMS 0x000000008c600000, 0x000000008c600000| Untracked 
| 199|0x000000008c700000, 0x000000008c700000, 0x000000008c800000|  0%| F|  |TAMS 0x000000008c700000, 0x000000008c700000| Untracked 
| 200|0x000000008c800000, 0x000000008c800000, 0x000000008c900000|  0%| F|  |TAMS 0x000000008c800000, 0x000000008c800000| Untracked 
| 201|0x000000008c900000, 0x000000008c900000, 0x000000008ca00000|  0%| F|  |TAMS 0x000000008c900000, 0x000000008c900000| Untracked 
| 202|0x000000008ca00000, 0x000000008ca00000, 0x000000008cb00000|  0%| F|  |TAMS 0x000000008ca00000, 0x000000008ca00000| Untracked 
| 203|0x000000008cb00000, 0x000000008cb00000, 0x000000008cc00000|  0%| F|  |TAMS 0x000000008cb00000, 0x000000008cb00000| Untracked 
| 204|0x000000008cc00000, 0x000000008cc00000, 0x000000008cd00000|  0%| F|  |TAMS 0x000000008cc00000, 0x000000008cc00000| Untracked 
| 205|0x000000008cd00000, 0x000000008cd00000, 0x000000008ce00000|  0%| F|  |TAMS 0x000000008cd00000, 0x000000008cd00000| Untracked 
| 206|0x000000008ce00000, 0x000000008ce00000, 0x000000008cf00000|  0%| F|  |TAMS 0x000000008ce00000, 0x000000008ce00000| Untracked 
| 207|0x000000008cf00000, 0x000000008cf00000, 0x000000008d000000|  0%| F|  |TAMS 0x000000008cf00000, 0x000000008cf00000| Untracked 
| 208|0x000000008d000000, 0x000000008d000000, 0x000000008d100000|  0%| F|  |TAMS 0x000000008d000000, 0x000000008d000000| Untracked 
| 209|0x000000008d100000, 0x000000008d100000, 0x000000008d200000|  0%| F|  |TAMS 0x000000008d100000, 0x000000008d100000| Untracked 
| 210|0x000000008d200000, 0x000000008d200000, 0x000000008d300000|  0%| F|  |TAMS 0x000000008d200000, 0x000000008d200000| Untracked 
| 211|0x000000008d300000, 0x000000008d300000, 0x000000008d400000|  0%| F|  |TAMS 0x000000008d300000, 0x000000008d300000| Untracked 
| 212|0x000000008d400000, 0x000000008d400000, 0x000000008d500000|  0%| F|  |TAMS 0x000000008d400000, 0x000000008d400000| Untracked 
| 213|0x000000008d500000, 0x000000008d500000, 0x000000008d600000|  0%| F|  |TAMS 0x000000008d500000, 0x000000008d500000| Untracked 
| 214|0x000000008d600000, 0x000000008d600000, 0x000000008d700000|  0%| F|  |TAMS 0x000000008d600000, 0x000000008d600000| Untracked 
| 215|0x000000008d700000, 0x000000008d700000, 0x000000008d800000|  0%| F|  |TAMS 0x000000008d700000, 0x000000008d700000| Untracked 
| 216|0x000000008d800000, 0x000000008d800000, 0x000000008d900000|  0%| F|  |TAMS 0x000000008d800000, 0x000000008d800000| Untracked 
| 217|0x000000008d900000, 0x000000008d900000, 0x000000008da00000|  0%| F|  |TAMS 0x000000008d900000, 0x000000008d900000| Untracked 
| 218|0x000000008da00000, 0x000000008da00000, 0x000000008db00000|  0%| F|  |TAMS 0x000000008da00000, 0x000000008da00000| Untracked 
| 219|0x000000008db00000, 0x000000008db00000, 0x000000008dc00000|  0%| F|  |TAMS 0x000000008db00000, 0x000000008db00000| Untracked 
| 220|0x000000008dc00000, 0x000000008dc00000, 0x000000008dd00000|  0%| F|  |TAMS 0x000000008dc00000, 0x000000008dc00000| Untracked 
| 221|0x000000008dd00000, 0x000000008dd00000, 0x000000008de00000|  0%| F|  |TAMS 0x000000008dd00000, 0x000000008dd00000| Untracked 
| 222|0x000000008de00000, 0x000000008de00000, 0x000000008df00000|  0%| F|  |TAMS 0x000000008de00000, 0x000000008de00000| Untracked 
| 223|0x000000008df00000, 0x000000008df00000, 0x000000008e000000|  0%| F|  |TAMS 0x000000008df00000, 0x000000008df00000| Untracked 
| 224|0x000000008e000000, 0x000000008e000000, 0x000000008e100000|  0%| F|  |TAMS 0x000000008e000000, 0x000000008e000000| Untracked 
| 225|0x000000008e100000, 0x000000008e100000, 0x000000008e200000|  0%| F|  |TAMS 0x000000008e100000, 0x000000008e100000| Untracked 
| 226|0x000000008e200000, 0x000000008e200000, 0x000000008e300000|  0%| F|  |TAMS 0x000000008e200000, 0x000000008e200000| Untracked 
| 227|0x000000008e300000, 0x000000008e300000, 0x000000008e400000|  0%| F|  |TAMS 0x000000008e300000, 0x000000008e300000| Untracked 
| 228|0x000000008e400000, 0x000000008e400000, 0x000000008e500000|  0%| F|  |TAMS 0x000000008e400000, 0x000000008e400000| Untracked 
| 229|0x000000008e500000, 0x000000008e500000, 0x000000008e600000|  0%| F|  |TAMS 0x000000008e500000, 0x000000008e500000| Untracked 
| 230|0x000000008e600000, 0x000000008e600000, 0x000000008e700000|  0%| F|  |TAMS 0x000000008e600000, 0x000000008e600000| Untracked 
| 231|0x000000008e700000, 0x000000008e700000, 0x000000008e800000|  0%| F|  |TAMS 0x000000008e700000, 0x000000008e700000| Untracked 
| 232|0x000000008e800000, 0x000000008e800000, 0x000000008e900000|  0%| F|  |TAMS 0x000000008e800000, 0x000000008e800000| Untracked 
| 233|0x000000008e900000, 0x000000008e900000, 0x000000008ea00000|  0%| F|  |TAMS 0x000000008e900000, 0x000000008e900000| Untracked 
| 234|0x000000008ea00000, 0x000000008ea00000, 0x000000008eb00000|  0%| F|  |TAMS 0x000000008ea00000, 0x000000008ea00000| Untracked 
| 235|0x000000008eb00000, 0x000000008eb89f08, 0x000000008ec00000| 53%| E|  |TAMS 0x000000008eb00000, 0x000000008eb00000| Complete 
| 236|0x000000008ec00000, 0x000000008ed00000, 0x000000008ed00000|100%| E|CS|TAMS 0x000000008ec00000, 0x000000008ec00000| Complete 
| 237|0x000000008ed00000, 0x000000008ee00000, 0x000000008ee00000|100%| E|CS|TAMS 0x000000008ed00000, 0x000000008ed00000| Complete 
| 238|0x000000008ee00000, 0x000000008ef00000, 0x000000008ef00000|100%| E|CS|TAMS 0x000000008ee00000, 0x000000008ee00000| Complete 
| 239|0x000000008ef00000, 0x000000008f000000, 0x000000008f000000|100%| E|CS|TAMS 0x000000008ef00000, 0x000000008ef00000| Complete 

Card table byte_map: [0x000002acf7e30000,0x000002acf8230000] _byte_map_base: 0x000002acf7a30000

Marking Bits (Prev, Next): (CMBitMap*) 0x000002ace2d10028, (CMBitMap*) 0x000002ace2d10060
 Prev Bits: [0x000002acf8630000, 0x000002acfa630000)
 Next Bits: [0x000002acfa630000, 0x000002acfc630000)

Polling page: 0x000002ace7f90000

Metaspace:

Usage:
  Non-class:     85.59 MB capacity,    84.00 MB ( 98%) used,     1.27 MB (  1%) free+waste,   325.06 KB ( <1%) overhead. 
      Class:     13.69 MB capacity,    12.65 MB ( 92%) used,   913.27 KB (  7%) free+waste,   149.63 KB (  1%) overhead. 
       Both:     99.28 MB capacity,    96.65 MB ( 97%) used,     2.16 MB (  2%) free+waste,   474.69 KB ( <1%) overhead. 

Virtual space:
  Non-class space:       88.00 MB reserved,      86.20 MB ( 98%) committed 
      Class space:        1.00 GB reserved,      14.13 MB (  1%) committed 
             Both:        1.09 GB reserved,     100.32 MB (  9%) committed 

Chunk freelists:
   Non-Class:  627.00 KB
       Class:  447.00 KB
        Both:  1.05 MB

MaxMetaspaceSize: 17179869184.00 GB
CompressedClassSpaceSize: 1.00 GB
Initial GC threshold: 20.80 MB
Current GC threshold: 167.21 MB
CDS: off

CodeHeap 'non-profiled nmethods': size=120000Kb used=4153Kb max_used=4153Kb free=115846Kb
 bounds [0x000002acefa80000, 0x000002acefe90000, 0x000002acf6fb0000]
CodeHeap 'profiled nmethods': size=120000Kb used=22736Kb max_used=22736Kb free=97263Kb
 bounds [0x000002ace8550000, 0x000002ace9b90000, 0x000002acefa80000]
CodeHeap 'non-nmethods': size=5760Kb used=2402Kb max_used=2429Kb free=3357Kb
 bounds [0x000002ace7fb0000, 0x000002ace8220000, 0x000002ace8550000]
 total_blobs=12676 nmethods=11755 adapters=833
 compilation: enabled
              stopped_count=0, restarted_count=0
 full_count=0

Compilation events (20 events):
Event: 18.132 Thread 0x000002acffab3000 nmethod 12288 0x000002ace9b4f310 code [0x000002ace9b4f4c0, 0x000002ace9b4f608]
Event: 18.132 Thread 0x000002acffab3000 12277       2       com.android.tools.r8.internal.ss::k0 (18 bytes)
Event: 18.133 Thread 0x000002acffab3000 nmethod 12277 0x000002ace9b4f710 code [0x000002ace9b4f8c0, 0x000002ace9b4f9e8]
Event: 18.133 Thread 0x000002acffab3000 12281       2       jdk.internal.misc.Unsafe::getAndSetInt (24 bytes)
Event: 18.133 Thread 0x000002acffab3000 nmethod 12281 0x000002ace9b4fa90 code [0x000002ace9b4fc40, 0x000002ace9b4fdd8]
Event: 18.133 Thread 0x000002acffab3000 12286       2       java.util.concurrent.atomic.AtomicBoolean::getAndSet (25 bytes)
Event: 18.134 Thread 0x000002acffab3000 nmethod 12286 0x000002ace9b4fe90 code [0x000002ace9b50060, 0x000002ace9b502b8]
Event: 18.134 Thread 0x000002acffab3000 12287       2       java.lang.invoke.VarHandleInts$FieldInstanceReadWrite::getAndSet (23 bytes)
Event: 18.138 Thread 0x000002acffab3000 nmethod 12287 0x000002ace9b50410 code [0x000002ace9b50600, 0x000002ace9b508c8]
Event: 18.138 Thread 0x000002acffab3000 12294 %     3       com.android.tools.r8.graph.Y0::b @ 10 (74 bytes)
Event: 18.139 Thread 0x000002acffab3000 nmethod 12294% 0x000002ace9b50a90 code [0x000002ace9b50d20, 0x000002ace9b51c58]
Event: 18.139 Thread 0x000002acffab3000 12293       2       com.android.tools.r8.ir.conversion.r::a (162 bytes)
Event: 18.144 Thread 0x000002acffab3000 nmethod 12293 0x000002ace9b52110 code [0x000002ace9b52440, 0x000002ace9b53738]
Event: 18.144 Thread 0x000002acffab3000 12282       2       com.android.tools.r8.internal.jc::<init> (7 bytes)
Event: 18.144 Thread 0x000002acffab3000 nmethod 12282 0x000002ace9b54390 code [0x000002ace9b54540, 0x000002ace9b546f8]
Event: 18.144 Thread 0x000002acffab3000 12283       2       com.android.tools.r8.internal.jc::<init> (20 bytes)
Event: 18.144 Thread 0x000002acffab3000 nmethod 12283 0x000002ace9b54790 code [0x000002ace9b54940, 0x000002ace9b54af8]
Event: 18.144 Thread 0x000002acffab3000 12292       2       com.android.tools.r8.graph.J2::d (18 bytes)
Event: 18.145 Thread 0x000002acffab3000 nmethod 12292 0x000002ace9b54b90 code [0x000002ace9b54da0, 0x000002ace9b553c8]
Event: 18.145 Thread 0x000002acffab3000 12302       3       com.android.tools.r8.graph.J2::f (97 bytes)

GC Heap History (20 events):
Event: 12.839 GC heap before
{Heap before GC invocations=16 (full 0):
 garbage-first heap   total 155648K, used 109343K [0x0000000080000000, 0x0000000100000000)
  region size 1024K, 59 young (60416K), 7 survivors (7168K)
 Metaspace       used 75747K, capacity 77517K, committed 77644K, reserved 1116160K
  class space    used 9862K, capacity 10532K, committed 10624K, reserved 1048576K
}
Event: 12.848 GC heap after
{Heap after GC invocations=17 (full 0):
 garbage-first heap   total 155648K, used 59543K [0x0000000080000000, 0x0000000100000000)
  region size 1024K, 7 young (7168K), 7 survivors (7168K)
 Metaspace       used 75747K, capacity 77517K, committed 77644K, reserved 1116160K
  class space    used 9862K, capacity 10532K, committed 10624K, reserved 1048576K
}
Event: 13.583 GC heap before
{Heap before GC invocations=17 (full 0):
 garbage-first heap   total 155648K, used 111767K [0x0000000080000000, 0x0000000100000000)
  region size 1024K, 59 young (60416K), 7 survivors (7168K)
 Metaspace       used 81728K, capacity 83607K, committed 83788K, reserved 1122304K
  class space    used 10585K, capacity 11285K, committed 11392K, reserved 1048576K
}
Event: 13.596 GC heap after
{Heap after GC invocations=18 (full 0):
 garbage-first heap   total 155648K, used 64487K [0x0000000080000000, 0x0000000100000000)
  region size 1024K, 8 young (8192K), 8 survivors (8192K)
 Metaspace       used 81728K, capacity 83607K, committed 83788K, reserved 1122304K
  class space    used 10585K, capacity 11285K, committed 11392K, reserved 1048576K
}
Event: 14.246 GC heap before
{Heap before GC invocations=18 (full 0):
 garbage-first heap   total 155648K, used 115687K [0x0000000080000000, 0x0000000100000000)
  region size 1024K, 59 young (60416K), 8 survivors (8192K)
 Metaspace       used 84125K, capacity 86264K, committed 86604K, reserved 1124352K
  class space    used 10985K, capacity 11812K, committed 11904K, reserved 1048576K
}
Event: 14.262 GC heap after
{Heap after GC invocations=19 (full 0):
 garbage-first heap   total 155648K, used 68750K [0x0000000080000000, 0x0000000100000000)
  region size 1024K, 4 young (4096K), 4 survivors (4096K)
 Metaspace       used 84125K, capacity 86264K, committed 86604K, reserved 1124352K
  class space    used 10985K, capacity 11812K, committed 11904K, reserved 1048576K
}
Event: 14.761 GC heap before
{Heap before GC invocations=19 (full 0):
 garbage-first heap   total 155648K, used 118926K [0x0000000080000000, 0x0000000100000000)
  region size 1024K, 54 young (55296K), 4 survivors (4096K)
 Metaspace       used 84723K, capacity 86997K, committed 87116K, reserved 1124352K
  class space    used 11031K, capacity 11904K, committed 11904K, reserved 1048576K
}
Event: 14.774 GC heap after
{Heap after GC invocations=20 (full 0):
 garbage-first heap   total 155648K, used 72417K [0x0000000080000000, 0x0000000100000000)
  region size 1024K, 7 young (7168K), 7 survivors (7168K)
 Metaspace       used 84723K, capacity 86997K, committed 87116K, reserved 1124352K
  class space    used 11031K, capacity 11904K, committed 11904K, reserved 1048576K
}
Event: 15.224 GC heap before
{Heap before GC invocations=20 (full 0):
 garbage-first heap   total 155648K, used 121569K [0x0000000080000000, 0x0000000100000000)
  region size 1024K, 56 young (57344K), 7 survivors (7168K)
 Metaspace       used 85266K, capacity 87505K, committed 87756K, reserved 1124352K
  class space    used 11068K, capacity 11954K, committed 12032K, reserved 1048576K
}
Event: 15.241 GC heap after
{Heap after GC invocations=21 (full 0):
 garbage-first heap   total 187392K, used 75950K [0x0000000080000000, 0x0000000100000000)
  region size 1024K, 4 young (4096K), 4 survivors (4096K)
 Metaspace       used 85266K, capacity 87505K, committed 87756K, reserved 1124352K
  class space    used 11068K, capacity 11954K, committed 12032K, reserved 1048576K
}
Event: 15.913 GC heap before
{Heap before GC invocations=21 (full 0):
 garbage-first heap   total 187392K, used 132270K [0x0000000080000000, 0x0000000100000000)
  region size 1024K, 50 young (51200K), 4 survivors (4096K)
 Metaspace       used 89134K, capacity 91565K, committed 91596K, reserved 1128448K
  class space    used 11612K, capacity 12533K, committed 12544K, reserved 1048576K
}
Event: 15.926 GC heap after
{Heap after GC invocations=22 (full 0):
 garbage-first heap   total 187392K, used 91655K [0x0000000080000000, 0x0000000100000000)
  region size 1024K, 8 young (8192K), 8 survivors (8192K)
 Metaspace       used 89134K, capacity 91565K, committed 91596K, reserved 1128448K
  class space    used 11612K, capacity 12533K, committed 12544K, reserved 1048576K
}
Event: 16.399 GC heap before
{Heap before GC invocations=23 (full 0):
 garbage-first heap   total 187392K, used 155143K [0x0000000080000000, 0x0000000100000000)
  region size 1024K, 61 young (62464K), 8 survivors (8192K)
 Metaspace       used 93059K, capacity 95691K, committed 95948K, reserved 1132544K
  class space    used 12179K, capacity 13218K, committed 13312K, reserved 1048576K
}
Event: 16.433 GC heap after
{Heap after GC invocations=24 (full 0):
 garbage-first heap   total 187392K, used 109487K [0x0000000080000000, 0x0000000100000000)
  region size 1024K, 8 young (8192K), 8 survivors (8192K)
 Metaspace       used 93059K, capacity 95691K, committed 95948K, reserved 1132544K
  class space    used 12179K, capacity 13218K, committed 13312K, reserved 1048576K
}
Event: 16.622 GC heap before
{Heap before GC invocations=24 (full 0):
 garbage-first heap   total 187392K, used 129967K [0x0000000080000000, 0x0000000100000000)
  region size 1024K, 30 young (30720K), 8 survivors (8192K)
 Metaspace       used 95032K, capacity 97811K, committed 97996K, reserved 1134592K
  class space    used 12586K, capacity 13714K, committed 13824K, reserved 1048576K
}
Event: 16.647 GC heap after
{Heap after GC invocations=25 (full 0):
 garbage-first heap   total 187392K, used 115405K [0x0000000080000000, 0x0000000100000000)
  region size 1024K, 6 young (6144K), 6 survivors (6144K)
 Metaspace       used 95032K, capacity 97811K, committed 97996K, reserved 1134592K
  class space    used 12586K, capacity 13714K, committed 13824K, reserved 1048576K
}
Event: 17.116 GC heap before
{Heap before GC invocations=26 (full 0):
 garbage-first heap   total 187392K, used 148173K [0x0000000080000000, 0x0000000100000000)
  region size 1024K, 38 young (38912K), 6 survivors (6144K)
 Metaspace       used 98319K, capacity 101260K, committed 101324K, reserved 1136640K
  class space    used 13108K, capacity 14330K, committed 14336K, reserved 1048576K
}
Event: 17.141 GC heap after
{Heap after GC invocations=27 (full 0):
 garbage-first heap   total 245760K, used 122462K [0x0000000080000000, 0x0000000100000000)
  region size 1024K, 5 young (5120K), 5 survivors (5120K)
 Metaspace       used 98319K, capacity 101260K, committed 101324K, reserved 1136640K
  class space    used 13108K, capacity 14330K, committed 14336K, reserved 1048576K
}
Event: 17.600 GC heap before
{Heap before GC invocations=27 (full 0):
 garbage-first heap   total 245760K, used 183902K [0x0000000080000000, 0x0000000100000000)
  region size 1024K, 66 young (67584K), 5 survivors (5120K)
 Metaspace       used 99006K, capacity 102073K, committed 102220K, reserved 1136640K
  class space    used 13179K, capacity 14444K, committed 14464K, reserved 1048576K
}
Event: 17.642 GC heap after
{Heap after GC invocations=28 (full 0):
 garbage-first heap   total 245760K, used 146202K [0x0000000080000000, 0x0000000100000000)
  region size 1024K, 9 young (9216K), 9 survivors (9216K)
 Metaspace       used 99006K, capacity 102073K, committed 102220K, reserved 1136640K
  class space    used 13179K, capacity 14444K, committed 14464K, reserved 1048576K
}

Deoptimization events (20 events):
Event: 17.491 Thread 0x000002ac86f32800 DEOPT PACKING pc=0x000002ace980b6de sp=0x000000b8747fd050
Event: 17.491 Thread 0x000002ac86f32800 DEOPT UNPACKING pc=0x000002ace7ffa95e sp=0x000000b8747fc958 mode 0
Event: 17.561 Thread 0x000002ac86f37800 DEOPT PACKING pc=0x000002ace95e73cc sp=0x000000b8746fefd0
Event: 17.561 Thread 0x000002ac86f37800 DEOPT UNPACKING pc=0x000002ace7ffa95e sp=0x000000b8746fe5a0 mode 0
Event: 17.722 Thread 0x000002ac86f32800 DEOPT PACKING pc=0x000002ace97fedd7 sp=0x000000b8747fd470
Event: 17.722 Thread 0x000002ac86f32800 DEOPT UNPACKING pc=0x000002ace7ffa95e sp=0x000000b8747fc998 mode 0
Event: 17.736 Thread 0x000002ac86f36000 DEOPT PACKING pc=0x000002ace9a6b9e8 sp=0x000000b874bfc5f0
Event: 17.736 Thread 0x000002ac86f36000 DEOPT UNPACKING pc=0x000002ace7ffa95e sp=0x000000b874bfbb48 mode 0
Event: 17.760 Thread 0x000002ac86f36000 DEOPT PACKING pc=0x000002ace9a80dc3 sp=0x000000b874bfc530
Event: 17.760 Thread 0x000002ac86f36000 DEOPT UNPACKING pc=0x000002ace7ffa95e sp=0x000000b874bfb9e8 mode 0
Event: 17.765 Thread 0x000002ac86f35000 DEOPT PACKING pc=0x000002ace95d7133 sp=0x000000b874afcab0
Event: 17.765 Thread 0x000002ac86f35000 DEOPT UNPACKING pc=0x000002ace7ffa95e sp=0x000000b874afbf78 mode 0
Event: 17.794 Thread 0x000002ac86f32800 DEOPT PACKING pc=0x000002ace981eb76 sp=0x000000b8747fc3e0
Event: 17.794 Thread 0x000002ac86f32800 DEOPT UNPACKING pc=0x000002ace7ffa95e sp=0x000000b8747fb8b0 mode 0
Event: 18.006 Thread 0x000002ac86f36000 DEOPT PACKING pc=0x000002ace9a50ff7 sp=0x000000b874bfc9c0
Event: 18.006 Thread 0x000002ac86f36000 DEOPT UNPACKING pc=0x000002ace7ffa95e sp=0x000000b874bfbea8 mode 0
Event: 18.008 Thread 0x000002ac86f36000 DEOPT PACKING pc=0x000002ace9a5bd00 sp=0x000000b874bfc9b0
Event: 18.008 Thread 0x000002ac86f36000 DEOPT UNPACKING pc=0x000002ace7ffa95e sp=0x000000b874bfbea0 mode 0
Event: 18.011 Thread 0x000002ac86f36000 DEOPT PACKING pc=0x000002ace9a48f6b sp=0x000000b874bfcc80
Event: 18.011 Thread 0x000002ac86f36000 DEOPT UNPACKING pc=0x000002ace7ffa95e sp=0x000000b874bfc138 mode 0

Classes redefined (0 events):
No events

Internal exceptions (20 events):
Event: 17.225 Thread 0x000002ac86f33800 Exception <a 'java/lang/NoSuchMethodError'{0x000000008ef20410}: 'void java.lang.invoke.DirectMethodHandle$Holder.invokeSpecial(java.lang.Object, java.lang.Object, int)'> (0x000000008ef20410) thrown at [./src/hotspot/share/interpreter/linkResolver.cpp, line 773]
Event: 17.225 Thread 0x000002ac86f32800 Exception <a 'java/lang/NoSuchMethodError'{0x000000008ef0ddf0}: 'void java.lang.invoke.DirectMethodHandle$Holder.invokeSpecial(java.lang.Object, java.lang.Object, int)'> (0x000000008ef0ddf0) thrown at [./src/hotspot/share/interpreter/linkResolver.cpp, line 773]
Event: 17.225 Thread 0x000002ac86f37800 Exception <a 'java/lang/NoSuchMethodError'{0x000000008e5b17c8}: 'void java.lang.invoke.DirectMethodHandle$Holder.invokeSpecial(java.lang.Object, java.lang.Object, int)'> (0x000000008e5b17c8) thrown at [./src/hotspot/share/interpreter/linkResolver.cpp, line 773]
Event: 17.258 Thread 0x000002ac86f37800 Exception <a 'sun/nio/fs/WindowsException'{0x000000008e180d28}> (0x000000008e180d28) thrown at [./src/hotspot/share/prims/jni.cpp, line 615]
Event: 17.258 Thread 0x000002ac86f37800 Exception <a 'sun/nio/fs/WindowsException'{0x000000008e1817a0}> (0x000000008e1817a0) thrown at [./src/hotspot/share/prims/jni.cpp, line 615]
Event: 17.258 Thread 0x000002ac86f37800 Exception <a 'sun/nio/fs/WindowsException'{0x000000008e181938}> (0x000000008e181938) thrown at [./src/hotspot/share/prims/jni.cpp, line 615]
Event: 17.258 Thread 0x000002ac86f37800 Exception <a 'sun/nio/fs/WindowsException'{0x000000008e182bc8}> (0x000000008e182bc8) thrown at [./src/hotspot/share/prims/jni.cpp, line 615]
Event: 17.259 Thread 0x000002ac86f37800 Exception <a 'sun/nio/fs/WindowsException'{0x000000008e182d58}> (0x000000008e182d58) thrown at [./src/hotspot/share/prims/jni.cpp, line 615]
Event: 17.259 Thread 0x000002ac86f37800 Exception <a 'sun/nio/fs/WindowsException'{0x000000008e183fe0}> (0x000000008e183fe0) thrown at [./src/hotspot/share/prims/jni.cpp, line 615]
Event: 17.267 Thread 0x000002ac86f33800 Exception <a 'sun/nio/fs/WindowsException'{0x000000008e114570}> (0x000000008e114570) thrown at [./src/hotspot/share/prims/jni.cpp, line 615]
Event: 17.267 Thread 0x000002ac86f37800 Exception <a 'sun/nio/fs/WindowsException'{0x000000008e185d18}> (0x000000008e185d18) thrown at [./src/hotspot/share/prims/jni.cpp, line 615]
Event: 17.302 Thread 0x000002ac86f37800 Exception <a 'sun/nio/fs/WindowsException'{0x000000008e18c718}> (0x000000008e18c718) thrown at [./src/hotspot/share/prims/jni.cpp, line 615]
Event: 17.326 Thread 0x000002ac86f37800 Exception <a 'sun/nio/fs/WindowsException'{0x000000008d68a4e0}> (0x000000008d68a4e0) thrown at [./src/hotspot/share/prims/jni.cpp, line 615]
Event: 17.374 Thread 0x000002ac86f33800 Exception <a 'sun/nio/fs/WindowsException'{0x000000008e11c2c8}> (0x000000008e11c2c8) thrown at [./src/hotspot/share/prims/jni.cpp, line 615]
Event: 17.477 Thread 0x000002ac86f37800 Exception <a 'sun/nio/fs/WindowsException'{0x000000008c6154c8}> (0x000000008c6154c8) thrown at [./src/hotspot/share/prims/jni.cpp, line 615]
Event: 17.488 Thread 0x000002ac86f33800 Exception <a 'sun/nio/fs/WindowsException'{0x000000008c3ef4c0}> (0x000000008c3ef4c0) thrown at [./src/hotspot/share/prims/jni.cpp, line 615]
Event: 17.580 Thread 0x000002ac86f36800 Exception <a 'sun/nio/fs/WindowsException'{0x000000008b7ae668}> (0x000000008b7ae668) thrown at [./src/hotspot/share/prims/jni.cpp, line 615]
Event: 17.802 Thread 0x000002ac86f36800 Exception <a 'sun/nio/fs/WindowsException'{0x000000008df45fb8}> (0x000000008df45fb8) thrown at [./src/hotspot/share/prims/jni.cpp, line 615]
Event: 17.873 Thread 0x000002ac86f36800 Exception <a 'sun/nio/fs/WindowsException'{0x000000008d3675f0}> (0x000000008d3675f0) thrown at [./src/hotspot/share/prims/jni.cpp, line 615]
Event: 17.879 Thread 0x000002ac86f36800 Exception <a 'sun/nio/fs/WindowsException'{0x000000008d372a40}> (0x000000008d372a40) thrown at [./src/hotspot/share/prims/jni.cpp, line 615]

Events (20 events):
Event: 18.114 Executing coalesced safepoint VM operation: RevokeBias done
Event: 18.114 Executing coalesced safepoint VM operation: RevokeBias
Event: 18.114 Executing coalesced safepoint VM operation: RevokeBias done
Event: 18.114 Executing VM operation: RevokeBias done
Event: 18.114 Executing VM operation: RevokeBias
Event: 18.115 Executing VM operation: RevokeBias done
Event: 18.133 Executing VM operation: BulkRevokeBias
Event: 18.137 Executing coalesced safepoint VM operation: RevokeBias
Event: 18.137 Executing coalesced safepoint VM operation: RevokeBias done
Event: 18.137 Executing coalesced safepoint VM operation: RevokeBias
Event: 18.137 Executing coalesced safepoint VM operation: RevokeBias done
Event: 18.137 Executing coalesced safepoint VM operation: RevokeBias
Event: 18.137 Executing coalesced safepoint VM operation: RevokeBias done
Event: 18.137 Executing coalesced safepoint VM operation: RevokeBias
Event: 18.137 Executing coalesced safepoint VM operation: RevokeBias done
Event: 18.137 Executing coalesced safepoint VM operation: RevokeBias
Event: 18.137 Executing coalesced safepoint VM operation: RevokeBias done
Event: 18.137 Executing coalesced safepoint VM operation: RevokeBias
Event: 18.137 Executing coalesced safepoint VM operation: RevokeBias done
Event: 18.137 Executing VM operation: BulkRevokeBias done


Dynamic libraries:
0x00007ff6970e0000 - 0x00007ff6970ea000 	C:\Program Files\Android\Android Studio\jre\bin\java.exe
0x00007ffe33600000 - 0x00007ffe33809000 	C:\WINDOWS\SYSTEM32\ntdll.dll
0x00007ffe32070000 - 0x00007ffe3212d000 	C:\WINDOWS\System32\KERNEL32.DLL
0x00007ffe30af0000 - 0x00007ffe30e69000 	C:\WINDOWS\System32\KERNELBASE.dll
0x00007ffe31310000 - 0x00007ffe31421000 	C:\WINDOWS\System32\ucrtbase.dll
0x00007ffe2bf40000 - 0x00007ffe2bf59000 	C:\Program Files\Android\Android Studio\jre\bin\jli.dll
0x00007ffe2bf60000 - 0x00007ffe2bf77000 	C:\Program Files\Android\Android Studio\jre\bin\VCRUNTIME140.dll
0x00007ffe33410000 - 0x00007ffe335bc000 	C:\WINDOWS\System32\USER32.dll
0x00007ffe12950000 - 0x00007ffe12bf5000 	C:\WINDOWS\WinSxS\amd64_microsoft.windows.common-controls_6595b64144ccf1df_6.0.22000.120_none_9d947278b86cc467\COMCTL32.dll
0x00007ffe30f90000 - 0x00007ffe30fb6000 	C:\WINDOWS\System32\win32u.dll
0x00007ffe32830000 - 0x00007ffe328d3000 	C:\WINDOWS\System32\msvcrt.dll
0x00007ffe333d0000 - 0x00007ffe333f9000 	C:\WINDOWS\System32\GDI32.dll
0x00007ffe30e70000 - 0x00007ffe30f82000 	C:\WINDOWS\System32\gdi32full.dll
0x00007ffe311b0000 - 0x00007ffe3124d000 	C:\WINDOWS\System32\msvcp_win.dll
0x00007ffe31e30000 - 0x00007ffe31e61000 	C:\WINDOWS\System32\IMM32.DLL
0x00007ffe18220000 - 0x00007ffe182bd000 	C:\Program Files\Android\Android Studio\jre\bin\msvcp140.dll
0x00007ffdaaa80000 - 0x00007ffdab565000 	C:\Program Files\Android\Android Studio\jre\bin\server\jvm.dll
0x00007ffe31fc0000 - 0x00007ffe3206e000 	C:\WINDOWS\System32\ADVAPI32.dll
0x00007ffe31ca0000 - 0x00007ffe31d3e000 	C:\WINDOWS\System32\sechost.dll
0x00007ffe32130000 - 0x00007ffe32250000 	C:\WINDOWS\System32\RPCRT4.dll
0x00007ffe31820000 - 0x00007ffe31828000 	C:\WINDOWS\System32\PSAPI.DLL
0x00007ffe2f970000 - 0x00007ffe2f97a000 	C:\WINDOWS\SYSTEM32\VERSION.dll
0x00007ffe2aa90000 - 0x00007ffe2aac3000 	C:\WINDOWS\SYSTEM32\WINMM.dll
0x00007ffe2b2f0000 - 0x00007ffe2b2f9000 	C:\WINDOWS\SYSTEM32\WSOCK32.dll
0x00007ffe32250000 - 0x00007ffe322bf000 	C:\WINDOWS\System32\WS2_32.dll
0x00007ffe2fce0000 - 0x00007ffe2fcf8000 	C:\WINDOWS\SYSTEM32\kernel.appcore.dll
0x00007ffe2ac20000 - 0x00007ffe2ac31000 	C:\Program Files\Android\Android Studio\jre\bin\verify.dll
0x00007ffe2dfa0000 - 0x00007ffe2e1c1000 	C:\WINDOWS\SYSTEM32\DBGHELP.DLL
0x00007ffe158c0000 - 0x00007ffe158f1000 	C:\WINDOWS\SYSTEM32\dbgcore.DLL
0x00007ffe31130000 - 0x00007ffe311af000 	C:\WINDOWS\System32\bcryptPrimitives.dll
0x00007ffe2abf0000 - 0x00007ffe2ac19000 	C:\Program Files\Android\Android Studio\jre\bin\java.dll
0x00007ffe2b2e0000 - 0x00007ffe2b2eb000 	C:\Program Files\Android\Android Studio\jre\bin\jimage.dll
0x00007ffe29350000 - 0x00007ffe29368000 	C:\Program Files\Android\Android Studio\jre\bin\zip.dll
0x00007ffe32940000 - 0x00007ffe330ef000 	C:\WINDOWS\System32\SHELL32.dll
0x00007ffe2eb30000 - 0x00007ffe2f398000 	C:\WINDOWS\SYSTEM32\windows.storage.dll
0x00007ffe314a0000 - 0x00007ffe31818000 	C:\WINDOWS\System32\combase.dll
0x00007ffe2e9c0000 - 0x00007ffe2eb26000 	C:\WINDOWS\SYSTEM32\wintypes.dll
0x00007ffe31ed0000 - 0x00007ffe31fba000 	C:\WINDOWS\System32\SHCORE.dll
0x00007ffe31bc0000 - 0x00007ffe31c1d000 	C:\WINDOWS\System32\shlwapi.dll
0x00007ffe30a20000 - 0x00007ffe30a41000 	C:\WINDOWS\SYSTEM32\profapi.dll
0x00007ffe191c0000 - 0x00007ffe191da000 	C:\Program Files\Android\Android Studio\jre\bin\net.dll
0x00007ffe2a240000 - 0x00007ffe2a34c000 	C:\WINDOWS\SYSTEM32\WINHTTP.dll
0x00007ffe30110000 - 0x00007ffe30177000 	C:\WINDOWS\system32\mswsock.dll
0x00007ffe191a0000 - 0x00007ffe191b4000 	C:\Program Files\Android\Android Studio\jre\bin\nio.dll
0x00007ffe192b0000 - 0x00007ffe192d7000 	C:\Users\HP\.gradle\native\e1d6ef7f7dcc3fd88c89a11ec53ec762bb8ba0a96d01ffa2cd45eb1d1d8dd5c5\windows-amd64\native-platform.dll
0x00007ffe0b7c0000 - 0x00007ffe0b904000 	C:\Users\HP\.gradle\native\5664cfc778a61ccfe75a443a1ab52a65af34e5dc3c78e0209fed803814484fcb\windows-amd64\native-platform-file-events.dll
0x00007ffe19190000 - 0x00007ffe1919a000 	C:\Program Files\Android\Android Studio\jre\bin\management.dll
0x00007ffe19180000 - 0x00007ffe1918d000 	C:\Program Files\Android\Android Studio\jre\bin\management_ext.dll
0x00007ffe30360000 - 0x00007ffe30378000 	C:\WINDOWS\SYSTEM32\CRYPTSP.dll
0x00007ffe2fc40000 - 0x00007ffe2fc75000 	C:\WINDOWS\system32\rsaenh.dll
0x00007ffe30200000 - 0x00007ffe30229000 	C:\WINDOWS\SYSTEM32\USERENV.dll
0x00007ffe304d0000 - 0x00007ffe304f7000 	C:\WINDOWS\SYSTEM32\bcrypt.dll
0x00007ffe30350000 - 0x00007ffe3035c000 	C:\WINDOWS\SYSTEM32\CRYPTBASE.dll
0x00007ffe2f650000 - 0x00007ffe2f67d000 	C:\WINDOWS\SYSTEM32\IPHLPAPI.DLL
0x00007ffe322c0000 - 0x00007ffe322c9000 	C:\WINDOWS\System32\NSI.dll
0x00007ffe2a470000 - 0x00007ffe2a489000 	C:\WINDOWS\SYSTEM32\dhcpcsvc6.DLL
0x00007ffe2a6c0000 - 0x00007ffe2a6de000 	C:\WINDOWS\SYSTEM32\dhcpcsvc.DLL
0x00007ffe2f680000 - 0x00007ffe2f768000 	C:\WINDOWS\SYSTEM32\DNSAPI.dll

dbghelp: loaded successfully - version: 4.0.5 - missing functions: none
symbol engine: initialized successfully - sym options: 0x614 - pdb path: .;C:\Program Files\Android\Android Studio\jre\bin;C:\WINDOWS\SYSTEM32;C:\WINDOWS\WinSxS\amd64_microsoft.windows.common-controls_6595b64144ccf1df_6.0.22000.120_none_9d947278b86cc467;C:\Program Files\Android\Android Studio\jre\bin\server;C:\Users\HP\.gradle\native\e1d6ef7f7dcc3fd88c89a11ec53ec762bb8ba0a96d01ffa2cd45eb1d1d8dd5c5\windows-amd64;C:\Users\HP\.gradle\native\5664cfc778a61ccfe75a443a1ab52a65af34e5dc3c78e0209fed803814484fcb\windows-amd64

VM Arguments:
jvm_args: --add-opens=java.base/java.util=ALL-UNNAMED --add-opens=java.base/java.lang=ALL-UNNAMED --add-opens=java.base/java.lang.invoke=ALL-UNNAMED --add-opens=java.base/java.util=ALL-UNNAMED --add-opens=java.prefs/java.util.prefs=ALL-UNNAMED --add-opens=java.prefs/java.util.prefs=ALL-UNNAMED --add-opens=java.base/java.nio.charset=ALL-UNNAMED --add-opens=java.base/java.net=ALL-UNNAMED --add-opens=java.base/java.util.concurrent.atomic=ALL-UNNAMED -Xmx2048m -Dfile.encoding=UTF-8 -Duser.country=US -Duser.language=en -Duser.variant 
java_command: org.gradle.launcher.daemon.bootstrap.GradleDaemon 7.3.3
java_class_path (initial): C:\Users\HP\.gradle\wrapper\dists\gradle-7.3.3-bin\6a41zxkdtcxs8rphpq6y0069z\gradle-7.3.3\lib\gradle-launcher-7.3.3.jar
Launcher Type: SUN_STANDARD

[Global flags]
     intx CICompilerCount                          = 4                                         {product} {ergonomic}
     uint ConcGCThreads                            = 2                                         {product} {ergonomic}
     uint G1ConcRefinementThreads                  = 8                                         {product} {ergonomic}
   size_t G1HeapRegionSize                         = 1048576                                   {product} {ergonomic}
    uintx GCDrainStackTargetSize                   = 64                                        {product} {ergonomic}
   size_t InitialHeapSize                          = 132120576                                 {product} {ergonomic}
   size_t MarkStackSize                            = 4194304                                   {product} {ergonomic}
   size_t MaxHeapSize                              = 2147483648                                {product} {command line}
   size_t MaxNewSize                               = 1287651328                                {product} {ergonomic}
   size_t MinHeapDeltaBytes                        = 1048576                                   {product} {ergonomic}
    uintx NonNMethodCodeHeapSize                   = 5836300                                {pd product} {ergonomic}
    uintx NonProfiledCodeHeapSize                  = 122910970                              {pd product} {ergonomic}
    uintx ProfiledCodeHeapSize                     = 122910970                              {pd product} {ergonomic}
    uintx ReservedCodeCacheSize                    = 251658240                              {pd product} {ergonomic}
     bool SegmentedCodeCache                       = true                                      {product} {ergonomic}
     bool UseCompressedClassPointers               = true                                 {lp64_product} {ergonomic}
     bool UseCompressedOops                        = true                                 {lp64_product} {ergonomic}
     bool UseG1GC                                  = true                                      {product} {ergonomic}
     bool UseLargePagesIndividualAllocation        = false                                  {pd product} {ergonomic}

Logging:
Log output configuration:
 #0: stdout all=warning uptime,level,tags
 #1: stderr all=off uptime,level,tags

Environment Variables:
PATH=C:\Program Files (x86)\Common Files\Oracle\Java\javapath;C:\WINDOWS\system32;C:\WINDOWS;C:\WINDOWS\System32\Wbem;C:\WINDOWS\System32\WindowsPowerShell\v1.0\;C:\WINDOWS\System32\OpenSSH\;C:\Program Files\nodejs\;C:\xampp\php;C:\Program Files\MySQL\MySQL Shell 8.0\bin\;C:\Users\HP\AppData\Local\Microsoft\WindowsApps;C:\FPT\MOB1014\Microsoft VS Code\bin;C:\ProgramData\HP\GitHubDesktop\bin;C:\Users\HP\AppData\Roaming\npm
USERNAME=HP
OS=Windows_NT
PROCESSOR_IDENTIFIER=Intel64 Family 6 Model 142 Stepping 12, GenuineIntel



---------------  S Y S T E M  ---------------

OS: Windows 10 , 64 bit Build 22000 (10.0.22000.675)
OS uptime: 0 days 4:54 hours

CPU:total 8 (initial active 8) (4 cores per cpu, 2 threads per core) family 6 model 142 stepping 12 microcode 0xec, cmov, cx8, fxsr, mmx, sse, sse2, sse3, ssse3, sse4.1, sse4.2, popcnt, avx, avx2, aes, clmul, erms, 3dnowpref, lzcnt, ht, tsc, tscinvbit, bmi1, bmi2, adx, fma

Memory: 4k page, system-wide physical 8029M (164M free)
TotalPageFile size 16029M (AvailPageFile size 5M)
current process WorkingSet (physical memory assigned to process): 511M, peak: 512M
current process commit charge ("private bytes"): 549M, peak: 550M

vm_info: OpenJDK 64-Bit Server VM (11.0.12+7-b1504.28-7817840) for windows-amd64 JRE (11.0.12+7-b1504.28-7817840), built on Oct 13 2021 22:12:33 by "builder" with MS VC++ 14.0 (VS2015)

END.
