#
# There is insufficient memory for the Java Runtime Environment to continue.
# Native memory allocation (malloc) failed to allocate 292976 bytes for Chunk::new
# Possible reasons:
#   The system is out of physical RAM or swap space
#   The process is running with CompressedOops enabled, and the Java Heap may be blocking the growth of the native heap
# Possible solutions:
#   Reduce memory load on the system
#   Increase physical memory or swap space
#   Check if swap backing store is full
#   Decrease Java heap size (-Xmx/-Xms)
#   Decrease number of Java threads
#   Decrease Java thread stack sizes (-Xss)
#   Set larger code cache with -XX:ReservedCodeCacheSize=
#   JVM is running with Unscaled Compressed Oops mode in which the Java heap is
#     placed in the first 4GB address space. The Java Heap base address is the
#     maximum limit for the native heap growth. Please use -XX:HeapBaseMinAddress
#     to set the Java Heap base and to place the Java Heap above 4GB virtual address.
# This output file may be truncated or incomplete.
#
#  Out of Memory Error (./src/hotspot/share/memory/arena.cpp:197), pid=17056, tid=8448
#
# JRE version: OpenJDK Runtime Environment (11.0.12+7) (build 11.0.12+7-b1504.28-7817840)
# Java VM: OpenJDK 64-Bit Server VM (11.0.12+7-b1504.28-7817840, mixed mode, tiered, compressed oops, g1 gc, windows-amd64)
# No core dump will be written. Minidumps are not enabled by default on client versions of Windows
#

---------------  S U M M A R Y ------------

Command Line: --add-opens=java.base/java.util=ALL-UNNAMED --add-opens=java.base/java.lang=ALL-UNNAMED --add-opens=java.base/java.lang.invoke=ALL-UNNAMED --add-opens=java.base/java.util=ALL-UNNAMED --add-opens=java.prefs/java.util.prefs=ALL-UNNAMED --add-opens=java.prefs/java.util.prefs=ALL-UNNAMED --add-opens=java.base/java.nio.charset=ALL-UNNAMED --add-opens=java.base/java.net=ALL-UNNAMED --add-opens=java.base/java.util.concurrent.atomic=ALL-UNNAMED -Xmx2048m -Dfile.encoding=UTF-8 -Duser.country=US -Duser.language=en -Duser.variant org.gradle.launcher.daemon.bootstrap.GradleDaemon 7.3.3

Host: Intel(R) Core(TM) i5-10210U CPU @ 1.60GHz, 8 cores, 7G,  Windows 10 , 64 bit Build 22000 (10.0.22000.675)
Time: Mon May 23 14:11:10 2022 SE Asia Standard Time elapsed time: 18.913902 seconds (0d 0h 0m 18s)

---------------  T H R E A D  ---------------

Current thread (0x000001c9ce359000):  JavaThread "C2 CompilerThread0" daemon [_thread_in_native, id=8448, stack(0x000000b0e7800000,0x000000b0e7900000)]


Current CompileTask:
C2:  18914 11591       4       com.android.tools.r8.code.y1::a (4129 bytes)

Stack: [0x000000b0e7800000,0x000000b0e7900000]
Native frames: (J=compiled Java code, j=interpreted, Vv=VM code, C=native code)
V  [jvm.dll+0x5fbcea]
V  [jvm.dll+0x731905]
V  [jvm.dll+0x732f1d]
V  [jvm.dll+0x7335d3]
V  [jvm.dll+0x247bf8]
V  [jvm.dll+0xc018c]
V  [jvm.dll+0xc06cc]
V  [jvm.dll+0x4f53a0]
V  [jvm.dll+0x328832]
V  [jvm.dll+0x327cfa]
V  [jvm.dll+0x200602]
V  [jvm.dll+0x1ff794]
V  [jvm.dll+0x18868c]
V  [jvm.dll+0x20e0d7]
V  [jvm.dll+0x20c901]
V  [jvm.dll+0x6f9b7f]
V  [jvm.dll+0x6f26a5]
V  [jvm.dll+0x5fabf6]
C  [ucrtbase.dll+0x26c0c]
C  [KERNEL32.DLL+0x154e0]
C  [ntdll.dll+0x485b]


---------------  P R O C E S S  ---------------

Threads class SMR info:
_java_thread_list=0x000001c9d6cc9b00, length=148, elements={
0x000001c9b3533800, 0x000001c9cd9d1000, 0x000001c9cd9e0800, 0x000001c9ce354800,
0x000001c9ce356000, 0x000001c9ce357000, 0x000001c9ce359000, 0x000001c9ce35c800,
0x000001c9cd9f3000, 0x000001c9ce4aa800, 0x000001c9cf6be800, 0x000001c9cfc21800,
0x000001c9cf6fe800, 0x000001c9d1446800, 0x000001c9cfb70000, 0x000001c9d1443800,
0x000001c9d1462800, 0x000001c9d1605000, 0x000001c9d13be000, 0x000001c9d145d800,
0x000001c9d145b000, 0x000001c9d145e800, 0x000001c9d145c000, 0x000001c9d1460000,
0x000001c9d145a800, 0x000001c9d145d000, 0x000001c9d145f000, 0x000001c9d1461000,
0x000001c9d2189000, 0x000001c9d2186800, 0x000001c9d2185800, 0x000001c9d2184800,
0x000001c9d2188000, 0x000001c9d2183000, 0x000001c9d218a800, 0x000001c9d218c000,
0x000001c9d218f800, 0x000001c9d218e800, 0x000001c9d218d800, 0x000001c9d218d000,
0x000001c9d218b800, 0x000001c9d2189800, 0x000001c9d2192000, 0x000001c9d2190000,
0x000001c9d2191000, 0x000001c9d06c2800, 0x000001c9d06c2000, 0x000001c9d06c0000,
0x000001c9d06c3800, 0x000001c9d06c6800, 0x000001c9d06c4800, 0x000001c9d06c5000,
0x000001c9d06c1000, 0x000001c9d06c6000, 0x000001c9d06a1000, 0x000001c9d06a2800,
0x000001c9d06a0000, 0x000001c9d06a6800, 0x000001c9d06a3800, 0x000001c9d06a7800,
0x000001c9d06a2000, 0x000001c9d06a9000, 0x000001c9d06a8800, 0x000001c9d06aa000,
0x000001c9d06a6000, 0x000001c9d06a4800, 0x000001c9d06ab000, 0x000001c9d06a5000,
0x000001c9d06ab800, 0x000001c9d06ae000, 0x000001c9d06ac800, 0x000001c9d06ad800,
0x000001c9d06af000, 0x000001c9d162c800, 0x000001c9d1627800, 0x000001c9d1629000,
0x000001c9d162a000, 0x000001c9d162a800, 0x000001c9d1628000, 0x000001c9d1626800,
0x000001c9d162f800, 0x000001c9d162d000, 0x000001c9d162e800, 0x000001c9d162e000,
0x000001c9d1630800, 0x000001c9d1631000, 0x000001c9d162b800, 0x000001c9d1633800,
0x000001c9d1632000, 0x000001c9d1635000, 0x000001c9d1634800, 0x000001c9d1633000,
0x000001c9cf51c800, 0x000001c9cf51d800, 0x000001c9cf51c000, 0x000001c9cf51e800,
0x000001c9cf51b000, 0x000001c9cf521800, 0x000001c9cf522800, 0x000001c9cf525000,
0x000001c9cf523000, 0x000001c9cf51f000, 0x000001c9cf524000, 0x000001c9cf525800,
0x000001c9cf520000, 0x000001c9cf526800, 0x000001c9cf521000, 0x000001c9cf528000,
0x000001c9cf527800, 0x000001c9cf529000, 0x000001c9cf52a000, 0x000001c9d16d1000,
0x000001c9d16d2000, 0x000001c9d16ce000, 0x000001c9d16ce800, 0x000001c9d16cd000,
0x000001c9d16cf800, 0x000001c9d16cc000, 0x000001c9d16d5000, 0x000001c9d16d2800,
0x000001c9d16d3800, 0x000001c9d16d0800, 0x000001c9d16d7000, 0x000001c9d16d6000,
0x000001c9d16d7800, 0x000001c9d16d8800, 0x000001c9d16d9800, 0x000001c9d16da000,
0x000001c9d16d4800, 0x000001c9d16db000, 0x000001c9d4539800, 0x000001c9d4538800,
0x000001c9d453c000, 0x000001c9d4540000, 0x000001c9d453d000, 0x000001c9d453b000,
0x000001c9d453f800, 0x000001c9d453a800, 0x000001c9d4541000, 0x000001c9d453e800,
0x000001c9d4541800, 0x000001c9d4542800, 0x000001c9d453d800, 0x000001c9d4546800,
0x000001c9d4546000, 0x000001c9d4543800, 0x000001c9d4547800, 0x000001c9d4544000
}

Java Threads: ( => current thread )
  0x000001c9b3533800 JavaThread "main" [_thread_blocked, id=3064, stack(0x000000b0e6c00000,0x000000b0e6d00000)]
  0x000001c9cd9d1000 JavaThread "Reference Handler" daemon [_thread_blocked, id=8348, stack(0x000000b0e7300000,0x000000b0e7400000)]
  0x000001c9cd9e0800 JavaThread "Finalizer" daemon [_thread_blocked, id=10856, stack(0x000000b0e7400000,0x000000b0e7500000)]
  0x000001c9ce354800 JavaThread "Signal Dispatcher" daemon [_thread_blocked, id=2880, stack(0x000000b0e7500000,0x000000b0e7600000)]
  0x000001c9ce356000 JavaThread "Attach Listener" daemon [_thread_blocked, id=14116, stack(0x000000b0e7600000,0x000000b0e7700000)]
  0x000001c9ce357000 JavaThread "Service Thread" daemon [_thread_blocked, id=16260, stack(0x000000b0e7700000,0x000000b0e7800000)]
=>0x000001c9ce359000 JavaThread "C2 CompilerThread0" daemon [_thread_in_native, id=8448, stack(0x000000b0e7800000,0x000000b0e7900000)]
  0x000001c9ce35c800 JavaThread "C1 CompilerThread0" daemon [_thread_blocked, id=15564, stack(0x000000b0e7900000,0x000000b0e7a00000)]
  0x000001c9cd9f3000 JavaThread "Sweeper thread" daemon [_thread_blocked, id=7636, stack(0x000000b0e7a00000,0x000000b0e7b00000)]
  0x000001c9ce4aa800 JavaThread "Common-Cleaner" daemon [_thread_blocked, id=8528, stack(0x000000b0e7b00000,0x000000b0e7c00000)]
  0x000001c9cf6be800 JavaThread "Daemon health stats" [_thread_blocked, id=6904, stack(0x000000b0e7f00000,0x000000b0e8000000)]
  0x000001c9cfc21800 JavaThread "Incoming local TCP Connector on port 56772" [_thread_in_native, id=1196, stack(0x000000b0e8000000,0x000000b0e8100000)]
  0x000001c9cf6fe800 JavaThread "Daemon periodic checks" [_thread_blocked, id=10472, stack(0x000000b0e8100000,0x000000b0e8200000)]
  0x000001c9d1446800 JavaThread "Daemon" [_thread_blocked, id=4272, stack(0x000000b0e8200000,0x000000b0e8300000)]
  0x000001c9cfb70000 JavaThread "Handler for socket connection from /127.0.0.1:56772 to /127.0.0.1:56773" [_thread_in_native, id=7348, stack(0x000000b0e8300000,0x000000b0e8400000)]
  0x000001c9d1443800 JavaThread "Cancel handler" [_thread_blocked, id=6668, stack(0x000000b0e8400000,0x000000b0e8500000)]
  0x000001c9d1462800 JavaThread "Daemon worker" [_thread_blocked, id=1456, stack(0x000000b0e8500000,0x000000b0e8600000)]
  0x000001c9d1605000 JavaThread "Asynchronous log dispatcher for DefaultDaemonConnection: socket connection from /127.0.0.1:56772 to /127.0.0.1:56773" [_thread_blocked, id=12408, stack(0x000000b0e8600000,0x000000b0e8700000)]
  0x000001c9d13be000 JavaThread "Stdin handler" [_thread_blocked, id=11680, stack(0x000000b0e8700000,0x000000b0e8800000)]
  0x000001c9d145d800 JavaThread "Daemon client event forwarder" [_thread_blocked, id=16196, stack(0x000000b0e8800000,0x000000b0e8900000)]
  0x000001c9d145b000 JavaThread "Cache worker for journal cache (C:\Users\HP\.gradle\caches\journal-1)" [_thread_blocked, id=5528, stack(0x000000b0e8f00000,0x000000b0e9000000)]
  0x000001c9d145e800 JavaThread "File lock request listener" [_thread_in_native, id=17324, stack(0x000000b0e9000000,0x000000b0e9100000)]
  0x000001c9d145c000 JavaThread "Cache worker for file hash cache (C:\Users\HP\.gradle\caches\7.3.3\fileHashes)" [_thread_blocked, id=17004, stack(0x000000b0e9100000,0x000000b0e9200000)]
  0x000001c9d1460000 JavaThread "Cache worker for file hash cache (C:\FPT\MOB403 - AndroidNetworking\MOB403_PS18620_mientvt_Assignment\.gradle\7.3.3\fileHashes)" [_thread_blocked, id=16600, stack(0x000000b0e9300000,0x000000b0e9400000)]
  0x000001c9d145a800 JavaThread "File watcher server" daemon [_thread_in_native, id=10492, stack(0x000000b0e9400000,0x000000b0e9500000)]
  0x000001c9d145d000 JavaThread "File watcher consumer" daemon [_thread_blocked, id=16712, stack(0x000000b0e9500000,0x000000b0e9600000)]
  0x000001c9d145f000 JavaThread "Cache worker for checksums cache (C:\FPT\MOB403 - AndroidNetworking\MOB403_PS18620_mientvt_Assignment\.gradle\7.3.3\checksums)" [_thread_blocked, id=16592, stack(0x000000b0e9600000,0x000000b0e9700000)]
  0x000001c9d1461000 JavaThread "Cache worker for cache directory md-supplier (C:\Users\HP\.gradle\caches\7.3.3\md-supplier)" [_thread_blocked, id=9492, stack(0x000000b0e9700000,0x000000b0e9800000)]
  0x000001c9d2189000 JavaThread "Cache worker for cache directory md-rule (C:\Users\HP\.gradle\caches\7.3.3\md-rule)" [_thread_blocked, id=10972, stack(0x000000b0e9800000,0x000000b0e9900000)]
  0x000001c9d2186800 JavaThread "Cache worker for execution history cache (C:\Users\HP\.gradle\caches\7.3.3\executionHistory)" [_thread_blocked, id=10396, stack(0x000000b0e9900000,0x000000b0e9a00000)]
  0x000001c9d2185800 JavaThread "jar transforms" [_thread_blocked, id=9552, stack(0x000000b0e9a00000,0x000000b0e9b00000)]
  0x000001c9d2184800 JavaThread "Cache worker for file content cache (C:\Users\HP\.gradle\caches\7.3.3\fileContent)" [_thread_blocked, id=2140, stack(0x000000b0e9b00000,0x000000b0e9c00000)]
  0x000001c9d2188000 JavaThread "jar transforms Thread 2" [_thread_blocked, id=16832, stack(0x000000b0e9c00000,0x000000b0e9d00000)]
  0x000001c9d2183000 JavaThread "Cache worker for dependencies-accessors (C:\FPT\MOB403 - AndroidNetworking\MOB403_PS18620_mientvt_Assignment\.gradle\7.3.3\dependencies-accessors)" [_thread_blocked, id=14856, stack(0x000000b0e9d00000,0x000000b0e9e00000)]
  0x000001c9d218a800 JavaThread "jar transforms Thread 3" [_thread_blocked, id=6264, stack(0x000000b0e9e00000,0x000000b0e9f00000)]
  0x000001c9d218c000 JavaThread "Cache worker for Build Output Cleanup Cache (C:\FPT\MOB403 - AndroidNetworking\MOB403_PS18620_mientvt_Assignment\.gradle\buildOutputCleanup)" [_thread_blocked, id=12696, stack(0x000000b0e9f00000,0x000000b0ea000000)]
  0x000001c9d218f800 JavaThread "Unconstrained build operations" [_thread_blocked, id=13136, stack(0x000000b0ea000000,0x000000b0ea100000)]
  0x000001c9d218e800 JavaThread "Unconstrained build operations Thread 2" [_thread_blocked, id=6996, stack(0x000000b0ea100000,0x000000b0ea200000)]
  0x000001c9d218d800 JavaThread "Unconstrained build operations Thread 3" [_thread_blocked, id=1380, stack(0x000000b0ea200000,0x000000b0ea300000)]
  0x000001c9d218d000 JavaThread "Unconstrained build operations Thread 4" [_thread_blocked, id=15888, stack(0x000000b0ea300000,0x000000b0ea400000)]
  0x000001c9d218b800 JavaThread "Unconstrained build operations Thread 5" [_thread_blocked, id=15364, stack(0x000000b0ea400000,0x000000b0ea500000)]
  0x000001c9d2189800 JavaThread "Unconstrained build operations Thread 6" [_thread_blocked, id=3604, stack(0x000000b0ea500000,0x000000b0ea600000)]
  0x000001c9d2192000 JavaThread "Unconstrained build operations Thread 7" [_thread_blocked, id=13724, stack(0x000000b0ea600000,0x000000b0ea700000)]
  0x000001c9d2190000 JavaThread "Unconstrained build operations Thread 8" [_thread_blocked, id=9072, stack(0x000000b0ea700000,0x000000b0ea800000)]
  0x000001c9d2191000 JavaThread "Unconstrained build operations Thread 9" [_thread_blocked, id=4640, stack(0x000000b0ea800000,0x000000b0ea900000)]
  0x000001c9d06c2800 JavaThread "Unconstrained build operations Thread 10" [_thread_blocked, id=13800, stack(0x000000b0ea900000,0x000000b0eaa00000)]
  0x000001c9d06c2000 JavaThread "Unconstrained build operations Thread 11" [_thread_blocked, id=6100, stack(0x000000b0eaa00000,0x000000b0eab00000)]
  0x000001c9d06c0000 JavaThread "Unconstrained build operations Thread 12" [_thread_blocked, id=14308, stack(0x000000b0eab00000,0x000000b0eac00000)]
  0x000001c9d06c3800 JavaThread "Unconstrained build operations Thread 13" [_thread_blocked, id=14992, stack(0x000000b0eac00000,0x000000b0ead00000)]
  0x000001c9d06c6800 JavaThread "Unconstrained build operations Thread 14" [_thread_blocked, id=3560, stack(0x000000b0ead00000,0x000000b0eae00000)]
  0x000001c9d06c4800 JavaThread "Unconstrained build operations Thread 15" [_thread_blocked, id=13952, stack(0x000000b0eae00000,0x000000b0eaf00000)]
  0x000001c9d06c5000 JavaThread "Unconstrained build operations Thread 16" [_thread_blocked, id=13988, stack(0x000000b0eaf00000,0x000000b0eb000000)]
  0x000001c9d06c1000 JavaThread "Unconstrained build operations Thread 17" [_thread_blocked, id=3164, stack(0x000000b0eb000000,0x000000b0eb100000)]
  0x000001c9d06c6000 JavaThread "Unconstrained build operations Thread 18" [_thread_blocked, id=16552, stack(0x000000b0eb100000,0x000000b0eb200000)]
  0x000001c9d06a1000 JavaThread "Unconstrained build operations Thread 19" [_thread_blocked, id=11124, stack(0x000000b0eb200000,0x000000b0eb300000)]
  0x000001c9d06a2800 JavaThread "Unconstrained build operations Thread 20" [_thread_blocked, id=12280, stack(0x000000b0eb300000,0x000000b0eb400000)]
  0x000001c9d06a0000 JavaThread "Unconstrained build operations Thread 21" [_thread_blocked, id=9872, stack(0x000000b0eb400000,0x000000b0eb500000)]
  0x000001c9d06a6800 JavaThread "Unconstrained build operations Thread 22" [_thread_blocked, id=11796, stack(0x000000b0eb500000,0x000000b0eb600000)]
  0x000001c9d06a3800 JavaThread "Unconstrained build operations Thread 23" [_thread_blocked, id=4432, stack(0x000000b0eb600000,0x000000b0eb700000)]
  0x000001c9d06a7800 JavaThread "Unconstrained build operations Thread 24" [_thread_blocked, id=14796, stack(0x000000b0eb700000,0x000000b0eb800000)]
  0x000001c9d06a2000 JavaThread "Unconstrained build operations Thread 25" [_thread_blocked, id=16300, stack(0x000000b0eb800000,0x000000b0eb900000)]
  0x000001c9d06a9000 JavaThread "Unconstrained build operations Thread 26" [_thread_blocked, id=15464, stack(0x000000b0eb900000,0x000000b0eba00000)]
  0x000001c9d06a8800 JavaThread "Unconstrained build operations Thread 27" [_thread_blocked, id=11068, stack(0x000000b0eba00000,0x000000b0ebb00000)]
  0x000001c9d06aa000 JavaThread "Unconstrained build operations Thread 28" [_thread_blocked, id=2324, stack(0x000000b0ebb00000,0x000000b0ebc00000)]
  0x000001c9d06a6000 JavaThread "Unconstrained build operations Thread 29" [_thread_blocked, id=14012, stack(0x000000b0ebc00000,0x000000b0ebd00000)]
  0x000001c9d06a4800 JavaThread "Unconstrained build operations Thread 30" [_thread_blocked, id=9692, stack(0x000000b0ebd00000,0x000000b0ebe00000)]
  0x000001c9d06ab000 JavaThread "Unconstrained build operations Thread 31" [_thread_blocked, id=17076, stack(0x000000b0ebe00000,0x000000b0ebf00000)]
  0x000001c9d06a5000 JavaThread "Unconstrained build operations Thread 32" [_thread_blocked, id=13224, stack(0x000000b0ebf00000,0x000000b0ec000000)]
  0x000001c9d06ab800 JavaThread "Unconstrained build operations Thread 33" [_thread_blocked, id=16136, stack(0x000000b0ec000000,0x000000b0ec100000)]
  0x000001c9d06ae000 JavaThread "Unconstrained build operations Thread 34" [_thread_blocked, id=6312, stack(0x000000b0ec100000,0x000000b0ec200000)]
  0x000001c9d06ac800 JavaThread "Unconstrained build operations Thread 35" [_thread_blocked, id=1932, stack(0x000000b0ec200000,0x000000b0ec300000)]
  0x000001c9d06ad800 JavaThread "Unconstrained build operations Thread 36" [_thread_blocked, id=4296, stack(0x000000b0ec300000,0x000000b0ec400000)]
  0x000001c9d06af000 JavaThread "Unconstrained build operations Thread 37" [_thread_blocked, id=10896, stack(0x000000b0ec400000,0x000000b0ec500000)]
  0x000001c9d162c800 JavaThread "Unconstrained build operations Thread 38" [_thread_blocked, id=8980, stack(0x000000b0ec500000,0x000000b0ec600000)]
  0x000001c9d1627800 JavaThread "Unconstrained build operations Thread 39" [_thread_blocked, id=11804, stack(0x000000b0ec600000,0x000000b0ec700000)]
  0x000001c9d1629000 JavaThread "Unconstrained build operations Thread 40" [_thread_blocked, id=9036, stack(0x000000b0ec700000,0x000000b0ec800000)]
  0x000001c9d162a000 JavaThread "Unconstrained build operations Thread 41" [_thread_blocked, id=2064, stack(0x000000b0ec800000,0x000000b0ec900000)]
  0x000001c9d162a800 JavaThread "Unconstrained build operations Thread 42" [_thread_blocked, id=17088, stack(0x000000b0ec900000,0x000000b0eca00000)]
  0x000001c9d1628000 JavaThread "Unconstrained build operations Thread 43" [_thread_blocked, id=13068, stack(0x000000b0eca00000,0x000000b0ecb00000)]
  0x000001c9d1626800 JavaThread "Unconstrained build operations Thread 44" [_thread_blocked, id=1272, stack(0x000000b0ecb00000,0x000000b0ecc00000)]
  0x000001c9d162f800 JavaThread "Unconstrained build operations Thread 45" [_thread_blocked, id=6592, stack(0x000000b0ecc00000,0x000000b0ecd00000)]
  0x000001c9d162d000 JavaThread "Unconstrained build operations Thread 46" [_thread_blocked, id=10208, stack(0x000000b0ecd00000,0x000000b0ece00000)]
  0x000001c9d162e800 JavaThread "Unconstrained build operations Thread 47" [_thread_blocked, id=2440, stack(0x000000b0ece00000,0x000000b0ecf00000)]
  0x000001c9d162e000 JavaThread "Unconstrained build operations Thread 48" [_thread_blocked, id=16364, stack(0x000000b0ecf00000,0x000000b0ed000000)]
  0x000001c9d1630800 JavaThread "Unconstrained build operations Thread 49" [_thread_blocked, id=10708, stack(0x000000b0ed000000,0x000000b0ed100000)]
  0x000001c9d1631000 JavaThread "Unconstrained build operations Thread 50" [_thread_blocked, id=17352, stack(0x000000b0ed100000,0x000000b0ed200000)]
  0x000001c9d162b800 JavaThread "Unconstrained build operations Thread 51" [_thread_blocked, id=7196, stack(0x000000b0ed200000,0x000000b0ed300000)]
  0x000001c9d1633800 JavaThread "Unconstrained build operations Thread 52" [_thread_blocked, id=15484, stack(0x000000b0ed300000,0x000000b0ed400000)]
  0x000001c9d1632000 JavaThread "Unconstrained build operations Thread 53" [_thread_blocked, id=3248, stack(0x000000b0ed400000,0x000000b0ed500000)]
  0x000001c9d1635000 JavaThread "Unconstrained build operations Thread 54" [_thread_blocked, id=10560, stack(0x000000b0ed500000,0x000000b0ed600000)]
  0x000001c9d1634800 JavaThread "Unconstrained build operations Thread 55" [_thread_blocked, id=15776, stack(0x000000b0ed600000,0x000000b0ed700000)]
  0x000001c9d1633000 JavaThread "Unconstrained build operations Thread 56" [_thread_blocked, id=11932, stack(0x000000b0ed700000,0x000000b0ed800000)]
  0x000001c9cf51c800 JavaThread "Unconstrained build operations Thread 57" [_thread_blocked, id=10600, stack(0x000000b0ed800000,0x000000b0ed900000)]
  0x000001c9cf51d800 JavaThread "Unconstrained build operations Thread 58" [_thread_blocked, id=11092, stack(0x000000b0ed900000,0x000000b0eda00000)]
  0x000001c9cf51c000 JavaThread "Unconstrained build operations Thread 59" [_thread_blocked, id=8648, stack(0x000000b0eda00000,0x000000b0edb00000)]
  0x000001c9cf51e800 JavaThread "Unconstrained build operations Thread 60" [_thread_blocked, id=14128, stack(0x000000b0edb00000,0x000000b0edc00000)]
  0x000001c9cf51b000 JavaThread "Unconstrained build operations Thread 61" [_thread_blocked, id=11768, stack(0x000000b0edc00000,0x000000b0edd00000)]
  0x000001c9cf521800 JavaThread "Unconstrained build operations Thread 62" [_thread_blocked, id=10460, stack(0x000000b0edd00000,0x000000b0ede00000)]
  0x000001c9cf522800 JavaThread "Unconstrained build operations Thread 63" [_thread_blocked, id=9304, stack(0x000000b0ede00000,0x000000b0edf00000)]
  0x000001c9cf525000 JavaThread "Unconstrained build operations Thread 64" [_thread_blocked, id=10552, stack(0x000000b0edf00000,0x000000b0ee000000)]
  0x000001c9cf523000 JavaThread "Unconstrained build operations Thread 65" [_thread_blocked, id=13840, stack(0x000000b0ee000000,0x000000b0ee100000)]
  0x000001c9cf51f000 JavaThread "Unconstrained build operations Thread 66" [_thread_blocked, id=5800, stack(0x000000b0ee100000,0x000000b0ee200000)]
  0x000001c9cf524000 JavaThread "Unconstrained build operations Thread 67" [_thread_blocked, id=5600, stack(0x000000b0ee200000,0x000000b0ee300000)]
  0x000001c9cf525800 JavaThread "Unconstrained build operations Thread 68" [_thread_blocked, id=9788, stack(0x000000b0ee300000,0x000000b0ee400000)]
  0x000001c9cf520000 JavaThread "Unconstrained build operations Thread 69" [_thread_blocked, id=7100, stack(0x000000b0ee400000,0x000000b0ee500000)]
  0x000001c9cf526800 JavaThread "Unconstrained build operations Thread 70" [_thread_blocked, id=5860, stack(0x000000b0ee500000,0x000000b0ee600000)]
  0x000001c9cf521000 JavaThread "Unconstrained build operations Thread 71" [_thread_blocked, id=1680, stack(0x000000b0ee600000,0x000000b0ee700000)]
  0x000001c9cf528000 JavaThread "Unconstrained build operations Thread 72" [_thread_blocked, id=3564, stack(0x000000b0ee700000,0x000000b0ee800000)]
  0x000001c9cf527800 JavaThread "Unconstrained build operations Thread 73" [_thread_blocked, id=13940, stack(0x000000b0ee800000,0x000000b0ee900000)]
  0x000001c9cf529000 JavaThread "Unconstrained build operations Thread 74" [_thread_blocked, id=3824, stack(0x000000b0ee900000,0x000000b0eea00000)]
  0x000001c9cf52a000 JavaThread "Unconstrained build operations Thread 75" [_thread_blocked, id=11392, stack(0x000000b0eea00000,0x000000b0eeb00000)]
  0x000001c9d16d1000 JavaThread "Unconstrained build operations Thread 76" [_thread_blocked, id=8324, stack(0x000000b0eeb00000,0x000000b0eec00000)]
  0x000001c9d16d2000 JavaThread "Unconstrained build operations Thread 77" [_thread_blocked, id=7112, stack(0x000000b0eec00000,0x000000b0eed00000)]
  0x000001c9d16ce000 JavaThread "Unconstrained build operations Thread 78" [_thread_blocked, id=15808, stack(0x000000b0eed00000,0x000000b0eee00000)]
  0x000001c9d16ce800 JavaThread "Unconstrained build operations Thread 79" [_thread_blocked, id=16292, stack(0x000000b0eee00000,0x000000b0eef00000)]
  0x000001c9d16cd000 JavaThread "Unconstrained build operations Thread 80" [_thread_blocked, id=1220, stack(0x000000b0eef00000,0x000000b0ef000000)]
  0x000001c9d16cf800 JavaThread "jar transforms Thread 4" [_thread_blocked, id=11464, stack(0x000000b0ef000000,0x000000b0ef100000)]
  0x000001c9d16cc000 JavaThread "jar transforms Thread 5" [_thread_blocked, id=16176, stack(0x000000b0ef100000,0x000000b0ef200000)]
  0x000001c9d16d5000 JavaThread "jar transforms Thread 6" [_thread_blocked, id=5132, stack(0x000000b0ef200000,0x000000b0ef300000)]
  0x000001c9d16d2800 JavaThread "jar transforms Thread 7" [_thread_blocked, id=14068, stack(0x000000b0ef300000,0x000000b0ef400000)]
  0x000001c9d16d3800 JavaThread "jar transforms Thread 8" [_thread_blocked, id=6224, stack(0x000000b0ef400000,0x000000b0ef500000)]
  0x000001c9d16d0800 JavaThread "Memory manager" [_thread_blocked, id=13432, stack(0x000000b0ef500000,0x000000b0ef600000)]
  0x000001c9d16d7000 JavaThread "build event listener" [_thread_blocked, id=15348, stack(0x000000b0ef600000,0x000000b0ef700000)]
  0x000001c9d16d6000 JavaThread "pool-3-thread-1" [_thread_blocked, id=13928, stack(0x000000b0ef700000,0x000000b0ef800000)]
  0x000001c9d16d7800 JavaThread "build event listener" [_thread_blocked, id=836, stack(0x000000b0ef800000,0x000000b0ef900000)]
  0x000001c9d16d8800 JavaThread "Execution worker for ':'" [_thread_blocked, id=15396, stack(0x000000b0ef900000,0x000000b0efa00000)]
  0x000001c9d16d9800 JavaThread "Execution worker for ':' Thread 2" [_thread_blocked, id=15528, stack(0x000000b0efa00000,0x000000b0efb00000)]
  0x000001c9d16da000 JavaThread "Execution worker for ':' Thread 3" [_thread_blocked, id=16652, stack(0x000000b0efb00000,0x000000b0efc00000)]
  0x000001c9d16d4800 JavaThread "Execution worker for ':' Thread 4" [_thread_blocked, id=14936, stack(0x000000b0efc00000,0x000000b0efd00000)]
  0x000001c9d16db000 JavaThread "Execution worker for ':' Thread 5" [_thread_blocked, id=14632, stack(0x000000b0efd00000,0x000000b0efe00000)]
  0x000001c9d4539800 JavaThread "Execution worker for ':' Thread 6" [_thread_blocked, id=14444, stack(0x000000b0efe00000,0x000000b0eff00000)]
  0x000001c9d4538800 JavaThread "Execution worker for ':' Thread 7" [_thread_blocked, id=13672, stack(0x000000b0eff00000,0x000000b0f0000000)]
  0x000001c9d453c000 JavaThread "Cache worker for execution history cache (C:\FPT\MOB403 - AndroidNetworking\MOB403_PS18620_mientvt_Assignment\.gradle\7.3.3\executionHistory)" [_thread_blocked, id=12928, stack(0x000000b0f0000000,0x000000b0f0100000)]
  0x000001c9d4540000 JavaThread "WorkerExecutor Queue" [_thread_in_native, id=17156, stack(0x000000b0f0100000,0x000000b0f0200000)]
  0x000001c9d453d000 JavaThread "WorkerExecutor Queue Thread 2" [_thread_in_vm, id=16540, stack(0x000000b0f0200000,0x000000b0f0300000)]
  0x000001c9d453b000 JavaThread "WorkerExecutor Queue Thread 3" [_thread_blocked, id=2940, stack(0x000000b0f0300000,0x000000b0f0400000)]
  0x000001c9d453f800 JavaThread "WorkerExecutor Queue Thread 4" [_thread_blocked, id=12336, stack(0x000000b0f0400000,0x000000b0f0500000)]
  0x000001c9d453a800 JavaThread "pool-4-thread-1" [_thread_blocked, id=11312, stack(0x000000b0f0500000,0x000000b0f0600000)]
  0x000001c9d4541000 JavaThread "stderr" [_thread_in_native, id=15372, stack(0x000000b0f0600000,0x000000b0f0700000)]
  0x000001c9d453e800 JavaThread "stdout" [_thread_in_native, id=11732, stack(0x000000b0f0700000,0x000000b0f0800000)]
  0x000001c9d4541800 JavaThread "ForkJoinPool-1-worker-3" daemon [_thread_blocked, id=8992, stack(0x000000b0f0800000,0x000000b0f0900000)]
  0x000001c9d4542800 JavaThread "ForkJoinPool-1-worker-5" daemon [_thread_blocked, id=8652, stack(0x000000b0f0900000,0x000000b0f0a00000)]
  0x000001c9d453d800 JavaThread "ForkJoinPool-1-worker-7" daemon [_thread_blocked, id=3668, stack(0x000000b0f0a00000,0x000000b0f0b00000)]
  0x000001c9d4546800 JavaThread "ForkJoinPool-1-worker-9" daemon [_thread_blocked, id=12212, stack(0x000000b0f0b00000,0x000000b0f0c00000)]
  0x000001c9d4546000 JavaThread "ForkJoinPool-1-worker-11" daemon [_thread_blocked, id=14368, stack(0x000000b0f0c00000,0x000000b0f0d00000)]
  0x000001c9d4543800 JavaThread "ForkJoinPool-1-worker-13" daemon [_thread_blocked, id=15952, stack(0x000000b0f0d00000,0x000000b0f0e00000)]
  0x000001c9d4547800 JavaThread "ForkJoinPool-1-worker-15" daemon [_thread_blocked, id=15256, stack(0x000000b0f0e00000,0x000000b0f0f00000)]
  0x000001c9d4544000 JavaThread "ForkJoinPool-1-worker-1" daemon [_thread_blocked, id=15584, stack(0x000000b0f0f00000,0x000000b0f1000000)]

Other Threads:
  0x000001c9cd9ce800 VMThread "VM Thread" [stack: 0x000000b0e7200000,0x000000b0e7300000] [id=15928]
  0x000001c9ce51d000 WatcherThread [stack: 0x000000b0e7c00000,0x000000b0e7d00000] [id=12164]
  0x000001c9b151d800 GCTaskThread "GC Thread#0" [stack: 0x000000b0e6d00000,0x000000b0e6e00000] [id=16012]
  0x000001c9cef02800 GCTaskThread "GC Thread#1" [stack: 0x000000b0e7d00000,0x000000b0e7e00000] [id=1964]
  0x000001c9cea41800 GCTaskThread "GC Thread#2" [stack: 0x000000b0e7e00000,0x000000b0e7f00000] [id=2380]
  0x000001c9cfcac000 GCTaskThread "GC Thread#3" [stack: 0x000000b0e8900000,0x000000b0e8a00000] [id=6792]
  0x000001c9cfc13800 GCTaskThread "GC Thread#4" [stack: 0x000000b0e8a00000,0x000000b0e8b00000] [id=2692]
  0x000001c9cfbf5000 GCTaskThread "GC Thread#5" [stack: 0x000000b0e8b00000,0x000000b0e8c00000] [id=5856]
  0x000001c9cfcb5000 GCTaskThread "GC Thread#6" [stack: 0x000000b0e8c00000,0x000000b0e8d00000] [id=11284]
  0x000001c9d1602000 GCTaskThread "GC Thread#7" [stack: 0x000000b0e8d00000,0x000000b0e8e00000] [id=17260]
  0x000001c9b357b000 ConcurrentGCThread "G1 Main Marker" [stack: 0x000000b0e6e00000,0x000000b0e6f00000] [id=14724]
  0x000001c9b357c000 ConcurrentGCThread "G1 Conc#0" [stack: 0x000000b0e6f00000,0x000000b0e7000000] [id=14944]
  0x000001c9d190e000 ConcurrentGCThread "G1 Conc#1" [stack: 0x000000b0e9200000,0x000000b0e9300000] [id=7528]
  0x000001c9b360d800 ConcurrentGCThread "G1 Refine#0" [stack: 0x000000b0e7000000,0x000000b0e7100000] [id=14216]
  0x000001c9cf1f5800 ConcurrentGCThread "G1 Refine#1" [stack: 0x000000b0e8e00000,0x000000b0e8f00000] [id=9804]
  0x000001c9d73ee000 ConcurrentGCThread "G1 Refine#2" [stack: 0x000000b0f1000000,0x000000b0f1100000] [id=10468]
  0x000001c9cf6e6800 ConcurrentGCThread "G1 Refine#3" [stack: 0x000000b0f1100000,0x000000b0f1200000] [id=14780]
  0x000001c9b360e800 ConcurrentGCThread "G1 Young RemSet Sampling" [stack: 0x000000b0e7100000,0x000000b0e7200000] [id=10068]

Threads with active compile tasks:
C2 CompilerThread0  18969 11591       4       com.android.tools.r8.code.y1::a (4129 bytes)

VM state:not at safepoint (normal execution)

VM Mutex/Monitor currently owned by a thread: None

Heap address: 0x0000000080000000, size: 2048 MB, Compressed Oops mode: 32-bit
Narrow klass base: 0x0000000000000000, Narrow klass shift: 3
Compressed class space size: 1073741824 Address: 0x0000000100000000

Heap:
 garbage-first heap   total 225280K, used 159694K [0x0000000080000000, 0x0000000100000000)
  region size 1024K, 19 young (19456K), 7 survivors (7168K)
 Metaspace       used 101246K, capacity 103649K, committed 103800K, reserved 1138688K
  class space    used 13175K, capacity 14095K, committed 14200K, reserved 1048576K
Heap Regions: E=young(eden), S=young(survivor), O=old, HS=humongous(starts), HC=humongous(continues), CS=collection set, F=free, A=archive, TAMS=top-at-mark-start (previous, next)
|   0|0x0000000080000000, 0x0000000080100000, 0x0000000080100000|100%| O|  |TAMS 0x0000000080100000, 0x0000000080100000| Untracked 
|   1|0x0000000080100000, 0x0000000080200000, 0x0000000080200000|100%| O|  |TAMS 0x0000000080200000, 0x0000000080200000| Untracked 
|   2|0x0000000080200000, 0x0000000080300000, 0x0000000080300000|100%| O|  |TAMS 0x0000000080300000, 0x0000000080300000| Untracked 
|   3|0x0000000080300000, 0x0000000080400000, 0x0000000080400000|100%|HS|  |TAMS 0x0000000080400000, 0x0000000080400000| Complete 
|   4|0x0000000080400000, 0x0000000080500000, 0x0000000080500000|100%|HC|  |TAMS 0x0000000080500000, 0x0000000080500000| Complete 
|   5|0x0000000080500000, 0x0000000080600000, 0x0000000080600000|100%|HC|  |TAMS 0x0000000080600000, 0x0000000080600000| Complete 
|   6|0x0000000080600000, 0x0000000080700000, 0x0000000080700000|100%| O|  |TAMS 0x0000000080700000, 0x0000000080700000| Untracked 
|   7|0x0000000080700000, 0x0000000080800000, 0x0000000080800000|100%| O|  |TAMS 0x0000000080800000, 0x0000000080800000| Untracked 
|   8|0x0000000080800000, 0x0000000080900000, 0x0000000080900000|100%| O|  |TAMS 0x0000000080900000, 0x0000000080900000| Untracked 
|   9|0x0000000080900000, 0x0000000080a00000, 0x0000000080a00000|100%| O|  |TAMS 0x0000000080a00000, 0x0000000080a00000| Untracked 
|  10|0x0000000080a00000, 0x0000000080b00000, 0x0000000080b00000|100%| O|  |TAMS 0x0000000080b00000, 0x0000000080b00000| Untracked 
|  11|0x0000000080b00000, 0x0000000080c00000, 0x0000000080c00000|100%| O|  |TAMS 0x0000000080c00000, 0x0000000080c00000| Untracked 
|  12|0x0000000080c00000, 0x0000000080d00000, 0x0000000080d00000|100%| O|  |TAMS 0x0000000080d00000, 0x0000000080d00000| Untracked 
|  13|0x0000000080d00000, 0x0000000080e00000, 0x0000000080e00000|100%| O|  |TAMS 0x0000000080e00000, 0x0000000080e00000| Untracked 
|  14|0x0000000080e00000, 0x0000000080f00000, 0x0000000080f00000|100%| O|  |TAMS 0x0000000080f00000, 0x0000000080f00000| Untracked 
|  15|0x0000000080f00000, 0x0000000081000000, 0x0000000081000000|100%| O|  |TAMS 0x0000000081000000, 0x0000000081000000| Untracked 
|  16|0x0000000081000000, 0x0000000081100000, 0x0000000081100000|100%| O|  |TAMS 0x0000000081100000, 0x0000000081100000| Untracked 
|  17|0x0000000081100000, 0x0000000081200000, 0x0000000081200000|100%| O|  |TAMS 0x0000000081200000, 0x0000000081200000| Untracked 
|  18|0x0000000081200000, 0x0000000081300000, 0x0000000081300000|100%| O|  |TAMS 0x0000000081300000, 0x0000000081300000| Untracked 
|  19|0x0000000081300000, 0x0000000081400000, 0x0000000081400000|100%|HS|  |TAMS 0x0000000081400000, 0x0000000081400000| Complete 
|  20|0x0000000081400000, 0x0000000081500000, 0x0000000081500000|100%| O|  |TAMS 0x0000000081500000, 0x0000000081500000| Untracked 
|  21|0x0000000081500000, 0x0000000081600000, 0x0000000081600000|100%| O|  |TAMS 0x0000000081600000, 0x0000000081600000| Untracked 
|  22|0x0000000081600000, 0x0000000081700000, 0x0000000081700000|100%| O|  |TAMS 0x0000000081700000, 0x0000000081700000| Untracked 
|  23|0x0000000081700000, 0x0000000081800000, 0x0000000081800000|100%| O|  |TAMS 0x0000000081800000, 0x0000000081800000| Untracked 
|  24|0x0000000081800000, 0x0000000081900000, 0x0000000081900000|100%| O|  |TAMS 0x0000000081900000, 0x0000000081900000| Untracked 
|  25|0x0000000081900000, 0x0000000081a00000, 0x0000000081a00000|100%| O|  |TAMS 0x0000000081a00000, 0x0000000081a00000| Untracked 
|  26|0x0000000081a00000, 0x0000000081b00000, 0x0000000081b00000|100%| O|  |TAMS 0x0000000081b00000, 0x0000000081b00000| Untracked 
|  27|0x0000000081b00000, 0x0000000081c00000, 0x0000000081c00000|100%|HS|  |TAMS 0x0000000081c00000, 0x0000000081c00000| Complete 
|  28|0x0000000081c00000, 0x0000000081d00000, 0x0000000081d00000|100%|HS|  |TAMS 0x0000000081d00000, 0x0000000081d00000| Complete 
|  29|0x0000000081d00000, 0x0000000081e00000, 0x0000000081e00000|100%|HC|  |TAMS 0x0000000081e00000, 0x0000000081e00000| Complete 
|  30|0x0000000081e00000, 0x0000000081f00000, 0x0000000081f00000|100%| O|  |TAMS 0x0000000081f00000, 0x0000000081f00000| Untracked 
|  31|0x0000000081f00000, 0x0000000082000000, 0x0000000082000000|100%| O|  |TAMS 0x0000000082000000, 0x0000000082000000| Untracked 
|  32|0x0000000082000000, 0x0000000082100000, 0x0000000082100000|100%| O|  |TAMS 0x0000000082100000, 0x0000000082100000| Untracked 
|  33|0x0000000082100000, 0x0000000082200000, 0x0000000082200000|100%| O|  |TAMS 0x0000000082200000, 0x0000000082200000| Untracked 
|  34|0x0000000082200000, 0x0000000082300000, 0x0000000082300000|100%| O|  |TAMS 0x0000000082300000, 0x0000000082300000| Untracked 
|  35|0x0000000082300000, 0x0000000082400000, 0x0000000082400000|100%| O|  |TAMS 0x0000000082400000, 0x0000000082400000| Untracked 
|  36|0x0000000082400000, 0x0000000082500000, 0x0000000082500000|100%| O|  |TAMS 0x0000000082500000, 0x0000000082500000| Untracked 
|  37|0x0000000082500000, 0x0000000082600000, 0x0000000082600000|100%| O|  |TAMS 0x0000000082600000, 0x0000000082600000| Untracked 
|  38|0x0000000082600000, 0x0000000082700000, 0x0000000082700000|100%| O|  |TAMS 0x0000000082700000, 0x0000000082700000| Untracked 
|  39|0x0000000082700000, 0x0000000082800000, 0x0000000082800000|100%| O|  |TAMS 0x0000000082800000, 0x0000000082800000| Untracked 
|  40|0x0000000082800000, 0x0000000082900000, 0x0000000082900000|100%| O|  |TAMS 0x0000000082900000, 0x0000000082900000| Untracked 
|  41|0x0000000082900000, 0x0000000082a00000, 0x0000000082a00000|100%| O|  |TAMS 0x0000000082a00000, 0x0000000082a00000| Untracked 
|  42|0x0000000082a00000, 0x0000000082b00000, 0x0000000082b00000|100%| O|  |TAMS 0x0000000082b00000, 0x0000000082b00000| Untracked 
|  43|0x0000000082b00000, 0x0000000082c00000, 0x0000000082c00000|100%| O|  |TAMS 0x0000000082c00000, 0x0000000082c00000| Untracked 
|  44|0x0000000082c00000, 0x0000000082d00000, 0x0000000082d00000|100%| O|  |TAMS 0x0000000082d00000, 0x0000000082d00000| Untracked 
|  45|0x0000000082d00000, 0x0000000082e00000, 0x0000000082e00000|100%| O|  |TAMS 0x0000000082e00000, 0x0000000082e00000| Untracked 
|  46|0x0000000082e00000, 0x0000000082f00000, 0x0000000082f00000|100%| O|  |TAMS 0x0000000082f00000, 0x0000000082f00000| Untracked 
|  47|0x0000000082f00000, 0x0000000083000000, 0x0000000083000000|100%| O|  |TAMS 0x0000000083000000, 0x0000000083000000| Untracked 
|  48|0x0000000083000000, 0x0000000083100000, 0x0000000083100000|100%| O|  |TAMS 0x0000000083100000, 0x0000000083100000| Untracked 
|  49|0x0000000083100000, 0x0000000083200000, 0x0000000083200000|100%| O|  |TAMS 0x0000000083200000, 0x0000000083200000| Untracked 
|  50|0x0000000083200000, 0x0000000083300000, 0x0000000083300000|100%| O|  |TAMS 0x0000000083300000, 0x0000000083300000| Untracked 
|  51|0x0000000083300000, 0x0000000083400000, 0x0000000083400000|100%| O|  |TAMS 0x0000000083400000, 0x0000000083400000| Untracked 
|  52|0x0000000083400000, 0x0000000083500000, 0x0000000083500000|100%| O|  |TAMS 0x0000000083500000, 0x0000000083500000| Untracked 
|  53|0x0000000083500000, 0x0000000083600000, 0x0000000083600000|100%| O|  |TAMS 0x0000000083600000, 0x0000000083600000| Untracked 
|  54|0x0000000083600000, 0x0000000083700000, 0x0000000083700000|100%| O|  |TAMS 0x0000000083700000, 0x0000000083700000| Untracked 
|  55|0x0000000083700000, 0x0000000083800000, 0x0000000083800000|100%| O|  |TAMS 0x0000000083800000, 0x0000000083800000| Untracked 
|  56|0x0000000083800000, 0x0000000083900000, 0x0000000083900000|100%| O|  |TAMS 0x0000000083900000, 0x0000000083900000| Untracked 
|  57|0x0000000083900000, 0x0000000083a00000, 0x0000000083a00000|100%| O|  |TAMS 0x0000000083a00000, 0x0000000083a00000| Untracked 
|  58|0x0000000083a00000, 0x0000000083b00000, 0x0000000083b00000|100%| O|  |TAMS 0x0000000083b00000, 0x0000000083b00000| Untracked 
|  59|0x0000000083b00000, 0x0000000083c00000, 0x0000000083c00000|100%| O|  |TAMS 0x0000000083c00000, 0x0000000083c00000| Untracked 
|  60|0x0000000083c00000, 0x0000000083d00000, 0x0000000083d00000|100%| O|  |TAMS 0x0000000083d00000, 0x0000000083d00000| Untracked 
|  61|0x0000000083d00000, 0x0000000083e00000, 0x0000000083e00000|100%| O|  |TAMS 0x0000000083e00000, 0x0000000083e00000| Untracked 
|  62|0x0000000083e00000, 0x0000000083f00000, 0x0000000083f00000|100%| O|  |TAMS 0x0000000083f00000, 0x0000000083f00000| Untracked 
|  63|0x0000000083f00000, 0x0000000084000000, 0x0000000084000000|100%| O|  |TAMS 0x0000000084000000, 0x0000000084000000| Untracked 
|  64|0x0000000084000000, 0x0000000084100000, 0x0000000084100000|100%| O|  |TAMS 0x0000000084100000, 0x0000000084100000| Untracked 
|  65|0x0000000084100000, 0x0000000084200000, 0x0000000084200000|100%| O|  |TAMS 0x0000000084200000, 0x0000000084200000| Untracked 
|  66|0x0000000084200000, 0x0000000084300000, 0x0000000084300000|100%| O|  |TAMS 0x0000000084200000, 0x0000000084300000| Untracked 
|  67|0x0000000084300000, 0x0000000084400000, 0x0000000084400000|100%| O|  |TAMS 0x0000000084300000, 0x0000000084400000| Untracked 
|  68|0x0000000084400000, 0x0000000084500000, 0x0000000084500000|100%|HS|  |TAMS 0x0000000084400000, 0x0000000084500000| Complete 
|  69|0x0000000084500000, 0x0000000084600000, 0x0000000084600000|100%|HC|  |TAMS 0x0000000084500000, 0x0000000084600000| Complete 
|  70|0x0000000084600000, 0x0000000084700000, 0x0000000084700000|100%|HS|  |TAMS 0x0000000084600000, 0x0000000084700000| Complete 
|  71|0x0000000084700000, 0x0000000084800000, 0x0000000084800000|100%|HS|  |TAMS 0x0000000084700000, 0x0000000084800000| Complete 
|  72|0x0000000084800000, 0x0000000084900000, 0x0000000084900000|100%|HS|  |TAMS 0x0000000084800000, 0x0000000084900000| Complete 
|  73|0x0000000084900000, 0x0000000084a00000, 0x0000000084a00000|100%|HS|  |TAMS 0x0000000084900000, 0x0000000084a00000| Complete 
|  74|0x0000000084a00000, 0x0000000084b00000, 0x0000000084b00000|100%|HS|  |TAMS 0x0000000084a00000, 0x0000000084b00000| Complete 
|  75|0x0000000084b00000, 0x0000000084c00000, 0x0000000084c00000|100%| O|  |TAMS 0x0000000084b00000, 0x0000000084c00000| Untracked 
|  76|0x0000000084c00000, 0x0000000084d00000, 0x0000000084d00000|100%| O|  |TAMS 0x0000000084c00000, 0x0000000084d00000| Untracked 
|  77|0x0000000084d00000, 0x0000000084e00000, 0x0000000084e00000|100%|HS|  |TAMS 0x0000000084d00000, 0x0000000084e00000| Complete 
|  78|0x0000000084e00000, 0x0000000084f00000, 0x0000000084f00000|100%|HC|  |TAMS 0x0000000084e00000, 0x0000000084f00000| Complete 
|  79|0x0000000084f00000, 0x0000000085000000, 0x0000000085000000|100%| O|  |TAMS 0x0000000084f00000, 0x0000000085000000| Untracked 
|  80|0x0000000085000000, 0x0000000085100000, 0x0000000085100000|100%|HS|  |TAMS 0x0000000085000000, 0x0000000085100000| Complete 
|  81|0x0000000085100000, 0x0000000085200000, 0x0000000085200000|100%| O|  |TAMS 0x0000000085100000, 0x0000000085200000| Untracked 
|  82|0x0000000085200000, 0x0000000085300000, 0x0000000085300000|100%| O|  |TAMS 0x0000000085300000, 0x0000000085300000| Untracked 
|  83|0x0000000085300000, 0x0000000085400000, 0x0000000085400000|100%| O|  |TAMS 0x0000000085400000, 0x0000000085400000| Untracked 
|  84|0x0000000085400000, 0x0000000085500000, 0x0000000085500000|100%| O|  |TAMS 0x0000000085500000, 0x0000000085500000| Untracked 
|  85|0x0000000085500000, 0x0000000085600000, 0x0000000085600000|100%| O|  |TAMS 0x0000000085600000, 0x0000000085600000| Untracked 
|  86|0x0000000085600000, 0x0000000085700000, 0x0000000085700000|100%| O|  |TAMS 0x0000000085700000, 0x0000000085700000| Untracked 
|  87|0x0000000085700000, 0x0000000085800000, 0x0000000085800000|100%| O|  |TAMS 0x0000000085800000, 0x0000000085800000| Untracked 
|  88|0x0000000085800000, 0x0000000085900000, 0x0000000085900000|100%| O|  |TAMS 0x0000000085900000, 0x0000000085900000| Untracked 
|  89|0x0000000085900000, 0x0000000085a00000, 0x0000000085a00000|100%|HS|  |TAMS 0x0000000085900000, 0x0000000085a00000| Complete 
|  90|0x0000000085a00000, 0x0000000085b00000, 0x0000000085b00000|100%| O|  |TAMS 0x0000000085a00000, 0x0000000085b00000| Untracked 
|  91|0x0000000085b00000, 0x0000000085c00000, 0x0000000085c00000|100%|HS|  |TAMS 0x0000000085b00000, 0x0000000085c00000| Complete 
|  92|0x0000000085c00000, 0x0000000085d00000, 0x0000000085d00000|100%| O|  |TAMS 0x0000000085c00000, 0x0000000085d00000| Untracked 
|  93|0x0000000085d00000, 0x0000000085e00000, 0x0000000085e00000|100%|HS|  |TAMS 0x0000000085d00000, 0x0000000085e00000| Complete 
|  94|0x0000000085e00000, 0x0000000085f00000, 0x0000000085f00000|100%| O|  |TAMS 0x0000000085e00000, 0x0000000085f00000| Untracked 
|  95|0x0000000085f00000, 0x0000000086000000, 0x0000000086000000|100%| O|  |TAMS 0x0000000086000000, 0x0000000086000000| Untracked 
|  96|0x0000000086000000, 0x0000000086100000, 0x0000000086100000|100%| O|  |TAMS 0x0000000086000000, 0x0000000086100000| Untracked 
|  97|0x0000000086100000, 0x0000000086200000, 0x0000000086200000|100%| O|  |TAMS 0x0000000086100000, 0x0000000086200000| Untracked 
|  98|0x0000000086200000, 0x0000000086300000, 0x0000000086300000|100%| O|  |TAMS 0x0000000086200000, 0x0000000086300000| Untracked 
|  99|0x0000000086300000, 0x0000000086400000, 0x0000000086400000|100%| O|  |TAMS 0x0000000086300000, 0x0000000086400000| Untracked 
| 100|0x0000000086400000, 0x0000000086500000, 0x0000000086500000|100%| O|  |TAMS 0x0000000086400000, 0x0000000086500000| Untracked 
| 101|0x0000000086500000, 0x0000000086600000, 0x0000000086600000|100%| O|  |TAMS 0x0000000086500000, 0x0000000086600000| Untracked 
| 102|0x0000000086600000, 0x0000000086700000, 0x0000000086700000|100%| O|  |TAMS 0x0000000086600000, 0x0000000086700000| Untracked 
| 103|0x0000000086700000, 0x0000000086800000, 0x0000000086800000|100%| O|  |TAMS 0x0000000086700000, 0x0000000086800000| Untracked 
| 104|0x0000000086800000, 0x0000000086900000, 0x0000000086900000|100%| O|  |TAMS 0x0000000086800000, 0x0000000086900000| Untracked 
| 105|0x0000000086900000, 0x0000000086a00000, 0x0000000086a00000|100%| O|  |TAMS 0x0000000086900000, 0x0000000086a00000| Untracked 
| 106|0x0000000086a00000, 0x0000000086b00000, 0x0000000086b00000|100%| O|  |TAMS 0x0000000086a00000, 0x0000000086b00000| Untracked 
| 107|0x0000000086b00000, 0x0000000086c00000, 0x0000000086c00000|100%| O|  |TAMS 0x0000000086b00000, 0x0000000086c00000| Untracked 
| 108|0x0000000086c00000, 0x0000000086d00000, 0x0000000086d00000|100%| O|  |TAMS 0x0000000086c00000, 0x0000000086d00000| Untracked 
| 109|0x0000000086d00000, 0x0000000086e00000, 0x0000000086e00000|100%| O|  |TAMS 0x0000000086d00000, 0x0000000086e00000| Untracked 
| 110|0x0000000086e00000, 0x0000000086f00000, 0x0000000086f00000|100%| O|  |TAMS 0x0000000086e00000, 0x0000000086f00000| Untracked 
| 111|0x0000000086f00000, 0x0000000087000000, 0x0000000087000000|100%| O|  |TAMS 0x0000000086f00000, 0x0000000087000000| Untracked 
| 112|0x0000000087000000, 0x0000000087100000, 0x0000000087100000|100%| O|  |TAMS 0x0000000087000000, 0x0000000087100000| Untracked 
| 113|0x0000000087100000, 0x0000000087200000, 0x0000000087200000|100%| O|  |TAMS 0x0000000087100000, 0x0000000087200000| Untracked 
| 114|0x0000000087200000, 0x0000000087300000, 0x0000000087300000|100%| O|  |TAMS 0x0000000087200000, 0x0000000087300000| Untracked 
| 115|0x0000000087300000, 0x0000000087400000, 0x0000000087400000|100%| O|  |TAMS 0x0000000087300000, 0x0000000087400000| Untracked 
| 116|0x0000000087400000, 0x0000000087500000, 0x0000000087500000|100%| O|  |TAMS 0x0000000087400000, 0x0000000087500000| Untracked 
| 117|0x0000000087500000, 0x0000000087600000, 0x0000000087600000|100%| O|  |TAMS 0x0000000087500000, 0x0000000087600000| Untracked 
| 118|0x0000000087600000, 0x0000000087700000, 0x0000000087700000|100%| O|  |TAMS 0x0000000087600000, 0x0000000087700000| Untracked 
| 119|0x0000000087700000, 0x0000000087800000, 0x0000000087800000|100%| O|  |TAMS 0x0000000087700000, 0x0000000087800000| Untracked 
| 120|0x0000000087800000, 0x0000000087900000, 0x0000000087900000|100%| O|  |TAMS 0x0000000087800000, 0x0000000087900000| Untracked 
| 121|0x0000000087900000, 0x0000000087a00000, 0x0000000087a00000|100%| O|  |TAMS 0x0000000087900000, 0x0000000087a00000| Untracked 
| 122|0x0000000087a00000, 0x0000000087b00000, 0x0000000087b00000|100%| O|  |TAMS 0x0000000087a00000, 0x0000000087b00000| Untracked 
| 123|0x0000000087b00000, 0x0000000087c00000, 0x0000000087c00000|100%| O|  |TAMS 0x0000000087b00000, 0x0000000087c00000| Untracked 
| 124|0x0000000087c00000, 0x0000000087d00000, 0x0000000087d00000|100%| O|  |TAMS 0x0000000087c00000, 0x0000000087d00000| Untracked 
| 125|0x0000000087d00000, 0x0000000087e00000, 0x0000000087e00000|100%| O|  |TAMS 0x0000000087d00000, 0x0000000087e00000| Untracked 
| 126|0x0000000087e00000, 0x0000000087f00000, 0x0000000087f00000|100%| O|  |TAMS 0x0000000087e00000, 0x0000000087f00000| Untracked 
| 127|0x0000000087f00000, 0x0000000088000000, 0x0000000088000000|100%| O|  |TAMS 0x0000000087f00000, 0x0000000088000000| Untracked 
| 128|0x0000000088000000, 0x0000000088100000, 0x0000000088100000|100%| O|  |TAMS 0x0000000088000000, 0x0000000088100000| Untracked 
| 129|0x0000000088100000, 0x0000000088200000, 0x0000000088200000|100%| O|  |TAMS 0x0000000088100000, 0x0000000088200000| Untracked 
| 130|0x0000000088200000, 0x0000000088300000, 0x0000000088300000|100%| O|  |TAMS 0x0000000088200000, 0x0000000088300000| Untracked 
| 131|0x0000000088300000, 0x0000000088400000, 0x0000000088400000|100%| O|  |TAMS 0x0000000088300000, 0x0000000088400000| Untracked 
| 132|0x0000000088400000, 0x0000000088500000, 0x0000000088500000|100%| O|  |TAMS 0x0000000088400000, 0x0000000088500000| Untracked 
| 133|0x0000000088500000, 0x0000000088600000, 0x0000000088600000|100%| O|  |TAMS 0x0000000088500000, 0x0000000088600000| Untracked 
| 134|0x0000000088600000, 0x0000000088700000, 0x0000000088700000|100%| O|  |TAMS 0x0000000088600000, 0x0000000088700000| Untracked 
| 135|0x0000000088700000, 0x0000000088800000, 0x0000000088800000|100%| O|  |TAMS 0x0000000088700000, 0x0000000088800000| Untracked 
| 136|0x0000000088800000, 0x0000000088900000, 0x0000000088900000|100%| O|  |TAMS 0x0000000088800000, 0x0000000088900000| Untracked 
| 137|0x0000000088900000, 0x0000000088a00000, 0x0000000088a00000|100%| O|  |TAMS 0x0000000088900000, 0x0000000088a00000| Untracked 
| 138|0x0000000088a00000, 0x0000000088af3a00, 0x0000000088b00000| 95%| O|  |TAMS 0x0000000088a00000, 0x0000000088af3a00| Untracked 
| 139|0x0000000088b00000, 0x0000000088b00000, 0x0000000088c00000|  0%| F|  |TAMS 0x0000000088b00000, 0x0000000088b00000| Untracked 
| 140|0x0000000088c00000, 0x0000000088c00000, 0x0000000088d00000|  0%| F|  |TAMS 0x0000000088c00000, 0x0000000088c00000| Untracked 
| 141|0x0000000088d00000, 0x0000000088d00000, 0x0000000088e00000|  0%| F|  |TAMS 0x0000000088d00000, 0x0000000088d00000| Untracked 
| 142|0x0000000088e00000, 0x0000000088e00000, 0x0000000088f00000|  0%| F|  |TAMS 0x0000000088e00000, 0x0000000088e00000| Untracked 
| 143|0x0000000088f00000, 0x0000000088f00000, 0x0000000089000000|  0%| F|  |TAMS 0x0000000088f00000, 0x0000000088f00000| Untracked 
| 144|0x0000000089000000, 0x0000000089000000, 0x0000000089100000|  0%| F|  |TAMS 0x0000000089000000, 0x0000000089000000| Untracked 
| 145|0x0000000089100000, 0x0000000089100000, 0x0000000089200000|  0%| F|  |TAMS 0x0000000089100000, 0x0000000089100000| Untracked 
| 146|0x0000000089200000, 0x0000000089200000, 0x0000000089300000|  0%| F|  |TAMS 0x0000000089200000, 0x0000000089200000| Untracked 
| 147|0x0000000089300000, 0x0000000089300000, 0x0000000089400000|  0%| F|  |TAMS 0x0000000089300000, 0x0000000089300000| Untracked 
| 148|0x0000000089400000, 0x0000000089400000, 0x0000000089500000|  0%| F|  |TAMS 0x0000000089400000, 0x0000000089400000| Untracked 
| 149|0x0000000089500000, 0x0000000089500000, 0x0000000089600000|  0%| F|  |TAMS 0x0000000089500000, 0x0000000089500000| Untracked 
| 150|0x0000000089600000, 0x0000000089600000, 0x0000000089700000|  0%| F|  |TAMS 0x0000000089600000, 0x0000000089600000| Untracked 
| 151|0x0000000089700000, 0x0000000089700000, 0x0000000089800000|  0%| F|  |TAMS 0x0000000089700000, 0x0000000089700000| Untracked 
| 152|0x0000000089800000, 0x0000000089800000, 0x0000000089900000|  0%| F|  |TAMS 0x0000000089800000, 0x0000000089800000| Untracked 
| 153|0x0000000089900000, 0x0000000089900000, 0x0000000089a00000|  0%| F|  |TAMS 0x0000000089900000, 0x0000000089900000| Untracked 
| 154|0x0000000089a00000, 0x0000000089a00000, 0x0000000089b00000|  0%| F|  |TAMS 0x0000000089a00000, 0x0000000089a00000| Untracked 
| 155|0x0000000089b00000, 0x0000000089b00000, 0x0000000089c00000|  0%| F|  |TAMS 0x0000000089b00000, 0x0000000089b00000| Untracked 
| 156|0x0000000089c00000, 0x0000000089c00000, 0x0000000089d00000|  0%| F|  |TAMS 0x0000000089c00000, 0x0000000089c00000| Untracked 
| 157|0x0000000089d00000, 0x0000000089d00000, 0x0000000089e00000|  0%| F|  |TAMS 0x0000000089d00000, 0x0000000089d00000| Untracked 
| 158|0x0000000089e00000, 0x0000000089e00000, 0x0000000089f00000|  0%| F|  |TAMS 0x0000000089e00000, 0x0000000089e00000| Untracked 
| 159|0x0000000089f00000, 0x0000000089f00000, 0x000000008a000000|  0%| F|  |TAMS 0x0000000089f00000, 0x0000000089f00000| Untracked 
| 160|0x000000008a000000, 0x000000008a000000, 0x000000008a100000|  0%| F|  |TAMS 0x000000008a000000, 0x000000008a000000| Untracked 
| 161|0x000000008a100000, 0x000000008a100000, 0x000000008a200000|  0%| F|  |TAMS 0x000000008a100000, 0x000000008a100000| Untracked 
| 162|0x000000008a200000, 0x000000008a200000, 0x000000008a300000|  0%| F|  |TAMS 0x000000008a200000, 0x000000008a200000| Untracked 
| 163|0x000000008a300000, 0x000000008a300000, 0x000000008a400000|  0%| F|  |TAMS 0x000000008a300000, 0x000000008a300000| Untracked 
| 164|0x000000008a400000, 0x000000008a400000, 0x000000008a500000|  0%| F|  |TAMS 0x000000008a400000, 0x000000008a400000| Untracked 
| 165|0x000000008a500000, 0x000000008a500000, 0x000000008a600000|  0%| F|  |TAMS 0x000000008a500000, 0x000000008a500000| Untracked 
| 166|0x000000008a600000, 0x000000008a600000, 0x000000008a700000|  0%| F|  |TAMS 0x000000008a600000, 0x000000008a600000| Untracked 
| 167|0x000000008a700000, 0x000000008a700000, 0x000000008a800000|  0%| F|  |TAMS 0x000000008a700000, 0x000000008a700000| Untracked 
| 168|0x000000008a800000, 0x000000008a800000, 0x000000008a900000|  0%| F|  |TAMS 0x000000008a800000, 0x000000008a800000| Untracked 
| 169|0x000000008a900000, 0x000000008a900000, 0x000000008aa00000|  0%| F|  |TAMS 0x000000008a900000, 0x000000008a900000| Untracked 
| 170|0x000000008aa00000, 0x000000008ab00000, 0x000000008ab00000|100%| S|CS|TAMS 0x000000008aa00000, 0x000000008aa00000| Complete 
| 171|0x000000008ab00000, 0x000000008ac00000, 0x000000008ac00000|100%| S|CS|TAMS 0x000000008ab00000, 0x000000008ab00000| Complete 
| 172|0x000000008ac00000, 0x000000008ad00000, 0x000000008ad00000|100%| S|CS|TAMS 0x000000008ac00000, 0x000000008ac00000| Complete 
| 173|0x000000008ad00000, 0x000000008ae00000, 0x000000008ae00000|100%| S|CS|TAMS 0x000000008ad00000, 0x000000008ad00000| Complete 
| 174|0x000000008ae00000, 0x000000008af00000, 0x000000008af00000|100%| S|CS|TAMS 0x000000008ae00000, 0x000000008ae00000| Complete 
| 175|0x000000008af00000, 0x000000008b000000, 0x000000008b000000|100%| S|CS|TAMS 0x000000008af00000, 0x000000008af00000| Complete 
| 176|0x000000008b000000, 0x000000008b100000, 0x000000008b100000|100%| S|CS|TAMS 0x000000008b000000, 0x000000008b000000| Complete 
| 177|0x000000008b100000, 0x000000008b100000, 0x000000008b200000|  0%| F|  |TAMS 0x000000008b100000, 0x000000008b100000| Untracked 
| 178|0x000000008b200000, 0x000000008b200000, 0x000000008b300000|  0%| F|  |TAMS 0x000000008b200000, 0x000000008b200000| Untracked 
| 179|0x000000008b300000, 0x000000008b300000, 0x000000008b400000|  0%| F|  |TAMS 0x000000008b300000, 0x000000008b300000| Untracked 
| 180|0x000000008b400000, 0x000000008b400000, 0x000000008b500000|  0%| F|  |TAMS 0x000000008b400000, 0x000000008b400000| Untracked 
| 181|0x000000008b500000, 0x000000008b500000, 0x000000008b600000|  0%| F|  |TAMS 0x000000008b500000, 0x000000008b500000| Untracked 
| 182|0x000000008b600000, 0x000000008b600000, 0x000000008b700000|  0%| F|  |TAMS 0x000000008b600000, 0x000000008b600000| Untracked 
| 183|0x000000008b700000, 0x000000008b700000, 0x000000008b800000|  0%| F|  |TAMS 0x000000008b700000, 0x000000008b700000| Untracked 
| 184|0x000000008b800000, 0x000000008b800000, 0x000000008b900000|  0%| F|  |TAMS 0x000000008b800000, 0x000000008b800000| Untracked 
| 185|0x000000008b900000, 0x000000008b900000, 0x000000008ba00000|  0%| F|  |TAMS 0x000000008b900000, 0x000000008b900000| Untracked 
| 186|0x000000008ba00000, 0x000000008ba00000, 0x000000008bb00000|  0%| F|  |TAMS 0x000000008ba00000, 0x000000008ba00000| Untracked 
| 187|0x000000008bb00000, 0x000000008bb00000, 0x000000008bc00000|  0%| F|  |TAMS 0x000000008bb00000, 0x000000008bb00000| Untracked 
| 188|0x000000008bc00000, 0x000000008bc00000, 0x000000008bd00000|  0%| F|  |TAMS 0x000000008bc00000, 0x000000008bc00000| Untracked 
| 189|0x000000008bd00000, 0x000000008bd00000, 0x000000008be00000|  0%| F|  |TAMS 0x000000008bd00000, 0x000000008bd00000| Untracked 
| 190|0x000000008be00000, 0x000000008be00000, 0x000000008bf00000|  0%| F|  |TAMS 0x000000008be00000, 0x000000008be00000| Untracked 
| 191|0x000000008bf00000, 0x000000008bf00000, 0x000000008c000000|  0%| F|  |TAMS 0x000000008bf00000, 0x000000008bf00000| Untracked 
| 192|0x000000008c000000, 0x000000008c000000, 0x000000008c100000|  0%| F|  |TAMS 0x000000008c000000, 0x000000008c000000| Untracked 
| 193|0x000000008c100000, 0x000000008c100000, 0x000000008c200000|  0%| F|  |TAMS 0x000000008c100000, 0x000000008c100000| Untracked 
| 194|0x000000008c200000, 0x000000008c200000, 0x000000008c300000|  0%| F|  |TAMS 0x000000008c200000, 0x000000008c200000| Untracked 
| 195|0x000000008c300000, 0x000000008c300000, 0x000000008c400000|  0%| F|  |TAMS 0x000000008c300000, 0x000000008c300000| Untracked 
| 196|0x000000008c400000, 0x000000008c400000, 0x000000008c500000|  0%| F|  |TAMS 0x000000008c400000, 0x000000008c400000| Untracked 
| 197|0x000000008c500000, 0x000000008c500000, 0x000000008c600000|  0%| F|  |TAMS 0x000000008c500000, 0x000000008c500000| Untracked 
| 198|0x000000008c600000, 0x000000008c600000, 0x000000008c700000|  0%| F|  |TAMS 0x000000008c600000, 0x000000008c600000| Untracked 
| 199|0x000000008c700000, 0x000000008c700000, 0x000000008c800000|  0%| F|  |TAMS 0x000000008c700000, 0x000000008c700000| Untracked 
| 200|0x000000008c800000, 0x000000008c800000, 0x000000008c900000|  0%| F|  |TAMS 0x000000008c800000, 0x000000008c800000| Untracked 
| 201|0x000000008c900000, 0x000000008c900000, 0x000000008ca00000|  0%| F|  |TAMS 0x000000008c900000, 0x000000008c900000| Untracked 
| 202|0x000000008ca00000, 0x000000008ca00000, 0x000000008cb00000|  0%| F|  |TAMS 0x000000008ca00000, 0x000000008ca00000| Untracked 
| 203|0x000000008cb00000, 0x000000008cb00000, 0x000000008cc00000|  0%| F|  |TAMS 0x000000008cb00000, 0x000000008cb00000| Untracked 
| 204|0x000000008cc00000, 0x000000008cc00000, 0x000000008cd00000|  0%| F|  |TAMS 0x000000008cc00000, 0x000000008cc00000| Untracked 
| 205|0x000000008cd00000, 0x000000008cd00000, 0x000000008ce00000|  0%| F|  |TAMS 0x000000008cd00000, 0x000000008cd00000| Untracked 
| 206|0x000000008ce00000, 0x000000008ce00000, 0x000000008cf00000|  0%| F|  |TAMS 0x000000008ce00000, 0x000000008ce00000| Untracked 
| 207|0x000000008cf00000, 0x000000008cf00000, 0x000000008d000000|  0%| F|  |TAMS 0x000000008cf00000, 0x000000008cf00000| Untracked 
| 208|0x000000008d000000, 0x000000008d0c3960, 0x000000008d100000| 76%| E|  |TAMS 0x000000008d000000, 0x000000008d000000| Complete 
| 209|0x000000008d100000, 0x000000008d200000, 0x000000008d200000|100%| E|  |TAMS 0x000000008d100000, 0x000000008d100000| Complete 
| 210|0x000000008d200000, 0x000000008d300000, 0x000000008d300000|100%| E|CS|TAMS 0x000000008d200000, 0x000000008d200000| Complete 
| 211|0x000000008d300000, 0x000000008d400000, 0x000000008d400000|100%| E|CS|TAMS 0x000000008d300000, 0x000000008d300000| Complete 
| 212|0x000000008d400000, 0x000000008d500000, 0x000000008d500000|100%| E|CS|TAMS 0x000000008d400000, 0x000000008d400000| Complete 
| 213|0x000000008d500000, 0x000000008d600000, 0x000000008d600000|100%| E|CS|TAMS 0x000000008d500000, 0x000000008d500000| Complete 
| 214|0x000000008d600000, 0x000000008d700000, 0x000000008d700000|100%| E|CS|TAMS 0x000000008d600000, 0x000000008d600000| Complete 
| 215|0x000000008d700000, 0x000000008d800000, 0x000000008d800000|100%| E|CS|TAMS 0x000000008d700000, 0x000000008d700000| Complete 
| 216|0x000000008d800000, 0x000000008d900000, 0x000000008d900000|100%| E|CS|TAMS 0x000000008d800000, 0x000000008d800000| Complete 
| 217|0x000000008d900000, 0x000000008da00000, 0x000000008da00000|100%| E|CS|TAMS 0x000000008d900000, 0x000000008d900000| Complete 
| 218|0x000000008da00000, 0x000000008db00000, 0x000000008db00000|100%| E|CS|TAMS 0x000000008da00000, 0x000000008da00000| Complete 
| 219|0x000000008db00000, 0x000000008dc00000, 0x000000008dc00000|100%| E|CS|TAMS 0x000000008db00000, 0x000000008db00000| Complete 

Card table byte_map: [0x000001c9c6780000,0x000001c9c6b80000] _byte_map_base: 0x000001c9c6380000

Marking Bits (Prev, Next): (CMBitMap*) 0x000001c9b3572200, (CMBitMap*) 0x000001c9b35721c8
 Prev Bits: [0x000001c9c8f80000, 0x000001c9caf80000)
 Next Bits: [0x000001c9c6f80000, 0x000001c9c8f80000)

Polling page: 0x000001c9b16b0000

Metaspace:

Usage:
  Non-class:     87.52 MB capacity,    86.08 MB ( 98%) used,     1.16 MB (  1%) free+waste,   285.31 KB ( <1%) overhead. 
      Class:     13.76 MB capacity,    12.87 MB ( 94%) used,   785.22 KB (  6%) free+waste,   129.31 KB ( <1%) overhead. 
       Both:    101.28 MB capacity,    98.95 MB ( 98%) used,     1.93 MB (  2%) free+waste,   414.63 KB ( <1%) overhead. 

Virtual space:
  Non-class space:       88.00 MB reserved,      87.75 MB (>99%) committed 
      Class space:        1.00 GB reserved,      13.87 MB (  1%) committed 
             Both:        1.09 GB reserved,     101.62 MB (  9%) committed 

Chunk freelists:
   Non-Class:  46.00 KB
       Class:  17.00 KB
        Both:  63.00 KB

MaxMetaspaceSize: 17179869184.00 GB
CompressedClassSpaceSize: 1.00 GB
Initial GC threshold: 20.80 MB
Current GC threshold: 150.41 MB
CDS: off

CodeHeap 'non-profiled nmethods': size=120000Kb used=4321Kb max_used=4321Kb free=115678Kb
 bounds [0x000001c9beb10000, 0x000001c9bef50000, 0x000001c9c6040000]
CodeHeap 'profiled nmethods': size=120000Kb used=22322Kb max_used=22322Kb free=97678Kb
 bounds [0x000001c9b75e0000, 0x000001c9b8bb0000, 0x000001c9beb10000]
CodeHeap 'non-nmethods': size=5760Kb used=2412Kb max_used=2444Kb free=3347Kb
 bounds [0x000001c9b7040000, 0x000001c9b72b0000, 0x000001c9b75e0000]
 total_blobs=12254 nmethods=11319 adapters=847
 compilation: enabled
              stopped_count=0, restarted_count=0
 full_count=0

Compilation events (20 events):
Event: 18.904 Thread 0x000001c9ce35c800 nmethod 11799 0x000001c9b8ba8190 code [0x000001c9b8ba8340, 0x000001c9b8ba84e8]
Event: 18.904 Thread 0x000001c9ce35c800 11798       2       com.android.tools.r8.graph.Y0::D1 (9 bytes)
Event: 18.905 Thread 0x000001c9ce35c800 nmethod 11798 0x000001c9b8ba8610 code [0x000001c9b8ba87e0, 0x000001c9b8ba89b8]
Event: 18.905 Thread 0x000001c9ce35c800 11800       2       com.android.tools.r8.graph.J2::c (32 bytes)
Event: 18.905 Thread 0x000001c9ce35c800 nmethod 11800 0x000001c9b8ba8b10 code [0x000001c9b8ba8ce0, 0x000001c9b8ba8f48]
Event: 18.905 Thread 0x000001c9ce35c800 11782       1       com.android.tools.r8.graph.w::j0 (2 bytes)
Event: 18.906 Thread 0x000001c9ce35c800 nmethod 11782 0x000001c9bef47c10 code [0x000001c9bef47dc0, 0x000001c9bef47e78]
Event: 18.906 Thread 0x000001c9ce35c800 11786       1       com.android.tools.r8.graph.L::h (5 bytes)
Event: 18.906 Thread 0x000001c9ce35c800 nmethod 11786 0x000001c9bef47f10 code [0x000001c9bef480c0, 0x000001c9bef48178]
Event: 18.906 Thread 0x000001c9ce35c800 11760       2       com.android.tools.r8.internal.or::b (12 bytes)
Event: 18.906 Thread 0x000001c9ce35c800 nmethod 11760 0x000001c9b8ba9090 code [0x000001c9b8ba9240, 0x000001c9b8ba9338]
Event: 18.906 Thread 0x000001c9ce35c800 11762       2       com.android.tools.r8.utils.B$$Lambda$1378/0x0000000100da1c40::get$Lambda (11 bytes)
Event: 18.906 Thread 0x000001c9ce35c800 nmethod 11762 0x000001c9b8ba9410 code [0x000001c9b8ba95c0, 0x000001c9b8ba97b8]
Event: 18.906 Thread 0x000001c9ce35c800 11763       2       com.android.tools.r8.utils.B$$Lambda$1378/0x0000000100da1c40::<init> (20 bytes)
Event: 18.906 Thread 0x000001c9ce35c800 nmethod 11763 0x000001c9b8ba9890 code [0x000001c9b8ba9a40, 0x000001c9b8ba9bf8]
Event: 18.906 Thread 0x000001c9ce35c800 11772       2       java.lang.invoke.VarHandleObjects$Array::compareAndSet (60 bytes)
Event: 18.908 Thread 0x000001c9ce35c800 nmethod 11772 0x000001c9b8ba9c90 code [0x000001c9b8ba9f40, 0x000001c9b8baa9e8]
Event: 18.908 Thread 0x000001c9ce35c800 11773       2       java.lang.invoke.VarHandleGuards::guard_LILL_Z (74 bytes)
Event: 18.910 Thread 0x000001c9ce35c800 nmethod 11773 0x000001c9b8bab090 code [0x000001c9b8bab2e0, 0x000001c9b8bab928]
Event: 18.910 Thread 0x000001c9ce35c800 11784       2       java.lang.invoke.VarHandleInts$FieldInstanceReadWrite::setOpaque (23 bytes)

GC Heap History (20 events):
Event: 13.955 GC heap before
{Heap before GC invocations=18 (full 0):
 garbage-first heap   total 155648K, used 111900K [0x0000000080000000, 0x0000000100000000)
  region size 1024K, 59 young (60416K), 7 survivors (7168K)
 Metaspace       used 81738K, capacity 83510K, committed 83832K, reserved 1122304K
  class space    used 10587K, capacity 11273K, committed 11384K, reserved 1048576K
}
Event: 13.966 GC heap after
{Heap after GC invocations=19 (full 0):
 garbage-first heap   total 155648K, used 64512K [0x0000000080000000, 0x0000000100000000)
  region size 1024K, 8 young (8192K), 8 survivors (8192K)
 Metaspace       used 81738K, capacity 83510K, committed 83832K, reserved 1122304K
  class space    used 10587K, capacity 11273K, committed 11384K, reserved 1048576K
}
Event: 14.652 GC heap before
{Heap before GC invocations=19 (full 0):
 garbage-first heap   total 155648K, used 115712K [0x0000000080000000, 0x0000000100000000)
  region size 1024K, 59 young (60416K), 8 survivors (8192K)
 Metaspace       used 84118K, capacity 86266K, committed 86392K, reserved 1124352K
  class space    used 10976K, capacity 11788K, committed 11896K, reserved 1048576K
}
Event: 14.666 GC heap after
{Heap after GC invocations=20 (full 0):
 garbage-first heap   total 155648K, used 68301K [0x0000000080000000, 0x0000000100000000)
  region size 1024K, 4 young (4096K), 4 survivors (4096K)
 Metaspace       used 84118K, capacity 86266K, committed 86392K, reserved 1124352K
  class space    used 10976K, capacity 11788K, committed 11896K, reserved 1048576K
}
Event: 15.330 GC heap before
{Heap before GC invocations=20 (full 0):
 garbage-first heap   total 155648K, used 120525K [0x0000000080000000, 0x0000000100000000)
  region size 1024K, 54 young (55296K), 4 survivors (4096K)
 Metaspace       used 85799K, capacity 87964K, committed 88184K, reserved 1126400K
  class space    used 11177K, capacity 12033K, committed 12152K, reserved 1048576K
}
Event: 15.345 GC heap after
{Heap after GC invocations=21 (full 0):
 garbage-first heap   total 187392K, used 82944K [0x0000000080000000, 0x0000000100000000)
  region size 1024K, 7 young (7168K), 7 survivors (7168K)
 Metaspace       used 85799K, capacity 87964K, committed 88184K, reserved 1126400K
  class space    used 11177K, capacity 12033K, committed 12152K, reserved 1048576K
}
Event: 15.628 GC heap before
{Heap before GC invocations=21 (full 0):
 garbage-first heap   total 187392K, used 108544K [0x0000000080000000, 0x0000000100000000)
  region size 1024K, 27 young (27648K), 7 survivors (7168K)
 Metaspace       used 86046K, capacity 88316K, committed 88440K, reserved 1126400K
  class space    used 11194K, capacity 12065K, committed 12152K, reserved 1048576K
}
Event: 15.652 GC heap after
{Heap after GC invocations=22 (full 0):
 garbage-first heap   total 187392K, used 94840K [0x0000000080000000, 0x0000000100000000)
  region size 1024K, 8 young (8192K), 8 survivors (8192K)
 Metaspace       used 86046K, capacity 88316K, committed 88440K, reserved 1126400K
  class space    used 11194K, capacity 12065K, committed 12152K, reserved 1048576K
}
Event: 16.246 GC heap before
{Heap before GC invocations=23 (full 0):
 garbage-first heap   total 187392K, used 136824K [0x0000000080000000, 0x0000000100000000)
  region size 1024K, 42 young (43008K), 8 survivors (8192K)
 Metaspace       used 89048K, capacity 91234K, committed 91512K, reserved 1128448K
  class space    used 11508K, capacity 12353K, committed 12408K, reserved 1048576K
}
Event: 16.263 GC heap after
{Heap after GC invocations=24 (full 0):
 garbage-first heap   total 187392K, used 89463K [0x0000000080000000, 0x0000000100000000)
  region size 1024K, 3 young (3072K), 3 survivors (3072K)
 Metaspace       used 89048K, capacity 91234K, committed 91512K, reserved 1128448K
  class space    used 11508K, capacity 12353K, committed 12408K, reserved 1048576K
}
Event: 16.788 GC heap before
{Heap before GC invocations=24 (full 0):
 garbage-first heap   total 187392K, used 130422K [0x0000000080000000, 0x0000000100000000)
  region size 1024K, 44 young (45056K), 3 survivors (3072K)
 Metaspace       used 89661K, capacity 91926K, committed 92152K, reserved 1128448K
  class space    used 11554K, capacity 12393K, committed 12536K, reserved 1048576K
}
Event: 16.801 GC heap after
{Heap after GC invocations=25 (full 0):
 garbage-first heap   total 187392K, used 91130K [0x0000000080000000, 0x0000000100000000)
  region size 1024K, 5 young (5120K), 5 survivors (5120K)
 Metaspace       used 89661K, capacity 91926K, committed 92152K, reserved 1128448K
  class space    used 11554K, capacity 12393K, committed 12536K, reserved 1048576K
}
Event: 17.199 GC heap before
{Heap before GC invocations=26 (full 0):
 garbage-first heap   total 187392K, used 123523K [0x0000000080000000, 0x0000000100000000)
  region size 1024K, 48 young (49152K), 5 survivors (5120K)
 Metaspace       used 90669K, capacity 92795K, committed 93304K, reserved 1130496K
  class space    used 11626K, capacity 12448K, committed 12664K, reserved 1048576K
}
Event: 17.210 GC heap after
{Heap after GC invocations=27 (full 0):
 garbage-first heap   total 225280K, used 82779K [0x0000000080000000, 0x0000000100000000)
  region size 1024K, 6 young (6144K), 6 survivors (6144K)
 Metaspace       used 90669K, capacity 92795K, committed 93304K, reserved 1130496K
  class space    used 11626K, capacity 12448K, committed 12664K, reserved 1048576K
}
Event: 17.709 GC heap before
{Heap before GC invocations=27 (full 0):
 garbage-first heap   total 225280K, used 168795K [0x0000000080000000, 0x0000000100000000)
  region size 1024K, 72 young (73728K), 6 survivors (6144K)
 Metaspace       used 96447K, capacity 98644K, committed 98936K, reserved 1134592K
  class space    used 12398K, capacity 13247K, committed 13432K, reserved 1048576K
}
Event: 17.721 GC heap after
{Heap after GC invocations=28 (full 0):
 garbage-first heap   total 225280K, used 105184K [0x0000000080000000, 0x0000000100000000)
  region size 1024K, 9 young (9216K), 9 survivors (9216K)
 Metaspace       used 96447K, capacity 98644K, committed 98936K, reserved 1134592K
  class space    used 12398K, capacity 13247K, committed 13432K, reserved 1048576K
}
Event: 18.347 GC heap before
{Heap before GC invocations=28 (full 0):
 garbage-first heap   total 225280K, used 164576K [0x0000000080000000, 0x0000000100000000)
  region size 1024K, 67 young (68608K), 9 survivors (9216K)
 Metaspace       used 99327K, capacity 101703K, committed 102008K, reserved 1136640K
  class space    used 12936K, capacity 13838K, committed 13944K, reserved 1048576K
}
Event: 18.393 GC heap after
{Heap after GC invocations=29 (full 0):
 garbage-first heap   total 225280K, used 126601K [0x0000000080000000, 0x0000000100000000)
  region size 1024K, 9 young (9216K), 9 survivors (9216K)
 Metaspace       used 99327K, capacity 101703K, committed 102008K, reserved 1136640K
  class space    used 12936K, capacity 13838K, committed 13944K, reserved 1048576K
}
Event: 18.648 GC heap before
{Heap before GC invocations=29 (full 0):
 garbage-first heap   total 225280K, used 170633K [0x0000000080000000, 0x0000000100000000)
  region size 1024K, 52 young (53248K), 9 survivors (9216K)
 Metaspace       used 99527K, capacity 101912K, committed 102264K, reserved 1138688K
  class space    used 12939K, capacity 13838K, committed 13944K, reserved 1048576K
}
Event: 18.704 GC heap after
{Heap after GC invocations=30 (full 0):
 garbage-first heap   total 225280K, used 149454K [0x0000000080000000, 0x0000000100000000)
  region size 1024K, 7 young (7168K), 7 survivors (7168K)
 Metaspace       used 99527K, capacity 101912K, committed 102264K, reserved 1138688K
  class space    used 12939K, capacity 13838K, committed 13944K, reserved 1048576K
}

Deoptimization events (20 events):
Event: 18.398 Thread 0x000001c9d4546800 DEOPT PACKING pc=0x000001c9b8a6ec7e sp=0x000000b0f0bfe5e0
Event: 18.398 Thread 0x000001c9d4546800 DEOPT UNPACKING pc=0x000001c9b708a95e sp=0x000000b0f0bfdc50 mode 0
Event: 18.409 Thread 0x000001c9d4546000 DEOPT PACKING pc=0x000001c9b8a4d8c7 sp=0x000000b0f0cfe830
Event: 18.409 Thread 0x000001c9d4546000 DEOPT UNPACKING pc=0x000001c9b708a95e sp=0x000000b0f0cfdc98 mode 0
Event: 18.437 Thread 0x000001c9d4543800 DEOPT PACKING pc=0x000001c9b8af5fa5 sp=0x000000b0f0dfeed0
Event: 18.437 Thread 0x000001c9d4543800 DEOPT UNPACKING pc=0x000001c9b708a95e sp=0x000000b0f0dfe4f8 mode 0
Event: 18.443 Thread 0x000001c9d4544000 DEOPT PACKING pc=0x000001c9b8af5fa5 sp=0x000000b0f0ffe940
Event: 18.443 Thread 0x000001c9d4544000 DEOPT UNPACKING pc=0x000001c9b708a95e sp=0x000000b0f0ffdf68 mode 0
Event: 18.539 Thread 0x000001c9d4544000 DEOPT PACKING pc=0x000001c9b7b72438 sp=0x000000b0f0ffe5e0
Event: 18.539 Thread 0x000001c9d4544000 DEOPT UNPACKING pc=0x000001c9b708a95e sp=0x000000b0f0ffda58 mode 0
Event: 18.576 Thread 0x000001c9d4547800 DEOPT PACKING pc=0x000001c9b8b5f75b sp=0x000000b0f0efe290
Event: 18.576 Thread 0x000001c9d4547800 DEOPT UNPACKING pc=0x000001c9b708a95e sp=0x000000b0f0efd7e8 mode 0
Event: 18.753 Thread 0x000001c9d453d000 DEOPT PACKING pc=0x000001c9b88e54f6 sp=0x000000b0f02fd260
Event: 18.753 Thread 0x000001c9d453d000 DEOPT UNPACKING pc=0x000001c9b708a95e sp=0x000000b0f02fc780 mode 0
Event: 18.755 Thread 0x000001c9d453d000 DEOPT PACKING pc=0x000001c9b88e54d5 sp=0x000000b0f02fd250
Event: 18.755 Thread 0x000001c9d453d000 DEOPT UNPACKING pc=0x000001c9b708a95e sp=0x000000b0f02fc770 mode 0
Event: 18.757 Thread 0x000001c9d453d000 DEOPT PACKING pc=0x000001c9b88e54f6 sp=0x000000b0f02fd1d0
Event: 18.757 Thread 0x000001c9d453d000 DEOPT UNPACKING pc=0x000001c9b708a95e sp=0x000000b0f02fc6f0 mode 0
Event: 18.847 Thread 0x000001c9d453d000 DEOPT PACKING pc=0x000001c9b7b72438 sp=0x000000b0f02fd3f0
Event: 18.847 Thread 0x000001c9d453d000 DEOPT UNPACKING pc=0x000001c9b708a95e sp=0x000000b0f02fc868 mode 0

Classes redefined (0 events):
No events

Internal exceptions (20 events):
Event: 16.669 Thread 0x000001c9d4538800 Exception <a 'java/lang/NoSuchMethodError'{0x0000000089f33ea8}: <clinit>> (0x0000000089f33ea8) thrown at [./src/hotspot/share/prims/jni.cpp, line 1365]
Event: 16.671 Thread 0x000001c9d4538800 Exception <a 'java/lang/NoSuchMethodError'{0x0000000089f4c180}: <clinit>> (0x0000000089f4c180) thrown at [./src/hotspot/share/prims/jni.cpp, line 1365]
Event: 16.671 Thread 0x000001c9d4538800 Exception <a 'java/lang/NoSuchMethodError'{0x0000000089f4d3b8}: <clinit>> (0x0000000089f4d3b8) thrown at [./src/hotspot/share/prims/jni.cpp, line 1365]
Event: 16.974 Thread 0x000001c9d4538800 Exception <a 'java/lang/NoSuchMethodError'{0x000000008aea8238}: <clinit>> (0x000000008aea8238) thrown at [./src/hotspot/share/prims/jni.cpp, line 1365]
Event: 16.979 Thread 0x000001c9d4538800 Exception <a 'java/lang/NoSuchMethodError'{0x000000008aee6ea8}: <clinit>> (0x000000008aee6ea8) thrown at [./src/hotspot/share/prims/jni.cpp, line 1365]
Event: 16.981 Thread 0x000001c9d4538800 Exception <a 'java/lang/NoSuchMethodError'{0x000000008aef9860}: <clinit>> (0x000000008aef9860) thrown at [./src/hotspot/share/prims/jni.cpp, line 1365]
Event: 17.366 Thread 0x000001c9d453d000 Exception <a 'sun/nio/fs/WindowsException'{0x000000008cb8d958}> (0x000000008cb8d958) thrown at [./src/hotspot/share/prims/jni.cpp, line 615]
Event: 17.599 Thread 0x000001c9d453d000 Exception <a 'java/lang/NoSuchMethodError'{0x000000008b25bbc0}: 'java.lang.Object java.lang.invoke.DirectMethodHandle$Holder.invokeStaticInit(java.lang.Object, java.lang.Object, java.lang.Object, java.lang.Object, java.lang.Object, java.lang.Object, java.lang.Object, java.lang.Object, java.lang.Object, java.lang.Object, java.lang.Object, java.lang.Object, java.lang.Object, java.lang.Object, java.lang.Object, java.lang.Object, java.lang.Object, java.lang.Object, int, java.lang.Object, java.lang.Object)'> (0
Event: 17.911 Thread 0x000001c9d4540000 Exception <a 'java/lang/NoSuchMethodError'{0x000000008c582468}: 'void java.lang.invoke.DirectMethodHandle$Holder.invokeStatic(java.lang.Object, long)'> (0x000000008c582468) thrown at [./src/hotspot/share/interpreter/linkResolver.cpp, line 773]
Event: 17.912 Thread 0x000001c9d4540000 Exception <a 'java/lang/NoSuchMethodError'{0x000000008c587680}: 'java.lang.Object java.lang.invoke.DirectMethodHandle$Holder.invokeStatic(java.lang.Object, long)'> (0x000000008c587680) thrown at [./src/hotspot/share/interpreter/linkResolver.cpp, line 773]
Event: 17.915 Thread 0x000001c9d4540000 Exception <a 'java/lang/NoSuchMethodError'{0x000000008c5959e8}: 'java.lang.Object java.lang.invoke.DirectMethodHandle$Holder.invokeStaticInit(java.lang.Object, java.lang.Object, long, java.lang.Object)'> (0x000000008c5959e8) thrown at [./src/hotspot/share/interpreter/linkResolver.cpp, line 773]
Event: 17.916 Thread 0x000001c9d4540000 Exception <a 'java/lang/NoSuchMethodError'{0x000000008c59bb80}: 'java.lang.Object java.lang.invoke.DirectMethodHandle$Holder.invokeStatic(java.lang.Object, java.lang.Object, long)'> (0x000000008c59bb80) thrown at [./src/hotspot/share/interpreter/linkResolver.cpp, line 773]
Event: 17.916 Thread 0x000001c9d4540000 Exception <a 'java/lang/NoSuchMethodError'{0x000000008c000f08}: 'java.lang.Object java.lang.invoke.Invokers$Holder.linkToTargetMethod(java.lang.Object, long, java.lang.Object)'> (0x000000008c000f08) thrown at [./src/hotspot/share/interpreter/linkResolver.cpp, line 773]
Event: 18.028 Thread 0x000001c9d4546000 Exception <a 'java/lang/IncompatibleClassChangeError'{0x000000008b9d4a30}: Found class java.lang.Object, but interface was expected> (0x000000008b9d4a30) thrown at [./src/hotspot/share/interpreter/linkResolver.cpp, line 839]
Event: 18.028 Thread 0x000001c9d4544000 Exception <a 'java/lang/IncompatibleClassChangeError'{0x000000008b9f9188}: Found class java.lang.Object, but interface was expected> (0x000000008b9f9188) thrown at [./src/hotspot/share/interpreter/linkResolver.cpp, line 839]
Event: 18.028 Thread 0x000001c9d453d800 Exception <a 'java/lang/IncompatibleClassChangeError'{0x000000008b9fce58}: Found class java.lang.Object, but interface was expected> (0x000000008b9fce58) thrown at [./src/hotspot/share/interpreter/linkResolver.cpp, line 839]
Event: 18.060 Thread 0x000001c9d4547800 Exception <a 'java/lang/NoSuchMethodError'{0x000000008b7bd448}: 'java.lang.Object java.lang.invoke.DirectMethodHandle$Holder.newInvokeSpecial(java.lang.Object, int)'> (0x000000008b7bd448) thrown at [./src/hotspot/share/interpreter/linkResolver.cpp, line 773]
Event: 18.066 Thread 0x000001c9d4546800 Exception <a 'java/lang/IncompatibleClassChangeError'{0x000000008b62b730}: Found class java.lang.Object, but interface was expected> (0x000000008b62b730) thrown at [./src/hotspot/share/interpreter/linkResolver.cpp, line 839]
Event: 18.067 Thread 0x000001c9d4546800 Exception <a 'java/lang/IncompatibleClassChangeError'{0x000000008b635d68}: Found class java.lang.Object, but interface was expected> (0x000000008b635d68) thrown at [./src/hotspot/share/interpreter/linkResolver.cpp, line 839]
Event: 18.873 Thread 0x000001c9d453d000 Exception <a 'java/lang/IncompatibleClassChangeError'{0x000000008d3072d8}: Found class java.lang.Object, but interface was expected> (0x000000008d3072d8) thrown at [./src/hotspot/share/interpreter/linkResolver.cpp, line 839]

Events (20 events):
Event: 18.906 loading class com/android/tools/r8/internal/kY
Event: 18.906 loading class com/android/tools/r8/internal/kY done
Event: 18.907 loading class com/android/tools/r8/internal/y1
Event: 18.907 loading class com/android/tools/r8/internal/y1 done
Event: 18.907 loading class com/android/tools/r8/internal/A1
Event: 18.907 loading class com/android/tools/r8/internal/A1 done
Event: 18.907 loading class com/android/tools/r8/internal/S7
Event: 18.907 loading class com/android/tools/r8/internal/S7 done
Event: 18.908 loading class com/android/tools/r8/internal/Te
Event: 18.908 loading class com/android/tools/r8/internal/Te done
Event: 18.908 loading class com/android/tools/r8/internal/Xe
Event: 18.908 loading class com/android/tools/r8/internal/Xe done
Event: 18.908 loading class com/android/tools/r8/internal/Q7
Event: 18.908 loading class com/android/tools/r8/internal/Q7 done
Event: 18.909 loading class com/android/tools/r8/internal/k7
Event: 18.909 loading class com/android/tools/r8/internal/k7 done
Event: 18.910 loading class com/android/tools/r8/internal/pE
Event: 18.910 loading class com/android/tools/r8/internal/pE done
Event: 18.910 loading class com/android/tools/r8/internal/Yr
Event: 18.910 loading class com/android/tools/r8/internal/Yr done


Dynamic libraries:
0x00007ff691120000 - 0x00007ff69112a000 	C:\Program Files\Android\Android Studio\jre\bin\java.exe
0x00007ffe33600000 - 0x00007ffe33809000 	C:\WINDOWS\SYSTEM32\ntdll.dll
0x00007ffe32070000 - 0x00007ffe3212d000 	C:\WINDOWS\System32\KERNEL32.DLL
0x00007ffe30af0000 - 0x00007ffe30e69000 	C:\WINDOWS\System32\KERNELBASE.dll
0x00007ffe31310000 - 0x00007ffe31421000 	C:\WINDOWS\System32\ucrtbase.dll
0x00007ffe2bf60000 - 0x00007ffe2bf77000 	C:\Program Files\Android\Android Studio\jre\bin\VCRUNTIME140.dll
0x00007ffe2bf40000 - 0x00007ffe2bf59000 	C:\Program Files\Android\Android Studio\jre\bin\jli.dll
0x00007ffe33410000 - 0x00007ffe335bc000 	C:\WINDOWS\System32\USER32.dll
0x00007ffe30f90000 - 0x00007ffe30fb6000 	C:\WINDOWS\System32\win32u.dll
0x00007ffe333d0000 - 0x00007ffe333f9000 	C:\WINDOWS\System32\GDI32.dll
0x00007ffe30e70000 - 0x00007ffe30f82000 	C:\WINDOWS\System32\gdi32full.dll
0x00007ffe311b0000 - 0x00007ffe3124d000 	C:\WINDOWS\System32\msvcp_win.dll
0x00007ffe12950000 - 0x00007ffe12bf5000 	C:\WINDOWS\WinSxS\amd64_microsoft.windows.common-controls_6595b64144ccf1df_6.0.22000.120_none_9d947278b86cc467\COMCTL32.dll
0x00007ffe32830000 - 0x00007ffe328d3000 	C:\WINDOWS\System32\msvcrt.dll
0x00007ffe31e30000 - 0x00007ffe31e61000 	C:\WINDOWS\System32\IMM32.DLL
0x00007ffe18220000 - 0x00007ffe182bd000 	C:\Program Files\Android\Android Studio\jre\bin\msvcp140.dll
0x00007ffdaaa80000 - 0x00007ffdab565000 	C:\Program Files\Android\Android Studio\jre\bin\server\jvm.dll
0x00007ffe31fc0000 - 0x00007ffe3206e000 	C:\WINDOWS\System32\ADVAPI32.dll
0x00007ffe31ca0000 - 0x00007ffe31d3e000 	C:\WINDOWS\System32\sechost.dll
0x00007ffe32130000 - 0x00007ffe32250000 	C:\WINDOWS\System32\RPCRT4.dll
0x00007ffe31820000 - 0x00007ffe31828000 	C:\WINDOWS\System32\PSAPI.DLL
0x00007ffe2b2f0000 - 0x00007ffe2b2f9000 	C:\WINDOWS\SYSTEM32\WSOCK32.dll
0x00007ffe2aa90000 - 0x00007ffe2aac3000 	C:\WINDOWS\SYSTEM32\WINMM.dll
0x00007ffe32250000 - 0x00007ffe322bf000 	C:\WINDOWS\System32\WS2_32.dll
0x00007ffe2f970000 - 0x00007ffe2f97a000 	C:\WINDOWS\SYSTEM32\VERSION.dll
0x00007ffe2fce0000 - 0x00007ffe2fcf8000 	C:\WINDOWS\SYSTEM32\kernel.appcore.dll
0x00007ffe2ac20000 - 0x00007ffe2ac31000 	C:\Program Files\Android\Android Studio\jre\bin\verify.dll
0x00007ffe2dfa0000 - 0x00007ffe2e1c1000 	C:\WINDOWS\SYSTEM32\DBGHELP.DLL
0x00007ffe158c0000 - 0x00007ffe158f1000 	C:\WINDOWS\SYSTEM32\dbgcore.DLL
0x00007ffe31130000 - 0x00007ffe311af000 	C:\WINDOWS\System32\bcryptPrimitives.dll
0x00007ffe2abf0000 - 0x00007ffe2ac19000 	C:\Program Files\Android\Android Studio\jre\bin\java.dll
0x00007ffe2b2e0000 - 0x00007ffe2b2eb000 	C:\Program Files\Android\Android Studio\jre\bin\jimage.dll
0x00007ffe29350000 - 0x00007ffe29368000 	C:\Program Files\Android\Android Studio\jre\bin\zip.dll
0x00007ffe32940000 - 0x00007ffe330ef000 	C:\WINDOWS\System32\SHELL32.dll
0x00007ffe2eb30000 - 0x00007ffe2f398000 	C:\WINDOWS\SYSTEM32\windows.storage.dll
0x00007ffe314a0000 - 0x00007ffe31818000 	C:\WINDOWS\System32\combase.dll
0x00007ffe2e9c0000 - 0x00007ffe2eb26000 	C:\WINDOWS\SYSTEM32\wintypes.dll
0x00007ffe31ed0000 - 0x00007ffe31fba000 	C:\WINDOWS\System32\SHCORE.dll
0x00007ffe31bc0000 - 0x00007ffe31c1d000 	C:\WINDOWS\System32\shlwapi.dll
0x00007ffe30a20000 - 0x00007ffe30a41000 	C:\WINDOWS\SYSTEM32\profapi.dll
0x00007ffe191c0000 - 0x00007ffe191da000 	C:\Program Files\Android\Android Studio\jre\bin\net.dll
0x00007ffe2a240000 - 0x00007ffe2a34c000 	C:\WINDOWS\SYSTEM32\WINHTTP.dll
0x00007ffe30110000 - 0x00007ffe30177000 	C:\WINDOWS\system32\mswsock.dll
0x00007ffe191a0000 - 0x00007ffe191b4000 	C:\Program Files\Android\Android Studio\jre\bin\nio.dll
0x00007ffe192b0000 - 0x00007ffe192d7000 	C:\Users\HP\.gradle\native\e1d6ef7f7dcc3fd88c89a11ec53ec762bb8ba0a96d01ffa2cd45eb1d1d8dd5c5\windows-amd64\native-platform.dll
0x00007ffe0b9c0000 - 0x00007ffe0bb04000 	C:\Users\HP\.gradle\native\5664cfc778a61ccfe75a443a1ab52a65af34e5dc3c78e0209fed803814484fcb\windows-amd64\native-platform-file-events.dll
0x00007ffe19190000 - 0x00007ffe1919a000 	C:\Program Files\Android\Android Studio\jre\bin\management.dll
0x00007ffe19180000 - 0x00007ffe1918d000 	C:\Program Files\Android\Android Studio\jre\bin\management_ext.dll
0x00007ffe30360000 - 0x00007ffe30378000 	C:\WINDOWS\SYSTEM32\CRYPTSP.dll
0x00007ffe2fc40000 - 0x00007ffe2fc75000 	C:\WINDOWS\system32\rsaenh.dll
0x00007ffe30200000 - 0x00007ffe30229000 	C:\WINDOWS\SYSTEM32\USERENV.dll
0x00007ffe304d0000 - 0x00007ffe304f7000 	C:\WINDOWS\SYSTEM32\bcrypt.dll
0x00007ffe30350000 - 0x00007ffe3035c000 	C:\WINDOWS\SYSTEM32\CRYPTBASE.dll
0x00007ffe2f650000 - 0x00007ffe2f67d000 	C:\WINDOWS\SYSTEM32\IPHLPAPI.DLL
0x00007ffe322c0000 - 0x00007ffe322c9000 	C:\WINDOWS\System32\NSI.dll
0x00007ffe2a470000 - 0x00007ffe2a489000 	C:\WINDOWS\SYSTEM32\dhcpcsvc6.DLL
0x00007ffe2a6c0000 - 0x00007ffe2a6de000 	C:\WINDOWS\SYSTEM32\dhcpcsvc.DLL
0x00007ffe2f680000 - 0x00007ffe2f768000 	C:\WINDOWS\SYSTEM32\DNSAPI.dll
0x00007ffe2e370000 - 0x00007ffe2e3a4000 	C:\WINDOWS\SYSTEM32\ntmarta.dll

dbghelp: loaded successfully - version: 4.0.5 - missing functions: none
symbol engine: initialized successfully - sym options: 0x614 - pdb path: .;C:\Program Files\Android\Android Studio\jre\bin;C:\WINDOWS\SYSTEM32;C:\WINDOWS\WinSxS\amd64_microsoft.windows.common-controls_6595b64144ccf1df_6.0.22000.120_none_9d947278b86cc467;C:\Program Files\Android\Android Studio\jre\bin\server;C:\Users\HP\.gradle\native\e1d6ef7f7dcc3fd88c89a11ec53ec762bb8ba0a96d01ffa2cd45eb1d1d8dd5c5\windows-amd64;C:\Users\HP\.gradle\native\5664cfc778a61ccfe75a443a1ab52a65af34e5dc3c78e0209fed803814484fcb\windows-amd64

VM Arguments:
jvm_args: --add-opens=java.base/java.util=ALL-UNNAMED --add-opens=java.base/java.lang=ALL-UNNAMED --add-opens=java.base/java.lang.invoke=ALL-UNNAMED --add-opens=java.base/java.util=ALL-UNNAMED --add-opens=java.prefs/java.util.prefs=ALL-UNNAMED --add-opens=java.prefs/java.util.prefs=ALL-UNNAMED --add-opens=java.base/java.nio.charset=ALL-UNNAMED --add-opens=java.base/java.net=ALL-UNNAMED --add-opens=java.base/java.util.concurrent.atomic=ALL-UNNAMED -Xmx2048m -Dfile.encoding=UTF-8 -Duser.country=US -Duser.language=en -Duser.variant 
java_command: org.gradle.launcher.daemon.bootstrap.GradleDaemon 7.3.3
java_class_path (initial): C:\Users\HP\.gradle\wrapper\dists\gradle-7.3.3-bin\6a41zxkdtcxs8rphpq6y0069z\gradle-7.3.3\lib\gradle-launcher-7.3.3.jar
Launcher Type: SUN_STANDARD

[Global flags]
     intx CICompilerCount                          = 4                                         {product} {ergonomic}
     uint ConcGCThreads                            = 2                                         {product} {ergonomic}
     uint G1ConcRefinementThreads                  = 8                                         {product} {ergonomic}
   size_t G1HeapRegionSize                         = 1048576                                   {product} {ergonomic}
    uintx GCDrainStackTargetSize                   = 64                                        {product} {ergonomic}
   size_t InitialHeapSize                          = 132120576                                 {product} {ergonomic}
   size_t MarkStackSize                            = 4194304                                   {product} {ergonomic}
   size_t MaxHeapSize                              = 2147483648                                {product} {command line}
   size_t MaxNewSize                               = 1287651328                                {product} {ergonomic}
   size_t MinHeapDeltaBytes                        = 1048576                                   {product} {ergonomic}
    uintx NonNMethodCodeHeapSize                   = 5836300                                {pd product} {ergonomic}
    uintx NonProfiledCodeHeapSize                  = 122910970                              {pd product} {ergonomic}
    uintx ProfiledCodeHeapSize                     = 122910970                              {pd product} {ergonomic}
    uintx ReservedCodeCacheSize                    = 251658240                              {pd product} {ergonomic}
     bool SegmentedCodeCache                       = true                                      {product} {ergonomic}
     bool UseCompressedClassPointers               = true                                 {lp64_product} {ergonomic}
     bool UseCompressedOops                        = true                                 {lp64_product} {ergonomic}
     bool UseG1GC                                  = true                                      {product} {ergonomic}
     bool UseLargePagesIndividualAllocation        = false                                  {pd product} {ergonomic}

Logging:
Log output configuration:
 #0: stdout all=warning uptime,level,tags
 #1: stderr all=off uptime,level,tags

Environment Variables:
PATH=C:\Program Files (x86)\Common Files\Oracle\Java\javapath;C:\WINDOWS\system32;C:\WINDOWS;C:\WINDOWS\System32\Wbem;C:\WINDOWS\System32\WindowsPowerShell\v1.0\;C:\WINDOWS\System32\OpenSSH\;C:\Program Files\nodejs\;C:\xampp\php;C:\Program Files\MySQL\MySQL Shell 8.0\bin\;C:\Users\HP\AppData\Local\Microsoft\WindowsApps;C:\FPT\MOB1014\Microsoft VS Code\bin;C:\ProgramData\HP\GitHubDesktop\bin;C:\Users\HP\AppData\Roaming\npm
USERNAME=HP
OS=Windows_NT
PROCESSOR_IDENTIFIER=Intel64 Family 6 Model 142 Stepping 12, GenuineIntel



---------------  S Y S T E M  ---------------

OS: Windows 10 , 64 bit Build 22000 (10.0.22000.675)
OS uptime: 0 days 4:56 hours

CPU:total 8 (initial active 8) (4 cores per cpu, 2 threads per core) family 6 model 142 stepping 12 microcode 0xec, cmov, cx8, fxsr, mmx, sse, sse2, sse3, ssse3, sse4.1, sse4.2, popcnt, avx, avx2, aes, clmul, erms, 3dnowpref, lzcnt, ht, tsc, tscinvbit, bmi1, bmi2, adx, fma

Memory: 4k page, system-wide physical 8029M (289M free)
TotalPageFile size 16029M (AvailPageFile size 0M)
current process WorkingSet (physical memory assigned to process): 501M, peak: 501M
current process commit charge ("private bytes"): 542M, peak: 542M

vm_info: OpenJDK 64-Bit Server VM (11.0.12+7-b1504.28-7817840) for windows-amd64 JRE (11.0.12+7-b1504.28-7817840), built on Oct 13 2021 22:12:33 by "builder" with MS VC++ 14.0 (VS2015)

END.
