#
# There is insufficient memory for the Java Runtime Environment to continue.
# Native memory allocation (mmap) failed to map 46137344 bytes for Failed to commit area from 0x000000008b700000 to 0x000000008e300000 of length 46137344.
# Possible reasons:
#   The system is out of physical RAM or swap space
#   The process is running with CompressedOops enabled, and the Java Heap may be blocking the growth of the native heap
# Possible solutions:
#   Reduce memory load on the system
#   Increase physical memory or swap space
#   Check if swap backing store is full
#   Decrease Java heap size (-Xmx/-Xms)
#   Decrease number of Java threads
#   Decrease Java thread stack sizes (-Xss)
#   Set larger code cache with -XX:ReservedCodeCacheSize=
#   JVM is running with Unscaled Compressed Oops mode in which the Java heap is
#     placed in the first 4GB address space. The Java Heap base address is the
#     maximum limit for the native heap growth. Please use -XX:HeapBaseMinAddress
#     to set the Java Heap base and to place the Java Heap above 4GB virtual address.
# This output file may be truncated or incomplete.
#
#  Out of Memory Error (./src/hotspot/os/windows/os_windows.cpp:3521), pid=12632, tid=4084
#
# JRE version: OpenJDK Runtime Environment (11.0.12+7) (build 11.0.12+7-b1504.28-7817840)
# Java VM: OpenJDK 64-Bit Server VM (11.0.12+7-b1504.28-7817840, mixed mode, tiered, compressed oops, g1 gc, windows-amd64)
# No core dump will be written. Minidumps are not enabled by default on client versions of Windows
#

---------------  S U M M A R Y ------------

Command Line: --add-opens=java.base/java.util=ALL-UNNAMED --add-opens=java.base/java.lang=ALL-UNNAMED --add-opens=java.base/java.lang.invoke=ALL-UNNAMED --add-opens=java.base/java.util=ALL-UNNAMED --add-opens=java.prefs/java.util.prefs=ALL-UNNAMED --add-opens=java.prefs/java.util.prefs=ALL-UNNAMED --add-opens=java.base/java.nio.charset=ALL-UNNAMED --add-opens=java.base/java.net=ALL-UNNAMED --add-opens=java.base/java.util.concurrent.atomic=ALL-UNNAMED -Xmx2048m -Dfile.encoding=UTF-8 -Duser.country=US -Duser.language=en -Duser.variant org.gradle.launcher.daemon.bootstrap.GradleDaemon 7.3.3

Host: Intel(R) Core(TM) i5-10210U CPU @ 1.60GHz, 8 cores, 7G,  Windows 10 , 64 bit Build 22000 (10.0.22000.675)
Time: Mon May 23 14:05:33 2022 SE Asia Standard Time elapsed time: 2726.815528 seconds (0d 0h 45m 26s)

---------------  T H R E A D  ---------------

Current thread (0x00000247d58af000):  VMThread "VM Thread" [stack: 0x000000f199c00000,0x000000f199d00000] [id=4084]

Stack: [0x000000f199c00000,0x000000f199d00000]
[error occurred during error reporting (printing stack bounds), id 0xc0000005, EXCEPTION_ACCESS_VIOLATION (0xc0000005) at pc=0x00000247bef4112d]

Native frames: (J=compiled Java code, j=interpreted, Vv=VM code, C=native code)
V  [jvm.dll+0x5fbcea]
V  [jvm.dll+0x731905]
V  [jvm.dll+0x732f1d]
V  [jvm.dll+0x733535]
V  [jvm.dll+0x7334eb]
V  [jvm.dll+0x5fb080]
V  [jvm.dll+0x5fb818]
C  [ntdll.dll+0xa8e4f]
C  [ntdll.dll+0x35e9a]
C  [ntdll.dll+0xa7e5e]
C  0x00000247bef4112d

VM_Operation (0x000000f19acf2970): G1CollectForAllocation, mode: safepoint, requested by thread 0x00000247de661000


---------------  P R O C E S S  ---------------

Threads class SMR info:
_java_thread_list=0x00000247dc26df30, length=139, elements={
0x00000247bb42d000, 0x00000247d58b4000, 0x00000247d58c1000, 0x00000247d6234800,
0x00000247d6236000, 0x00000247d6237000, 0x00000247d6242000, 0x00000247d58d2800,
0x00000247d58d3800, 0x00000247d638d800, 0x00000247d77c8000, 0x00000247d7493000,
0x00000247d701f800, 0x00000247d72cc000, 0x00000247d72c9800, 0x00000247d72ca000,
0x00000247d83ac800, 0x00000247d83ab000, 0x00000247d83ae000, 0x00000247d83b0800,
0x00000247d83af000, 0x00000247d83b0000, 0x00000247d83b1800, 0x00000247d83ab800,
0x00000247da585000, 0x00000247da588800, 0x00000247da58a000, 0x00000247da586800,
0x00000247db265000, 0x00000247db269000, 0x00000247ded46800, 0x00000247dc39e800,
0x00000247de664000, 0x00000247de661800, 0x00000247de65e800, 0x00000247de661000,
0x00000247de65f000, 0x00000247de668000, 0x00000247de662800, 0x00000247de669000,
0x00000247de663000, 0x00000247de669800, 0x00000247de665800, 0x00000247de66a800,
0x00000247de667800, 0x00000247de665000, 0x00000247de66c000, 0x00000247de66b800,
0x00000247de666800, 0x00000247de66d000, 0x00000247dc394000, 0x00000247dc392000,
0x00000247dc398000, 0x00000247dc398800, 0x00000247dc393000, 0x00000247dc394800,
0x00000247dc395800, 0x00000247dc39a800, 0x00000247dc397000, 0x00000247dc39c000,
0x00000247dc399800, 0x00000247dc39b000, 0x00000247dc396000, 0x00000247dc39d800,
0x00000247dc39f000, 0x00000247dc39d000, 0x00000247dc3a0000, 0x00000247dc3a1000,
0x00000247ded45800, 0x00000247ded47000, 0x00000247ded44000, 0x00000247ded48000,
0x00000247ded45000, 0x00000247ded43000, 0x00000247ded4d000, 0x00000247ded4d800,
0x00000247ded4b800, 0x00000247ded4e800, 0x00000247ded49000, 0x00000247ded4a800,
0x00000247ded52000, 0x00000247ded4f800, 0x00000247ded50000, 0x00000247ded4c000,
0x00000247ded51000, 0x00000247db25b800, 0x00000247db25f800, 0x00000247db25a800,
0x00000247db25e800, 0x00000247db260000, 0x00000247db261000, 0x00000247db262000,
0x00000247db25c000, 0x00000247db25d800, 0x00000247db262800, 0x00000247db25d000,
0x00000247db266000, 0x00000247db268800, 0x00000247db266800, 0x00000247db263800,
0x00000247db267800, 0x00000247db264800, 0x00000247da58a800, 0x00000247da58e000,
0x00000247da58f000, 0x00000247da58b800, 0x00000247da589000, 0x00000247da58f800,
0x00000247da590800, 0x00000247da592000, 0x00000247da591000, 0x00000247da593000,
0x00000247da593800, 0x00000247d83ad800, 0x00000247d72cb000, 0x00000247df0e6000,
0x00000247df0e7800, 0x00000247df0e8800, 0x00000247df0e5800, 0x00000247df0eb000,
0x00000247df0ec000, 0x00000247df0e9800, 0x00000247df0ec800, 0x00000247df0e7000,
0x00000247df0ea000, 0x00000247df0f0800, 0x00000247df0f2800, 0x00000247df0f0000,
0x00000247df0ee000, 0x00000247df0f1800, 0x00000247df0f3000, 0x00000247df0ed800,
0x00000247df0f4000, 0x00000247df0ef000, 0x00000247e1665000, 0x00000247e1666000,
0x00000247e1661000, 0x00000247e1662000, 0x00000247e1663000
}

Java Threads: ( => current thread )
  0x00000247bb42d000 JavaThread "main" [_thread_blocked, id=972, stack(0x000000f199600000,0x000000f199700000)]
  0x00000247d58b4000 JavaThread "Reference Handler" daemon [_thread_blocked, id=3824, stack(0x000000f199d00000,0x000000f199e00000)]
  0x00000247d58c1000 JavaThread "Finalizer" daemon [_thread_blocked, id=12028, stack(0x000000f199e00000,0x000000f199f00000)]
  0x00000247d6234800 JavaThread "Signal Dispatcher" daemon [_thread_blocked, id=15928, stack(0x000000f199f00000,0x000000f19a000000)]
  0x00000247d6236000 JavaThread "Attach Listener" daemon [_thread_blocked, id=13928, stack(0x000000f19a000000,0x000000f19a100000)]
  0x00000247d6237000 JavaThread "Service Thread" daemon [_thread_blocked, id=7676, stack(0x000000f19a100000,0x000000f19a200000)]
  0x00000247d6242000 JavaThread "C2 CompilerThread0" daemon [_thread_blocked, id=9240, stack(0x000000f19a200000,0x000000f19a300000)]
  0x00000247d58d2800 JavaThread "C1 CompilerThread0" daemon [_thread_blocked, id=17236, stack(0x000000f19a300000,0x000000f19a400000)]
  0x00000247d58d3800 JavaThread "Sweeper thread" daemon [_thread_blocked, id=10896, stack(0x000000f19a400000,0x000000f19a500000)]
  0x00000247d638d800 JavaThread "Common-Cleaner" daemon [_thread_blocked, id=5104, stack(0x000000f19a500000,0x000000f19a600000)]
  0x00000247d77c8000 JavaThread "Daemon health stats" [_thread_blocked, id=13564, stack(0x000000f19a900000,0x000000f19aa00000)]
  0x00000247d7493000 JavaThread "Incoming local TCP Connector on port 55464" [_thread_in_native, id=7128, stack(0x000000f19aa00000,0x000000f19ab00000)]
  0x00000247d701f800 JavaThread "Daemon periodic checks" [_thread_blocked, id=11380, stack(0x000000f19ab00000,0x000000f19ac00000)]
  0x00000247d72cc000 JavaThread "Cache worker for journal cache (C:\Users\HP\.gradle\caches\journal-1)" [_thread_blocked, id=10268, stack(0x000000f19b800000,0x000000f19b900000)]
  0x00000247d72c9800 JavaThread "File lock request listener" [_thread_in_native, id=8308, stack(0x000000f19b900000,0x000000f19ba00000)]
  0x00000247d72ca000 JavaThread "Cache worker for file hash cache (C:\Users\HP\.gradle\caches\7.3.3\fileHashes)" [_thread_blocked, id=3540, stack(0x000000f19bb00000,0x000000f19bc00000)]
  0x00000247d83ac800 JavaThread "File watcher server" daemon [_thread_blocked, id=5160, stack(0x000000f19bd00000,0x000000f19be00000)]
  0x00000247d83ab000 JavaThread "File watcher consumer" daemon [_thread_blocked, id=16084, stack(0x000000f19be00000,0x000000f19bf00000)]
  0x00000247d83ae000 JavaThread "jar transforms" [_thread_blocked, id=14104, stack(0x000000f19bf00000,0x000000f19c000000)]
  0x00000247d83b0800 JavaThread "jar transforms Thread 2" [_thread_blocked, id=15556, stack(0x000000f19c000000,0x000000f19c100000)]
  0x00000247d83af000 JavaThread "jar transforms Thread 3" [_thread_blocked, id=8592, stack(0x000000f19c100000,0x000000f19c200000)]
  0x00000247d83b0000 JavaThread "jar transforms Thread 4" [_thread_blocked, id=9480, stack(0x000000f19c200000,0x000000f19c300000)]
  0x00000247d83b1800 JavaThread "jar transforms Thread 5" [_thread_blocked, id=7100, stack(0x000000f19c300000,0x000000f19c400000)]
  0x00000247d83ab800 JavaThread "jar transforms Thread 6" [_thread_blocked, id=6700, stack(0x000000f19c400000,0x000000f19c500000)]
  0x00000247da585000 JavaThread "jar transforms Thread 7" [_thread_blocked, id=6612, stack(0x000000f19c500000,0x000000f19c600000)]
  0x00000247da588800 JavaThread "jar transforms Thread 8" [_thread_blocked, id=2020, stack(0x000000f19c600000,0x000000f19c700000)]
  0x00000247da58a000 JavaThread "Cache worker for execution history cache (C:\Users\HP\.gradle\caches\7.3.3\executionHistory)" [_thread_blocked, id=16364, stack(0x000000f19ca00000,0x000000f19cb00000)]
  0x00000247da586800 JavaThread "Cache worker for file content cache (C:\Users\HP\.gradle\caches\7.3.3\fileContent)" [_thread_blocked, id=11220, stack(0x000000f19cb00000,0x000000f19cc00000)]
  0x00000247db265000 JavaThread "Memory manager" [_thread_blocked, id=5376, stack(0x000000f1a1e00000,0x000000f1a1f00000)]
  0x00000247db269000 JavaThread "pool-3-thread-1" [_thread_blocked, id=16828, stack(0x000000f1a1f00000,0x000000f1a2000000)]
  0x00000247ded46800 JavaThread "pool-6-thread-1" [_thread_blocked, id=9988, stack(0x000000f1a2300000,0x000000f1a2400000)]
  0x00000247dc39e800 JavaThread "pool-9-thread-1" [_thread_blocked, id=12780, stack(0x000000f1a1b00000,0x000000f1a1c00000)]
  0x00000247de664000 JavaThread "Daemon Thread 3" [_thread_blocked, id=14584, stack(0x000000f199300000,0x000000f199400000)]
  0x00000247de661800 JavaThread "Handler for socket connection from /127.0.0.1:55464 to /127.0.0.1:56613" [_thread_in_native, id=1932, stack(0x000000f199400000,0x000000f199500000)]
  0x00000247de65e800 JavaThread "Cancel handler" [_thread_blocked, id=308, stack(0x000000f199500000,0x000000f199600000)]
  0x00000247de661000 JavaThread "Daemon worker Thread 3" [_thread_blocked, id=14236, stack(0x000000f19ac00000,0x000000f19ad00000)]
  0x00000247de65f000 JavaThread "Asynchronous log dispatcher for DefaultDaemonConnection: socket connection from /127.0.0.1:55464 to /127.0.0.1:56613" [_thread_blocked, id=4720, stack(0x000000f19ad00000,0x000000f19ae00000)]
  0x00000247de668000 JavaThread "Stdin handler" [_thread_blocked, id=14084, stack(0x000000f19ae00000,0x000000f19af00000)]
  0x00000247de662800 JavaThread "Daemon client event forwarder" [_thread_blocked, id=9632, stack(0x000000f19af00000,0x000000f19b000000)]
  0x00000247de669000 JavaThread "Cache worker for file hash cache (C:\FPT\MOB403 - AndroidNetworking\MOB403_PS18620_mientvt_Assignment\.gradle\7.3.3\fileHashes)" [_thread_blocked, id=2332, stack(0x000000f19b100000,0x000000f19b200000)]
  0x00000247de663000 JavaThread "Cache worker for checksums cache (C:\FPT\MOB403 - AndroidNetworking\MOB403_PS18620_mientvt_Assignment\.gradle\7.3.3\checksums)" [_thread_blocked, id=6560, stack(0x000000f19b200000,0x000000f19b300000)]
  0x00000247de669800 JavaThread "Cache worker for cache directory md-supplier (C:\Users\HP\.gradle\caches\7.3.3\md-supplier)" [_thread_blocked, id=16908, stack(0x000000f19bc00000,0x000000f19bd00000)]
  0x00000247de665800 JavaThread "Cache worker for cache directory md-rule (C:\Users\HP\.gradle\caches\7.3.3\md-rule)" [_thread_blocked, id=15852, stack(0x000000f19c700000,0x000000f19c800000)]
  0x00000247de66a800 JavaThread "Cache worker for dependencies-accessors (C:\FPT\MOB403 - AndroidNetworking\MOB403_PS18620_mientvt_Assignment\.gradle\7.3.3\dependencies-accessors)" [_thread_blocked, id=6324, stack(0x000000f19c800000,0x000000f19c900000)]
  0x00000247de667800 JavaThread "Cache worker for Build Output Cleanup Cache (C:\FPT\MOB403 - AndroidNetworking\MOB403_PS18620_mientvt_Assignment\.gradle\buildOutputCleanup)" [_thread_blocked, id=7528, stack(0x000000f19c900000,0x000000f19ca00000)]
  0x00000247de665000 JavaThread "Unconstrained build operations" [_thread_blocked, id=16172, stack(0x000000f19cc00000,0x000000f19cd00000)]
  0x00000247de66c000 JavaThread "Unconstrained build operations Thread 2" [_thread_blocked, id=5604, stack(0x000000f19cd00000,0x000000f19ce00000)]
  0x00000247de66b800 JavaThread "Unconstrained build operations Thread 3" [_thread_blocked, id=9704, stack(0x000000f19ce00000,0x000000f19cf00000)]
  0x00000247de666800 JavaThread "Unconstrained build operations Thread 4" [_thread_blocked, id=6156, stack(0x000000f19cf00000,0x000000f19d000000)]
  0x00000247de66d000 JavaThread "Unconstrained build operations Thread 5" [_thread_blocked, id=2356, stack(0x000000f19d000000,0x000000f19d100000)]
  0x00000247dc394000 JavaThread "Unconstrained build operations Thread 6" [_thread_blocked, id=1172, stack(0x000000f19d100000,0x000000f19d200000)]
  0x00000247dc392000 JavaThread "Unconstrained build operations Thread 7" [_thread_blocked, id=8168, stack(0x000000f19d200000,0x000000f19d300000)]
  0x00000247dc398000 JavaThread "Unconstrained build operations Thread 8" [_thread_blocked, id=9076, stack(0x000000f19d300000,0x000000f19d400000)]
  0x00000247dc398800 JavaThread "Unconstrained build operations Thread 9" [_thread_blocked, id=14292, stack(0x000000f19d400000,0x000000f19d500000)]
  0x00000247dc393000 JavaThread "Unconstrained build operations Thread 10" [_thread_blocked, id=8292, stack(0x000000f19d500000,0x000000f19d600000)]
  0x00000247dc394800 JavaThread "Unconstrained build operations Thread 11" [_thread_blocked, id=16292, stack(0x000000f19d600000,0x000000f19d700000)]
  0x00000247dc395800 JavaThread "Unconstrained build operations Thread 12" [_thread_blocked, id=9260, stack(0x000000f19d700000,0x000000f19d800000)]
  0x00000247dc39a800 JavaThread "Unconstrained build operations Thread 13" [_thread_blocked, id=16260, stack(0x000000f19d800000,0x000000f19d900000)]
  0x00000247dc397000 JavaThread "Unconstrained build operations Thread 14" [_thread_blocked, id=1860, stack(0x000000f19d900000,0x000000f19da00000)]
  0x00000247dc39c000 JavaThread "Unconstrained build operations Thread 15" [_thread_blocked, id=13432, stack(0x000000f19da00000,0x000000f19db00000)]
  0x00000247dc399800 JavaThread "Unconstrained build operations Thread 16" [_thread_blocked, id=5540, stack(0x000000f19db00000,0x000000f19dc00000)]
  0x00000247dc39b000 JavaThread "Unconstrained build operations Thread 17" [_thread_blocked, id=8844, stack(0x000000f19dc00000,0x000000f19dd00000)]
  0x00000247dc396000 JavaThread "Unconstrained build operations Thread 18" [_thread_blocked, id=5708, stack(0x000000f19dd00000,0x000000f19de00000)]
  0x00000247dc39d800 JavaThread "Unconstrained build operations Thread 19" [_thread_blocked, id=17008, stack(0x000000f19de00000,0x000000f19df00000)]
  0x00000247dc39f000 JavaThread "Unconstrained build operations Thread 20" [_thread_blocked, id=3232, stack(0x000000f19df00000,0x000000f19e000000)]
  0x00000247dc39d000 JavaThread "Unconstrained build operations Thread 21" [_thread_blocked, id=1080, stack(0x000000f19e000000,0x000000f19e100000)]
  0x00000247dc3a0000 JavaThread "Unconstrained build operations Thread 22" [_thread_blocked, id=15444, stack(0x000000f19e100000,0x000000f19e200000)]
  0x00000247dc3a1000 JavaThread "Unconstrained build operations Thread 23" [_thread_blocked, id=632, stack(0x000000f19e200000,0x000000f19e300000)]
  0x00000247ded45800 JavaThread "Unconstrained build operations Thread 24" [_thread_blocked, id=8320, stack(0x000000f19e300000,0x000000f19e400000)]
  0x00000247ded47000 JavaThread "Unconstrained build operations Thread 25" [_thread_blocked, id=14744, stack(0x000000f19e400000,0x000000f19e500000)]
  0x00000247ded44000 JavaThread "Unconstrained build operations Thread 26" [_thread_blocked, id=16080, stack(0x000000f19e500000,0x000000f19e600000)]
  0x00000247ded48000 JavaThread "Unconstrained build operations Thread 27" [_thread_blocked, id=556, stack(0x000000f19e600000,0x000000f19e700000)]
  0x00000247ded45000 JavaThread "Unconstrained build operations Thread 28" [_thread_blocked, id=8868, stack(0x000000f19e700000,0x000000f19e800000)]
  0x00000247ded43000 JavaThread "Unconstrained build operations Thread 29" [_thread_blocked, id=8980, stack(0x000000f19e800000,0x000000f19e900000)]
  0x00000247ded4d000 JavaThread "Unconstrained build operations Thread 30" [_thread_blocked, id=3392, stack(0x000000f19e900000,0x000000f19ea00000)]
  0x00000247ded4d800 JavaThread "Unconstrained build operations Thread 31" [_thread_blocked, id=10972, stack(0x000000f19ea00000,0x000000f19eb00000)]
  0x00000247ded4b800 JavaThread "Unconstrained build operations Thread 32" [_thread_blocked, id=3080, stack(0x000000f19eb00000,0x000000f19ec00000)]
  0x00000247ded4e800 JavaThread "Unconstrained build operations Thread 33" [_thread_blocked, id=16716, stack(0x000000f19ec00000,0x000000f19ed00000)]
  0x00000247ded49000 JavaThread "Unconstrained build operations Thread 34" [_thread_blocked, id=1624, stack(0x000000f19ed00000,0x000000f19ee00000)]
  0x00000247ded4a800 JavaThread "Unconstrained build operations Thread 35" [_thread_blocked, id=8812, stack(0x000000f19ee00000,0x000000f19ef00000)]
  0x00000247ded52000 JavaThread "Unconstrained build operations Thread 36" [_thread_blocked, id=10968, stack(0x000000f19ef00000,0x000000f19f000000)]
  0x00000247ded4f800 JavaThread "Unconstrained build operations Thread 37" [_thread_blocked, id=15460, stack(0x000000f19f000000,0x000000f19f100000)]
  0x00000247ded50000 JavaThread "Unconstrained build operations Thread 38" [_thread_blocked, id=12848, stack(0x000000f19f100000,0x000000f19f200000)]
  0x00000247ded4c000 JavaThread "Unconstrained build operations Thread 39" [_thread_blocked, id=5112, stack(0x000000f19f200000,0x000000f19f300000)]
  0x00000247ded51000 JavaThread "Unconstrained build operations Thread 40" [_thread_blocked, id=12572, stack(0x000000f19f300000,0x000000f19f400000)]
  0x00000247db25b800 JavaThread "Unconstrained build operations Thread 41" [_thread_blocked, id=13252, stack(0x000000f19f400000,0x000000f19f500000)]
  0x00000247db25f800 JavaThread "Unconstrained build operations Thread 42" [_thread_blocked, id=14400, stack(0x000000f19f500000,0x000000f19f600000)]
  0x00000247db25a800 JavaThread "Unconstrained build operations Thread 43" [_thread_blocked, id=13224, stack(0x000000f19f600000,0x000000f19f700000)]
  0x00000247db25e800 JavaThread "Unconstrained build operations Thread 44" [_thread_blocked, id=11612, stack(0x000000f19f700000,0x000000f19f800000)]
  0x00000247db260000 JavaThread "Unconstrained build operations Thread 45" [_thread_blocked, id=3248, stack(0x000000f19f800000,0x000000f19f900000)]
  0x00000247db261000 JavaThread "Unconstrained build operations Thread 46" [_thread_blocked, id=2320, stack(0x000000f19f900000,0x000000f19fa00000)]
  0x00000247db262000 JavaThread "Unconstrained build operations Thread 47" [_thread_blocked, id=10560, stack(0x000000f19fa00000,0x000000f19fb00000)]
  0x00000247db25c000 JavaThread "Unconstrained build operations Thread 48" [_thread_blocked, id=14672, stack(0x000000f19fb00000,0x000000f19fc00000)]
  0x00000247db25d800 JavaThread "Unconstrained build operations Thread 49" [_thread_blocked, id=5520, stack(0x000000f19fc00000,0x000000f19fd00000)]
  0x00000247db262800 JavaThread "Unconstrained build operations Thread 50" [_thread_blocked, id=14448, stack(0x000000f19fd00000,0x000000f19fe00000)]
  0x00000247db25d000 JavaThread "Unconstrained build operations Thread 51" [_thread_blocked, id=8784, stack(0x000000f19fe00000,0x000000f19ff00000)]
  0x00000247db266000 JavaThread "Unconstrained build operations Thread 52" [_thread_blocked, id=8920, stack(0x000000f19ff00000,0x000000f1a0000000)]
  0x00000247db268800 JavaThread "Unconstrained build operations Thread 53" [_thread_blocked, id=11768, stack(0x000000f1a0000000,0x000000f1a0100000)]
  0x00000247db266800 JavaThread "Unconstrained build operations Thread 54" [_thread_blocked, id=11068, stack(0x000000f1a0100000,0x000000f1a0200000)]
  0x00000247db263800 JavaThread "Unconstrained build operations Thread 55" [_thread_blocked, id=6712, stack(0x000000f1a0200000,0x000000f1a0300000)]
  0x00000247db267800 JavaThread "Unconstrained build operations Thread 56" [_thread_blocked, id=14416, stack(0x000000f1a0300000,0x000000f1a0400000)]
  0x00000247db264800 JavaThread "Unconstrained build operations Thread 57" [_thread_blocked, id=15832, stack(0x000000f1a0400000,0x000000f1a0500000)]
  0x00000247da58a800 JavaThread "Unconstrained build operations Thread 58" [_thread_blocked, id=13672, stack(0x000000f1a0500000,0x000000f1a0600000)]
  0x00000247da58e000 JavaThread "Unconstrained build operations Thread 59" [_thread_blocked, id=8120, stack(0x000000f1a0600000,0x000000f1a0700000)]
  0x00000247da58f000 JavaThread "Unconstrained build operations Thread 60" [_thread_blocked, id=4272, stack(0x000000f1a0700000,0x000000f1a0800000)]
  0x00000247da58b800 JavaThread "Unconstrained build operations Thread 61" [_thread_blocked, id=17096, stack(0x000000f1a0800000,0x000000f1a0900000)]
  0x00000247da589000 JavaThread "Unconstrained build operations Thread 62" [_thread_blocked, id=12700, stack(0x000000f1a0900000,0x000000f1a0a00000)]
  0x00000247da58f800 JavaThread "Unconstrained build operations Thread 63" [_thread_blocked, id=4168, stack(0x000000f1a0a00000,0x000000f1a0b00000)]
  0x00000247da590800 JavaThread "Unconstrained build operations Thread 64" [_thread_blocked, id=13628, stack(0x000000f1a0b00000,0x000000f1a0c00000)]
  0x00000247da592000 JavaThread "Unconstrained build operations Thread 65" [_thread_blocked, id=15484, stack(0x000000f1a0c00000,0x000000f1a0d00000)]
  0x00000247da591000 JavaThread "Unconstrained build operations Thread 66" [_thread_blocked, id=13568, stack(0x000000f1a0d00000,0x000000f1a0e00000)]
  0x00000247da593000 JavaThread "Unconstrained build operations Thread 67" [_thread_blocked, id=11392, stack(0x000000f1a0e00000,0x000000f1a0f00000)]
  0x00000247da593800 JavaThread "Unconstrained build operations Thread 68" [_thread_blocked, id=17056, stack(0x000000f1a0f00000,0x000000f1a1000000)]
  0x00000247d83ad800 JavaThread "Unconstrained build operations Thread 69" [_thread_blocked, id=12004, stack(0x000000f1a1000000,0x000000f1a1100000)]
  0x00000247d72cb000 JavaThread "Unconstrained build operations Thread 70" [_thread_blocked, id=3892, stack(0x000000f1a1100000,0x000000f1a1200000)]
  0x00000247df0e6000 JavaThread "Unconstrained build operations Thread 71" [_thread_blocked, id=13068, stack(0x000000f1a1200000,0x000000f1a1300000)]
  0x00000247df0e7800 JavaThread "Unconstrained build operations Thread 72" [_thread_blocked, id=13436, stack(0x000000f1a1300000,0x000000f1a1400000)]
  0x00000247df0e8800 JavaThread "Unconstrained build operations Thread 73" [_thread_blocked, id=3012, stack(0x000000f1a1400000,0x000000f1a1500000)]
  0x00000247df0e5800 JavaThread "Unconstrained build operations Thread 74" [_thread_blocked, id=13348, stack(0x000000f1a1500000,0x000000f1a1600000)]
  0x00000247df0eb000 JavaThread "Unconstrained build operations Thread 75" [_thread_blocked, id=5108, stack(0x000000f1a1600000,0x000000f1a1700000)]
  0x00000247df0ec000 JavaThread "Unconstrained build operations Thread 76" [_thread_blocked, id=176, stack(0x000000f1a1700000,0x000000f1a1800000)]
  0x00000247df0e9800 JavaThread "Unconstrained build operations Thread 77" [_thread_blocked, id=9152, stack(0x000000f1a1800000,0x000000f1a1900000)]
  0x00000247df0ec800 JavaThread "Unconstrained build operations Thread 78" [_thread_blocked, id=11036, stack(0x000000f1a1900000,0x000000f1a1a00000)]
  0x00000247df0e7000 JavaThread "Unconstrained build operations Thread 79" [_thread_blocked, id=7456, stack(0x000000f1a1a00000,0x000000f1a1b00000)]
  0x00000247df0ea000 JavaThread "Unconstrained build operations Thread 80" [_thread_blocked, id=16276, stack(0x000000f1a1c00000,0x000000f1a1d00000)]
  0x00000247df0f0800 JavaThread "build event listener" [_thread_blocked, id=12796, stack(0x000000f1a1d00000,0x000000f1a1e00000)]
  0x00000247df0f2800 JavaThread "pool-12-thread-1" [_thread_blocked, id=10600, stack(0x000000f1a2000000,0x000000f1a2100000)]
  0x00000247df0f0000 JavaThread "build event listener" [_thread_blocked, id=3208, stack(0x000000f1a2100000,0x000000f1a2200000)]
  0x00000247df0ee000 JavaThread "Execution worker for ':'" [_thread_blocked, id=12560, stack(0x000000f1a2200000,0x000000f1a2300000)]
  0x00000247df0f1800 JavaThread "Execution worker for ':' Thread 2" [_thread_blocked, id=6032, stack(0x000000f1a2400000,0x000000f1a2500000)]
  0x00000247df0f3000 JavaThread "Execution worker for ':' Thread 3" [_thread_blocked, id=16132, stack(0x000000f1a2500000,0x000000f1a2600000)]
  0x00000247df0ed800 JavaThread "Execution worker for ':' Thread 4" [_thread_blocked, id=8348, stack(0x000000f1a2600000,0x000000f1a2700000)]
  0x00000247df0f4000 JavaThread "Execution worker for ':' Thread 5" [_thread_blocked, id=11984, stack(0x000000f1a2700000,0x000000f1a2800000)]
  0x00000247df0ef000 JavaThread "Execution worker for ':' Thread 6" [_thread_blocked, id=7844, stack(0x000000f1a2800000,0x000000f1a2900000)]
  0x00000247e1665000 JavaThread "Execution worker for ':' Thread 7" [_thread_blocked, id=8408, stack(0x000000f1a2900000,0x000000f1a2a00000)]
  0x00000247e1666000 JavaThread "Cache worker for execution history cache (C:\FPT\MOB403 - AndroidNetworking\MOB403_PS18620_mientvt_Assignment\.gradle\7.3.3\executionHistory)" [_thread_blocked, id=12176, stack(0x000000f1a2a00000,0x000000f1a2b00000)]
  0x00000247e1661000 JavaThread "WorkerExecutor Queue" [_thread_blocked, id=14944, stack(0x000000f1a2b00000,0x000000f1a2c00000)]
  0x00000247e1662000 JavaThread "WorkerExecutor Queue Thread 2" [_thread_blocked, id=10856, stack(0x000000f1a2c00000,0x000000f1a2d00000)]
  0x00000247e1663000 JavaThread "WorkerExecutor Queue Thread 3" [_thread_blocked, id=11708, stack(0x000000f1a2e00000,0x000000f1a2f00000)]

Other Threads:
=>0x00000247d58af000 VMThread "VM Thread" [stack: 0x000000f199c00000,0x000000f199d00000] [id=4084]
  0x00000247d63a4800 WatcherThread [stack: 0x000000f19a600000,0x000000f19a700000] [id=15016]
  0x00000247bb447000 GCTaskThread "GC Thread#0" [stack: 0x000000f199700000,0x000000f199800000] [id=16348]
  0x00000247d6dee800 GCTaskThread "GC Thread#1" [stack: 0x000000f19a700000,0x000000f19a800000] [id=9852]
  0x00000247d6f7e000 GCTaskThread "GC Thread#2" [stack: 0x000000f19a800000,0x000000f19a900000] [id=15348]
  0x00000247d831e800 GCTaskThread "GC Thread#3" [stack: 0x000000f19b300000,0x000000f19b400000] [id=13056]
  0x00000247d7cfa800 GCTaskThread "GC Thread#4" [stack: 0x000000f19b400000,0x000000f19b500000] [id=13980]
  0x00000247d82d9800 GCTaskThread "GC Thread#5" [stack: 0x000000f19b500000,0x000000f19b600000] [id=3000]
  0x00000247d73f4000 GCTaskThread "GC Thread#6" [stack: 0x000000f19b600000,0x000000f19b700000] [id=3076]
  0x00000247d79f2800 GCTaskThread "GC Thread#7" [stack: 0x000000f19b700000,0x000000f19b800000] [id=12928]
  0x00000247bb478800 ConcurrentGCThread "G1 Main Marker" [stack: 0x000000f199800000,0x000000f199900000] [id=10256]
  0x00000247bb47a000 ConcurrentGCThread "G1 Conc#0" [stack: 0x000000f199900000,0x000000f199a00000] [id=4112]
  0x00000247d87c1000 ConcurrentGCThread "G1 Conc#1" [stack: 0x000000f19ba00000,0x000000f19bb00000] [id=10552]
  0x00000247d5700800 ConcurrentGCThread "G1 Refine#0" [stack: 0x000000f199a00000,0x000000f199b00000] [id=1776]
  0x00000247dee62800 ConcurrentGCThread "G1 Refine#1" [stack: 0x000000f19b000000,0x000000f19b100000] [id=16352]
  0x00000247d5701800 ConcurrentGCThread "G1 Young RemSet Sampling" [stack: 0x000000f199b00000,0x000000f199c00000] [id=5204]

Threads with active compile tasks:

VM state:at safepoint (normal execution)

VM Mutex/Monitor currently owned by a thread:  ([mutex/lock_event])
[0x00000247bb4294f0] Threads_lock - owner thread: 0x00000247d58af000
[0x00000247bb428e30] Heap_lock - owner thread: 0x00000247de661000

Heap address: 0x0000000080000000, size: 2048 MB, Compressed Oops mode: 32-bit
Narrow klass base: 0x0000000000000000, Narrow klass shift: 3
Compressed class space size: 1073741824 Address: 0x0000000100000000

Heap:
 garbage-first heap   total 232448K, used 128631K [0x0000000080000000, 0x0000000100000000)
  region size 1024K, 2 young (2048K), 2 survivors (2048K)
 Metaspace       used 121640K, capacity 124489K, committed 125388K, reserved 1159168K
  class space    used 15065K, capacity 16084K, committed 16384K, reserved 1048576K
Heap Regions: E=young(eden), S=young(survivor), O=old, HS=humongous(starts), HC=humongous(continues), CS=collection set, F=free, A=archive, TAMS=top-at-mark-start (previous, next)
|   0|0x0000000080000000, 0x0000000080100000, 0x0000000080100000|100%| O|  |TAMS 0x0000000080100000, 0x0000000080000000| Untracked 
|   1|0x0000000080100000, 0x0000000080200000, 0x0000000080200000|100%| O|  |TAMS 0x0000000080200000, 0x0000000080100000| Untracked 
|   2|0x0000000080200000, 0x0000000080300000, 0x0000000080300000|100%| O|  |TAMS 0x0000000080300000, 0x0000000080200000| Untracked 
|   3|0x0000000080300000, 0x0000000080400000, 0x0000000080400000|100%|HS|  |TAMS 0x0000000080400000, 0x0000000080300000| Complete 
|   4|0x0000000080400000, 0x0000000080500000, 0x0000000080500000|100%|HC|  |TAMS 0x0000000080500000, 0x0000000080400000| Complete 
|   5|0x0000000080500000, 0x0000000080600000, 0x0000000080600000|100%|HC|  |TAMS 0x0000000080600000, 0x0000000080500000| Complete 
|   6|0x0000000080600000, 0x0000000080700000, 0x0000000080700000|100%| O|  |TAMS 0x0000000080700000, 0x0000000080600000| Untracked 
|   7|0x0000000080700000, 0x0000000080800000, 0x0000000080800000|100%| O|  |TAMS 0x0000000080800000, 0x0000000080700000| Untracked 
|   8|0x0000000080800000, 0x0000000080900000, 0x0000000080900000|100%| O|  |TAMS 0x0000000080900000, 0x0000000080800000| Untracked 
|   9|0x0000000080900000, 0x0000000080a00000, 0x0000000080a00000|100%| O|  |TAMS 0x0000000080a00000, 0x0000000080900000| Untracked 
|  10|0x0000000080a00000, 0x0000000080b00000, 0x0000000080b00000|100%| O|  |TAMS 0x0000000080b00000, 0x0000000080a00000| Untracked 
|  11|0x0000000080b00000, 0x0000000080c00000, 0x0000000080c00000|100%| O|  |TAMS 0x0000000080c00000, 0x0000000080b00000| Untracked 
|  12|0x0000000080c00000, 0x0000000080d00000, 0x0000000080d00000|100%| O|  |TAMS 0x0000000080d00000, 0x0000000080c00000| Untracked 
|  13|0x0000000080d00000, 0x0000000080e00000, 0x0000000080e00000|100%| O|  |TAMS 0x0000000080e00000, 0x0000000080d00000| Untracked 
|  14|0x0000000080e00000, 0x0000000080f00000, 0x0000000080f00000|100%|HS|  |TAMS 0x0000000080f00000, 0x0000000080e00000| Complete 
|  15|0x0000000080f00000, 0x0000000081000000, 0x0000000081000000|100%|HC|  |TAMS 0x0000000081000000, 0x0000000080f00000| Complete 
|  16|0x0000000081000000, 0x0000000081100000, 0x0000000081100000|100%|HS|  |TAMS 0x0000000081100000, 0x0000000081000000| Complete 
|  17|0x0000000081100000, 0x0000000081200000, 0x0000000081200000|100%|HC|  |TAMS 0x0000000081200000, 0x0000000081100000| Complete 
|  18|0x0000000081200000, 0x0000000081300000, 0x0000000081300000|100%|HC|  |TAMS 0x0000000081300000, 0x0000000081200000| Complete 
|  19|0x0000000081300000, 0x0000000081400000, 0x0000000081400000|100%|HS|  |TAMS 0x0000000081400000, 0x0000000081300000| Complete 
|  20|0x0000000081400000, 0x0000000081500000, 0x0000000081500000|100%|HS|  |TAMS 0x0000000081500000, 0x0000000081400000| Complete 
|  21|0x0000000081500000, 0x0000000081600000, 0x0000000081600000|100%|HC|  |TAMS 0x0000000081600000, 0x0000000081500000| Complete 
|  22|0x0000000081600000, 0x0000000081700000, 0x0000000081700000|100%|HC|  |TAMS 0x0000000081700000, 0x0000000081600000| Complete 
|  23|0x0000000081700000, 0x0000000081800000, 0x0000000081800000|100%|HC|  |TAMS 0x0000000081800000, 0x0000000081700000| Complete 
|  24|0x0000000081800000, 0x0000000081900000, 0x0000000081900000|100%| O|  |TAMS 0x0000000081900000, 0x0000000081800000| Complete 
|  25|0x0000000081900000, 0x0000000081a00000, 0x0000000081a00000|100%| O|  |TAMS 0x0000000081a00000, 0x0000000081900000| Complete 
|  26|0x0000000081a00000, 0x0000000081b00000, 0x0000000081b00000|100%| O|  |TAMS 0x0000000081b00000, 0x0000000081a00000| Untracked 
|  27|0x0000000081b00000, 0x0000000081c00000, 0x0000000081c00000|100%| O|  |TAMS 0x0000000081c00000, 0x0000000081b00000| Complete 
|  28|0x0000000081c00000, 0x0000000081d00000, 0x0000000081d00000|100%| O|  |TAMS 0x0000000081d00000, 0x0000000081c00000| Complete 
|  29|0x0000000081d00000, 0x0000000081e00000, 0x0000000081e00000|100%| O|  |TAMS 0x0000000081e00000, 0x0000000081d00000| Complete 
|  30|0x0000000081e00000, 0x0000000081f00000, 0x0000000081f00000|100%|HS|  |TAMS 0x0000000081f00000, 0x0000000081e00000| Complete 
|  31|0x0000000081f00000, 0x0000000082000000, 0x0000000082000000|100%| O|  |TAMS 0x0000000082000000, 0x0000000081f00000| Untracked 
|  32|0x0000000082000000, 0x0000000082100000, 0x0000000082100000|100%| O|  |TAMS 0x0000000082100000, 0x0000000082000000| Complete 
|  33|0x0000000082100000, 0x0000000082200000, 0x0000000082200000|100%| O|  |TAMS 0x0000000082200000, 0x0000000082100000| Untracked 
|  34|0x0000000082200000, 0x0000000082200000, 0x0000000082300000|  0%| F|  |TAMS 0x0000000082200000, 0x0000000082200000| Untracked 
|  35|0x0000000082300000, 0x0000000082400000, 0x0000000082400000|100%| O|  |TAMS 0x0000000082400000, 0x0000000082300000| Untracked 
|  36|0x0000000082400000, 0x0000000082500000, 0x0000000082500000|100%| O|  |TAMS 0x0000000082500000, 0x0000000082400000| Untracked 
|  37|0x0000000082500000, 0x0000000082600000, 0x0000000082600000|100%| O|  |TAMS 0x0000000082600000, 0x0000000082500000| Complete 
|  38|0x0000000082600000, 0x0000000082700000, 0x0000000082700000|100%|HS|  |TAMS 0x0000000082700000, 0x0000000082600000| Complete 
|  39|0x0000000082700000, 0x0000000082800000, 0x0000000082800000|100%|HC|  |TAMS 0x0000000082800000, 0x0000000082700000| Complete 
|  40|0x0000000082800000, 0x0000000082900000, 0x0000000082900000|100%|HC|  |TAMS 0x0000000082900000, 0x0000000082800000| Complete 
|  41|0x0000000082900000, 0x0000000082a00000, 0x0000000082a00000|100%| O|  |TAMS 0x0000000082a00000, 0x0000000082900000| Untracked 
|  42|0x0000000082a00000, 0x0000000082b00000, 0x0000000082b00000|100%| O|  |TAMS 0x0000000082a00000, 0x0000000082a00000| Untracked 
|  43|0x0000000082b00000, 0x0000000082c00000, 0x0000000082c00000|100%| O|  |TAMS 0x0000000082c00000, 0x0000000082b00000| Untracked 
|  44|0x0000000082c00000, 0x0000000082c00000, 0x0000000082d00000|  0%| F|  |TAMS 0x0000000082c00000, 0x0000000082c00000| Untracked 
|  45|0x0000000082d00000, 0x0000000082e00000, 0x0000000082e00000|100%|HS|  |TAMS 0x0000000082e00000, 0x0000000082d00000| Complete 
|  46|0x0000000082e00000, 0x0000000082f00000, 0x0000000082f00000|100%|HC|  |TAMS 0x0000000082f00000, 0x0000000082e00000| Complete 
|  47|0x0000000082f00000, 0x0000000083000000, 0x0000000083000000|100%|HC|  |TAMS 0x0000000083000000, 0x0000000082f00000| Complete 
|  48|0x0000000083000000, 0x0000000083100000, 0x0000000083100000|100%|HC|  |TAMS 0x0000000083100000, 0x0000000083000000| Complete 
|  49|0x0000000083100000, 0x0000000083100000, 0x0000000083200000|  0%| F|  |TAMS 0x0000000083100000, 0x0000000083100000| Untracked 
|  50|0x0000000083200000, 0x0000000083300000, 0x0000000083300000|100%| O|  |TAMS 0x0000000083300000, 0x0000000083200000| Untracked 
|  51|0x0000000083300000, 0x0000000083300000, 0x0000000083400000|  0%| F|  |TAMS 0x0000000083300000, 0x0000000083300000| Untracked 
|  52|0x0000000083400000, 0x0000000083400000, 0x0000000083500000|  0%| F|  |TAMS 0x0000000083400000, 0x0000000083400000| Untracked 
|  53|0x0000000083500000, 0x0000000083600000, 0x0000000083600000|100%|HS|  |TAMS 0x0000000083600000, 0x0000000083500000| Complete 
|  54|0x0000000083600000, 0x0000000083700000, 0x0000000083700000|100%|HS|  |TAMS 0x0000000083700000, 0x0000000083600000| Complete 
|  55|0x0000000083700000, 0x0000000083800000, 0x0000000083800000|100%|HS|  |TAMS 0x0000000083800000, 0x0000000083700000| Complete 
|  56|0x0000000083800000, 0x0000000083900000, 0x0000000083900000|100%|HC|  |TAMS 0x0000000083900000, 0x0000000083800000| Complete 
|  57|0x0000000083900000, 0x0000000083a00000, 0x0000000083a00000|100%| O|  |TAMS 0x0000000083900000, 0x0000000083900000| Untracked 
|  58|0x0000000083a00000, 0x0000000083b00000, 0x0000000083b00000|100%| O|  |TAMS 0x0000000083b00000, 0x0000000083a00000| Untracked 
|  59|0x0000000083b00000, 0x0000000083c00000, 0x0000000083c00000|100%| O|  |TAMS 0x0000000083c00000, 0x0000000083b00000| Complete 
|  60|0x0000000083c00000, 0x0000000083d00000, 0x0000000083d00000|100%| O|  |TAMS 0x0000000083d00000, 0x0000000083c00000| Untracked 
|  61|0x0000000083d00000, 0x0000000083e00000, 0x0000000083e00000|100%| O|  |TAMS 0x0000000083e00000, 0x0000000083d00000| Untracked 
|  62|0x0000000083e00000, 0x0000000083f00000, 0x0000000083f00000|100%| O|  |TAMS 0x0000000083f00000, 0x0000000083e00000| Untracked 
|  63|0x0000000083f00000, 0x0000000084000000, 0x0000000084000000|100%| O|  |TAMS 0x0000000084000000, 0x0000000083f00000| Untracked 
|  64|0x0000000084000000, 0x0000000084100000, 0x0000000084100000|100%| O|  |TAMS 0x0000000084100000, 0x0000000084000000| Untracked 
|  65|0x0000000084100000, 0x0000000084200000, 0x0000000084200000|100%| O|  |TAMS 0x0000000084200000, 0x0000000084100000| Complete 
|  66|0x0000000084200000, 0x0000000084300000, 0x0000000084300000|100%| O|  |TAMS 0x0000000084300000, 0x0000000084200000| Untracked 
|  67|0x0000000084300000, 0x0000000084400000, 0x0000000084400000|100%| O|  |TAMS 0x0000000084400000, 0x0000000084300000| Complete 
|  68|0x0000000084400000, 0x0000000084500000, 0x0000000084500000|100%| O|  |TAMS 0x0000000084500000, 0x0000000084400000| Untracked 
|  69|0x0000000084500000, 0x0000000084600000, 0x0000000084600000|100%| O|  |TAMS 0x0000000084600000, 0x0000000084500000| Complete 
|  70|0x0000000084600000, 0x0000000084600000, 0x0000000084700000|  0%| F|  |TAMS 0x0000000084600000, 0x0000000084600000| Untracked 
|  71|0x0000000084700000, 0x0000000084800000, 0x0000000084800000|100%| O|  |TAMS 0x0000000084800000, 0x0000000084700000| Complete 
|  72|0x0000000084800000, 0x0000000084900000, 0x0000000084900000|100%| O|  |TAMS 0x0000000084900000, 0x0000000084800000| Complete 
|  73|0x0000000084900000, 0x0000000084a00000, 0x0000000084a00000|100%| O|  |TAMS 0x0000000084a00000, 0x0000000084900000| Complete 
|  74|0x0000000084a00000, 0x0000000084b00000, 0x0000000084b00000|100%| O|  |TAMS 0x0000000084b00000, 0x0000000084a00000| Untracked 
|  75|0x0000000084b00000, 0x0000000084b00000, 0x0000000084c00000|  0%| F|  |TAMS 0x0000000084b00000, 0x0000000084b00000| Untracked 
|  76|0x0000000084c00000, 0x0000000084c00000, 0x0000000084d00000|  0%| F|  |TAMS 0x0000000084c00000, 0x0000000084c00000| Untracked 
|  77|0x0000000084d00000, 0x0000000084e00000, 0x0000000084e00000|100%| O|  |TAMS 0x0000000084e00000, 0x0000000084d00000| Untracked 
|  78|0x0000000084e00000, 0x0000000084f00000, 0x0000000084f00000|100%|HS|  |TAMS 0x0000000084f00000, 0x0000000084e00000| Complete 
|  79|0x0000000084f00000, 0x0000000085000000, 0x0000000085000000|100%|HC|  |TAMS 0x0000000085000000, 0x0000000084f00000| Complete 
|  80|0x0000000085000000, 0x0000000085100000, 0x0000000085100000|100%| O|  |TAMS 0x0000000085000000, 0x0000000085000000| Untracked 
|  81|0x0000000085100000, 0x0000000085200000, 0x0000000085200000|100%| O|  |TAMS 0x0000000085200000, 0x0000000085100000| Complete 
|  82|0x0000000085200000, 0x0000000085300000, 0x0000000085300000|100%|HS|  |TAMS 0x0000000085300000, 0x0000000085200000| Complete 
|  83|0x0000000085300000, 0x0000000085400000, 0x0000000085400000|100%|HC|  |TAMS 0x0000000085400000, 0x0000000085300000| Complete 
|  84|0x0000000085400000, 0x0000000085500000, 0x0000000085500000|100%|HC|  |TAMS 0x0000000085500000, 0x0000000085400000| Complete 
|  85|0x0000000085500000, 0x0000000085600000, 0x0000000085600000|100%|HS|  |TAMS 0x0000000085600000, 0x0000000085500000| Complete 
|  86|0x0000000085600000, 0x0000000085700000, 0x0000000085700000|100%|HS|  |TAMS 0x0000000085700000, 0x0000000085600000| Complete 
|  87|0x0000000085700000, 0x0000000085800000, 0x0000000085800000|100%|HC|  |TAMS 0x0000000085800000, 0x0000000085700000| Complete 
|  88|0x0000000085800000, 0x0000000085900000, 0x0000000085900000|100%|HC|  |TAMS 0x0000000085900000, 0x0000000085800000| Complete 
|  89|0x0000000085900000, 0x0000000085a00000, 0x0000000085a00000|100%|HC|  |TAMS 0x0000000085a00000, 0x0000000085900000| Complete 
|  90|0x0000000085a00000, 0x0000000085b00000, 0x0000000085b00000|100%| O|  |TAMS 0x0000000085b00000, 0x0000000085a00000| Complete 
|  91|0x0000000085b00000, 0x0000000085c00000, 0x0000000085c00000|100%| O|  |TAMS 0x0000000085c00000, 0x0000000085b00000| Untracked 
|  92|0x0000000085c00000, 0x0000000085d00000, 0x0000000085d00000|100%| O|  |TAMS 0x0000000085d00000, 0x0000000085c00000| Complete 
|  93|0x0000000085d00000, 0x0000000085e00000, 0x0000000085e00000|100%| O|  |TAMS 0x0000000085e00000, 0x0000000085d00000| Complete 
|  94|0x0000000085e00000, 0x0000000085f00000, 0x0000000085f00000|100%| O|  |TAMS 0x0000000085e00000, 0x0000000085e00000| Untracked 
|  95|0x0000000085f00000, 0x0000000086000000, 0x0000000086000000|100%| O|  |TAMS 0x0000000086000000, 0x0000000085f00000| Complete 
|  96|0x0000000086000000, 0x0000000086100000, 0x0000000086100000|100%| O|  |TAMS 0x0000000086000000, 0x0000000086000000| Untracked 
|  97|0x0000000086100000, 0x0000000086200000, 0x0000000086200000|100%| O|  |TAMS 0x0000000086200000, 0x0000000086100000| Untracked 
|  98|0x0000000086200000, 0x0000000086300000, 0x0000000086300000|100%| O|  |TAMS 0x0000000086300000, 0x0000000086200000| Complete 
|  99|0x0000000086300000, 0x0000000086300000, 0x0000000086400000|  0%| F|  |TAMS 0x0000000086300000, 0x0000000086300000| Untracked 
| 100|0x0000000086400000, 0x0000000086500000, 0x0000000086500000|100%| O|  |TAMS 0x0000000086500000, 0x0000000086400000| Complete 
| 101|0x0000000086500000, 0x0000000086500000, 0x0000000086600000|  0%| F|  |TAMS 0x0000000086500000, 0x0000000086500000| Untracked 
| 102|0x0000000086600000, 0x0000000086700000, 0x0000000086700000|100%| O|  |TAMS 0x0000000086700000, 0x0000000086600000| Untracked 
| 103|0x0000000086700000, 0x0000000086800000, 0x0000000086800000|100%| O|  |TAMS 0x0000000086800000, 0x0000000086700000| Untracked 
| 104|0x0000000086800000, 0x0000000086900000, 0x0000000086900000|100%| O|  |TAMS 0x0000000086900000, 0x0000000086800000| Complete 
| 105|0x0000000086900000, 0x0000000086a00000, 0x0000000086a00000|100%| O|  |TAMS 0x0000000086a00000, 0x0000000086900000| Complete 
| 106|0x0000000086a00000, 0x0000000086b00000, 0x0000000086b00000|100%| O|  |TAMS 0x0000000086b00000, 0x0000000086a00000| Untracked 
| 107|0x0000000086b00000, 0x0000000086c00000, 0x0000000086c00000|100%| O|  |TAMS 0x0000000086c00000, 0x0000000086b00000| Complete 
| 108|0x0000000086c00000, 0x0000000086d00000, 0x0000000086d00000|100%| O|  |TAMS 0x0000000086d00000, 0x0000000086c00000| Complete 
| 109|0x0000000086d00000, 0x0000000086e00000, 0x0000000086e00000|100%| O|  |TAMS 0x0000000086e00000, 0x0000000086d00000| Complete 
| 110|0x0000000086e00000, 0x0000000086e00000, 0x0000000086f00000|  0%| F|  |TAMS 0x0000000086e00000, 0x0000000086e00000| Untracked 
| 111|0x0000000086f00000, 0x0000000087000000, 0x0000000087000000|100%| O|  |TAMS 0x0000000087000000, 0x0000000086f00000| Complete 
| 112|0x0000000087000000, 0x0000000087100000, 0x0000000087100000|100%| O|  |TAMS 0x0000000087100000, 0x0000000087000000| Complete 
| 113|0x0000000087100000, 0x0000000087200000, 0x0000000087200000|100%| O|  |TAMS 0x0000000087200000, 0x0000000087100000| Complete 
| 114|0x0000000087200000, 0x0000000087300000, 0x0000000087300000|100%| O|  |TAMS 0x0000000087200000, 0x0000000087200000| Untracked 
| 115|0x0000000087300000, 0x0000000087400000, 0x0000000087400000|100%| O|  |TAMS 0x0000000087400000, 0x0000000087300000| Complete 
| 116|0x0000000087400000, 0x0000000087400000, 0x0000000087500000|  0%| F|  |TAMS 0x0000000087400000, 0x0000000087400000| Untracked 
| 117|0x0000000087500000, 0x0000000087500000, 0x0000000087600000|  0%| F|  |TAMS 0x0000000087500000, 0x0000000087500000| Untracked 
| 118|0x0000000087600000, 0x0000000087600000, 0x0000000087700000|  0%| F|  |TAMS 0x0000000087600000, 0x0000000087600000| Untracked 
| 119|0x0000000087700000, 0x0000000087700000, 0x0000000087800000|  0%| F|  |TAMS 0x0000000087700000, 0x0000000087700000| Untracked 
| 120|0x0000000087800000, 0x0000000087900000, 0x0000000087900000|100%| O|  |TAMS 0x0000000087900000, 0x0000000087800000| Untracked 
| 121|0x0000000087900000, 0x000000008798e000, 0x0000000087a00000| 55%| O|  |TAMS 0x0000000087900000, 0x0000000087900000| Untracked 
| 122|0x0000000087a00000, 0x0000000087b00000, 0x0000000087b00000|100%| O|  |TAMS 0x0000000087b00000, 0x0000000087a00000| Untracked 
| 123|0x0000000087b00000, 0x0000000087c00000, 0x0000000087c00000|100%| O|  |TAMS 0x0000000087c00000, 0x0000000087b00000| Untracked 
| 124|0x0000000087c00000, 0x0000000087d00000, 0x0000000087d00000|100%| O|  |TAMS 0x0000000087d00000, 0x0000000087c00000| Untracked 
| 125|0x0000000087d00000, 0x0000000087e00000, 0x0000000087e00000|100%| O|  |TAMS 0x0000000087e00000, 0x0000000087d00000| Untracked 
| 126|0x0000000087e00000, 0x0000000087f00000, 0x0000000087f00000|100%| O|  |TAMS 0x0000000087f00000, 0x0000000087e00000| Untracked 
| 127|0x0000000087f00000, 0x0000000088000000, 0x0000000088000000|100%| O|  |TAMS 0x0000000088000000, 0x0000000087f00000| Untracked 
| 128|0x0000000088000000, 0x0000000088100000, 0x0000000088100000|100%| O|  |TAMS 0x0000000088100000, 0x0000000088000000| Untracked 
| 129|0x0000000088100000, 0x0000000088100000, 0x0000000088200000|  0%| F|  |TAMS 0x0000000088100000, 0x0000000088100000| Untracked 
| 130|0x0000000088200000, 0x0000000088300000, 0x0000000088300000|100%| O|  |TAMS 0x0000000088300000, 0x0000000088200000| Complete 
| 131|0x0000000088300000, 0x0000000088400000, 0x0000000088400000|100%| O|  |TAMS 0x0000000088400000, 0x0000000088300000| Untracked 
| 132|0x0000000088400000, 0x0000000088500000, 0x0000000088500000|100%| O|  |TAMS 0x0000000088500000, 0x0000000088400000| Untracked 
| 133|0x0000000088500000, 0x0000000088500000, 0x0000000088600000|  0%| F|  |TAMS 0x0000000088500000, 0x0000000088500000| Untracked 
| 134|0x0000000088600000, 0x0000000088700000, 0x0000000088700000|100%| O|  |TAMS 0x0000000088700000, 0x0000000088600000| Untracked 
| 135|0x0000000088700000, 0x0000000088800000, 0x0000000088800000|100%| O|  |TAMS 0x0000000088800000, 0x0000000088700000| Complete 
| 136|0x0000000088800000, 0x0000000088900000, 0x0000000088900000|100%| O|  |TAMS 0x0000000088900000, 0x0000000088800000| Complete 
| 137|0x0000000088900000, 0x0000000088900000, 0x0000000088a00000|  0%| F|  |TAMS 0x0000000088900000, 0x0000000088900000| Untracked 
| 138|0x0000000088a00000, 0x0000000088b00000, 0x0000000088b00000|100%| O|  |TAMS 0x0000000088b00000, 0x0000000088a00000| Complete 
| 139|0x0000000088b00000, 0x0000000088c00000, 0x0000000088c00000|100%| O|  |TAMS 0x0000000088c00000, 0x0000000088b00000| Complete 
| 140|0x0000000088c00000, 0x0000000088d00000, 0x0000000088d00000|100%| O|  |TAMS 0x0000000088d00000, 0x0000000088c00000| Complete 
| 141|0x0000000088d00000, 0x0000000088e00000, 0x0000000088e00000|100%| O|  |TAMS 0x0000000088e00000, 0x0000000088d00000| Untracked 
| 142|0x0000000088e00000, 0x0000000088f00000, 0x0000000088f00000|100%| O|  |TAMS 0x0000000088e9e400, 0x0000000088e00000| Untracked 
| 143|0x0000000088f00000, 0x0000000088f00000, 0x0000000089000000|  0%| F|  |TAMS 0x0000000088f00000, 0x0000000088f00000| Untracked 
| 144|0x0000000089000000, 0x0000000089000000, 0x0000000089100000|  0%| F|  |TAMS 0x0000000089000000, 0x0000000089000000| Untracked 
| 145|0x0000000089100000, 0x0000000089100000, 0x0000000089200000|  0%| F|  |TAMS 0x0000000089100000, 0x0000000089100000| Untracked 
| 146|0x0000000089200000, 0x0000000089200000, 0x0000000089300000|  0%| F|  |TAMS 0x0000000089200000, 0x0000000089200000| Untracked 
| 147|0x0000000089300000, 0x0000000089300000, 0x0000000089400000|  0%| F|  |TAMS 0x0000000089300000, 0x0000000089300000| Untracked 
| 148|0x0000000089400000, 0x0000000089400000, 0x0000000089500000|  0%| F|  |TAMS 0x0000000089400000, 0x0000000089400000| Untracked 
| 149|0x0000000089500000, 0x0000000089500000, 0x0000000089600000|  0%| F|  |TAMS 0x0000000089500000, 0x0000000089500000| Untracked 
| 150|0x0000000089600000, 0x0000000089600000, 0x0000000089700000|  0%| F|  |TAMS 0x0000000089600000, 0x0000000089600000| Untracked 
| 151|0x0000000089700000, 0x0000000089700000, 0x0000000089800000|  0%| F|  |TAMS 0x0000000089700000, 0x0000000089700000| Untracked 
| 152|0x0000000089800000, 0x0000000089800000, 0x0000000089900000|  0%| F|  |TAMS 0x0000000089800000, 0x0000000089800000| Untracked 
| 153|0x0000000089900000, 0x0000000089900000, 0x0000000089a00000|  0%| F|  |TAMS 0x0000000089900000, 0x0000000089900000| Untracked 
| 154|0x0000000089a00000, 0x0000000089a00000, 0x0000000089b00000|  0%| F|  |TAMS 0x0000000089a00000, 0x0000000089a00000| Untracked 
| 155|0x0000000089b00000, 0x0000000089b00000, 0x0000000089c00000|  0%| F|  |TAMS 0x0000000089b00000, 0x0000000089b00000| Untracked 
| 156|0x0000000089c00000, 0x0000000089c00000, 0x0000000089d00000|  0%| F|  |TAMS 0x0000000089c00000, 0x0000000089c00000| Untracked 
| 157|0x0000000089d00000, 0x0000000089d00000, 0x0000000089e00000|  0%| F|  |TAMS 0x0000000089d00000, 0x0000000089d00000| Untracked 
| 158|0x0000000089e00000, 0x0000000089e00000, 0x0000000089f00000|  0%| F|  |TAMS 0x0000000089e00000, 0x0000000089e00000| Untracked 
| 159|0x0000000089f00000, 0x0000000089f00000, 0x000000008a000000|  0%| F|  |TAMS 0x0000000089f00000, 0x0000000089f00000| Untracked 
| 160|0x000000008a000000, 0x000000008a000000, 0x000000008a100000|  0%| F|  |TAMS 0x000000008a000000, 0x000000008a000000| Untracked 
| 161|0x000000008a100000, 0x000000008a100000, 0x000000008a200000|  0%| F|  |TAMS 0x000000008a100000, 0x000000008a100000| Untracked 
| 162|0x000000008a200000, 0x000000008a200000, 0x000000008a300000|  0%| F|  |TAMS 0x000000008a200000, 0x000000008a200000| Untracked 
| 163|0x000000008a300000, 0x000000008a300000, 0x000000008a400000|  0%| F|  |TAMS 0x000000008a300000, 0x000000008a300000| Untracked 
| 164|0x000000008a400000, 0x000000008a400000, 0x000000008a500000|  0%| F|  |TAMS 0x000000008a400000, 0x000000008a400000| Untracked 
| 165|0x000000008a500000, 0x000000008a500000, 0x000000008a600000|  0%| F|  |TAMS 0x000000008a500000, 0x000000008a500000| Untracked 
| 166|0x000000008a600000, 0x000000008a600000, 0x000000008a700000|  0%| F|  |TAMS 0x000000008a600000, 0x000000008a600000| Untracked 
| 167|0x000000008a700000, 0x000000008a700000, 0x000000008a800000|  0%| F|  |TAMS 0x000000008a700000, 0x000000008a700000| Untracked 
| 168|0x000000008a800000, 0x000000008a800000, 0x000000008a900000|  0%| F|  |TAMS 0x000000008a800000, 0x000000008a800000| Untracked 
| 169|0x000000008a900000, 0x000000008a900000, 0x000000008aa00000|  0%| F|  |TAMS 0x000000008a900000, 0x000000008a900000| Untracked 
| 170|0x000000008aa00000, 0x000000008aa00000, 0x000000008ab00000|  0%| F|  |TAMS 0x000000008aa00000, 0x000000008aa00000| Untracked 
| 171|0x000000008ab00000, 0x000000008ab00000, 0x000000008ac00000|  0%| F|  |TAMS 0x000000008ab00000, 0x000000008ab00000| Untracked 
| 172|0x000000008ac00000, 0x000000008ac00000, 0x000000008ad00000|  0%| F|  |TAMS 0x000000008ac00000, 0x000000008ac00000| Untracked 
| 173|0x000000008ad00000, 0x000000008ad0fc48, 0x000000008ae00000|  6%| S|CS|TAMS 0x000000008ad00000, 0x000000008ad00000| Complete 
| 174|0x000000008ae00000, 0x000000008af00000, 0x000000008af00000|100%| S|CS|TAMS 0x000000008ae00000, 0x000000008ae00000| Complete 
| 175|0x000000008af00000, 0x000000008af00000, 0x000000008b000000|  0%| F|  |TAMS 0x000000008af00000, 0x000000008af00000| Untracked 
| 176|0x000000008b000000, 0x000000008b000000, 0x000000008b100000|  0%| F|  |TAMS 0x000000008b000000, 0x000000008b000000| Untracked 
| 177|0x000000008b100000, 0x000000008b100000, 0x000000008b200000|  0%| F|  |TAMS 0x000000008b100000, 0x000000008b100000| Untracked 
| 178|0x000000008b200000, 0x000000008b200000, 0x000000008b300000|  0%| F|  |TAMS 0x000000008b200000, 0x000000008b200000| Untracked 
| 179|0x000000008b300000, 0x000000008b300000, 0x000000008b400000|  0%| F|  |TAMS 0x000000008b300000, 0x000000008b300000| Untracked 
| 180|0x000000008b400000, 0x000000008b400000, 0x000000008b500000|  0%| F|  |TAMS 0x000000008b400000, 0x000000008b400000| Untracked 
| 181|0x000000008b500000, 0x000000008b500000, 0x000000008b600000|  0%| F|  |TAMS 0x000000008b500000, 0x000000008b500000| Untracked 
| 182|0x000000008b600000, 0x000000008b600000, 0x000000008b700000|  0%| F|  |TAMS 0x000000008b600000, 0x000000008b600000| Untracked 

Card table byte_map: [0x00000247ce670000,0x00000247cea70000] _byte_map_base: 0x00000247ce270000

Marking Bits (Prev, Next): (CMBitMap*) 0x00000247bb46fce8, (CMBitMap*) 0x00000247bb46fd20
 Prev Bits: [0x00000247cee70000, 0x00000247d0e70000)
 Next Bits: [0x00000247d0e70000, 0x00000247d2e70000)

Polling page: 0x00000247b9400000

Metaspace:

Usage:
  Non-class:    105.86 MB capacity,   104.08 MB ( 98%) used,     1.47 MB (  1%) free+waste,   325.31 KB ( <1%) overhead. 
      Class:     15.71 MB capacity,    14.71 MB ( 94%) used,   878.95 KB (  5%) free+waste,   139.75 KB ( <1%) overhead. 
       Both:    121.57 MB capacity,   118.79 MB ( 98%) used,     2.33 MB (  2%) free+waste,   465.06 KB ( <1%) overhead. 

Virtual space:
  Non-class space:      108.00 MB reserved,     106.45 MB ( 99%) committed 
      Class space:        1.00 GB reserved,      16.00 MB (  2%) committed 
             Both:        1.11 GB reserved,     122.45 MB ( 11%) committed 

Chunk freelists:
   Non-Class:  535.00 KB
       Class:  236.00 KB
        Both:  771.00 KB

MaxMetaspaceSize: 17179869184.00 GB
CompressedClassSpaceSize: 1.00 GB
Initial GC threshold: 20.80 MB
Current GC threshold: 202.63 MB
CDS: off

CodeHeap 'non-profiled nmethods': size=120000Kb used=7972Kb max_used=7972Kb free=112027Kb
 bounds [0x00000247c6a10000, 0x00000247c71e0000, 0x00000247cdf40000]
CodeHeap 'profiled nmethods': size=120000Kb used=33215Kb max_used=33215Kb free=86784Kb
 bounds [0x00000247bf4e0000, 0x00000247c1550000, 0x00000247c6a10000]
CodeHeap 'non-nmethods': size=5760Kb used=2463Kb max_used=2499Kb free=3296Kb
 bounds [0x00000247bef40000, 0x00000247bf1d0000, 0x00000247bf4e0000]
 total_blobs=17026 nmethods=16032 adapters=905
 compilation: enabled
              stopped_count=0, restarted_count=0
 full_count=0

Compilation events (20 events):
Event: 2726.641 Thread 0x00000247d6242000 16159       4       com.google.common.collect.AbstractMapBasedMultimap$WrappedCollection::refreshIfEmpty (78 bytes)
Event: 2726.648 Thread 0x00000247d58d2800 16724       3       kotlin.reflect.jvm.internal.impl.name.FqNameUnsafe::hashCode (8 bytes)
Event: 2726.649 Thread 0x00000247d58d2800 nmethod 16724 0x00000247c154da10 code [0x00000247c154dbc0, 0x00000247c154dce8]
Event: 2726.651 Thread 0x00000247d6242000 nmethod 16159 0x00000247c71d3090 code [0x00000247c71d3260, 0x00000247c71d36d8]
Event: 2726.651 Thread 0x00000247d6242000 16721       4       java.lang.ClassLoader::defineClass (43 bytes)
Event: 2726.671 Thread 0x00000247d6242000 nmethod 16721 0x00000247c71d3b10 code [0x00000247c71d3ce0, 0x00000247c71d40f0]
Event: 2726.671 Thread 0x00000247d6242000 16722       4       java.security.SecureClassLoader::getProtectionDomain (38 bytes)
Event: 2726.676 Thread 0x00000247d6242000 nmethod 16722 0x00000247c71d4590 code [0x00000247c71d4760, 0x00000247c71d49e8]
Event: 2726.676 Thread 0x00000247d6242000 16274       4       java.lang.StringUTF16::putCharSB (12 bytes)
Event: 2726.677 Thread 0x00000247d6242000 nmethod 16274 0x00000247c71d4c10 code [0x00000247c71d4da0, 0x00000247c71d4e18]
Event: 2726.677 Thread 0x00000247d6242000 16126       4       com.google.common.collect.LinkedListMultimap::containsKey (11 bytes)
Event: 2726.678 Thread 0x00000247d6242000 nmethod 16126 0x00000247c71d4f10 code [0x00000247c71d50a0, 0x00000247c71d5138]
Event: 2726.712 Thread 0x00000247d6242000 16725       4       sun.nio.fs.WindowsPathParser::parse (384 bytes)
Event: 2726.748 Thread 0x00000247d58d2800 16727       3       java.util.jar.JarFile::getVersionedEntry (85 bytes)
Event: 2726.750 Thread 0x00000247d58d2800 nmethod 16727 0x00000247c154dd90 code [0x00000247c154e080, 0x00000247c154f088]
Event: 2726.767 Thread 0x00000247d6242000 nmethod 16725 0x00000247c71d5210 code [0x00000247c71d5520, 0x00000247c71d71e8]
Event: 2726.767 Thread 0x00000247d6242000 16726       4       jdk.internal.reflect.NativeConstructorAccessorImpl::newInstance (89 bytes)
Event: 2726.784 Thread 0x00000247d6242000 nmethod 16726 0x00000247c71d8310 code [0x00000247c71d8500, 0x00000247c71d8c68]
Event: 2726.786 Thread 0x00000247d58d2800 16728       3       java.lang.String::replace (42 bytes)
Event: 2726.786 Thread 0x00000247d58d2800 nmethod 16728 0x00000247c154f690 code [0x00000247c154f860, 0x00000247c154fb78]

GC Heap History (20 events):
Event: 2724.057 GC heap after
{Heap after GC invocations=51 (full 0):
 garbage-first heap   total 187392K, used 122992K [0x0000000080000000, 0x0000000100000000)
  region size 1024K, 1 young (1024K), 1 survivors (1024K)
 Metaspace       used 115492K, capacity 118156K, committed 119372K, reserved 1153024K
  class space    used 14376K, capacity 15377K, committed 15744K, reserved 1048576K
}
Event: 2724.238 GC heap before
{Heap before GC invocations=51 (full 0):
 garbage-first heap   total 187392K, used 130160K [0x0000000080000000, 0x0000000100000000)
  region size 1024K, 9 young (9216K), 1 survivors (1024K)
 Metaspace       used 115582K, capacity 118382K, committed 119628K, reserved 1153024K
  class space    used 14386K, capacity 15383K, committed 15744K, reserved 1048576K
}
Event: 2724.272 GC heap after
{Heap after GC invocations=52 (full 0):
 garbage-first heap   total 187392K, used 119557K [0x0000000080000000, 0x0000000100000000)
  region size 1024K, 1 young (1024K), 1 survivors (1024K)
 Metaspace       used 115582K, capacity 118382K, committed 119628K, reserved 1153024K
  class space    used 14386K, capacity 15383K, committed 15744K, reserved 1048576K
}
Event: 2724.413 GC heap before
{Heap before GC invocations=52 (full 0):
 garbage-first heap   total 187392K, used 127749K [0x0000000080000000, 0x0000000100000000)
  region size 1024K, 11 young (11264K), 1 survivors (1024K)
 Metaspace       used 115854K, capacity 118634K, committed 119628K, reserved 1153024K
  class space    used 14422K, capacity 15422K, committed 15744K, reserved 1048576K
}
Event: 2724.419 GC heap after
{Heap after GC invocations=53 (full 0):
 garbage-first heap   total 187392K, used 120102K [0x0000000080000000, 0x0000000100000000)
  region size 1024K, 2 young (2048K), 2 survivors (2048K)
 Metaspace       used 115854K, capacity 118634K, committed 119628K, reserved 1153024K
  class space    used 14422K, capacity 15422K, committed 15744K, reserved 1048576K
}
Event: 2724.879 GC heap before
{Heap before GC invocations=54 (full 0):
 garbage-first heap   total 187392K, used 147750K [0x0000000080000000, 0x0000000100000000)
  region size 1024K, 27 young (27648K), 2 survivors (2048K)
 Metaspace       used 116849K, capacity 119578K, committed 120524K, reserved 1155072K
  class space    used 14533K, capacity 15569K, committed 15872K, reserved 1048576K
}
Event: 2724.904 GC heap after
{Heap after GC invocations=55 (full 0):
 garbage-first heap   total 187392K, used 133314K [0x0000000080000000, 0x0000000100000000)
  region size 1024K, 4 young (4096K), 4 survivors (4096K)
 Metaspace       used 116849K, capacity 119578K, committed 120524K, reserved 1155072K
  class space    used 14533K, capacity 15569K, committed 15872K, reserved 1048576K
}
Event: 2724.940 GC heap before
{Heap before GC invocations=55 (full 0):
 garbage-first heap   total 187392K, used 138434K [0x0000000080000000, 0x0000000100000000)
  region size 1024K, 9 young (9216K), 4 survivors (4096K)
 Metaspace       used 116907K, capacity 119642K, committed 120780K, reserved 1155072K
  class space    used 14540K, capacity 15569K, committed 15872K, reserved 1048576K
}
Event: 2724.952 GC heap after
{Heap after GC invocations=56 (full 0):
 garbage-first heap   total 187392K, used 135877K [0x0000000080000000, 0x0000000100000000)
  region size 1024K, 2 young (2048K), 2 survivors (2048K)
 Metaspace       used 116907K, capacity 119642K, committed 120780K, reserved 1155072K
  class space    used 14540K, capacity 15569K, committed 15872K, reserved 1048576K
}
Event: 2725.282 GC heap before
{Heap before GC invocations=56 (full 0):
 garbage-first heap   total 187392K, used 148165K [0x0000000080000000, 0x0000000100000000)
  region size 1024K, 16 young (16384K), 2 survivors (2048K)
 Metaspace       used 117076K, capacity 119838K, committed 120780K, reserved 1155072K
  class space    used 14548K, capacity 15570K, committed 15872K, reserved 1048576K
}
Event: 2725.302 GC heap after
{Heap after GC invocations=57 (full 0):
 garbage-first heap   total 187392K, used 142248K [0x0000000080000000, 0x0000000100000000)
  region size 1024K, 3 young (3072K), 3 survivors (3072K)
 Metaspace       used 117076K, capacity 119838K, committed 120780K, reserved 1155072K
  class space    used 14548K, capacity 15570K, committed 15872K, reserved 1048576K
}
Event: 2725.816 GC heap before
{Heap before GC invocations=58 (full 0):
 garbage-first heap   total 187392K, used 167848K [0x0000000080000000, 0x0000000100000000)
  region size 1024K, 14 young (14336K), 3 survivors (3072K)
 Metaspace       used 118029K, capacity 120841K, committed 121932K, reserved 1155072K
  class space    used 14644K, capacity 15682K, committed 16000K, reserved 1048576K
}
Event: 2725.835 GC heap after
{Heap after GC invocations=59 (full 0):
 garbage-first heap   total 187392K, used 142980K [0x0000000080000000, 0x0000000100000000)
  region size 1024K, 1 young (1024K), 1 survivors (1024K)
 Metaspace       used 118029K, capacity 120841K, committed 121932K, reserved 1155072K
  class space    used 14644K, capacity 15682K, committed 16000K, reserved 1048576K
}
Event: 2726.025 GC heap before
{Heap before GC invocations=59 (full 0):
 garbage-first heap   total 187392K, used 150148K [0x0000000080000000, 0x0000000100000000)
  region size 1024K, 9 young (9216K), 1 survivors (1024K)
 Metaspace       used 119163K, capacity 121995K, committed 123084K, reserved 1157120K
  class space    used 14772K, capacity 15811K, committed 16128K, reserved 1048576K
}
Event: 2726.045 GC heap after
{Heap after GC invocations=60 (full 0):
 garbage-first heap   total 187392K, used 140720K [0x0000000080000000, 0x0000000100000000)
  region size 1024K, 1 young (1024K), 1 survivors (1024K)
 Metaspace       used 119163K, capacity 121995K, committed 123084K, reserved 1157120K
  class space    used 14772K, capacity 15811K, committed 16128K, reserved 1048576K
}
Event: 2726.321 GC heap before
{Heap before GC invocations=60 (full 0):
 garbage-first heap   total 187392K, used 153008K [0x0000000080000000, 0x0000000100000000)
  region size 1024K, 14 young (14336K), 1 survivors (1024K)
 Metaspace       used 120352K, capacity 123145K, committed 124236K, reserved 1157120K
  class space    used 14892K, capacity 15915K, committed 16256K, reserved 1048576K
}
Event: 2726.331 GC heap after
{Heap after GC invocations=61 (full 0):
 garbage-first heap   total 187392K, used 141143K [0x0000000080000000, 0x0000000100000000)
  region size 1024K, 2 young (2048K), 2 survivors (2048K)
 Metaspace       used 120352K, capacity 123145K, committed 124236K, reserved 1157120K
  class space    used 14892K, capacity 15915K, committed 16256K, reserved 1048576K
}
Event: 2726.659 GC heap before
{Heap before GC invocations=62 (full 0):
 garbage-first heap   total 187392K, used 154455K [0x0000000080000000, 0x0000000100000000)
  region size 1024K, 15 young (15360K), 2 survivors (2048K)
 Metaspace       used 121174K, capacity 124041K, committed 125004K, reserved 1159168K
  class space    used 14999K, capacity 16020K, committed 16256K, reserved 1048576K
}
Event: 2726.664 GC heap after
{Heap after GC invocations=63 (full 0):
 garbage-first heap   total 187392K, used 141314K [0x0000000080000000, 0x0000000100000000)
  region size 1024K, 1 young (1024K), 1 survivors (1024K)
 Metaspace       used 121174K, capacity 124041K, committed 125004K, reserved 1159168K
  class space    used 14999K, capacity 16020K, committed 16256K, reserved 1048576K
}
Event: 2726.788 GC heap before
{Heap before GC invocations=63 (full 0):
 garbage-first heap   total 187392K, used 149506K [0x0000000080000000, 0x0000000100000000)
  region size 1024K, 9 young (9216K), 1 survivors (1024K)
 Metaspace       used 121640K, capacity 124489K, committed 125388K, reserved 1159168K
  class space    used 15065K, capacity 16084K, committed 16384K, reserved 1048576K
}

Deoptimization events (20 events):
Event: 2726.427 Thread 0x00000247de661000 Uncommon trap: trap_request=0xffffffbe fr.pc=0x00000247c71c7ad0 relative=0x0000000000000310
Event: 2726.427 Thread 0x00000247de661000 Uncommon trap: reason=profile_predicate action=maybe_recompile pc=0x00000247c71c7ad0 method=java.util.regex.Pattern$Slice.match(Ljava/util/regex/Matcher;ILjava/lang/CharSequence;)Z @ 18 c2
Event: 2726.427 Thread 0x00000247de661000 DEOPT PACKING pc=0x00000247c71c7ad0 sp=0x000000f19acf69b0
Event: 2726.427 Thread 0x00000247de661000 DEOPT UNPACKING pc=0x00000247bef8a1af sp=0x000000f19acf6920 mode 2
Event: 2726.427 Thread 0x00000247de661000 Uncommon trap: trap_request=0xffffffbe fr.pc=0x00000247c71c7ad0 relative=0x0000000000000310
Event: 2726.427 Thread 0x00000247de661000 Uncommon trap: reason=profile_predicate action=maybe_recompile pc=0x00000247c71c7ad0 method=java.util.regex.Pattern$Slice.match(Ljava/util/regex/Matcher;ILjava/lang/CharSequence;)Z @ 18 c2
Event: 2726.427 Thread 0x00000247de661000 DEOPT PACKING pc=0x00000247c71c7ad0 sp=0x000000f19acf69b0
Event: 2726.427 Thread 0x00000247de661000 DEOPT UNPACKING pc=0x00000247bef8a1af sp=0x000000f19acf6920 mode 2
Event: 2726.427 Thread 0x00000247de661000 Uncommon trap: trap_request=0xffffffbe fr.pc=0x00000247c71c7ad0 relative=0x0000000000000310
Event: 2726.427 Thread 0x00000247de661000 Uncommon trap: reason=profile_predicate action=maybe_recompile pc=0x00000247c71c7ad0 method=java.util.regex.Pattern$Slice.match(Ljava/util/regex/Matcher;ILjava/lang/CharSequence;)Z @ 18 c2
Event: 2726.427 Thread 0x00000247de661000 DEOPT PACKING pc=0x00000247c71c7ad0 sp=0x000000f19acf69b0
Event: 2726.427 Thread 0x00000247de661000 DEOPT UNPACKING pc=0x00000247bef8a1af sp=0x000000f19acf6920 mode 2
Event: 2726.467 Thread 0x00000247e1666000 DEOPT PACKING pc=0x00000247c1385546 sp=0x000000f1a2afd980
Event: 2726.467 Thread 0x00000247e1666000 DEOPT UNPACKING pc=0x00000247bef8a95e sp=0x000000f1a2afce20 mode 0
Event: 2726.468 Thread 0x00000247e1666000 DEOPT PACKING pc=0x00000247c1385546 sp=0x000000f1a2afda10
Event: 2726.468 Thread 0x00000247e1666000 DEOPT UNPACKING pc=0x00000247bef8a95e sp=0x000000f1a2afceb0 mode 0
Event: 2726.713 Thread 0x00000247de661000 Uncommon trap: trap_request=0xffffff4d fr.pc=0x00000247c6f1aa48 relative=0x0000000000000948
Event: 2726.713 Thread 0x00000247de661000 Uncommon trap: reason=unstable_if action=reinterpret pc=0x00000247c6f1aa48 method=java.util.jar.JarFile.getVersionedEntry(Ljava/lang/String;Ljava/util/jar/JarEntry;)Ljava/util/jar/JarEntry; @ 7 c2
Event: 2726.713 Thread 0x00000247de661000 DEOPT PACKING pc=0x00000247c6f1aa48 sp=0x000000f19acf36b0
Event: 2726.713 Thread 0x00000247de661000 DEOPT UNPACKING pc=0x00000247bef8a1af sp=0x000000f19acf3690 mode 2

Classes redefined (0 events):
No events

Internal exceptions (20 events):
Event: 2722.381 Thread 0x00000247de661000 Exception <a 'sun/nio/fs/WindowsException'{0x000000008a274a08}> (0x000000008a274a08) thrown at [./src/hotspot/share/prims/jni.cpp, line 615]
Event: 2722.548 Thread 0x00000247de661000 Exception <a 'java/lang/NoSuchMethodError'{0x0000000089db27f8}: 'java.lang.Object java.lang.invoke.Invokers$Holder.linkToTargetMethod(java.lang.Object, int, int, java.lang.Object)'> (0x0000000089db27f8) thrown at [./src/hotspot/share/interpreter/linkResolver.cpp, line 773]
Event: 2723.080 Thread 0x00000247de661000 Exception <a 'java/lang/NoSuchMethodError'{0x000000008afc4828}: <clinit>> (0x000000008afc4828) thrown at [./src/hotspot/share/prims/jni.cpp, line 1365]
Event: 2723.109 Thread 0x00000247de661000 Exception <a 'sun/nio/fs/WindowsException'{0x000000008ae41d98}> (0x000000008ae41d98) thrown at [./src/hotspot/share/prims/jni.cpp, line 615]
Event: 2723.547 Thread 0x00000247de667800 Implicit null exception at 0x00000247c6b9c0c6 to 0x00000247c6b9c43c
Event: 2723.558 Thread 0x00000247df0f0800 Exception <a 'java/lang/NoSuchMethodError'{0x000000008ab589f0}: <clinit>> (0x000000008ab589f0) thrown at [./src/hotspot/share/prims/jni.cpp, line 1365]
Event: 2723.562 Thread 0x00000247df0f0800 Exception <a 'java/lang/NoSuchMethodError'{0x000000008ab7d9f0}: <clinit>> (0x000000008ab7d9f0) thrown at [./src/hotspot/share/prims/jni.cpp, line 1365]
Event: 2723.563 Thread 0x00000247df0f0000 Implicit null exception at 0x00000247c6f29df1 to 0x00000247c6f30be4
Event: 2723.565 Thread 0x00000247df0f0800 Implicit null exception at 0x00000247c6cfe951 to 0x00000247c6cff780
Event: 2723.566 Thread 0x00000247df0f0800 Exception <a 'java/lang/NoSuchMethodError'{0x000000008abcef50}: <clinit>> (0x000000008abcef50) thrown at [./src/hotspot/share/prims/jni.cpp, line 1365]
Event: 2723.583 Thread 0x00000247de662800 Exception <a 'java/lang/NoSuchMethodError'{0x000000008aad1348}: <clinit>> (0x000000008aad1348) thrown at [./src/hotspot/share/prims/jni.cpp, line 1365]
Event: 2723.585 Thread 0x00000247df0ee000 Exception <a 'java/lang/NoSuchMethodError'{0x000000008aaddce0}: 'java.lang.Object java.lang.invoke.DirectMethodHandle$Holder.invokeInterface(java.lang.Object, java.lang.Object, int)'> (0x000000008aaddce0) thrown at [./src/hotspot/share/interpreter/linkResolver.cpp, line 773]
Event: 2723.589 Thread 0x00000247df0ee000 Exception <a 'java/lang/NoSuchMethodError'{0x000000008a924c98}: 'void java.lang.invoke.DirectMethodHandle$Holder.invokeStatic(java.lang.Object, java.lang.Object, java.lang.Object, int)'> (0x000000008a924c98) thrown at [./src/hotspot/share/interpreter/linkResolver.cpp, line 773]
Event: 2723.630 Thread 0x00000247df0ee000 Implicit null exception at 0x00000247c6c674f7 to 0x00000247c6c6768c
Event: 2723.645 Thread 0x00000247d83ac800 Implicit null exception at 0x00000247c6cf6ef5 to 0x00000247c6cf7768
Event: 2724.006 Thread 0x00000247df0ee000 Exception <a 'java/lang/NoSuchMethodError'{0x000000008b140d68}: <clinit>> (0x000000008b140d68) thrown at [./src/hotspot/share/prims/jni.cpp, line 1365]
Event: 2724.122 Thread 0x00000247de662800 Exception <a 'java/lang/NoSuchMethodError'{0x000000008b2e2408}: <clinit>> (0x000000008b2e2408) thrown at [./src/hotspot/share/prims/jni.cpp, line 1365]
Event: 2725.600 Thread 0x00000247e1665000 Exception <a 'java/lang/NoSuchMethodError'{0x000000008b43d7a8}: <clinit>> (0x000000008b43d7a8) thrown at [./src/hotspot/share/prims/jni.cpp, line 1365]
Event: 2725.612 Thread 0x00000247e1665000 Exception <a 'java/lang/NoSuchMethodError'{0x000000008b4afee0}: <clinit>> (0x000000008b4afee0) thrown at [./src/hotspot/share/prims/jni.cpp, line 1365]
Event: 2725.664 Thread 0x00000247df0f4000 Exception <a 'sun/nio/fs/WindowsException'{0x000000008b1fe3b8}> (0x000000008b1fe3b8) thrown at [./src/hotspot/share/prims/jni.cpp, line 615]

Events (20 events):
Event: 2726.782 loading class kotlin/reflect/jvm/internal/impl/builtins/jvm/JavaToKotlinClassMapper done
Event: 2726.783 loading class kotlin/reflect/jvm/internal/impl/builtins/jvm/JvmBuiltInsCustomizer$createMockJavaIoSerializableType$mockJavaIoPackageFragment$1
Event: 2726.783 loading class kotlin/reflect/jvm/internal/impl/builtins/jvm/JvmBuiltInsCustomizer$createMockJavaIoSerializableType$mockJavaIoPackageFragment$1 done
Event: 2726.784 loading class kotlin/reflect/jvm/internal/impl/descriptors/impl/PackageFragmentDescriptorImpl
Event: 2726.784 loading class kotlin/reflect/jvm/internal/impl/descriptors/impl/PackageFragmentDescriptorImpl done
Event: 2726.784 loading class kotlin/reflect/jvm/internal/impl/descriptors/PackageFragmentDescriptor
Event: 2726.784 loading class kotlin/reflect/jvm/internal/impl/descriptors/PackageFragmentDescriptor done
Event: 2726.784 loading class kotlin/reflect/jvm/internal/impl/descriptors/ClassOrPackageFragmentDescriptor
Event: 2726.784 loading class kotlin/reflect/jvm/internal/impl/descriptors/ClassOrPackageFragmentDescriptor done
Event: 2726.785 loading class kotlin/reflect/jvm/internal/impl/descriptors/impl/DeclarationDescriptorNonRootImpl
Event: 2726.785 loading class kotlin/reflect/jvm/internal/impl/descriptors/impl/DeclarationDescriptorNonRootImpl done
Event: 2726.785 loading class kotlin/reflect/jvm/internal/impl/descriptors/SourceElement
Event: 2726.785 loading class kotlin/reflect/jvm/internal/impl/descriptors/SourceElement done
Event: 2726.786 loading class kotlin/reflect/jvm/internal/impl/descriptors/SourceElement$1
Event: 2726.786 loading class kotlin/reflect/jvm/internal/impl/descriptors/SourceElement$1 done
Event: 2726.786 loading class kotlin/reflect/jvm/internal/impl/renderer/DescriptorRenderer
Event: 2726.786 loading class kotlin/reflect/jvm/internal/impl/renderer/DescriptorRenderer done
Event: 2726.787 loading class kotlin/reflect/jvm/internal/impl/renderer/DescriptorRenderer$Companion
Event: 2726.787 loading class kotlin/reflect/jvm/internal/impl/renderer/DescriptorRenderer$Companion done
Event: 2726.788 Executing VM operation: G1CollectForAllocation


Dynamic libraries:
0x00007ff792fa0000 - 0x00007ff792faa000 	C:\Program Files\Android\Android Studio\jre\bin\java.exe
0x00007ffe33600000 - 0x00007ffe33809000 	C:\WINDOWS\SYSTEM32\ntdll.dll
0x00007ffe32070000 - 0x00007ffe3212d000 	C:\WINDOWS\System32\KERNEL32.DLL
0x00007ffe30af0000 - 0x00007ffe30e69000 	C:\WINDOWS\System32\KERNELBASE.dll
0x00007ffe31310000 - 0x00007ffe31421000 	C:\WINDOWS\System32\ucrtbase.dll
0x00007ffe2bf60000 - 0x00007ffe2bf77000 	C:\Program Files\Android\Android Studio\jre\bin\VCRUNTIME140.dll
0x00007ffe2bf40000 - 0x00007ffe2bf59000 	C:\Program Files\Android\Android Studio\jre\bin\jli.dll
0x00007ffe33410000 - 0x00007ffe335bc000 	C:\WINDOWS\System32\USER32.dll
0x00007ffe30f90000 - 0x00007ffe30fb6000 	C:\WINDOWS\System32\win32u.dll
0x00007ffe12950000 - 0x00007ffe12bf5000 	C:\WINDOWS\WinSxS\amd64_microsoft.windows.common-controls_6595b64144ccf1df_6.0.22000.120_none_9d947278b86cc467\COMCTL32.dll
0x00007ffe32830000 - 0x00007ffe328d3000 	C:\WINDOWS\System32\msvcrt.dll
0x00007ffe333d0000 - 0x00007ffe333f9000 	C:\WINDOWS\System32\GDI32.dll
0x00007ffe30e70000 - 0x00007ffe30f82000 	C:\WINDOWS\System32\gdi32full.dll
0x00007ffe311b0000 - 0x00007ffe3124d000 	C:\WINDOWS\System32\msvcp_win.dll
0x00007ffe31e30000 - 0x00007ffe31e61000 	C:\WINDOWS\System32\IMM32.DLL
0x00007ffe18220000 - 0x00007ffe182bd000 	C:\Program Files\Android\Android Studio\jre\bin\msvcp140.dll
0x00007ffdaaa80000 - 0x00007ffdab565000 	C:\Program Files\Android\Android Studio\jre\bin\server\jvm.dll
0x00007ffe31fc0000 - 0x00007ffe3206e000 	C:\WINDOWS\System32\ADVAPI32.dll
0x00007ffe31ca0000 - 0x00007ffe31d3e000 	C:\WINDOWS\System32\sechost.dll
0x00007ffe32130000 - 0x00007ffe32250000 	C:\WINDOWS\System32\RPCRT4.dll
0x00007ffe31820000 - 0x00007ffe31828000 	C:\WINDOWS\System32\PSAPI.DLL
0x00007ffe2aa90000 - 0x00007ffe2aac3000 	C:\WINDOWS\SYSTEM32\WINMM.dll
0x00007ffe2f970000 - 0x00007ffe2f97a000 	C:\WINDOWS\SYSTEM32\VERSION.dll
0x00007ffe2b2f0000 - 0x00007ffe2b2f9000 	C:\WINDOWS\SYSTEM32\WSOCK32.dll
0x00007ffe32250000 - 0x00007ffe322bf000 	C:\WINDOWS\System32\WS2_32.dll
0x00007ffe2fce0000 - 0x00007ffe2fcf8000 	C:\WINDOWS\SYSTEM32\kernel.appcore.dll
0x00007ffe2ac20000 - 0x00007ffe2ac31000 	C:\Program Files\Android\Android Studio\jre\bin\verify.dll
0x00007ffe2dfa0000 - 0x00007ffe2e1c1000 	C:\WINDOWS\SYSTEM32\DBGHELP.DLL
0x00007ffe158c0000 - 0x00007ffe158f1000 	C:\WINDOWS\SYSTEM32\dbgcore.DLL
0x00007ffe31130000 - 0x00007ffe311af000 	C:\WINDOWS\System32\bcryptPrimitives.dll
0x00007ffe2abf0000 - 0x00007ffe2ac19000 	C:\Program Files\Android\Android Studio\jre\bin\java.dll
0x00007ffe2b2e0000 - 0x00007ffe2b2eb000 	C:\Program Files\Android\Android Studio\jre\bin\jimage.dll
0x00007ffe29350000 - 0x00007ffe29368000 	C:\Program Files\Android\Android Studio\jre\bin\zip.dll
0x00007ffe32940000 - 0x00007ffe330ef000 	C:\WINDOWS\System32\SHELL32.dll
0x00007ffe2eb30000 - 0x00007ffe2f398000 	C:\WINDOWS\SYSTEM32\windows.storage.dll
0x00007ffe314a0000 - 0x00007ffe31818000 	C:\WINDOWS\System32\combase.dll
0x00007ffe2e9c0000 - 0x00007ffe2eb26000 	C:\WINDOWS\SYSTEM32\wintypes.dll
0x00007ffe31ed0000 - 0x00007ffe31fba000 	C:\WINDOWS\System32\SHCORE.dll
0x00007ffe31bc0000 - 0x00007ffe31c1d000 	C:\WINDOWS\System32\shlwapi.dll
0x00007ffe30a20000 - 0x00007ffe30a41000 	C:\WINDOWS\SYSTEM32\profapi.dll
0x00007ffe191c0000 - 0x00007ffe191da000 	C:\Program Files\Android\Android Studio\jre\bin\net.dll
0x00007ffe2a240000 - 0x00007ffe2a34c000 	C:\WINDOWS\SYSTEM32\WINHTTP.dll
0x00007ffe30110000 - 0x00007ffe30177000 	C:\WINDOWS\system32\mswsock.dll
0x00007ffe191a0000 - 0x00007ffe191b4000 	C:\Program Files\Android\Android Studio\jre\bin\nio.dll
0x00007ffe192b0000 - 0x00007ffe192d7000 	C:\Users\HP\.gradle\native\e1d6ef7f7dcc3fd88c89a11ec53ec762bb8ba0a96d01ffa2cd45eb1d1d8dd5c5\windows-amd64\native-platform.dll
0x00007ffe0b7c0000 - 0x00007ffe0b904000 	C:\Users\HP\.gradle\native\5664cfc778a61ccfe75a443a1ab52a65af34e5dc3c78e0209fed803814484fcb\windows-amd64\native-platform-file-events.dll
0x00007ffe19190000 - 0x00007ffe1919a000 	C:\Program Files\Android\Android Studio\jre\bin\management.dll
0x00007ffe19180000 - 0x00007ffe1918d000 	C:\Program Files\Android\Android Studio\jre\bin\management_ext.dll
0x00007ffe30360000 - 0x00007ffe30378000 	C:\WINDOWS\SYSTEM32\CRYPTSP.dll
0x00007ffe2fc40000 - 0x00007ffe2fc75000 	C:\WINDOWS\system32\rsaenh.dll
0x00007ffe30200000 - 0x00007ffe30229000 	C:\WINDOWS\SYSTEM32\USERENV.dll
0x00007ffe304d0000 - 0x00007ffe304f7000 	C:\WINDOWS\SYSTEM32\bcrypt.dll
0x00007ffe30350000 - 0x00007ffe3035c000 	C:\WINDOWS\SYSTEM32\CRYPTBASE.dll
0x00007ffe2f650000 - 0x00007ffe2f67d000 	C:\WINDOWS\SYSTEM32\IPHLPAPI.DLL
0x00007ffe322c0000 - 0x00007ffe322c9000 	C:\WINDOWS\System32\NSI.dll
0x00007ffe2a470000 - 0x00007ffe2a489000 	C:\WINDOWS\SYSTEM32\dhcpcsvc6.DLL
0x00007ffe2a6c0000 - 0x00007ffe2a6de000 	C:\WINDOWS\SYSTEM32\dhcpcsvc.DLL
0x00007ffe2f680000 - 0x00007ffe2f768000 	C:\WINDOWS\SYSTEM32\DNSAPI.dll
0x00007ffdaa9a0000 - 0x00007ffdaa9c7000 	C:\Program Files\Android\Android Studio\jre\bin\sunec.dll
0x00007ffe1ad30000 - 0x00007ffe1ad3a000 	C:\Windows\System32\rasadhlp.dll
0x00007ffe27590000 - 0x00007ffe27611000 	C:\WINDOWS\System32\fwpuclnt.dll
0x00007ffe2e370000 - 0x00007ffe2e3a4000 	C:\WINDOWS\SYSTEM32\ntmarta.dll

dbghelp: loaded successfully - version: 4.0.5 - missing functions: none
symbol engine: initialized successfully - sym options: 0x614 - pdb path: .;C:\Program Files\Android\Android Studio\jre\bin;C:\WINDOWS\SYSTEM32;C:\WINDOWS\WinSxS\amd64_microsoft.windows.common-controls_6595b64144ccf1df_6.0.22000.120_none_9d947278b86cc467;C:\Program Files\Android\Android Studio\jre\bin\server;C:\Users\HP\.gradle\native\e1d6ef7f7dcc3fd88c89a11ec53ec762bb8ba0a96d01ffa2cd45eb1d1d8dd5c5\windows-amd64;C:\Users\HP\.gradle\native\5664cfc778a61ccfe75a443a1ab52a65af34e5dc3c78e0209fed803814484fcb\windows-amd64

VM Arguments:
jvm_args: --add-opens=java.base/java.util=ALL-UNNAMED --add-opens=java.base/java.lang=ALL-UNNAMED --add-opens=java.base/java.lang.invoke=ALL-UNNAMED --add-opens=java.base/java.util=ALL-UNNAMED --add-opens=java.prefs/java.util.prefs=ALL-UNNAMED --add-opens=java.prefs/java.util.prefs=ALL-UNNAMED --add-opens=java.base/java.nio.charset=ALL-UNNAMED --add-opens=java.base/java.net=ALL-UNNAMED --add-opens=java.base/java.util.concurrent.atomic=ALL-UNNAMED -Xmx2048m -Dfile.encoding=UTF-8 -Duser.country=US -Duser.language=en -Duser.variant 
java_command: org.gradle.launcher.daemon.bootstrap.GradleDaemon 7.3.3
java_class_path (initial): C:\Users\HP\.gradle\wrapper\dists\gradle-7.3.3-bin\6a41zxkdtcxs8rphpq6y0069z\gradle-7.3.3\lib\gradle-launcher-7.3.3.jar
Launcher Type: SUN_STANDARD

[Global flags]
     intx CICompilerCount                          = 4                                         {product} {ergonomic}
     uint ConcGCThreads                            = 2                                         {product} {ergonomic}
     uint G1ConcRefinementThreads                  = 8                                         {product} {ergonomic}
   size_t G1HeapRegionSize                         = 1048576                                   {product} {ergonomic}
    uintx GCDrainStackTargetSize                   = 64                                        {product} {ergonomic}
   size_t InitialHeapSize                          = 132120576                                 {product} {ergonomic}
   size_t MarkStackSize                            = 4194304                                   {product} {ergonomic}
   size_t MaxHeapSize                              = 2147483648                                {product} {command line}
   size_t MaxNewSize                               = 1287651328                                {product} {ergonomic}
   size_t MinHeapDeltaBytes                        = 1048576                                   {product} {ergonomic}
    uintx NonNMethodCodeHeapSize                   = 5836300                                {pd product} {ergonomic}
    uintx NonProfiledCodeHeapSize                  = 122910970                              {pd product} {ergonomic}
    uintx ProfiledCodeHeapSize                     = 122910970                              {pd product} {ergonomic}
    uintx ReservedCodeCacheSize                    = 251658240                              {pd product} {ergonomic}
     bool SegmentedCodeCache                       = true                                      {product} {ergonomic}
     bool UseCompressedClassPointers               = true                                 {lp64_product} {ergonomic}
     bool UseCompressedOops                        = true                                 {lp64_product} {ergonomic}
     bool UseG1GC                                  = true                                      {product} {ergonomic}
     bool UseLargePagesIndividualAllocation        = false                                  {pd product} {ergonomic}

Logging:
Log output configuration:
 #0: stdout all=warning uptime,level,tags
 #1: stderr all=off uptime,level,tags

Environment Variables:
PATH=C:\Program Files (x86)\Common Files\Oracle\Java\javapath;C:\WINDOWS\system32;C:\WINDOWS;C:\WINDOWS\System32\Wbem;C:\WINDOWS\System32\WindowsPowerShell\v1.0\;C:\WINDOWS\System32\OpenSSH\;C:\Program Files\nodejs\;C:\xampp\php;C:\Program Files\MySQL\MySQL Shell 8.0\bin\;C:\Users\HP\AppData\Local\Microsoft\WindowsApps;C:\FPT\MOB1014\Microsoft VS Code\bin;C:\ProgramData\HP\GitHubDesktop\bin;C:\Users\HP\AppData\Roaming\npm
USERNAME=HP
OS=Windows_NT
PROCESSOR_IDENTIFIER=Intel64 Family 6 Model 142 Stepping 12, GenuineIntel



---------------  S Y S T E M  ---------------

OS: Windows 10 , 64 bit Build 22000 (10.0.22000.675)
OS uptime: 0 days 4:50 hours

CPU:total 8 (initial active 8) (4 cores per cpu, 2 threads per core) family 6 model 142 stepping 12 microcode 0xec, cmov, cx8, fxsr, mmx, sse, sse2, sse3, ssse3, sse4.1, sse4.2, popcnt, avx, avx2, aes, clmul, erms, 3dnowpref, lzcnt, ht, tsc, tscinvbit, bmi1, bmi2, adx, fma

Memory: 4k page, system-wide physical 8029M (103M free)
TotalPageFile size 16029M (AvailPageFile size 38M)
current process WorkingSet (physical memory assigned to process): 389M, peak: 412M
current process commit charge ("private bytes"): 526M, peak: 570M

vm_info: OpenJDK 64-Bit Server VM (11.0.12+7-b1504.28-7817840) for windows-amd64 JRE (11.0.12+7-b1504.28-7817840), built on Oct 13 2021 22:12:33 by "builder" with MS VC++ 14.0 (VS2015)

END.
