#
# There is insufficient memory for the Java Runtime Environment to continue.
# Native memory allocation (mmap) failed to map 46137344 bytes for Failed to commit area from 0x000000008dc00000 to 0x0000000090800000 of length 46137344.
# Possible reasons:
#   The system is out of physical RAM or swap space
#   The process is running with CompressedOops enabled, and the Java Heap may be blocking the growth of the native heap
# Possible solutions:
#   Reduce memory load on the system
#   Increase physical memory or swap space
#   Check if swap backing store is full
#   Decrease Java heap size (-Xmx/-Xms)
#   Decrease number of Java threads
#   Decrease Java thread stack sizes (-Xss)
#   Set larger code cache with -XX:ReservedCodeCacheSize=
#   JVM is running with Unscaled Compressed Oops mode in which the Java heap is
#     placed in the first 4GB address space. The Java Heap base address is the
#     maximum limit for the native heap growth. Please use -XX:HeapBaseMinAddress
#     to set the Java Heap base and to place the Java Heap above 4GB virtual address.
# This output file may be truncated or incomplete.
#
#  Out of Memory Error (./src/hotspot/os/windows/os_windows.cpp:3521), pid=14048, tid=4144
#
# JRE version: OpenJDK Runtime Environment (11.0.12+7) (build 11.0.12+7-b1504.28-7817840)
# Java VM: OpenJDK 64-Bit Server VM (11.0.12+7-b1504.28-7817840, mixed mode, tiered, compressed oops, g1 gc, windows-amd64)
# No core dump will be written. Minidumps are not enabled by default on client versions of Windows
#

---------------  S U M M A R Y ------------

Command Line: --add-opens=java.base/java.util=ALL-UNNAMED --add-opens=java.base/java.lang=ALL-UNNAMED --add-opens=java.base/java.lang.invoke=ALL-UNNAMED --add-opens=java.base/java.util=ALL-UNNAMED --add-opens=java.prefs/java.util.prefs=ALL-UNNAMED --add-opens=java.prefs/java.util.prefs=ALL-UNNAMED --add-opens=java.base/java.nio.charset=ALL-UNNAMED --add-opens=java.base/java.net=ALL-UNNAMED --add-opens=java.base/java.util.concurrent.atomic=ALL-UNNAMED -Xmx2048m -Dfile.encoding=UTF-8 -Duser.country=US -Duser.language=en -Duser.variant org.gradle.launcher.daemon.bootstrap.GradleDaemon 7.3.3

Host: Intel(R) Core(TM) i5-10210U CPU @ 1.60GHz, 8 cores, 7G,  Windows 10 , 64 bit Build 22000 (10.0.22000.675)
Time: Mon May 23 14:09:46 2022 SE Asia Standard Time elapsed time: 15.910102 seconds (0d 0h 0m 15s)

---------------  T H R E A D  ---------------

Current thread (0x000002590fa40800):  VMThread "VM Thread" [stack: 0x0000006e3c000000,0x0000006e3c100000] [id=4144]

Stack: [0x0000006e3c000000,0x0000006e3c100000]
[error occurred during error reporting (printing stack bounds), id 0xc0000005, EXCEPTION_ACCESS_VIOLATION (0xc0000005) at pc=0x000002590000112d]

Native frames: (J=compiled Java code, j=interpreted, Vv=VM code, C=native code)
V  [jvm.dll+0x5fbcea]
V  [jvm.dll+0x731905]
V  [jvm.dll+0x732f1d]
V  [jvm.dll+0x733535]
V  [jvm.dll+0x7334eb]
V  [jvm.dll+0x5fb080]
V  [jvm.dll+0x5fb818]
C  [ntdll.dll+0xa8e4f]
C  [ntdll.dll+0x35e9a]
C  [ntdll.dll+0xa7e5e]
C  0x000002590000112d

VM_Operation (0x0000006e458fe2e0): G1CollectForAllocation, mode: safepoint, requested by thread 0x0000025915f8b800


---------------  P R O C E S S  ---------------

Threads class SMR info:
_java_thread_list=0x0000025918ef91e0, length=150, elements={
0x000002597558c800, 0x000002590fa43800, 0x000002590fa51000, 0x00000259103c4800,
0x00000259103c6000, 0x00000259103c7000, 0x00000259103cd800, 0x00000259103ce800,
0x00000259103d0000, 0x0000025910523800, 0x0000025913499000, 0x0000025913496800,
0x0000025913497800, 0x0000025913495000, 0x000002591349a000, 0x0000025913496000,
0x0000025913498800, 0x0000025913494000, 0x000002591349a800, 0x000002591175a000,
0x0000025911758800, 0x0000025911757800, 0x000002591175e000, 0x000002591175b000,
0x000002591175f000, 0x000002591175c000, 0x000002591175c800, 0x0000025911759800,
0x0000025911762800, 0x0000025911760000, 0x0000025911761800, 0x0000025911763000,
0x0000025911764800, 0x0000025911764000, 0x0000025911765800, 0x0000025911766800,
0x00000259119a4000, 0x00000259119a3000, 0x00000259119a7000, 0x00000259119aa800,
0x00000259119a5800, 0x00000259119a8000, 0x00000259119a9000, 0x00000259119a9800,
0x00000259119a6800, 0x00000259119a4800, 0x00000259119ab000, 0x00000259119ad000,
0x00000259119af800, 0x00000259119ae800, 0x00000259119b0000, 0x00000259119ad800,
0x00000259119b1000, 0x00000259119ac000, 0x00000259119b2000, 0x0000025911a1c800,
0x0000025911a1d800, 0x0000025911a1b800, 0x0000025911a17800, 0x0000025911a1e000,
0x0000025911a1b000, 0x0000025911a19800, 0x0000025911a18800, 0x0000025911a1f000,
0x0000025911a20000, 0x0000025911a1a000, 0x0000025911a21800, 0x0000025911a20800,
0x0000025911a24800, 0x0000025911a26800, 0x0000025911a23000, 0x0000025911a22000,
0x0000025911a24000, 0x0000025911a25800, 0x00000259143bb000, 0x00000259143b9000,
0x00000259143bc000, 0x00000259143ba800, 0x00000259143b8000, 0x00000259143b9800,
0x00000259143b6800, 0x00000259143bd000, 0x00000259143b7000, 0x00000259143c0000,
0x00000259143bd800, 0x00000259143c1000, 0x00000259143c3800, 0x00000259143c2000,
0x00000259143c2800, 0x00000259143c4000, 0x00000259143be800, 0x00000259143c5000,
0x00000259143bf800, 0x00000259143f2800, 0x00000259143f1000, 0x00000259143f3800,
0x00000259143f4000, 0x00000259143ee800, 0x00000259143f1800, 0x00000259143f0000,
0x00000259143ef000, 0x00000259143fa000, 0x00000259143fa800, 0x00000259143f5000,
0x00000259143f6800, 0x00000259143f8000, 0x00000259143f5800, 0x00000259143f9000,
0x00000259143fb800, 0x00000259143fd000, 0x00000259143fc000, 0x00000259143f7800,
0x0000025914420000, 0x0000025914424000, 0x000002591441e800, 0x0000025914421000,
0x000002591441f000, 0x0000025914423800, 0x0000025914422800, 0x0000025914426800,
0x0000025914427800, 0x0000025914425800, 0x0000025914425000, 0x0000025914421800,
0x000002591442c800, 0x0000025914428000, 0x000002591442a000, 0x0000025914429000,
0x000002591442a800, 0x000002591442b800, 0x000002591442d000, 0x0000025915f81000,
0x0000025915f80000, 0x0000025915f82800, 0x0000025915f84800, 0x0000025915f85000,
0x0000025915f83800, 0x0000025915f82000, 0x0000025915f7f800, 0x0000025915f8a000,
0x0000025915f86800, 0x0000025915f87800, 0x0000025915f8b800, 0x0000025915f86000,
0x0000025915f8b000, 0x0000025915f8c800, 0x0000025915f8e000, 0x0000025915f8d000,
0x0000025915f88800, 0x0000025915f89000
}

Java Threads: ( => current thread )
  0x000002597558c800 JavaThread "main" [_thread_blocked, id=11464, stack(0x0000006e3ba00000,0x0000006e3bb00000)]
  0x000002590fa43800 JavaThread "Reference Handler" daemon [_thread_blocked, id=9788, stack(0x0000006e3c100000,0x0000006e3c200000)]
  0x000002590fa51000 JavaThread "Finalizer" daemon [_thread_blocked, id=7100, stack(0x0000006e3c200000,0x0000006e3c300000)]
  0x00000259103c4800 JavaThread "Signal Dispatcher" daemon [_thread_blocked, id=5860, stack(0x0000006e3c300000,0x0000006e3c400000)]
  0x00000259103c6000 JavaThread "Attach Listener" daemon [_thread_blocked, id=1680, stack(0x0000006e3c400000,0x0000006e3c500000)]
  0x00000259103c7000 JavaThread "Service Thread" daemon [_thread_blocked, id=3564, stack(0x0000006e3c500000,0x0000006e3c600000)]
  0x00000259103cd800 JavaThread "C2 CompilerThread0" daemon [_thread_blocked, id=13940, stack(0x0000006e3c600000,0x0000006e3c700000)]
  0x00000259103ce800 JavaThread "C1 CompilerThread0" daemon [_thread_blocked, id=3824, stack(0x0000006e3c700000,0x0000006e3c800000)]
  0x00000259103d0000 JavaThread "Sweeper thread" daemon [_thread_blocked, id=11392, stack(0x0000006e3c800000,0x0000006e3c900000)]
  0x0000025910523800 JavaThread "Common-Cleaner" daemon [_thread_blocked, id=8324, stack(0x0000006e3c900000,0x0000006e3ca00000)]
  0x0000025913499000 JavaThread "Daemon health stats" [_thread_blocked, id=1220, stack(0x0000006e3cd00000,0x0000006e3ce00000)]
  0x0000025913496800 JavaThread "Incoming local TCP Connector on port 56746" [_thread_in_native, id=5132, stack(0x0000006e3ce00000,0x0000006e3cf00000)]
  0x0000025913497800 JavaThread "Daemon periodic checks" [_thread_blocked, id=16176, stack(0x0000006e3cf00000,0x0000006e3d000000)]
  0x0000025913495000 JavaThread "Daemon" [_thread_blocked, id=14068, stack(0x0000006e3d000000,0x0000006e3d100000)]
  0x000002591349a000 JavaThread "Handler for socket connection from /127.0.0.1:56746 to /127.0.0.1:56747" [_thread_in_native, id=6224, stack(0x0000006e3d100000,0x0000006e3d200000)]
  0x0000025913496000 JavaThread "Cancel handler" [_thread_blocked, id=9068, stack(0x0000006e3d200000,0x0000006e3d300000)]
  0x0000025913498800 JavaThread "Daemon worker" [_thread_blocked, id=12784, stack(0x0000006e3d300000,0x0000006e3d400000)]
  0x0000025913494000 JavaThread "Asynchronous log dispatcher for DefaultDaemonConnection: socket connection from /127.0.0.1:56746 to /127.0.0.1:56747" [_thread_blocked, id=9152, stack(0x0000006e3d400000,0x0000006e3d500000)]
  0x000002591349a800 JavaThread "Stdin handler" [_thread_blocked, id=10672, stack(0x0000006e3d500000,0x0000006e3d600000)]
  0x000002591175a000 JavaThread "Daemon client event forwarder" [_thread_blocked, id=16220, stack(0x0000006e3d600000,0x0000006e3d700000)]
  0x0000025911758800 JavaThread "Cache worker for journal cache (C:\Users\HP\.gradle\caches\journal-1)" [_thread_blocked, id=12796, stack(0x0000006e3dc00000,0x0000006e3dd00000)]
  0x0000025911757800 JavaThread "File lock request listener" [_thread_in_native, id=8408, stack(0x0000006e3dd00000,0x0000006e3de00000)]
  0x000002591175e000 JavaThread "Cache worker for file hash cache (C:\Users\HP\.gradle\caches\7.3.3\fileHashes)" [_thread_blocked, id=13432, stack(0x0000006e3de00000,0x0000006e3df00000)]
  0x000002591175b000 JavaThread "Cache worker for file hash cache (C:\FPT\MOB403 - AndroidNetworking\MOB403_PS18620_mientvt_Assignment\.gradle\7.3.3\fileHashes)" [_thread_blocked, id=4564, stack(0x0000006e3e000000,0x0000006e3e100000)]
  0x000002591175f000 JavaThread "File watcher server" daemon [_thread_blocked, id=292, stack(0x0000006e3e100000,0x0000006e3e200000)]
  0x000002591175c000 JavaThread "File watcher consumer" daemon [_thread_blocked, id=10604, stack(0x0000006e3e200000,0x0000006e3e300000)]
  0x000002591175c800 JavaThread "Cache worker for checksums cache (C:\FPT\MOB403 - AndroidNetworking\MOB403_PS18620_mientvt_Assignment\.gradle\7.3.3\checksums)" [_thread_blocked, id=13660, stack(0x0000006e3e300000,0x0000006e3e400000)]
  0x0000025911759800 JavaThread "Cache worker for cache directory md-supplier (C:\Users\HP\.gradle\caches\7.3.3\md-supplier)" [_thread_blocked, id=11172, stack(0x0000006e3e400000,0x0000006e3e500000)]
  0x0000025911762800 JavaThread "Cache worker for cache directory md-rule (C:\Users\HP\.gradle\caches\7.3.3\md-rule)" [_thread_blocked, id=10524, stack(0x0000006e3e500000,0x0000006e3e600000)]
  0x0000025911760000 JavaThread "Cache worker for execution history cache (C:\Users\HP\.gradle\caches\7.3.3\executionHistory)" [_thread_blocked, id=9204, stack(0x0000006e3e600000,0x0000006e3e700000)]
  0x0000025911761800 JavaThread "jar transforms" [_thread_blocked, id=11844, stack(0x0000006e3e700000,0x0000006e3e800000)]
  0x0000025911763000 JavaThread "Cache worker for file content cache (C:\Users\HP\.gradle\caches\7.3.3\fileContent)" [_thread_blocked, id=14044, stack(0x0000006e3e800000,0x0000006e3e900000)]
  0x0000025911764800 JavaThread "jar transforms Thread 2" [_thread_blocked, id=1636, stack(0x0000006e3e900000,0x0000006e3ea00000)]
  0x0000025911764000 JavaThread "Cache worker for dependencies-accessors (C:\FPT\MOB403 - AndroidNetworking\MOB403_PS18620_mientvt_Assignment\.gradle\7.3.3\dependencies-accessors)" [_thread_blocked, id=14284, stack(0x0000006e3ea00000,0x0000006e3eb00000)]
  0x0000025911765800 JavaThread "jar transforms Thread 3" [_thread_blocked, id=14164, stack(0x0000006e3eb00000,0x0000006e3ec00000)]
  0x0000025911766800 JavaThread "Cache worker for Build Output Cleanup Cache (C:\FPT\MOB403 - AndroidNetworking\MOB403_PS18620_mientvt_Assignment\.gradle\buildOutputCleanup)" [_thread_blocked, id=15348, stack(0x0000006e3ec00000,0x0000006e3ed00000)]
  0x00000259119a4000 JavaThread "Unconstrained build operations" [_thread_blocked, id=836, stack(0x0000006e3ed00000,0x0000006e3ee00000)]
  0x00000259119a3000 JavaThread "Unconstrained build operations Thread 2" [_thread_blocked, id=15396, stack(0x0000006e3ee00000,0x0000006e3ef00000)]
  0x00000259119a7000 JavaThread "Unconstrained build operations Thread 3" [_thread_blocked, id=15528, stack(0x0000006e3ef00000,0x0000006e3f000000)]
  0x00000259119aa800 JavaThread "Unconstrained build operations Thread 4" [_thread_blocked, id=16652, stack(0x0000006e3f000000,0x0000006e3f100000)]
  0x00000259119a5800 JavaThread "Unconstrained build operations Thread 5" [_thread_blocked, id=14936, stack(0x0000006e3f100000,0x0000006e3f200000)]
  0x00000259119a8000 JavaThread "Unconstrained build operations Thread 6" [_thread_blocked, id=14632, stack(0x0000006e3f200000,0x0000006e3f300000)]
  0x00000259119a9000 JavaThread "Unconstrained build operations Thread 7" [_thread_blocked, id=14444, stack(0x0000006e3f300000,0x0000006e3f400000)]
  0x00000259119a9800 JavaThread "Unconstrained build operations Thread 8" [_thread_blocked, id=13672, stack(0x0000006e3f400000,0x0000006e3f500000)]
  0x00000259119a6800 JavaThread "Unconstrained build operations Thread 9" [_thread_blocked, id=12928, stack(0x0000006e3f500000,0x0000006e3f600000)]
  0x00000259119a4800 JavaThread "Unconstrained build operations Thread 10" [_thread_blocked, id=16532, stack(0x0000006e3f600000,0x0000006e3f700000)]
  0x00000259119ab000 JavaThread "Unconstrained build operations Thread 11" [_thread_blocked, id=10008, stack(0x0000006e3f700000,0x0000006e3f800000)]
  0x00000259119ad000 JavaThread "Unconstrained build operations Thread 12" [_thread_blocked, id=16732, stack(0x0000006e3f800000,0x0000006e3f900000)]
  0x00000259119af800 JavaThread "Unconstrained build operations Thread 13" [_thread_blocked, id=2980, stack(0x0000006e3f900000,0x0000006e3fa00000)]
  0x00000259119ae800 JavaThread "Unconstrained build operations Thread 14" [_thread_blocked, id=12056, stack(0x0000006e3fa00000,0x0000006e3fb00000)]
  0x00000259119b0000 JavaThread "Unconstrained build operations Thread 15" [_thread_blocked, id=5156, stack(0x0000006e3fb00000,0x0000006e3fc00000)]
  0x00000259119ad800 JavaThread "Unconstrained build operations Thread 16" [_thread_blocked, id=10992, stack(0x0000006e3fc00000,0x0000006e3fd00000)]
  0x00000259119b1000 JavaThread "Unconstrained build operations Thread 17" [_thread_blocked, id=13928, stack(0x0000006e3fd00000,0x0000006e3fe00000)]
  0x00000259119ac000 JavaThread "Unconstrained build operations Thread 18" [_thread_blocked, id=12120, stack(0x0000006e3fe00000,0x0000006e3ff00000)]
  0x00000259119b2000 JavaThread "Unconstrained build operations Thread 19" [_thread_blocked, id=3092, stack(0x0000006e3ff00000,0x0000006e40000000)]
  0x0000025911a1c800 JavaThread "Unconstrained build operations Thread 20" [_thread_blocked, id=14664, stack(0x0000006e40000000,0x0000006e40100000)]
  0x0000025911a1d800 JavaThread "Unconstrained build operations Thread 21" [_thread_blocked, id=17156, stack(0x0000006e40100000,0x0000006e40200000)]
  0x0000025911a1b800 JavaThread "Unconstrained build operations Thread 22" [_thread_blocked, id=16540, stack(0x0000006e40200000,0x0000006e40300000)]
  0x0000025911a17800 JavaThread "Unconstrained build operations Thread 23" [_thread_blocked, id=15432, stack(0x0000006e40300000,0x0000006e40400000)]
  0x0000025911a1e000 JavaThread "Unconstrained build operations Thread 24" [_thread_blocked, id=6984, stack(0x0000006e40400000,0x0000006e40500000)]
  0x0000025911a1b000 JavaThread "Unconstrained build operations Thread 25" [_thread_blocked, id=14320, stack(0x0000006e40500000,0x0000006e40600000)]
  0x0000025911a19800 JavaThread "Unconstrained build operations Thread 26" [_thread_blocked, id=14744, stack(0x0000006e40600000,0x0000006e40700000)]
  0x0000025911a18800 JavaThread "Unconstrained build operations Thread 27" [_thread_blocked, id=2776, stack(0x0000006e40700000,0x0000006e40800000)]
  0x0000025911a1f000 JavaThread "Unconstrained build operations Thread 28" [_thread_blocked, id=8848, stack(0x0000006e40800000,0x0000006e40900000)]
  0x0000025911a20000 JavaThread "Unconstrained build operations Thread 29" [_thread_blocked, id=17052, stack(0x0000006e40900000,0x0000006e40a00000)]
  0x0000025911a1a000 JavaThread "Unconstrained build operations Thread 30" [_thread_blocked, id=3208, stack(0x0000006e40a00000,0x0000006e40b00000)]
  0x0000025911a21800 JavaThread "Unconstrained build operations Thread 31" [_thread_blocked, id=2940, stack(0x0000006e40b00000,0x0000006e40c00000)]
  0x0000025911a20800 JavaThread "Unconstrained build operations Thread 32" [_thread_blocked, id=12336, stack(0x0000006e40c00000,0x0000006e40d00000)]
  0x0000025911a24800 JavaThread "Unconstrained build operations Thread 33" [_thread_blocked, id=11312, stack(0x0000006e40d00000,0x0000006e40e00000)]
  0x0000025911a26800 JavaThread "Unconstrained build operations Thread 34" [_thread_blocked, id=1588, stack(0x0000006e40e00000,0x0000006e40f00000)]
  0x0000025911a23000 JavaThread "Unconstrained build operations Thread 35" [_thread_blocked, id=1776, stack(0x0000006e40f00000,0x0000006e41000000)]
  0x0000025911a22000 JavaThread "Unconstrained build operations Thread 36" [_thread_blocked, id=15372, stack(0x0000006e41000000,0x0000006e41100000)]
  0x0000025911a24000 JavaThread "Unconstrained build operations Thread 37" [_thread_blocked, id=11732, stack(0x0000006e41100000,0x0000006e41200000)]
  0x0000025911a25800 JavaThread "Unconstrained build operations Thread 38" [_thread_blocked, id=15192, stack(0x0000006e41200000,0x0000006e41300000)]
  0x00000259143bb000 JavaThread "Unconstrained build operations Thread 39" [_thread_blocked, id=12252, stack(0x0000006e41300000,0x0000006e41400000)]
  0x00000259143b9000 JavaThread "Unconstrained build operations Thread 40" [_thread_blocked, id=8992, stack(0x0000006e41400000,0x0000006e41500000)]
  0x00000259143bc000 JavaThread "Unconstrained build operations Thread 41" [_thread_blocked, id=8652, stack(0x0000006e41500000,0x0000006e41600000)]
  0x00000259143ba800 JavaThread "Unconstrained build operations Thread 42" [_thread_blocked, id=3668, stack(0x0000006e41600000,0x0000006e41700000)]
  0x00000259143b8000 JavaThread "Unconstrained build operations Thread 43" [_thread_blocked, id=12212, stack(0x0000006e41700000,0x0000006e41800000)]
  0x00000259143b9800 JavaThread "Unconstrained build operations Thread 44" [_thread_blocked, id=14368, stack(0x0000006e41800000,0x0000006e41900000)]
  0x00000259143b6800 JavaThread "Unconstrained build operations Thread 45" [_thread_blocked, id=15952, stack(0x0000006e41900000,0x0000006e41a00000)]
  0x00000259143bd000 JavaThread "Unconstrained build operations Thread 46" [_thread_blocked, id=15256, stack(0x0000006e41a00000,0x0000006e41b00000)]
  0x00000259143b7000 JavaThread "Unconstrained build operations Thread 47" [_thread_blocked, id=15584, stack(0x0000006e41b00000,0x0000006e41c00000)]
  0x00000259143c0000 JavaThread "Unconstrained build operations Thread 48" [_thread_blocked, id=10468, stack(0x0000006e41c00000,0x0000006e41d00000)]
  0x00000259143bd800 JavaThread "Unconstrained build operations Thread 49" [_thread_blocked, id=14780, stack(0x0000006e41d00000,0x0000006e41e00000)]
  0x00000259143c1000 JavaThread "Unconstrained build operations Thread 50" [_thread_blocked, id=6188, stack(0x0000006e41e00000,0x0000006e41f00000)]
  0x00000259143c3800 JavaThread "Unconstrained build operations Thread 51" [_thread_blocked, id=9076, stack(0x0000006e41f00000,0x0000006e42000000)]
  0x00000259143c2000 JavaThread "Unconstrained build operations Thread 52" [_thread_blocked, id=5980, stack(0x0000006e42000000,0x0000006e42100000)]
  0x00000259143c2800 JavaThread "Unconstrained build operations Thread 53" [_thread_blocked, id=5112, stack(0x0000006e42100000,0x0000006e42200000)]
  0x00000259143c4000 JavaThread "Unconstrained build operations Thread 54" [_thread_blocked, id=10268, stack(0x0000006e42200000,0x0000006e42300000)]
  0x00000259143be800 JavaThread "Unconstrained build operations Thread 55" [_thread_blocked, id=14584, stack(0x0000006e42300000,0x0000006e42400000)]
  0x00000259143c5000 JavaThread "Unconstrained build operations Thread 56" [_thread_blocked, id=8196, stack(0x0000006e42400000,0x0000006e42500000)]
  0x00000259143bf800 JavaThread "Unconstrained build operations Thread 57" [_thread_blocked, id=8676, stack(0x0000006e42500000,0x0000006e42600000)]
  0x00000259143f2800 JavaThread "Unconstrained build operations Thread 58" [_thread_blocked, id=15208, stack(0x0000006e42600000,0x0000006e42700000)]
  0x00000259143f1000 JavaThread "Unconstrained build operations Thread 59" [_thread_blocked, id=10444, stack(0x0000006e42700000,0x0000006e42800000)]
  0x00000259143f3800 JavaThread "Unconstrained build operations Thread 60" [_thread_blocked, id=8268, stack(0x0000006e42800000,0x0000006e42900000)]
  0x00000259143f4000 JavaThread "Unconstrained build operations Thread 61" [_thread_blocked, id=2052, stack(0x0000006e42900000,0x0000006e42a00000)]
  0x00000259143ee800 JavaThread "Unconstrained build operations Thread 62" [_thread_blocked, id=13168, stack(0x0000006e42a00000,0x0000006e42b00000)]
  0x00000259143f1800 JavaThread "Unconstrained build operations Thread 63" [_thread_blocked, id=9456, stack(0x0000006e42b00000,0x0000006e42c00000)]
  0x00000259143f0000 JavaThread "Unconstrained build operations Thread 64" [_thread_blocked, id=13096, stack(0x0000006e42c00000,0x0000006e42d00000)]
  0x00000259143ef000 JavaThread "Unconstrained build operations Thread 65" [_thread_blocked, id=1212, stack(0x0000006e42d00000,0x0000006e42e00000)]
  0x00000259143fa000 JavaThread "Unconstrained build operations Thread 66" [_thread_blocked, id=11504, stack(0x0000006e42e00000,0x0000006e42f00000)]
  0x00000259143fa800 JavaThread "Unconstrained build operations Thread 67" [_thread_blocked, id=17252, stack(0x0000006e42f00000,0x0000006e43000000)]
  0x00000259143f5000 JavaThread "Unconstrained build operations Thread 68" [_thread_blocked, id=15972, stack(0x0000006e43000000,0x0000006e43100000)]
  0x00000259143f6800 JavaThread "Unconstrained build operations Thread 69" [_thread_blocked, id=10256, stack(0x0000006e43100000,0x0000006e43200000)]
  0x00000259143f8000 JavaThread "Unconstrained build operations Thread 70" [_thread_blocked, id=13776, stack(0x0000006e43200000,0x0000006e43300000)]
  0x00000259143f5800 JavaThread "Unconstrained build operations Thread 71" [_thread_blocked, id=1860, stack(0x0000006e43300000,0x0000006e43400000)]
  0x00000259143f9000 JavaThread "Unconstrained build operations Thread 72" [_thread_blocked, id=16080, stack(0x0000006e43400000,0x0000006e43500000)]
  0x00000259143fb800 JavaThread "Unconstrained build operations Thread 73" [_thread_blocked, id=14948, stack(0x0000006e43500000,0x0000006e43600000)]
  0x00000259143fd000 JavaThread "Unconstrained build operations Thread 74" [_thread_blocked, id=8116, stack(0x0000006e43600000,0x0000006e43700000)]
  0x00000259143fc000 JavaThread "Unconstrained build operations Thread 75" [_thread_blocked, id=3556, stack(0x0000006e43700000,0x0000006e43800000)]
  0x00000259143f7800 JavaThread "Unconstrained build operations Thread 76" [_thread_blocked, id=5940, stack(0x0000006e43800000,0x0000006e43900000)]
  0x0000025914420000 JavaThread "Unconstrained build operations Thread 77" [_thread_blocked, id=16276, stack(0x0000006e43900000,0x0000006e43a00000)]
  0x0000025914424000 JavaThread "Unconstrained build operations Thread 78" [_thread_blocked, id=11080, stack(0x0000006e43a00000,0x0000006e43b00000)]
  0x000002591441e800 JavaThread "Unconstrained build operations Thread 79" [_thread_blocked, id=15596, stack(0x0000006e43b00000,0x0000006e43c00000)]
  0x0000025914421000 JavaThread "Unconstrained build operations Thread 80" [_thread_blocked, id=2356, stack(0x0000006e43c00000,0x0000006e43d00000)]
  0x000002591441f000 JavaThread "jar transforms Thread 4" [_thread_blocked, id=7056, stack(0x0000006e43d00000,0x0000006e43e00000)]
  0x0000025914423800 JavaThread "jar transforms Thread 5" [_thread_blocked, id=16644, stack(0x0000006e43e00000,0x0000006e43f00000)]
  0x0000025914422800 JavaThread "jar transforms Thread 6" [_thread_blocked, id=8920, stack(0x0000006e43f00000,0x0000006e44000000)]
  0x0000025914426800 JavaThread "jar transforms Thread 7" [_thread_blocked, id=10968, stack(0x0000006e44000000,0x0000006e44100000)]
  0x0000025914427800 JavaThread "jar transforms Thread 8" [_thread_blocked, id=12388, stack(0x0000006e44100000,0x0000006e44200000)]
  0x0000025914425800 JavaThread "Memory manager" [_thread_blocked, id=8872, stack(0x0000006e44200000,0x0000006e44300000)]
  0x0000025914425000 JavaThread "build event listener" [_thread_blocked, id=11208, stack(0x0000006e44300000,0x0000006e44400000)]
  0x0000025914421800 JavaThread "pool-3-thread-1" [_thread_blocked, id=4356, stack(0x0000006e44400000,0x0000006e44500000)]
  0x000002591442c800 JavaThread "build event listener" [_thread_blocked, id=15308, stack(0x0000006e44500000,0x0000006e44600000)]
  0x0000025914428000 JavaThread "Execution worker for ':'" [_thread_blocked, id=9312, stack(0x0000006e44600000,0x0000006e44700000)]
  0x000002591442a000 JavaThread "Execution worker for ':' Thread 2" [_thread_blocked, id=12392, stack(0x0000006e44700000,0x0000006e44800000)]
  0x0000025914429000 JavaThread "Execution worker for ':' Thread 3" [_thread_blocked, id=2760, stack(0x0000006e44800000,0x0000006e44900000)]
  0x000002591442a800 JavaThread "Execution worker for ':' Thread 4" [_thread_blocked, id=10660, stack(0x0000006e44900000,0x0000006e44a00000)]
  0x000002591442b800 JavaThread "Execution worker for ':' Thread 5" [_thread_blocked, id=12680, stack(0x0000006e44a00000,0x0000006e44b00000)]
  0x000002591442d000 JavaThread "Execution worker for ':' Thread 6" [_thread_blocked, id=3364, stack(0x0000006e44b00000,0x0000006e44c00000)]
  0x0000025915f81000 JavaThread "Execution worker for ':' Thread 7" [_thread_blocked, id=10704, stack(0x0000006e44c00000,0x0000006e44d00000)]
  0x0000025915f80000 JavaThread "Cache worker for execution history cache (C:\FPT\MOB403 - AndroidNetworking\MOB403_PS18620_mientvt_Assignment\.gradle\7.3.3\executionHistory)" [_thread_blocked, id=2652, stack(0x0000006e44d00000,0x0000006e44e00000)]
  0x0000025915f82800 JavaThread "WorkerExecutor Queue" [_thread_blocked, id=15636, stack(0x0000006e44e00000,0x0000006e44f00000)]
  0x0000025915f84800 JavaThread "WorkerExecutor Queue Thread 2" [_thread_blocked, id=16956, stack(0x0000006e44f00000,0x0000006e45000000)]
  0x0000025915f85000 JavaThread "WorkerExecutor Queue Thread 3" [_thread_blocked, id=10344, stack(0x0000006e45000000,0x0000006e45100000)]
  0x0000025915f83800 JavaThread "WorkerExecutor Queue Thread 4" [_thread_blocked, id=3724, stack(0x0000006e45100000,0x0000006e45200000)]
  0x0000025915f82000 JavaThread "WorkerExecutor Queue Thread 5" [_thread_blocked, id=10880, stack(0x0000006e45200000,0x0000006e45300000)]
  0x0000025915f7f800 JavaThread "WorkerExecutor Queue Thread 6" [_thread_blocked, id=17036, stack(0x0000006e45300000,0x0000006e45400000)]
  0x0000025915f8a000 JavaThread "WorkerExecutor Queue Thread 7" [_thread_blocked, id=11296, stack(0x0000006e45400000,0x0000006e45500000)]
  0x0000025915f86800 JavaThread "WorkerExecutor Queue Thread 8" [_thread_blocked, id=14508, stack(0x0000006e45500000,0x0000006e45600000)]
  0x0000025915f87800 JavaThread "WorkerExecutor Queue Thread 9" [_thread_blocked, id=2664, stack(0x0000006e45600000,0x0000006e45700000)]
  0x0000025915f8b800 JavaThread "ForkJoinPool-1-worker-3" daemon [_thread_blocked, id=2484, stack(0x0000006e45800000,0x0000006e45900000)]
  0x0000025915f86000 JavaThread "ForkJoinPool-1-worker-5" daemon [_thread_blocked, id=5368, stack(0x0000006e45900000,0x0000006e45a00000)]
  0x0000025915f8b000 JavaThread "ForkJoinPool-1-worker-7" daemon [_thread_blocked, id=13652, stack(0x0000006e45a00000,0x0000006e45b00000)]
  0x0000025915f8c800 JavaThread "ForkJoinPool-1-worker-9" daemon [_thread_blocked, id=5072, stack(0x0000006e45b00000,0x0000006e45c00000)]
  0x0000025915f8e000 JavaThread "ForkJoinPool-1-worker-11" daemon [_thread_blocked, id=17000, stack(0x0000006e45c00000,0x0000006e45d00000)]
  0x0000025915f8d000 JavaThread "ForkJoinPool-1-worker-13" daemon [_thread_blocked, id=13780, stack(0x0000006e45d00000,0x0000006e45e00000)]
  0x0000025915f88800 JavaThread "ForkJoinPool-1-worker-15" daemon [_thread_blocked, id=17120, stack(0x0000006e45e00000,0x0000006e45f00000)]
  0x0000025915f89000 JavaThread "ForkJoinPool-1-worker-1" daemon [_thread_blocked, id=15332, stack(0x0000006e45f00000,0x0000006e46000000)]

Other Threads:
=>0x000002590fa40800 VMThread "VM Thread" [stack: 0x0000006e3c000000,0x0000006e3c100000] [id=4144]
  0x000002591056c000 WatcherThread [stack: 0x0000006e3ca00000,0x0000006e3cb00000] [id=7112]
  0x00000259755a7000 GCTaskThread "GC Thread#0" [stack: 0x0000006e3bb00000,0x0000006e3bc00000] [id=9304]
  0x00000259110b1800 GCTaskThread "GC Thread#1" [stack: 0x0000006e3cb00000,0x0000006e3cc00000] [id=15808]
  0x000002591079f800 GCTaskThread "GC Thread#2" [stack: 0x0000006e3cc00000,0x0000006e3cd00000] [id=16292]
  0x000002591145a000 GCTaskThread "GC Thread#3" [stack: 0x0000006e3d700000,0x0000006e3d800000] [id=13296]
  0x0000025913bf7800 GCTaskThread "GC Thread#4" [stack: 0x0000006e3d800000,0x0000006e3d900000] [id=9980]
  0x0000025913ae9000 GCTaskThread "GC Thread#5" [stack: 0x0000006e3d900000,0x0000006e3da00000] [id=13428]
  0x0000025913970000 GCTaskThread "GC Thread#6" [stack: 0x0000006e3da00000,0x0000006e3db00000] [id=13456]
  0x000002591134e000 GCTaskThread "GC Thread#7" [stack: 0x0000006e3db00000,0x0000006e3dc00000] [id=16128]
  0x00000259755d8800 ConcurrentGCThread "G1 Main Marker" [stack: 0x0000006e3bc00000,0x0000006e3bd00000] [id=10552]
  0x00000259755da000 ConcurrentGCThread "G1 Conc#0" [stack: 0x0000006e3bd00000,0x0000006e3be00000] [id=13840]
  0x0000025911756800 ConcurrentGCThread "G1 Conc#1" [stack: 0x0000006e3df00000,0x0000006e3e000000] [id=11292]
  0x000002590f890800 ConcurrentGCThread "G1 Refine#0" [stack: 0x0000006e3be00000,0x0000006e3bf00000] [id=5800]
  0x0000025918d69800 ConcurrentGCThread "G1 Refine#1" [stack: 0x0000006e45700000,0x0000006e45800000] [id=15700]
  0x000002590f891800 ConcurrentGCThread "G1 Young RemSet Sampling" [stack: 0x0000006e3bf00000,0x0000006e3c000000] [id=5600]

Threads with active compile tasks:
C2 CompilerThread0  15937 11522       4       com.android.tools.r8.internal.oz::b (75 bytes)
C1 CompilerThread0  15937 11494       3       com.android.tools.r8.internal.xa::a (4216 bytes)

VM state:at safepoint (normal execution)

VM Mutex/Monitor currently owned by a thread:  ([mutex/lock_event])
[0x0000025975588690] Threads_lock - owner thread: 0x000002590fa40800
[0x0000025975589bf0] Heap_lock - owner thread: 0x0000025915f8b800

Heap address: 0x0000000080000000, size: 2048 MB, Compressed Oops mode: 32-bit
Narrow klass base: 0x0000000000000000, Narrow klass shift: 3
Compressed class space size: 1073741824 Address: 0x0000000100000000

Heap:
 garbage-first heap   total 270336K, used 135640K [0x0000000080000000, 0x0000000100000000)
  region size 1024K, 6 young (6144K), 6 survivors (6144K)
 Metaspace       used 99190K, capacity 102394K, committed 102604K, reserved 1136640K
  class space    used 13254K, capacity 14576K, committed 14592K, reserved 1048576K
Heap Regions: E=young(eden), S=young(survivor), O=old, HS=humongous(starts), HC=humongous(continues), CS=collection set, F=free, A=archive, TAMS=top-at-mark-start (previous, next)
|   0|0x0000000080000000, 0x0000000080100000, 0x0000000080100000|100%| O|  |TAMS 0x0000000080100000, 0x0000000080100000| Untracked 
|   1|0x0000000080100000, 0x0000000080200000, 0x0000000080200000|100%| O|  |TAMS 0x0000000080200000, 0x0000000080200000| Untracked 
|   2|0x0000000080200000, 0x0000000080300000, 0x0000000080300000|100%| O|  |TAMS 0x0000000080300000, 0x0000000080300000| Untracked 
|   3|0x0000000080300000, 0x0000000080400000, 0x0000000080400000|100%|HS|  |TAMS 0x0000000080400000, 0x0000000080400000| Complete 
|   4|0x0000000080400000, 0x0000000080500000, 0x0000000080500000|100%|HC|  |TAMS 0x0000000080500000, 0x0000000080500000| Complete 
|   5|0x0000000080500000, 0x0000000080600000, 0x0000000080600000|100%|HC|  |TAMS 0x0000000080600000, 0x0000000080600000| Complete 
|   6|0x0000000080600000, 0x0000000080700000, 0x0000000080700000|100%| O|  |TAMS 0x0000000080700000, 0x0000000080700000| Untracked 
|   7|0x0000000080700000, 0x0000000080800000, 0x0000000080800000|100%| O|  |TAMS 0x0000000080800000, 0x0000000080800000| Untracked 
|   8|0x0000000080800000, 0x0000000080900000, 0x0000000080900000|100%| O|  |TAMS 0x0000000080900000, 0x0000000080900000| Untracked 
|   9|0x0000000080900000, 0x0000000080a00000, 0x0000000080a00000|100%| O|  |TAMS 0x0000000080a00000, 0x0000000080a00000| Untracked 
|  10|0x0000000080a00000, 0x0000000080b00000, 0x0000000080b00000|100%| O|  |TAMS 0x0000000080b00000, 0x0000000080b00000| Untracked 
|  11|0x0000000080b00000, 0x0000000080c00000, 0x0000000080c00000|100%| O|  |TAMS 0x0000000080c00000, 0x0000000080c00000| Untracked 
|  12|0x0000000080c00000, 0x0000000080d00000, 0x0000000080d00000|100%| O|  |TAMS 0x0000000080d00000, 0x0000000080d00000| Untracked 
|  13|0x0000000080d00000, 0x0000000080e00000, 0x0000000080e00000|100%| O|  |TAMS 0x0000000080e00000, 0x0000000080e00000| Untracked 
|  14|0x0000000080e00000, 0x0000000080f00000, 0x0000000080f00000|100%| O|  |TAMS 0x0000000080f00000, 0x0000000080f00000| Untracked 
|  15|0x0000000080f00000, 0x0000000081000000, 0x0000000081000000|100%| O|  |TAMS 0x0000000081000000, 0x0000000081000000| Untracked 
|  16|0x0000000081000000, 0x0000000081100000, 0x0000000081100000|100%|HS|  |TAMS 0x0000000081100000, 0x0000000081100000| Complete 
|  17|0x0000000081100000, 0x0000000081200000, 0x0000000081200000|100%| O|  |TAMS 0x0000000081200000, 0x0000000081200000| Untracked 
|  18|0x0000000081200000, 0x0000000081300000, 0x0000000081300000|100%| O|  |TAMS 0x0000000081300000, 0x0000000081300000| Untracked 
|  19|0x0000000081300000, 0x0000000081400000, 0x0000000081400000|100%| O|  |TAMS 0x0000000081400000, 0x0000000081400000| Untracked 
|  20|0x0000000081400000, 0x0000000081500000, 0x0000000081500000|100%| O|  |TAMS 0x0000000081500000, 0x0000000081500000| Untracked 
|  21|0x0000000081500000, 0x0000000081600000, 0x0000000081600000|100%| O|  |TAMS 0x0000000081600000, 0x0000000081600000| Untracked 
|  22|0x0000000081600000, 0x0000000081700000, 0x0000000081700000|100%| O|  |TAMS 0x0000000081700000, 0x0000000081700000| Untracked 
|  23|0x0000000081700000, 0x0000000081800000, 0x0000000081800000|100%| O|  |TAMS 0x0000000081800000, 0x0000000081800000| Untracked 
|  24|0x0000000081800000, 0x0000000081900000, 0x0000000081900000|100%| O|  |TAMS 0x0000000081900000, 0x0000000081900000| Untracked 
|  25|0x0000000081900000, 0x0000000081a00000, 0x0000000081a00000|100%| O|  |TAMS 0x0000000081a00000, 0x0000000081a00000| Untracked 
|  26|0x0000000081a00000, 0x0000000081b00000, 0x0000000081b00000|100%| O|  |TAMS 0x0000000081b00000, 0x0000000081b00000| Untracked 
|  27|0x0000000081b00000, 0x0000000081c00000, 0x0000000081c00000|100%|HS|  |TAMS 0x0000000081c00000, 0x0000000081c00000| Complete 
|  28|0x0000000081c00000, 0x0000000081d00000, 0x0000000081d00000|100%|HS|  |TAMS 0x0000000081d00000, 0x0000000081d00000| Complete 
|  29|0x0000000081d00000, 0x0000000081e00000, 0x0000000081e00000|100%|HC|  |TAMS 0x0000000081e00000, 0x0000000081e00000| Complete 
|  30|0x0000000081e00000, 0x0000000081f00000, 0x0000000081f00000|100%| O|  |TAMS 0x0000000081f00000, 0x0000000081f00000| Untracked 
|  31|0x0000000081f00000, 0x0000000082000000, 0x0000000082000000|100%| O|  |TAMS 0x0000000082000000, 0x0000000082000000| Untracked 
|  32|0x0000000082000000, 0x0000000082100000, 0x0000000082100000|100%| O|  |TAMS 0x0000000082100000, 0x0000000082100000| Untracked 
|  33|0x0000000082100000, 0x0000000082200000, 0x0000000082200000|100%| O|  |TAMS 0x0000000082200000, 0x0000000082200000| Untracked 
|  34|0x0000000082200000, 0x0000000082300000, 0x0000000082300000|100%| O|  |TAMS 0x0000000082300000, 0x0000000082300000| Untracked 
|  35|0x0000000082300000, 0x0000000082400000, 0x0000000082400000|100%| O|  |TAMS 0x0000000082400000, 0x0000000082400000| Untracked 
|  36|0x0000000082400000, 0x0000000082500000, 0x0000000082500000|100%| O|  |TAMS 0x0000000082500000, 0x0000000082500000| Untracked 
|  37|0x0000000082500000, 0x0000000082600000, 0x0000000082600000|100%| O|  |TAMS 0x0000000082600000, 0x0000000082600000| Untracked 
|  38|0x0000000082600000, 0x0000000082700000, 0x0000000082700000|100%| O|  |TAMS 0x0000000082700000, 0x0000000082700000| Untracked 
|  39|0x0000000082700000, 0x0000000082800000, 0x0000000082800000|100%| O|  |TAMS 0x0000000082800000, 0x0000000082800000| Untracked 
|  40|0x0000000082800000, 0x0000000082900000, 0x0000000082900000|100%| O|  |TAMS 0x0000000082900000, 0x0000000082900000| Untracked 
|  41|0x0000000082900000, 0x0000000082a00000, 0x0000000082a00000|100%| O|  |TAMS 0x0000000082a00000, 0x0000000082a00000| Untracked 
|  42|0x0000000082a00000, 0x0000000082b00000, 0x0000000082b00000|100%| O|  |TAMS 0x0000000082b00000, 0x0000000082b00000| Untracked 
|  43|0x0000000082b00000, 0x0000000082c00000, 0x0000000082c00000|100%| O|  |TAMS 0x0000000082c00000, 0x0000000082c00000| Untracked 
|  44|0x0000000082c00000, 0x0000000082d00000, 0x0000000082d00000|100%| O|  |TAMS 0x0000000082d00000, 0x0000000082d00000| Untracked 
|  45|0x0000000082d00000, 0x0000000082e00000, 0x0000000082e00000|100%| O|  |TAMS 0x0000000082e00000, 0x0000000082e00000| Untracked 
|  46|0x0000000082e00000, 0x0000000082f00000, 0x0000000082f00000|100%| O|  |TAMS 0x0000000082f00000, 0x0000000082f00000| Untracked 
|  47|0x0000000082f00000, 0x0000000083000000, 0x0000000083000000|100%| O|  |TAMS 0x0000000083000000, 0x0000000083000000| Untracked 
|  48|0x0000000083000000, 0x0000000083100000, 0x0000000083100000|100%| O|  |TAMS 0x0000000083100000, 0x0000000083100000| Untracked 
|  49|0x0000000083100000, 0x0000000083200000, 0x0000000083200000|100%| O|  |TAMS 0x0000000083200000, 0x0000000083200000| Untracked 
|  50|0x0000000083200000, 0x0000000083300000, 0x0000000083300000|100%| O|  |TAMS 0x0000000083300000, 0x0000000083300000| Untracked 
|  51|0x0000000083300000, 0x0000000083400000, 0x0000000083400000|100%| O|  |TAMS 0x0000000083400000, 0x0000000083400000| Untracked 
|  52|0x0000000083400000, 0x0000000083500000, 0x0000000083500000|100%| O|  |TAMS 0x0000000083500000, 0x0000000083500000| Untracked 
|  53|0x0000000083500000, 0x0000000083600000, 0x0000000083600000|100%| O|  |TAMS 0x0000000083600000, 0x0000000083600000| Untracked 
|  54|0x0000000083600000, 0x0000000083700000, 0x0000000083700000|100%| O|  |TAMS 0x0000000083700000, 0x0000000083700000| Untracked 
|  55|0x0000000083700000, 0x0000000083800000, 0x0000000083800000|100%| O|  |TAMS 0x0000000083800000, 0x0000000083800000| Untracked 
|  56|0x0000000083800000, 0x0000000083900000, 0x0000000083900000|100%| O|  |TAMS 0x0000000083900000, 0x0000000083900000| Untracked 
|  57|0x0000000083900000, 0x0000000083a00000, 0x0000000083a00000|100%| O|  |TAMS 0x0000000083a00000, 0x0000000083a00000| Untracked 
|  58|0x0000000083a00000, 0x0000000083b00000, 0x0000000083b00000|100%| O|  |TAMS 0x0000000083b00000, 0x0000000083b00000| Untracked 
|  59|0x0000000083b00000, 0x0000000083c00000, 0x0000000083c00000|100%| O|  |TAMS 0x0000000083c00000, 0x0000000083c00000| Untracked 
|  60|0x0000000083c00000, 0x0000000083d00000, 0x0000000083d00000|100%| O|  |TAMS 0x0000000083d00000, 0x0000000083d00000| Untracked 
|  61|0x0000000083d00000, 0x0000000083e00000, 0x0000000083e00000|100%| O|  |TAMS 0x0000000083e00000, 0x0000000083e00000| Untracked 
|  62|0x0000000083e00000, 0x0000000083f00000, 0x0000000083f00000|100%| O|  |TAMS 0x0000000083f00000, 0x0000000083f00000| Untracked 
|  63|0x0000000083f00000, 0x0000000084000000, 0x0000000084000000|100%| O|  |TAMS 0x0000000084000000, 0x0000000084000000| Untracked 
|  64|0x0000000084000000, 0x0000000084100000, 0x0000000084100000|100%| O|  |TAMS 0x0000000084100000, 0x0000000084100000| Untracked 
|  65|0x0000000084100000, 0x0000000084200000, 0x0000000084200000|100%| O|  |TAMS 0x0000000084200000, 0x0000000084200000| Untracked 
|  66|0x0000000084200000, 0x0000000084300000, 0x0000000084300000|100%| O|  |TAMS 0x0000000084300000, 0x0000000084300000| Untracked 
|  67|0x0000000084300000, 0x0000000084400000, 0x0000000084400000|100%| O|  |TAMS 0x0000000084400000, 0x0000000084400000| Untracked 
|  68|0x0000000084400000, 0x0000000084500000, 0x0000000084500000|100%| O|  |TAMS 0x0000000084500000, 0x0000000084500000| Untracked 
|  69|0x0000000084500000, 0x0000000084600000, 0x0000000084600000|100%| O|  |TAMS 0x0000000084600000, 0x0000000084600000| Untracked 
|  70|0x0000000084600000, 0x0000000084700000, 0x0000000084700000|100%|HS|  |TAMS 0x0000000084700000, 0x0000000084700000| Complete 
|  71|0x0000000084700000, 0x0000000084800000, 0x0000000084800000|100%|HC|  |TAMS 0x0000000084800000, 0x0000000084800000| Complete 
|  72|0x0000000084800000, 0x0000000084900000, 0x0000000084900000|100%|HS|  |TAMS 0x0000000084900000, 0x0000000084900000| Complete 
|  73|0x0000000084900000, 0x0000000084a00000, 0x0000000084a00000|100%|HS|  |TAMS 0x0000000084a00000, 0x0000000084a00000| Complete 
|  74|0x0000000084a00000, 0x0000000084b00000, 0x0000000084b00000|100%|HS|  |TAMS 0x0000000084b00000, 0x0000000084b00000| Complete 
|  75|0x0000000084b00000, 0x0000000084c00000, 0x0000000084c00000|100%| O|  |TAMS 0x0000000084c00000, 0x0000000084c00000| Untracked 
|  76|0x0000000084c00000, 0x0000000084d00000, 0x0000000084d00000|100%|HS|  |TAMS 0x0000000084d00000, 0x0000000084d00000| Complete 
|  77|0x0000000084d00000, 0x0000000084e00000, 0x0000000084e00000|100%|HS|  |TAMS 0x0000000084e00000, 0x0000000084e00000| Complete 
|  78|0x0000000084e00000, 0x0000000084f00000, 0x0000000084f00000|100%| O|  |TAMS 0x0000000084f00000, 0x0000000084f00000| Untracked 
|  79|0x0000000084f00000, 0x0000000085000000, 0x0000000085000000|100%|HS|  |TAMS 0x0000000085000000, 0x0000000085000000| Complete 
|  80|0x0000000085000000, 0x0000000085100000, 0x0000000085100000|100%| O|  |TAMS 0x0000000085100000, 0x0000000085100000| Untracked 
|  81|0x0000000085100000, 0x0000000085200000, 0x0000000085200000|100%|HS|  |TAMS 0x0000000085200000, 0x0000000085200000| Complete 
|  82|0x0000000085200000, 0x0000000085300000, 0x0000000085300000|100%|HC|  |TAMS 0x0000000085300000, 0x0000000085300000| Complete 
|  83|0x0000000085300000, 0x0000000085400000, 0x0000000085400000|100%| O|  |TAMS 0x0000000085400000, 0x0000000085400000| Untracked 
|  84|0x0000000085400000, 0x0000000085500000, 0x0000000085500000|100%|HS|  |TAMS 0x0000000085500000, 0x0000000085500000| Complete 
|  85|0x0000000085500000, 0x0000000085600000, 0x0000000085600000|100%| O|  |TAMS 0x0000000085600000, 0x0000000085600000| Untracked 
|  86|0x0000000085600000, 0x0000000085700000, 0x0000000085700000|100%|HS|  |TAMS 0x0000000085700000, 0x0000000085700000| Complete 
|  87|0x0000000085700000, 0x0000000085800000, 0x0000000085800000|100%| O|  |TAMS 0x0000000085800000, 0x0000000085800000| Untracked 
|  88|0x0000000085800000, 0x0000000085900000, 0x0000000085900000|100%| O|  |TAMS 0x0000000085900000, 0x0000000085900000| Untracked 
|  89|0x0000000085900000, 0x0000000085a00000, 0x0000000085a00000|100%| O|  |TAMS 0x0000000085a00000, 0x0000000085a00000| Untracked 
|  90|0x0000000085a00000, 0x0000000085b00000, 0x0000000085b00000|100%| O|  |TAMS 0x0000000085b00000, 0x0000000085b00000| Untracked 
|  91|0x0000000085b00000, 0x0000000085c00000, 0x0000000085c00000|100%| O|  |TAMS 0x0000000085c00000, 0x0000000085c00000| Untracked 
|  92|0x0000000085c00000, 0x0000000085d00000, 0x0000000085d00000|100%| O|  |TAMS 0x0000000085d00000, 0x0000000085d00000| Untracked 
|  93|0x0000000085d00000, 0x0000000085e00000, 0x0000000085e00000|100%| O|  |TAMS 0x0000000085e00000, 0x0000000085e00000| Untracked 
|  94|0x0000000085e00000, 0x0000000085f00000, 0x0000000085f00000|100%| O|  |TAMS 0x0000000085f00000, 0x0000000085f00000| Untracked 
|  95|0x0000000085f00000, 0x0000000086000000, 0x0000000086000000|100%| O|  |TAMS 0x0000000086000000, 0x0000000086000000| Untracked 
|  96|0x0000000086000000, 0x0000000086100000, 0x0000000086100000|100%| O|  |TAMS 0x0000000086100000, 0x0000000086100000| Untracked 
|  97|0x0000000086100000, 0x0000000086200000, 0x0000000086200000|100%| O|  |TAMS 0x0000000086200000, 0x0000000086200000| Untracked 
|  98|0x0000000086200000, 0x0000000086300000, 0x0000000086300000|100%| O|  |TAMS 0x0000000086300000, 0x0000000086300000| Untracked 
|  99|0x0000000086300000, 0x0000000086400000, 0x0000000086400000|100%| O|  |TAMS 0x0000000086400000, 0x0000000086400000| Untracked 
| 100|0x0000000086400000, 0x0000000086500000, 0x0000000086500000|100%| O|  |TAMS 0x0000000086500000, 0x0000000086500000| Untracked 
| 101|0x0000000086500000, 0x0000000086600000, 0x0000000086600000|100%| O|  |TAMS 0x0000000086600000, 0x0000000086600000| Untracked 
| 102|0x0000000086600000, 0x0000000086700000, 0x0000000086700000|100%| O|  |TAMS 0x0000000086700000, 0x0000000086700000| Untracked 
| 103|0x0000000086700000, 0x0000000086800000, 0x0000000086800000|100%| O|  |TAMS 0x0000000086800000, 0x0000000086800000| Untracked 
| 104|0x0000000086800000, 0x0000000086900000, 0x0000000086900000|100%| O|  |TAMS 0x0000000086900000, 0x0000000086900000| Untracked 
| 105|0x0000000086900000, 0x0000000086a00000, 0x0000000086a00000|100%| O|  |TAMS 0x0000000086a00000, 0x0000000086a00000| Untracked 
| 106|0x0000000086a00000, 0x0000000086b00000, 0x0000000086b00000|100%| O|  |TAMS 0x0000000086b00000, 0x0000000086b00000| Untracked 
| 107|0x0000000086b00000, 0x0000000086c00000, 0x0000000086c00000|100%| O|  |TAMS 0x0000000086c00000, 0x0000000086c00000| Untracked 
| 108|0x0000000086c00000, 0x0000000086d00000, 0x0000000086d00000|100%| O|  |TAMS 0x0000000086d00000, 0x0000000086d00000| Untracked 
| 109|0x0000000086d00000, 0x0000000086e00000, 0x0000000086e00000|100%| O|  |TAMS 0x0000000086e00000, 0x0000000086e00000| Untracked 
| 110|0x0000000086e00000, 0x0000000086f00000, 0x0000000086f00000|100%| O|  |TAMS 0x0000000086f00000, 0x0000000086f00000| Untracked 
| 111|0x0000000086f00000, 0x0000000087000000, 0x0000000087000000|100%| O|  |TAMS 0x0000000087000000, 0x0000000087000000| Untracked 
| 112|0x0000000087000000, 0x0000000087100000, 0x0000000087100000|100%|HS|  |TAMS 0x0000000087000000, 0x0000000087100000| Complete 
| 113|0x0000000087100000, 0x0000000087200000, 0x0000000087200000|100%| O|  |TAMS 0x0000000087100000, 0x0000000087200000| Untracked 
| 114|0x0000000087200000, 0x0000000087300000, 0x0000000087300000|100%| O|  |TAMS 0x0000000087200000, 0x0000000087300000| Untracked 
| 115|0x0000000087300000, 0x0000000087400000, 0x0000000087400000|100%| O|  |TAMS 0x0000000087300000, 0x0000000087400000| Untracked 
| 116|0x0000000087400000, 0x0000000087500000, 0x0000000087500000|100%| O|  |TAMS 0x0000000087400000, 0x0000000087500000| Untracked 
| 117|0x0000000087500000, 0x0000000087600000, 0x0000000087600000|100%| O|  |TAMS 0x0000000087500000, 0x0000000087600000| Untracked 
| 118|0x0000000087600000, 0x0000000087700000, 0x0000000087700000|100%| O|  |TAMS 0x0000000087600000, 0x0000000087700000| Untracked 
| 119|0x0000000087700000, 0x0000000087800000, 0x0000000087800000|100%| O|  |TAMS 0x0000000087700000, 0x0000000087800000| Untracked 
| 120|0x0000000087800000, 0x0000000087900000, 0x0000000087900000|100%| O|  |TAMS 0x0000000087800000, 0x0000000087900000| Untracked 
| 121|0x0000000087900000, 0x0000000087a00000, 0x0000000087a00000|100%| O|  |TAMS 0x0000000087900000, 0x0000000087a00000| Untracked 
| 122|0x0000000087a00000, 0x0000000087b00000, 0x0000000087b00000|100%| O|  |TAMS 0x0000000087a00000, 0x0000000087b00000| Untracked 
| 123|0x0000000087b00000, 0x0000000087c00000, 0x0000000087c00000|100%| O|  |TAMS 0x0000000087b00000, 0x0000000087c00000| Untracked 
| 124|0x0000000087c00000, 0x0000000087d00000, 0x0000000087d00000|100%| O|  |TAMS 0x0000000087c00000, 0x0000000087d00000| Untracked 
| 125|0x0000000087d00000, 0x0000000087e00000, 0x0000000087e00000|100%| O|  |TAMS 0x0000000087d00000, 0x0000000087e00000| Untracked 
| 126|0x0000000087e00000, 0x0000000087e76000, 0x0000000087f00000| 46%| O|  |TAMS 0x0000000087e00000, 0x0000000087e76000| Untracked 
| 127|0x0000000087f00000, 0x0000000087f00000, 0x0000000088000000|  0%| F|  |TAMS 0x0000000087f00000, 0x0000000087f00000| Untracked 
| 128|0x0000000088000000, 0x0000000088000000, 0x0000000088100000|  0%| F|  |TAMS 0x0000000088000000, 0x0000000088000000| Untracked 
| 129|0x0000000088100000, 0x0000000088100000, 0x0000000088200000|  0%| F|  |TAMS 0x0000000088100000, 0x0000000088100000| Untracked 
| 130|0x0000000088200000, 0x0000000088200000, 0x0000000088300000|  0%| F|  |TAMS 0x0000000088200000, 0x0000000088200000| Untracked 
| 131|0x0000000088300000, 0x0000000088300000, 0x0000000088400000|  0%| F|  |TAMS 0x0000000088300000, 0x0000000088300000| Untracked 
| 132|0x0000000088400000, 0x0000000088400000, 0x0000000088500000|  0%| F|  |TAMS 0x0000000088400000, 0x0000000088400000| Untracked 
| 133|0x0000000088500000, 0x0000000088500000, 0x0000000088600000|  0%| F|  |TAMS 0x0000000088500000, 0x0000000088500000| Untracked 
| 134|0x0000000088600000, 0x0000000088600000, 0x0000000088700000|  0%| F|  |TAMS 0x0000000088600000, 0x0000000088600000| Untracked 
| 135|0x0000000088700000, 0x0000000088700000, 0x0000000088800000|  0%| F|  |TAMS 0x0000000088700000, 0x0000000088700000| Untracked 
| 136|0x0000000088800000, 0x0000000088800000, 0x0000000088900000|  0%| F|  |TAMS 0x0000000088800000, 0x0000000088800000| Untracked 
| 137|0x0000000088900000, 0x0000000088900000, 0x0000000088a00000|  0%| F|  |TAMS 0x0000000088900000, 0x0000000088900000| Untracked 
| 138|0x0000000088a00000, 0x0000000088a00000, 0x0000000088b00000|  0%| F|  |TAMS 0x0000000088a00000, 0x0000000088a00000| Untracked 
| 139|0x0000000088b00000, 0x0000000088b00000, 0x0000000088c00000|  0%| F|  |TAMS 0x0000000088b00000, 0x0000000088b00000| Untracked 
| 140|0x0000000088c00000, 0x0000000088c00000, 0x0000000088d00000|  0%| F|  |TAMS 0x0000000088c00000, 0x0000000088c00000| Untracked 
| 141|0x0000000088d00000, 0x0000000088d00000, 0x0000000088e00000|  0%| F|  |TAMS 0x0000000088d00000, 0x0000000088d00000| Untracked 
| 142|0x0000000088e00000, 0x0000000088e00000, 0x0000000088f00000|  0%| F|  |TAMS 0x0000000088e00000, 0x0000000088e00000| Untracked 
| 143|0x0000000088f00000, 0x0000000088f00000, 0x0000000089000000|  0%| F|  |TAMS 0x0000000088f00000, 0x0000000088f00000| Untracked 
| 144|0x0000000089000000, 0x0000000089000000, 0x0000000089100000|  0%| F|  |TAMS 0x0000000089000000, 0x0000000089000000| Untracked 
| 145|0x0000000089100000, 0x0000000089100000, 0x0000000089200000|  0%| F|  |TAMS 0x0000000089100000, 0x0000000089100000| Untracked 
| 146|0x0000000089200000, 0x0000000089200000, 0x0000000089300000|  0%| F|  |TAMS 0x0000000089200000, 0x0000000089200000| Untracked 
| 147|0x0000000089300000, 0x0000000089300000, 0x0000000089400000|  0%| F|  |TAMS 0x0000000089300000, 0x0000000089300000| Untracked 
| 148|0x0000000089400000, 0x0000000089400000, 0x0000000089500000|  0%| F|  |TAMS 0x0000000089400000, 0x0000000089400000| Untracked 
| 149|0x0000000089500000, 0x0000000089500000, 0x0000000089600000|  0%| F|  |TAMS 0x0000000089500000, 0x0000000089500000| Untracked 
| 150|0x0000000089600000, 0x0000000089600000, 0x0000000089700000|  0%| F|  |TAMS 0x0000000089600000, 0x0000000089600000| Untracked 
| 151|0x0000000089700000, 0x0000000089700000, 0x0000000089800000|  0%| F|  |TAMS 0x0000000089700000, 0x0000000089700000| Untracked 
| 152|0x0000000089800000, 0x0000000089800000, 0x0000000089900000|  0%| F|  |TAMS 0x0000000089800000, 0x0000000089800000| Untracked 
| 153|0x0000000089900000, 0x0000000089900000, 0x0000000089a00000|  0%| F|  |TAMS 0x0000000089900000, 0x0000000089900000| Untracked 
| 154|0x0000000089a00000, 0x0000000089a00000, 0x0000000089b00000|  0%| F|  |TAMS 0x0000000089a00000, 0x0000000089a00000| Untracked 
| 155|0x0000000089b00000, 0x0000000089b00000, 0x0000000089c00000|  0%| F|  |TAMS 0x0000000089b00000, 0x0000000089b00000| Untracked 
| 156|0x0000000089c00000, 0x0000000089c00000, 0x0000000089d00000|  0%| F|  |TAMS 0x0000000089c00000, 0x0000000089c00000| Untracked 
| 157|0x0000000089d00000, 0x0000000089d00000, 0x0000000089e00000|  0%| F|  |TAMS 0x0000000089d00000, 0x0000000089d00000| Untracked 
| 158|0x0000000089e00000, 0x0000000089e00000, 0x0000000089f00000|  0%| F|  |TAMS 0x0000000089e00000, 0x0000000089e00000| Untracked 
| 159|0x0000000089f00000, 0x0000000089f00000, 0x000000008a000000|  0%| F|  |TAMS 0x0000000089f00000, 0x0000000089f00000| Untracked 
| 160|0x000000008a000000, 0x000000008a000000, 0x000000008a100000|  0%| F|  |TAMS 0x000000008a000000, 0x000000008a000000| Untracked 
| 161|0x000000008a100000, 0x000000008a100000, 0x000000008a200000|  0%| F|  |TAMS 0x000000008a100000, 0x000000008a100000| Untracked 
| 162|0x000000008a200000, 0x000000008a200000, 0x000000008a300000|  0%| F|  |TAMS 0x000000008a200000, 0x000000008a200000| Untracked 
| 163|0x000000008a300000, 0x000000008a300000, 0x000000008a400000|  0%| F|  |TAMS 0x000000008a300000, 0x000000008a300000| Untracked 
| 164|0x000000008a400000, 0x000000008a400000, 0x000000008a500000|  0%| F|  |TAMS 0x000000008a400000, 0x000000008a400000| Untracked 
| 165|0x000000008a500000, 0x000000008a500000, 0x000000008a600000|  0%| F|  |TAMS 0x000000008a500000, 0x000000008a500000| Untracked 
| 166|0x000000008a600000, 0x000000008a600000, 0x000000008a700000|  0%| F|  |TAMS 0x000000008a600000, 0x000000008a600000| Untracked 
| 167|0x000000008a700000, 0x000000008a700000, 0x000000008a800000|  0%| F|  |TAMS 0x000000008a700000, 0x000000008a700000| Untracked 
| 168|0x000000008a800000, 0x000000008a800000, 0x000000008a900000|  0%| F|  |TAMS 0x000000008a800000, 0x000000008a800000| Untracked 
| 169|0x000000008a900000, 0x000000008aa00000, 0x000000008aa00000|100%| S|CS|TAMS 0x000000008a900000, 0x000000008a900000| Complete 
| 170|0x000000008aa00000, 0x000000008ab00000, 0x000000008ab00000|100%| S|CS|TAMS 0x000000008aa00000, 0x000000008aa00000| Complete 
| 171|0x000000008ab00000, 0x000000008ac00000, 0x000000008ac00000|100%| S|CS|TAMS 0x000000008ab00000, 0x000000008ab00000| Complete 
| 172|0x000000008ac00000, 0x000000008ad00000, 0x000000008ad00000|100%| S|CS|TAMS 0x000000008ac00000, 0x000000008ac00000| Complete 
| 173|0x000000008ad00000, 0x000000008ad00000, 0x000000008ae00000|  0%| F|  |TAMS 0x000000008ad00000, 0x000000008ad00000| Untracked 
| 174|0x000000008ae00000, 0x000000008ae00000, 0x000000008af00000|  0%| F|  |TAMS 0x000000008ae00000, 0x000000008ae00000| Untracked 
| 175|0x000000008af00000, 0x000000008af00000, 0x000000008b000000|  0%| F|  |TAMS 0x000000008af00000, 0x000000008af00000| Untracked 
| 176|0x000000008b000000, 0x000000008b000000, 0x000000008b100000|  0%| F|  |TAMS 0x000000008b000000, 0x000000008b000000| Untracked 
| 177|0x000000008b100000, 0x000000008b100000, 0x000000008b200000|  0%| F|  |TAMS 0x000000008b100000, 0x000000008b100000| Untracked 
| 178|0x000000008b200000, 0x000000008b200000, 0x000000008b300000|  0%| F|  |TAMS 0x000000008b200000, 0x000000008b200000| Untracked 
| 179|0x000000008b300000, 0x000000008b400000, 0x000000008b400000|100%| S|CS|TAMS 0x000000008b300000, 0x000000008b300000| Complete 
| 180|0x000000008b400000, 0x000000008b500000, 0x000000008b500000|100%| S|CS|TAMS 0x000000008b400000, 0x000000008b400000| Complete 
| 181|0x000000008b500000, 0x000000008b500000, 0x000000008b600000|  0%| F|  |TAMS 0x000000008b500000, 0x000000008b500000| Untracked 
| 182|0x000000008b600000, 0x000000008b600000, 0x000000008b700000|  0%| F|  |TAMS 0x000000008b600000, 0x000000008b600000| Untracked 
| 183|0x000000008b700000, 0x000000008b700000, 0x000000008b800000|  0%| F|  |TAMS 0x000000008b700000, 0x000000008b700000| Untracked 
| 184|0x000000008b800000, 0x000000008b800000, 0x000000008b900000|  0%| F|  |TAMS 0x000000008b800000, 0x000000008b800000| Untracked 
| 185|0x000000008b900000, 0x000000008b900000, 0x000000008ba00000|  0%| F|  |TAMS 0x000000008b900000, 0x000000008b900000| Untracked 
| 186|0x000000008ba00000, 0x000000008ba00000, 0x000000008bb00000|  0%| F|  |TAMS 0x000000008ba00000, 0x000000008ba00000| Untracked 
| 187|0x000000008bb00000, 0x000000008bb00000, 0x000000008bc00000|  0%| F|  |TAMS 0x000000008bb00000, 0x000000008bb00000| Untracked 
| 188|0x000000008bc00000, 0x000000008bc00000, 0x000000008bd00000|  0%| F|  |TAMS 0x000000008bc00000, 0x000000008bc00000| Untracked 
| 189|0x000000008bd00000, 0x000000008bd00000, 0x000000008be00000|  0%| F|  |TAMS 0x000000008bd00000, 0x000000008bd00000| Untracked 
| 190|0x000000008be00000, 0x000000008be00000, 0x000000008bf00000|  0%| F|  |TAMS 0x000000008be00000, 0x000000008be00000| Untracked 
| 191|0x000000008bf00000, 0x000000008bf00000, 0x000000008c000000|  0%| F|  |TAMS 0x000000008bf00000, 0x000000008bf00000| Untracked 
| 192|0x000000008c000000, 0x000000008c000000, 0x000000008c100000|  0%| F|  |TAMS 0x000000008c000000, 0x000000008c000000| Untracked 
| 193|0x000000008c100000, 0x000000008c100000, 0x000000008c200000|  0%| F|  |TAMS 0x000000008c100000, 0x000000008c100000| Untracked 
| 194|0x000000008c200000, 0x000000008c200000, 0x000000008c300000|  0%| F|  |TAMS 0x000000008c200000, 0x000000008c200000| Untracked 
| 195|0x000000008c300000, 0x000000008c300000, 0x000000008c400000|  0%| F|  |TAMS 0x000000008c300000, 0x000000008c300000| Untracked 
| 196|0x000000008c400000, 0x000000008c400000, 0x000000008c500000|  0%| F|  |TAMS 0x000000008c400000, 0x000000008c400000| Untracked 
| 197|0x000000008c500000, 0x000000008c500000, 0x000000008c600000|  0%| F|  |TAMS 0x000000008c500000, 0x000000008c500000| Untracked 
| 198|0x000000008c600000, 0x000000008c600000, 0x000000008c700000|  0%| F|  |TAMS 0x000000008c600000, 0x000000008c600000| Untracked 
| 199|0x000000008c700000, 0x000000008c700000, 0x000000008c800000|  0%| F|  |TAMS 0x000000008c700000, 0x000000008c700000| Untracked 
| 200|0x000000008c800000, 0x000000008c800000, 0x000000008c900000|  0%| F|  |TAMS 0x000000008c800000, 0x000000008c800000| Untracked 
| 201|0x000000008c900000, 0x000000008c900000, 0x000000008ca00000|  0%| F|  |TAMS 0x000000008c900000, 0x000000008c900000| Untracked 
| 202|0x000000008ca00000, 0x000000008ca00000, 0x000000008cb00000|  0%| F|  |TAMS 0x000000008ca00000, 0x000000008ca00000| Untracked 
| 203|0x000000008cb00000, 0x000000008cb00000, 0x000000008cc00000|  0%| F|  |TAMS 0x000000008cb00000, 0x000000008cb00000| Untracked 
| 204|0x000000008cc00000, 0x000000008cc00000, 0x000000008cd00000|  0%| F|  |TAMS 0x000000008cc00000, 0x000000008cc00000| Untracked 
| 205|0x000000008cd00000, 0x000000008cd00000, 0x000000008ce00000|  0%| F|  |TAMS 0x000000008cd00000, 0x000000008cd00000| Untracked 
| 206|0x000000008ce00000, 0x000000008ce00000, 0x000000008cf00000|  0%| F|  |TAMS 0x000000008ce00000, 0x000000008ce00000| Untracked 
| 207|0x000000008cf00000, 0x000000008cf00000, 0x000000008d000000|  0%| F|  |TAMS 0x000000008cf00000, 0x000000008cf00000| Untracked 
| 208|0x000000008d000000, 0x000000008d000000, 0x000000008d100000|  0%| F|  |TAMS 0x000000008d000000, 0x000000008d000000| Untracked 
| 209|0x000000008d100000, 0x000000008d100000, 0x000000008d200000|  0%| F|  |TAMS 0x000000008d100000, 0x000000008d100000| Untracked 
| 210|0x000000008d200000, 0x000000008d200000, 0x000000008d300000|  0%| F|  |TAMS 0x000000008d200000, 0x000000008d200000| Untracked 
| 211|0x000000008d300000, 0x000000008d300000, 0x000000008d400000|  0%| F|  |TAMS 0x000000008d300000, 0x000000008d300000| Untracked 
| 212|0x000000008d400000, 0x000000008d400000, 0x000000008d500000|  0%| F|  |TAMS 0x000000008d400000, 0x000000008d400000| Untracked 
| 213|0x000000008d500000, 0x000000008d500000, 0x000000008d600000|  0%| F|  |TAMS 0x000000008d500000, 0x000000008d500000| Untracked 
| 214|0x000000008d600000, 0x000000008d600000, 0x000000008d700000|  0%| F|  |TAMS 0x000000008d600000, 0x000000008d600000| Untracked 
| 215|0x000000008d700000, 0x000000008d700000, 0x000000008d800000|  0%| F|  |TAMS 0x000000008d700000, 0x000000008d700000| Untracked 
| 216|0x000000008d800000, 0x000000008d800000, 0x000000008d900000|  0%| F|  |TAMS 0x000000008d800000, 0x000000008d800000| Untracked 
| 217|0x000000008d900000, 0x000000008d900000, 0x000000008da00000|  0%| F|  |TAMS 0x000000008d900000, 0x000000008d900000| Untracked 
| 218|0x000000008da00000, 0x000000008da00000, 0x000000008db00000|  0%| F|  |TAMS 0x000000008da00000, 0x000000008da00000| Untracked 
| 219|0x000000008db00000, 0x000000008db00000, 0x000000008dc00000|  0%| F|  |TAMS 0x000000008db00000, 0x000000008db00000| Untracked 

Card table byte_map: [0x00000259797e0000,0x0000025979be0000] _byte_map_base: 0x00000259793e0000

Marking Bits (Prev, Next): (CMBitMap*) 0x00000259755cfb10, (CMBitMap*) 0x00000259755cfad8
 Prev Bits: [0x000002597bfe0000, 0x000002597dfe0000)
 Next Bits: [0x0000025979fe0000, 0x000002597bfe0000)

Polling page: 0x00000259735a0000

Metaspace:

Usage:
  Non-class:     85.76 MB capacity,    83.92 MB ( 98%) used,     1.47 MB (  2%) free+waste,   375.31 KB ( <1%) overhead. 
      Class:     14.23 MB capacity,    12.94 MB ( 91%) used,     1.11 MB (  8%) free+waste,   184.50 KB (  1%) overhead. 
       Both:     99.99 MB capacity,    96.87 MB ( 97%) used,     2.58 MB (  3%) free+waste,   559.81 KB ( <1%) overhead. 

Virtual space:
  Non-class space:       86.00 MB reserved,      85.95 MB (>99%) committed 
      Class space:        1.00 GB reserved,      14.25 MB (  1%) committed 
             Both:        1.08 GB reserved,     100.20 MB (  9%) committed 

Chunk freelists:
   Non-Class:  2.00 KB
       Class:  0 bytes
        Both:  2.00 KB

MaxMetaspaceSize: 17179869184.00 GB
CompressedClassSpaceSize: 1.00 GB
Initial GC threshold: 20.80 MB
Current GC threshold: 162.83 MB
CDS: off

CodeHeap 'non-profiled nmethods': size=120000Kb used=3844Kb max_used=3844Kb free=116155Kb
 bounds [0x0000025907ad0000, 0x0000025907ea0000, 0x000002590f000000]
CodeHeap 'profiled nmethods': size=120000Kb used=19499Kb max_used=19499Kb free=100500Kb
 bounds [0x00000259005a0000, 0x00000259018b0000, 0x0000025907ad0000]
CodeHeap 'non-nmethods': size=5760Kb used=2397Kb max_used=2433Kb free=3362Kb
 bounds [0x0000025900000000, 0x0000025900270000, 0x00000259005a0000]
 total_blobs=11790 nmethods=10875 adapters=827
 compilation: enabled
              stopped_count=0, restarted_count=0
 full_count=0

Compilation events (20 events):
Event: 15.747 Thread 0x00000259103ce800 nmethod 11370 0x0000025901875310 code [0x00000259018754c0, 0x0000025901875628]
Event: 15.747 Thread 0x00000259103ce800 11360       2       com.android.tools.r8.internal.eI$$Lambda$2180/0x0000000100e07440::compare (16 bytes)
Event: 15.748 Thread 0x00000259103ce800 nmethod 11360 0x0000025901875710 code [0x00000259018758e0, 0x0000025901875aa8]
Event: 15.748 Thread 0x00000259103ce800 11361       2       com.android.tools.r8.internal.eI::a (9 bytes)
Event: 15.748 Thread 0x00000259103ce800 nmethod 11361 0x0000025901875b90 code [0x0000025901875d40, 0x0000025901875e48]
Event: 15.748 Thread 0x00000259103ce800 11446       3       com.android.tools.r8.code.y1::a (4129 bytes)
Event: 15.750 Thread 0x00000259103cd800 nmethod 10209 0x0000025907e8cc10 code [0x0000025907e8ce00, 0x0000025907e8d9c8]
Event: 15.751 Thread 0x00000259103cd800 11051       4       com.android.tools.r8.graph.c1::a (49 bytes)
Event: 15.759 Thread 0x00000259103cd800 nmethod 11051 0x0000025907e8e110 code [0x0000025907e8e2a0, 0x0000025907e8e4b8]
Event: 15.759 Thread 0x00000259103cd800 11451       4       com.android.tools.r8.internal.xa::a (148 bytes)
Event: 15.787 Thread 0x00000259103cd800 nmethod 11451 0x0000025907e8e690 code [0x0000025907e8e860, 0x0000025907e8f158]
Event: 15.787 Thread 0x00000259103cd800 11130       4       com.android.tools.r8.graph.c1::a (89 bytes)
Event: 15.808 Thread 0x00000259103ce800 nmethod 11446 0x0000025901875f10 code [0x0000025901878b40, 0x0000025901896618]
Event: 15.808 Thread 0x00000259103ce800 11474 %     3       com.android.tools.r8.dex.j::e @ 90 (664 bytes)
Event: 15.808 Thread 0x00000259103cd800 nmethod 11130 0x0000025907e8f510 code [0x0000025907e8f6e0, 0x0000025907e8fcd8]
Event: 15.808 Thread 0x00000259103cd800 11250       4       sun.security.provider.SHA::implCompress0 (482 bytes)
Event: 15.820 Thread 0x00000259103ce800 nmethod 11474% 0x00000259018a1590 code [0x00000259018a1f20, 0x00000259018a8358]
Event: 15.820 Thread 0x00000259103ce800 11494       3       com.android.tools.r8.internal.xa::a (4216 bytes)
Event: 15.869 Thread 0x00000259103cd800 nmethod 11250 0x0000025907e90110 code [0x0000025907e902c0, 0x0000025907e91098]
Event: 15.869 Thread 0x00000259103cd800 11522       4       com.android.tools.r8.internal.oz::b (75 bytes)

GC Heap History (20 events):
Event: 8.993 GC heap after
{Heap after GC invocations=13 (full 0):
 garbage-first heap   total 155648K, used 49842K [0x0000000080000000, 0x0000000100000000)
  region size 1024K, 6 young (6144K), 6 survivors (6144K)
 Metaspace       used 64015K, capacity 65584K, committed 65792K, reserved 1105920K
  class space    used 8103K, capacity 8679K, committed 8704K, reserved 1048576K
}
Event: 9.623 GC heap before
{Heap before GC invocations=13 (full 0):
 garbage-first heap   total 155648K, used 115378K [0x0000000080000000, 0x0000000100000000)
  region size 1024K, 70 young (71680K), 6 survivors (6144K)
 Metaspace       used 66722K, capacity 68397K, committed 68608K, reserved 1107968K
  class space    used 8471K, capacity 9096K, committed 9216K, reserved 1048576K
}
Event: 9.631 GC heap after
{Heap after GC invocations=14 (full 0):
 garbage-first heap   total 187392K, used 54506K [0x0000000080000000, 0x0000000100000000)
  region size 1024K, 5 young (5120K), 5 survivors (5120K)
 Metaspace       used 66722K, capacity 68397K, committed 68608K, reserved 1107968K
  class space    used 8471K, capacity 9096K, committed 9216K, reserved 1048576K
}
Event: 10.905 GC heap before
{Heap before GC invocations=14 (full 0):
 garbage-first heap   total 187392K, used 128234K [0x0000000080000000, 0x0000000100000000)
  region size 1024K, 78 young (79872K), 5 survivors (5120K)
 Metaspace       used 74350K, capacity 76062K, committed 76160K, reserved 1116160K
  class space    used 9686K, capacity 10368K, committed 10368K, reserved 1048576K
}
Event: 10.923 GC heap after
{Heap after GC invocations=15 (full 0):
 garbage-first heap   total 187392K, used 58757K [0x0000000080000000, 0x0000000100000000)
  region size 1024K, 9 young (9216K), 9 survivors (9216K)
 Metaspace       used 74350K, capacity 76062K, committed 76160K, reserved 1116160K
  class space    used 9686K, capacity 10368K, committed 10368K, reserved 1048576K
}
Event: 12.113 GC heap before
{Heap before GC invocations=16 (full 0):
 garbage-first heap   total 187392K, used 134533K [0x0000000080000000, 0x0000000100000000)
  region size 1024K, 84 young (86016K), 9 survivors (9216K)
 Metaspace       used 82663K, capacity 84608K, committed 84684K, reserved 1122304K
  class space    used 10754K, capacity 11473K, committed 11520K, reserved 1048576K
}
Event: 12.145 GC heap after
{Heap after GC invocations=17 (full 0):
 garbage-first heap   total 187392K, used 65509K [0x0000000080000000, 0x0000000100000000)
  region size 1024K, 11 young (11264K), 11 survivors (11264K)
 Metaspace       used 82663K, capacity 84608K, committed 84684K, reserved 1122304K
  class space    used 10754K, capacity 11473K, committed 11520K, reserved 1048576K
}
Event: 13.055 GC heap before
{Heap before GC invocations=18 (full 0):
 garbage-first heap   total 187392K, used 140261K [0x0000000080000000, 0x0000000100000000)
  region size 1024K, 85 young (87040K), 11 survivors (11264K)
 Metaspace       used 84550K, capacity 86756K, committed 86860K, reserved 1124352K
  class space    used 11022K, capacity 11891K, committed 11904K, reserved 1048576K
}
Event: 13.078 GC heap after
{Heap after GC invocations=19 (full 0):
 garbage-first heap   total 187392K, used 71299K [0x0000000080000000, 0x0000000100000000)
  region size 1024K, 6 young (6144K), 6 survivors (6144K)
 Metaspace       used 84550K, capacity 86756K, committed 86860K, reserved 1124352K
  class space    used 11022K, capacity 11891K, committed 11904K, reserved 1048576K
}
Event: 13.595 GC heap before
{Heap before GC invocations=19 (full 0):
 garbage-first heap   total 187392K, used 144003K [0x0000000080000000, 0x0000000100000000)
  region size 1024K, 78 young (79872K), 6 survivors (6144K)
 Metaspace       used 85238K, capacity 87480K, committed 87756K, reserved 1124352K
  class space    used 11069K, capacity 11946K, committed 12032K, reserved 1048576K
}
Event: 13.609 GC heap after
{Heap after GC invocations=20 (full 0):
 garbage-first heap   total 187392K, used 76648K [0x0000000080000000, 0x0000000100000000)
  region size 1024K, 5 young (5120K), 5 survivors (5120K)
 Metaspace       used 85238K, capacity 87480K, committed 87756K, reserved 1124352K
  class space    used 11069K, capacity 11946K, committed 12032K, reserved 1048576K
}
Event: 14.135 GC heap before
{Heap before GC invocations=20 (full 0):
 garbage-first heap   total 187392K, used 129896K [0x0000000080000000, 0x0000000100000000)
  region size 1024K, 46 young (47104K), 5 survivors (5120K)
 Metaspace       used 89464K, capacity 91912K, committed 92236K, reserved 1128448K
  class space    used 11666K, capacity 12599K, committed 12672K, reserved 1048576K
}
Event: 14.151 GC heap after
{Heap after GC invocations=21 (full 0):
 garbage-first heap   total 225280K, used 90999K [0x0000000080000000, 0x0000000100000000)
  region size 1024K, 10 young (10240K), 10 survivors (10240K)
 Metaspace       used 89464K, capacity 91912K, committed 92236K, reserved 1128448K
  class space    used 11666K, capacity 12599K, committed 12672K, reserved 1048576K
}
Event: 14.914 GC heap before
{Heap before GC invocations=22 (full 0):
 garbage-first heap   total 225280K, used 171895K [0x0000000080000000, 0x0000000100000000)
  region size 1024K, 82 young (83968K), 10 survivors (10240K)
 Metaspace       used 95566K, capacity 98438K, committed 98636K, reserved 1134592K
  class space    used 12684K, capacity 13832K, committed 13952K, reserved 1048576K
}
Event: 14.947 GC heap after
{Heap after GC invocations=23 (full 0):
 garbage-first heap   total 225280K, used 113892K [0x0000000080000000, 0x0000000100000000)
  region size 1024K, 11 young (11264K), 11 survivors (11264K)
 Metaspace       used 95566K, capacity 98438K, committed 98636K, reserved 1134592K
  class space    used 12684K, capacity 13832K, committed 13952K, reserved 1048576K
}
Event: 14.974 GC heap before
{Heap before GC invocations=23 (full 0):
 garbage-first heap   total 225280K, used 116964K [0x0000000080000000, 0x0000000100000000)
  region size 1024K, 15 young (15360K), 11 survivors (11264K)
 Metaspace       used 95812K, capacity 98721K, committed 98892K, reserved 1134592K
  class space    used 12711K, capacity 13885K, committed 13952K, reserved 1048576K
}
Event: 15.001 GC heap after
{Heap after GC invocations=24 (full 0):
 garbage-first heap   total 225280K, used 116314K [0x0000000080000000, 0x0000000100000000)
  region size 1024K, 2 young (2048K), 2 survivors (2048K)
 Metaspace       used 95812K, capacity 98721K, committed 98892K, reserved 1134592K
  class space    used 12711K, capacity 13885K, committed 13952K, reserved 1048576K
}
Event: 15.561 GC heap before
{Heap before GC invocations=25 (full 0):
 garbage-first heap   total 225280K, used 156250K [0x0000000080000000, 0x0000000100000000)
  region size 1024K, 41 young (41984K), 2 survivors (2048K)
 Metaspace       used 99013K, capacity 102153K, committed 102348K, reserved 1136640K
  class space    used 13245K, capacity 14560K, committed 14592K, reserved 1048576K
}
Event: 15.578 GC heap after
{Heap after GC invocations=26 (full 0):
 garbage-first heap   total 225280K, used 122325K [0x0000000080000000, 0x0000000100000000)
  region size 1024K, 6 young (6144K), 6 survivors (6144K)
 Metaspace       used 99013K, capacity 102153K, committed 102348K, reserved 1136640K
  class space    used 13245K, capacity 14560K, committed 14592K, reserved 1048576K
}
Event: 15.873 GC heap before
{Heap before GC invocations=26 (full 0):
 garbage-first heap   total 225280K, used 161237K [0x0000000080000000, 0x0000000100000000)
  region size 1024K, 45 young (46080K), 6 survivors (6144K)
 Metaspace       used 99190K, capacity 102394K, committed 102604K, reserved 1136640K
  class space    used 13254K, capacity 14576K, committed 14592K, reserved 1048576K
}

Deoptimization events (20 events):
Event: 15.784 Thread 0x0000025915f85000 DEOPT PACKING pc=0x000002590146bd33 sp=0x0000006e450fd610
Event: 15.784 Thread 0x0000025915f85000 DEOPT UNPACKING pc=0x000002590004a95e sp=0x0000006e450fcad8 mode 0
Event: 15.789 Thread 0x0000025915f85000 DEOPT PACKING pc=0x000002590086ac58 sp=0x0000006e450fcaf0
Event: 15.789 Thread 0x0000025915f85000 DEOPT UNPACKING pc=0x000002590004a95e sp=0x0000006e450fbf68 mode 0
Event: 15.791 Thread 0x0000025915f82000 DEOPT PACKING pc=0x00000259013fdd84 sp=0x0000006e452fef20
Event: 15.791 Thread 0x0000025915f82000 DEOPT UNPACKING pc=0x000002590004a95e sp=0x0000006e452fe4e0 mode 0
Event: 15.800 Thread 0x0000025915f8b000 DEOPT PACKING pc=0x000002590181f29a sp=0x0000006e45afe110
Event: 15.800 Thread 0x0000025915f8b000 DEOPT UNPACKING pc=0x000002590004a95e sp=0x0000006e45afdd58 mode 0
Event: 15.812 Thread 0x0000025915f83800 DEOPT PACKING pc=0x00000259016ea976 sp=0x0000006e451fc760
Event: 15.812 Thread 0x0000025915f83800 DEOPT UNPACKING pc=0x000002590004a95e sp=0x0000006e451fbc30 mode 0
Event: 15.815 Thread 0x0000025915f83800 DEOPT PACKING pc=0x000002590169e584 sp=0x0000006e451fc7f0
Event: 15.815 Thread 0x0000025915f83800 DEOPT UNPACKING pc=0x000002590004a95e sp=0x0000006e451fc0f8 mode 0
Event: 15.819 Thread 0x0000025915f85000 DEOPT PACKING pc=0x000002590086ac1f sp=0x0000006e450fc960
Event: 15.819 Thread 0x0000025915f85000 DEOPT UNPACKING pc=0x000002590004a95e sp=0x0000006e450fbdd8 mode 0
Event: 15.820 Thread 0x0000025915f83800 DEOPT PACKING pc=0x0000025901691e57 sp=0x0000006e451fcc10
Event: 15.820 Thread 0x0000025915f83800 DEOPT UNPACKING pc=0x000002590004a95e sp=0x0000006e451fc138 mode 0
Event: 15.827 Thread 0x0000025915f8b800 DEOPT PACKING pc=0x0000025901870f7e sp=0x0000006e458fe350
Event: 15.827 Thread 0x0000025915f8b800 DEOPT UNPACKING pc=0x000002590004a95e sp=0x0000006e458fd9c8 mode 0
Event: 15.869 Thread 0x0000025915f8d000 DEOPT PACKING pc=0x0000025901870f7e sp=0x0000006e45dfe7b0
Event: 15.869 Thread 0x0000025915f8d000 DEOPT UNPACKING pc=0x000002590004a95e sp=0x0000006e45dfde28 mode 0

Classes redefined (0 events):
No events

Internal exceptions (20 events):
Event: 15.309 Thread 0x0000025915f82000 Exception <a 'java/lang/NoSuchMethodError'{0x000000008caaf580}: 'void java.lang.invoke.DirectMethodHandle$Holder.invokeStatic(java.lang.Object, java.lang.Object, java.lang.Object, java.lang.Object, java.lang.Object, java.lang.Object, java.lang.Object, java.lang.Object)'> (0x000000008caaf580) thrown at [./src/hotspot/share/interpreter/linkResolver.cpp, line 773]
Event: 15.399 Thread 0x0000025915f82000 Exception <a 'java/lang/IncompatibleClassChangeError'{0x000000008c0b5fe0}: Found class java.lang.Object, but interface was expected> (0x000000008c0b5fe0) thrown at [./src/hotspot/share/interpreter/linkResolver.cpp, line 839]
Event: 15.508 Thread 0x0000025915f7f800 Exception <a 'java/lang/NoSuchMethodError'{0x000000008b8c2450}: 'void java.lang.invoke.DirectMethodHandle$Holder.invokeSpecial(java.lang.Object, java.lang.Object, int)'> (0x000000008b8c2450) thrown at [./src/hotspot/share/interpreter/linkResolver.cpp, line 773]
Event: 15.508 Thread 0x0000025915f83800 Exception <a 'java/lang/NoSuchMethodError'{0x000000008b88f438}: 'void java.lang.invoke.DirectMethodHandle$Holder.invokeSpecial(java.lang.Object, java.lang.Object, int)'> (0x000000008b88f438) thrown at [./src/hotspot/share/interpreter/linkResolver.cpp, line 773]
Event: 15.532 Thread 0x0000025915f83800 Exception <a 'sun/nio/fs/WindowsException'{0x000000008b6fda18}> (0x000000008b6fda18) thrown at [./src/hotspot/share/prims/jni.cpp, line 615]
Event: 15.532 Thread 0x0000025915f83800 Exception <a 'sun/nio/fs/WindowsException'{0x000000008b522ec0}> (0x000000008b522ec0) thrown at [./src/hotspot/share/prims/jni.cpp, line 615]
Event: 15.532 Thread 0x0000025915f83800 Exception <a 'sun/nio/fs/WindowsException'{0x000000008b523058}> (0x000000008b523058) thrown at [./src/hotspot/share/prims/jni.cpp, line 615]
Event: 15.532 Thread 0x0000025915f83800 Exception <a 'sun/nio/fs/WindowsException'{0x000000008b5242e8}> (0x000000008b5242e8) thrown at [./src/hotspot/share/prims/jni.cpp, line 615]
Event: 15.532 Thread 0x0000025915f83800 Exception <a 'sun/nio/fs/WindowsException'{0x000000008b524478}> (0x000000008b524478) thrown at [./src/hotspot/share/prims/jni.cpp, line 615]
Event: 15.532 Thread 0x0000025915f83800 Exception <a 'sun/nio/fs/WindowsException'{0x000000008b525700}> (0x000000008b525700) thrown at [./src/hotspot/share/prims/jni.cpp, line 615]
Event: 15.539 Thread 0x0000025915f83800 Exception <a 'sun/nio/fs/WindowsException'{0x000000008b5ec288}> (0x000000008b5ec288) thrown at [./src/hotspot/share/prims/jni.cpp, line 615]
Event: 15.556 Thread 0x0000025915f83800 Exception <a 'sun/nio/fs/WindowsException'{0x000000008b391438}> (0x000000008b391438) thrown at [./src/hotspot/share/prims/jni.cpp, line 615]
Event: 15.601 Thread 0x0000025915f7f800 Exception <a 'sun/nio/fs/WindowsException'{0x000000008d8113e0}> (0x000000008d8113e0) thrown at [./src/hotspot/share/prims/jni.cpp, line 615]
Event: 15.621 Thread 0x0000025915f83800 Exception <a 'sun/nio/fs/WindowsException'{0x000000008d95c808}> (0x000000008d95c808) thrown at [./src/hotspot/share/prims/jni.cpp, line 615]
Event: 15.637 Thread 0x0000025915f82000 Exception <a 'sun/nio/fs/WindowsException'{0x000000008d7c5f40}> (0x000000008d7c5f40) thrown at [./src/hotspot/share/prims/jni.cpp, line 615]
Event: 15.738 Thread 0x0000025915f7f800 Exception <a 'sun/nio/fs/WindowsException'{0x000000008cdae7a0}> (0x000000008cdae7a0) thrown at [./src/hotspot/share/prims/jni.cpp, line 615]
Event: 15.789 Thread 0x0000025915f85000 Exception <a 'sun/nio/fs/WindowsException'{0x000000008c2c7bc0}> (0x000000008c2c7bc0) thrown at [./src/hotspot/share/prims/jni.cpp, line 615]
Event: 15.814 Thread 0x0000025915f85000 Exception <a 'sun/nio/fs/WindowsException'{0x000000008bd49ab0}> (0x000000008bd49ab0) thrown at [./src/hotspot/share/prims/jni.cpp, line 615]
Event: 15.820 Thread 0x0000025915f85000 Exception <a 'sun/nio/fs/WindowsException'{0x000000008bc679d0}> (0x000000008bc679d0) thrown at [./src/hotspot/share/prims/jni.cpp, line 615]
Event: 15.849 Thread 0x0000025915f85000 Exception <a 'sun/nio/fs/WindowsException'{0x000000008b8c2fb8}> (0x000000008b8c2fb8) thrown at [./src/hotspot/share/prims/jni.cpp, line 615]

Events (20 events):
Event: 15.810 loading class com/android/tools/r8/graph/e0 done
Event: 15.810 loading class com/android/tools/r8/graph/e0
Event: 15.810 loading class com/android/tools/r8/graph/e0 done
Event: 15.810 loading class com/android/tools/r8/graph/e0
Event: 15.810 loading class com/android/tools/r8/graph/e0 done
Event: 15.811 loading class com/android/tools/r8/internal/iV
Event: 15.811 loading class com/android/tools/r8/internal/iV done
Event: 15.811 loading class com/android/tools/r8/internal/iV
Event: 15.811 loading class com/android/tools/r8/internal/iV done
Event: 15.811 loading class com/android/tools/r8/internal/hV
Event: 15.811 loading class com/android/tools/r8/internal/hV done
Event: 15.811 loading class com/android/tools/r8/internal/iV
Event: 15.811 loading class com/android/tools/r8/internal/iV done
Event: 15.811 loading class com/android/tools/r8/internal/iV$a
Event: 15.811 loading class com/android/tools/r8/internal/iV$a done
Event: 15.811 loading class com/android/tools/r8/graph/e0
Event: 15.811 loading class com/android/tools/r8/graph/e0 done
Event: 15.812 loading class com/android/tools/r8/graph/e0
Event: 15.812 loading class com/android/tools/r8/graph/e0 done
Event: 15.872 Executing VM operation: G1CollectForAllocation


Dynamic libraries:
0x00007ff78ebe0000 - 0x00007ff78ebea000 	C:\Program Files\Android\Android Studio\jre\bin\java.exe
0x00007ffe33600000 - 0x00007ffe33809000 	C:\WINDOWS\SYSTEM32\ntdll.dll
0x00007ffe32070000 - 0x00007ffe3212d000 	C:\WINDOWS\System32\KERNEL32.DLL
0x00007ffe30af0000 - 0x00007ffe30e69000 	C:\WINDOWS\System32\KERNELBASE.dll
0x00007ffe31310000 - 0x00007ffe31421000 	C:\WINDOWS\System32\ucrtbase.dll
0x00007ffe2bf60000 - 0x00007ffe2bf79000 	C:\Program Files\Android\Android Studio\jre\bin\jli.dll
0x00007ffe2bf40000 - 0x00007ffe2bf57000 	C:\Program Files\Android\Android Studio\jre\bin\VCRUNTIME140.dll
0x00007ffe33410000 - 0x00007ffe335bc000 	C:\WINDOWS\System32\USER32.dll
0x00007ffe30f90000 - 0x00007ffe30fb6000 	C:\WINDOWS\System32\win32u.dll
0x00007ffe12950000 - 0x00007ffe12bf5000 	C:\WINDOWS\WinSxS\amd64_microsoft.windows.common-controls_6595b64144ccf1df_6.0.22000.120_none_9d947278b86cc467\COMCTL32.dll
0x00007ffe333d0000 - 0x00007ffe333f9000 	C:\WINDOWS\System32\GDI32.dll
0x00007ffe32830000 - 0x00007ffe328d3000 	C:\WINDOWS\System32\msvcrt.dll
0x00007ffe30e70000 - 0x00007ffe30f82000 	C:\WINDOWS\System32\gdi32full.dll
0x00007ffe311b0000 - 0x00007ffe3124d000 	C:\WINDOWS\System32\msvcp_win.dll
0x00007ffe31e30000 - 0x00007ffe31e61000 	C:\WINDOWS\System32\IMM32.DLL
0x00007ffe18220000 - 0x00007ffe182bd000 	C:\Program Files\Android\Android Studio\jre\bin\msvcp140.dll
0x00007ffdaaa80000 - 0x00007ffdab565000 	C:\Program Files\Android\Android Studio\jre\bin\server\jvm.dll
0x00007ffe31fc0000 - 0x00007ffe3206e000 	C:\WINDOWS\System32\ADVAPI32.dll
0x00007ffe31ca0000 - 0x00007ffe31d3e000 	C:\WINDOWS\System32\sechost.dll
0x00007ffe32130000 - 0x00007ffe32250000 	C:\WINDOWS\System32\RPCRT4.dll
0x00007ffe31820000 - 0x00007ffe31828000 	C:\WINDOWS\System32\PSAPI.DLL
0x00007ffe2b2f0000 - 0x00007ffe2b2f9000 	C:\WINDOWS\SYSTEM32\WSOCK32.dll
0x00007ffe2aa90000 - 0x00007ffe2aac3000 	C:\WINDOWS\SYSTEM32\WINMM.dll
0x00007ffe2f970000 - 0x00007ffe2f97a000 	C:\WINDOWS\SYSTEM32\VERSION.dll
0x00007ffe32250000 - 0x00007ffe322bf000 	C:\WINDOWS\System32\WS2_32.dll
0x00007ffe2fce0000 - 0x00007ffe2fcf8000 	C:\WINDOWS\SYSTEM32\kernel.appcore.dll
0x00007ffe2ac20000 - 0x00007ffe2ac31000 	C:\Program Files\Android\Android Studio\jre\bin\verify.dll
0x00007ffe2dfa0000 - 0x00007ffe2e1c1000 	C:\WINDOWS\SYSTEM32\DBGHELP.DLL
0x00007ffe158c0000 - 0x00007ffe158f1000 	C:\WINDOWS\SYSTEM32\dbgcore.DLL
0x00007ffe31130000 - 0x00007ffe311af000 	C:\WINDOWS\System32\bcryptPrimitives.dll
0x00007ffe2abf0000 - 0x00007ffe2ac19000 	C:\Program Files\Android\Android Studio\jre\bin\java.dll
0x00007ffe2b2e0000 - 0x00007ffe2b2eb000 	C:\Program Files\Android\Android Studio\jre\bin\jimage.dll
0x00007ffe29350000 - 0x00007ffe29368000 	C:\Program Files\Android\Android Studio\jre\bin\zip.dll
0x00007ffe32940000 - 0x00007ffe330ef000 	C:\WINDOWS\System32\SHELL32.dll
0x00007ffe2eb30000 - 0x00007ffe2f398000 	C:\WINDOWS\SYSTEM32\windows.storage.dll
0x00007ffe314a0000 - 0x00007ffe31818000 	C:\WINDOWS\System32\combase.dll
0x00007ffe2e9c0000 - 0x00007ffe2eb26000 	C:\WINDOWS\SYSTEM32\wintypes.dll
0x00007ffe31ed0000 - 0x00007ffe31fba000 	C:\WINDOWS\System32\SHCORE.dll
0x00007ffe31bc0000 - 0x00007ffe31c1d000 	C:\WINDOWS\System32\shlwapi.dll
0x00007ffe30a20000 - 0x00007ffe30a41000 	C:\WINDOWS\SYSTEM32\profapi.dll
0x00007ffe191c0000 - 0x00007ffe191da000 	C:\Program Files\Android\Android Studio\jre\bin\net.dll
0x00007ffe2a240000 - 0x00007ffe2a34c000 	C:\WINDOWS\SYSTEM32\WINHTTP.dll
0x00007ffe30110000 - 0x00007ffe30177000 	C:\WINDOWS\system32\mswsock.dll
0x00007ffe191a0000 - 0x00007ffe191b4000 	C:\Program Files\Android\Android Studio\jre\bin\nio.dll
0x00007ffe192b0000 - 0x00007ffe192d7000 	C:\Users\HP\.gradle\native\e1d6ef7f7dcc3fd88c89a11ec53ec762bb8ba0a96d01ffa2cd45eb1d1d8dd5c5\windows-amd64\native-platform.dll
0x00007ffe0b7c0000 - 0x00007ffe0b904000 	C:\Users\HP\.gradle\native\5664cfc778a61ccfe75a443a1ab52a65af34e5dc3c78e0209fed803814484fcb\windows-amd64\native-platform-file-events.dll
0x00007ffe19190000 - 0x00007ffe1919a000 	C:\Program Files\Android\Android Studio\jre\bin\management.dll
0x00007ffe19180000 - 0x00007ffe1918d000 	C:\Program Files\Android\Android Studio\jre\bin\management_ext.dll
0x00007ffe30360000 - 0x00007ffe30378000 	C:\WINDOWS\SYSTEM32\CRYPTSP.dll
0x00007ffe2fc40000 - 0x00007ffe2fc75000 	C:\WINDOWS\system32\rsaenh.dll
0x00007ffe30200000 - 0x00007ffe30229000 	C:\WINDOWS\SYSTEM32\USERENV.dll
0x00007ffe304d0000 - 0x00007ffe304f7000 	C:\WINDOWS\SYSTEM32\bcrypt.dll
0x00007ffe30350000 - 0x00007ffe3035c000 	C:\WINDOWS\SYSTEM32\CRYPTBASE.dll
0x00007ffe2f650000 - 0x00007ffe2f67d000 	C:\WINDOWS\SYSTEM32\IPHLPAPI.DLL
0x00007ffe322c0000 - 0x00007ffe322c9000 	C:\WINDOWS\System32\NSI.dll
0x00007ffe2a470000 - 0x00007ffe2a489000 	C:\WINDOWS\SYSTEM32\dhcpcsvc6.DLL
0x00007ffe2a6c0000 - 0x00007ffe2a6de000 	C:\WINDOWS\SYSTEM32\dhcpcsvc.DLL
0x00007ffe2f680000 - 0x00007ffe2f768000 	C:\WINDOWS\SYSTEM32\DNSAPI.dll

dbghelp: loaded successfully - version: 4.0.5 - missing functions: none
symbol engine: initialized successfully - sym options: 0x614 - pdb path: .;C:\Program Files\Android\Android Studio\jre\bin;C:\WINDOWS\SYSTEM32;C:\WINDOWS\WinSxS\amd64_microsoft.windows.common-controls_6595b64144ccf1df_6.0.22000.120_none_9d947278b86cc467;C:\Program Files\Android\Android Studio\jre\bin\server;C:\Users\HP\.gradle\native\e1d6ef7f7dcc3fd88c89a11ec53ec762bb8ba0a96d01ffa2cd45eb1d1d8dd5c5\windows-amd64;C:\Users\HP\.gradle\native\5664cfc778a61ccfe75a443a1ab52a65af34e5dc3c78e0209fed803814484fcb\windows-amd64

VM Arguments:
jvm_args: --add-opens=java.base/java.util=ALL-UNNAMED --add-opens=java.base/java.lang=ALL-UNNAMED --add-opens=java.base/java.lang.invoke=ALL-UNNAMED --add-opens=java.base/java.util=ALL-UNNAMED --add-opens=java.prefs/java.util.prefs=ALL-UNNAMED --add-opens=java.prefs/java.util.prefs=ALL-UNNAMED --add-opens=java.base/java.nio.charset=ALL-UNNAMED --add-opens=java.base/java.net=ALL-UNNAMED --add-opens=java.base/java.util.concurrent.atomic=ALL-UNNAMED -Xmx2048m -Dfile.encoding=UTF-8 -Duser.country=US -Duser.language=en -Duser.variant 
java_command: org.gradle.launcher.daemon.bootstrap.GradleDaemon 7.3.3
java_class_path (initial): C:\Users\HP\.gradle\wrapper\dists\gradle-7.3.3-bin\6a41zxkdtcxs8rphpq6y0069z\gradle-7.3.3\lib\gradle-launcher-7.3.3.jar
Launcher Type: SUN_STANDARD

[Global flags]
     intx CICompilerCount                          = 4                                         {product} {ergonomic}
     uint ConcGCThreads                            = 2                                         {product} {ergonomic}
     uint G1ConcRefinementThreads                  = 8                                         {product} {ergonomic}
   size_t G1HeapRegionSize                         = 1048576                                   {product} {ergonomic}
    uintx GCDrainStackTargetSize                   = 64                                        {product} {ergonomic}
   size_t InitialHeapSize                          = 132120576                                 {product} {ergonomic}
   size_t MarkStackSize                            = 4194304                                   {product} {ergonomic}
   size_t MaxHeapSize                              = 2147483648                                {product} {command line}
   size_t MaxNewSize                               = 1287651328                                {product} {ergonomic}
   size_t MinHeapDeltaBytes                        = 1048576                                   {product} {ergonomic}
    uintx NonNMethodCodeHeapSize                   = 5836300                                {pd product} {ergonomic}
    uintx NonProfiledCodeHeapSize                  = 122910970                              {pd product} {ergonomic}
    uintx ProfiledCodeHeapSize                     = 122910970                              {pd product} {ergonomic}
    uintx ReservedCodeCacheSize                    = 251658240                              {pd product} {ergonomic}
     bool SegmentedCodeCache                       = true                                      {product} {ergonomic}
     bool UseCompressedClassPointers               = true                                 {lp64_product} {ergonomic}
     bool UseCompressedOops                        = true                                 {lp64_product} {ergonomic}
     bool UseG1GC                                  = true                                      {product} {ergonomic}
     bool UseLargePagesIndividualAllocation        = false                                  {pd product} {ergonomic}

Logging:
Log output configuration:
 #0: stdout all=warning uptime,level,tags
 #1: stderr all=off uptime,level,tags

Environment Variables:
PATH=C:\Program Files (x86)\Common Files\Oracle\Java\javapath;C:\WINDOWS\system32;C:\WINDOWS;C:\WINDOWS\System32\Wbem;C:\WINDOWS\System32\WindowsPowerShell\v1.0\;C:\WINDOWS\System32\OpenSSH\;C:\Program Files\nodejs\;C:\xampp\php;C:\Program Files\MySQL\MySQL Shell 8.0\bin\;C:\Users\HP\AppData\Local\Microsoft\WindowsApps;C:\FPT\MOB1014\Microsoft VS Code\bin;C:\ProgramData\HP\GitHubDesktop\bin;C:\Users\HP\AppData\Roaming\npm
USERNAME=HP
OS=Windows_NT
PROCESSOR_IDENTIFIER=Intel64 Family 6 Model 142 Stepping 12, GenuineIntel



---------------  S Y S T E M  ---------------

OS: Windows 10 , 64 bit Build 22000 (10.0.22000.675)
OS uptime: 0 days 4:55 hours

CPU:total 8 (initial active 8) (4 cores per cpu, 2 threads per core) family 6 model 142 stepping 12 microcode 0xec, cmov, cx8, fxsr, mmx, sse, sse2, sse3, ssse3, sse4.1, sse4.2, popcnt, avx, avx2, aes, clmul, erms, 3dnowpref, lzcnt, ht, tsc, tscinvbit, bmi1, bmi2, adx, fma

Memory: 4k page, system-wide physical 8029M (217M free)
TotalPageFile size 16029M (AvailPageFile size 45M)
current process WorkingSet (physical memory assigned to process): 485M, peak: 485M
current process commit charge ("private bytes"): 526M, peak: 570M

vm_info: OpenJDK 64-Bit Server VM (11.0.12+7-b1504.28-7817840) for windows-amd64 JRE (11.0.12+7-b1504.28-7817840), built on Oct 13 2021 22:12:33 by "builder" with MS VC++ 14.0 (VS2015)

END.
